[2023-05-04T08:16:53.452+0000] {processor.py:156} INFO - Started process (PID=5184) to work on /home/airflow/.local/lib/python3.7/site-packages/airflow/example_dags/example_external_task_marker_dag.py
[2023-05-04T08:16:53.453+0000] {processor.py:799} INFO - Processing file /home/airflow/.local/lib/python3.7/site-packages/airflow/example_dags/example_external_task_marker_dag.py for tasks to queue
[2023-05-04T08:16:53.455+0000] {logging_mixin.py:149} INFO - [2023-05-04T08:16:53.455+0000] {dagbag.py:541} INFO - Filling up the DagBag from /home/airflow/.local/lib/python3.7/site-packages/airflow/example_dags/example_external_task_marker_dag.py
[2023-05-04T08:16:53.464+0000] {processor.py:809} INFO - DAG(s) dict_keys(['example_external_task_marker_child', 'example_external_task_marker_parent']) retrieved from /home/airflow/.local/lib/python3.7/site-packages/airflow/example_dags/example_external_task_marker_dag.py
[2023-05-04T08:16:53.508+0000] {logging_mixin.py:149} INFO - [2023-05-04T08:16:53.507+0000] {dag.py:2726} INFO - Sync 2 DAGs
[2023-05-04T08:16:53.548+0000] {logging_mixin.py:149} INFO - [2023-05-04T08:16:53.548+0000] {dag.py:3490} INFO - Setting next_dagrun for example_external_task_marker_child to None, run_after=None
[2023-05-04T08:16:53.554+0000] {logging_mixin.py:149} INFO - [2023-05-04T08:16:53.554+0000] {dag.py:3490} INFO - Setting next_dagrun for example_external_task_marker_parent to None, run_after=None
[2023-05-04T08:16:53.579+0000] {processor.py:178} INFO - Processing /home/airflow/.local/lib/python3.7/site-packages/airflow/example_dags/example_external_task_marker_dag.py took 0.132 seconds
[2023-05-04T08:17:24.136+0000] {processor.py:156} INFO - Started process (PID=5426) to work on /home/airflow/.local/lib/python3.7/site-packages/airflow/example_dags/example_external_task_marker_dag.py
[2023-05-04T08:17:24.138+0000] {processor.py:799} INFO - Processing file /home/airflow/.local/lib/python3.7/site-packages/airflow/example_dags/example_external_task_marker_dag.py for tasks to queue
[2023-05-04T08:17:24.139+0000] {logging_mixin.py:149} INFO - [2023-05-04T08:17:24.139+0000] {dagbag.py:541} INFO - Filling up the DagBag from /home/airflow/.local/lib/python3.7/site-packages/airflow/example_dags/example_external_task_marker_dag.py
[2023-05-04T08:17:24.148+0000] {processor.py:809} INFO - DAG(s) dict_keys(['example_external_task_marker_child', 'example_external_task_marker_parent']) retrieved from /home/airflow/.local/lib/python3.7/site-packages/airflow/example_dags/example_external_task_marker_dag.py
[2023-05-04T08:17:24.188+0000] {logging_mixin.py:149} INFO - [2023-05-04T08:17:24.188+0000] {dag.py:2726} INFO - Sync 2 DAGs
[2023-05-04T08:17:24.231+0000] {logging_mixin.py:149} INFO - [2023-05-04T08:17:24.231+0000] {dag.py:3490} INFO - Setting next_dagrun for example_external_task_marker_child to None, run_after=None
[2023-05-04T08:17:24.236+0000] {logging_mixin.py:149} INFO - [2023-05-04T08:17:24.236+0000] {dag.py:3490} INFO - Setting next_dagrun for example_external_task_marker_parent to None, run_after=None
[2023-05-04T08:17:24.263+0000] {processor.py:178} INFO - Processing /home/airflow/.local/lib/python3.7/site-packages/airflow/example_dags/example_external_task_marker_dag.py took 0.131 seconds
[2023-05-04T08:17:54.517+0000] {processor.py:156} INFO - Started process (PID=5676) to work on /home/airflow/.local/lib/python3.7/site-packages/airflow/example_dags/example_external_task_marker_dag.py
[2023-05-04T08:17:54.519+0000] {processor.py:799} INFO - Processing file /home/airflow/.local/lib/python3.7/site-packages/airflow/example_dags/example_external_task_marker_dag.py for tasks to queue
[2023-05-04T08:17:54.520+0000] {logging_mixin.py:149} INFO - [2023-05-04T08:17:54.520+0000] {dagbag.py:541} INFO - Filling up the DagBag from /home/airflow/.local/lib/python3.7/site-packages/airflow/example_dags/example_external_task_marker_dag.py
[2023-05-04T08:17:54.529+0000] {processor.py:809} INFO - DAG(s) dict_keys(['example_external_task_marker_child', 'example_external_task_marker_parent']) retrieved from /home/airflow/.local/lib/python3.7/site-packages/airflow/example_dags/example_external_task_marker_dag.py
[2023-05-04T08:17:54.575+0000] {logging_mixin.py:149} INFO - [2023-05-04T08:17:54.575+0000] {dag.py:2726} INFO - Sync 2 DAGs
[2023-05-04T08:17:54.776+0000] {logging_mixin.py:149} INFO - [2023-05-04T08:17:54.776+0000] {dag.py:3490} INFO - Setting next_dagrun for example_external_task_marker_child to None, run_after=None
[2023-05-04T08:17:54.782+0000] {logging_mixin.py:149} INFO - [2023-05-04T08:17:54.782+0000] {dag.py:3490} INFO - Setting next_dagrun for example_external_task_marker_parent to None, run_after=None
[2023-05-04T08:17:54.814+0000] {processor.py:178} INFO - Processing /home/airflow/.local/lib/python3.7/site-packages/airflow/example_dags/example_external_task_marker_dag.py took 0.302 seconds
[2023-05-04T08:18:25.057+0000] {processor.py:156} INFO - Started process (PID=5928) to work on /home/airflow/.local/lib/python3.7/site-packages/airflow/example_dags/example_external_task_marker_dag.py
[2023-05-04T08:18:25.058+0000] {processor.py:799} INFO - Processing file /home/airflow/.local/lib/python3.7/site-packages/airflow/example_dags/example_external_task_marker_dag.py for tasks to queue
[2023-05-04T08:18:25.060+0000] {logging_mixin.py:149} INFO - [2023-05-04T08:18:25.060+0000] {dagbag.py:541} INFO - Filling up the DagBag from /home/airflow/.local/lib/python3.7/site-packages/airflow/example_dags/example_external_task_marker_dag.py
[2023-05-04T08:18:25.067+0000] {processor.py:809} INFO - DAG(s) dict_keys(['example_external_task_marker_child', 'example_external_task_marker_parent']) retrieved from /home/airflow/.local/lib/python3.7/site-packages/airflow/example_dags/example_external_task_marker_dag.py
[2023-05-04T08:18:25.103+0000] {logging_mixin.py:149} INFO - [2023-05-04T08:18:25.102+0000] {dag.py:2726} INFO - Sync 2 DAGs
[2023-05-04T08:18:25.144+0000] {logging_mixin.py:149} INFO - [2023-05-04T08:18:25.144+0000] {dag.py:3490} INFO - Setting next_dagrun for example_external_task_marker_child to None, run_after=None
[2023-05-04T08:18:25.150+0000] {logging_mixin.py:149} INFO - [2023-05-04T08:18:25.150+0000] {dag.py:3490} INFO - Setting next_dagrun for example_external_task_marker_parent to None, run_after=None
[2023-05-04T08:18:25.283+0000] {processor.py:178} INFO - Processing /home/airflow/.local/lib/python3.7/site-packages/airflow/example_dags/example_external_task_marker_dag.py took 0.230 seconds
[2023-05-04T08:18:55.390+0000] {processor.py:156} INFO - Started process (PID=6184) to work on /home/airflow/.local/lib/python3.7/site-packages/airflow/example_dags/example_external_task_marker_dag.py
[2023-05-04T08:18:55.391+0000] {processor.py:799} INFO - Processing file /home/airflow/.local/lib/python3.7/site-packages/airflow/example_dags/example_external_task_marker_dag.py for tasks to queue
[2023-05-04T08:18:55.393+0000] {logging_mixin.py:149} INFO - [2023-05-04T08:18:55.392+0000] {dagbag.py:541} INFO - Filling up the DagBag from /home/airflow/.local/lib/python3.7/site-packages/airflow/example_dags/example_external_task_marker_dag.py
[2023-05-04T08:18:55.400+0000] {processor.py:809} INFO - DAG(s) dict_keys(['example_external_task_marker_parent', 'example_external_task_marker_child']) retrieved from /home/airflow/.local/lib/python3.7/site-packages/airflow/example_dags/example_external_task_marker_dag.py
[2023-05-04T08:18:55.439+0000] {logging_mixin.py:149} INFO - [2023-05-04T08:18:55.439+0000] {dag.py:2726} INFO - Sync 2 DAGs
[2023-05-04T08:18:55.482+0000] {logging_mixin.py:149} INFO - [2023-05-04T08:18:55.481+0000] {dag.py:3490} INFO - Setting next_dagrun for example_external_task_marker_child to None, run_after=None
[2023-05-04T08:18:55.486+0000] {logging_mixin.py:149} INFO - [2023-05-04T08:18:55.485+0000] {dag.py:3490} INFO - Setting next_dagrun for example_external_task_marker_parent to None, run_after=None
[2023-05-04T08:18:55.507+0000] {processor.py:178} INFO - Processing /home/airflow/.local/lib/python3.7/site-packages/airflow/example_dags/example_external_task_marker_dag.py took 0.122 seconds
[2023-05-04T08:19:25.906+0000] {processor.py:156} INFO - Started process (PID=6430) to work on /home/airflow/.local/lib/python3.7/site-packages/airflow/example_dags/example_external_task_marker_dag.py
[2023-05-04T08:19:25.907+0000] {processor.py:799} INFO - Processing file /home/airflow/.local/lib/python3.7/site-packages/airflow/example_dags/example_external_task_marker_dag.py for tasks to queue
[2023-05-04T08:19:25.908+0000] {logging_mixin.py:149} INFO - [2023-05-04T08:19:25.908+0000] {dagbag.py:541} INFO - Filling up the DagBag from /home/airflow/.local/lib/python3.7/site-packages/airflow/example_dags/example_external_task_marker_dag.py
[2023-05-04T08:19:25.918+0000] {processor.py:809} INFO - DAG(s) dict_keys(['example_external_task_marker_parent', 'example_external_task_marker_child']) retrieved from /home/airflow/.local/lib/python3.7/site-packages/airflow/example_dags/example_external_task_marker_dag.py
[2023-05-04T08:19:25.971+0000] {logging_mixin.py:149} INFO - [2023-05-04T08:19:25.970+0000] {dag.py:2726} INFO - Sync 2 DAGs
[2023-05-04T08:19:26.012+0000] {logging_mixin.py:149} INFO - [2023-05-04T08:19:26.011+0000] {dag.py:3490} INFO - Setting next_dagrun for example_external_task_marker_child to None, run_after=None
[2023-05-04T08:19:26.018+0000] {logging_mixin.py:149} INFO - [2023-05-04T08:19:26.017+0000] {dag.py:3490} INFO - Setting next_dagrun for example_external_task_marker_parent to None, run_after=None
[2023-05-04T08:19:26.047+0000] {processor.py:178} INFO - Processing /home/airflow/.local/lib/python3.7/site-packages/airflow/example_dags/example_external_task_marker_dag.py took 0.147 seconds
[2023-05-04T08:19:56.730+0000] {processor.py:156} INFO - Started process (PID=6685) to work on /home/airflow/.local/lib/python3.7/site-packages/airflow/example_dags/example_external_task_marker_dag.py
[2023-05-04T08:19:56.731+0000] {processor.py:799} INFO - Processing file /home/airflow/.local/lib/python3.7/site-packages/airflow/example_dags/example_external_task_marker_dag.py for tasks to queue
[2023-05-04T08:19:56.732+0000] {logging_mixin.py:149} INFO - [2023-05-04T08:19:56.732+0000] {dagbag.py:541} INFO - Filling up the DagBag from /home/airflow/.local/lib/python3.7/site-packages/airflow/example_dags/example_external_task_marker_dag.py
[2023-05-04T08:19:56.741+0000] {processor.py:809} INFO - DAG(s) dict_keys(['example_external_task_marker_parent', 'example_external_task_marker_child']) retrieved from /home/airflow/.local/lib/python3.7/site-packages/airflow/example_dags/example_external_task_marker_dag.py
[2023-05-04T08:19:56.897+0000] {logging_mixin.py:149} INFO - [2023-05-04T08:19:56.897+0000] {dag.py:2726} INFO - Sync 2 DAGs
[2023-05-04T08:19:56.929+0000] {logging_mixin.py:149} INFO - [2023-05-04T08:19:56.929+0000] {dag.py:3490} INFO - Setting next_dagrun for example_external_task_marker_child to None, run_after=None
[2023-05-04T08:19:56.933+0000] {logging_mixin.py:149} INFO - [2023-05-04T08:19:56.933+0000] {dag.py:3490} INFO - Setting next_dagrun for example_external_task_marker_parent to None, run_after=None
[2023-05-04T08:19:56.957+0000] {processor.py:178} INFO - Processing /home/airflow/.local/lib/python3.7/site-packages/airflow/example_dags/example_external_task_marker_dag.py took 0.231 seconds
[2023-05-04T08:20:27.019+0000] {processor.py:156} INFO - Started process (PID=6936) to work on /home/airflow/.local/lib/python3.7/site-packages/airflow/example_dags/example_external_task_marker_dag.py
[2023-05-04T08:20:27.020+0000] {processor.py:799} INFO - Processing file /home/airflow/.local/lib/python3.7/site-packages/airflow/example_dags/example_external_task_marker_dag.py for tasks to queue
[2023-05-04T08:20:27.021+0000] {logging_mixin.py:149} INFO - [2023-05-04T08:20:27.021+0000] {dagbag.py:541} INFO - Filling up the DagBag from /home/airflow/.local/lib/python3.7/site-packages/airflow/example_dags/example_external_task_marker_dag.py
[2023-05-04T08:20:27.032+0000] {processor.py:809} INFO - DAG(s) dict_keys(['example_external_task_marker_child', 'example_external_task_marker_parent']) retrieved from /home/airflow/.local/lib/python3.7/site-packages/airflow/example_dags/example_external_task_marker_dag.py
[2023-05-04T08:20:27.083+0000] {logging_mixin.py:149} INFO - [2023-05-04T08:20:27.082+0000] {dag.py:2726} INFO - Sync 2 DAGs
[2023-05-04T08:20:27.272+0000] {logging_mixin.py:149} INFO - [2023-05-04T08:20:27.271+0000] {dag.py:3490} INFO - Setting next_dagrun for example_external_task_marker_child to None, run_after=None
[2023-05-04T08:20:27.277+0000] {logging_mixin.py:149} INFO - [2023-05-04T08:20:27.277+0000] {dag.py:3490} INFO - Setting next_dagrun for example_external_task_marker_parent to None, run_after=None
[2023-05-04T08:20:27.302+0000] {processor.py:178} INFO - Processing /home/airflow/.local/lib/python3.7/site-packages/airflow/example_dags/example_external_task_marker_dag.py took 0.288 seconds
[2023-05-04T08:20:58.161+0000] {processor.py:156} INFO - Started process (PID=7190) to work on /home/airflow/.local/lib/python3.7/site-packages/airflow/example_dags/example_external_task_marker_dag.py
[2023-05-04T08:20:58.163+0000] {processor.py:799} INFO - Processing file /home/airflow/.local/lib/python3.7/site-packages/airflow/example_dags/example_external_task_marker_dag.py for tasks to queue
[2023-05-04T08:20:58.164+0000] {logging_mixin.py:149} INFO - [2023-05-04T08:20:58.164+0000] {dagbag.py:541} INFO - Filling up the DagBag from /home/airflow/.local/lib/python3.7/site-packages/airflow/example_dags/example_external_task_marker_dag.py
[2023-05-04T08:20:58.171+0000] {processor.py:809} INFO - DAG(s) dict_keys(['example_external_task_marker_parent', 'example_external_task_marker_child']) retrieved from /home/airflow/.local/lib/python3.7/site-packages/airflow/example_dags/example_external_task_marker_dag.py
[2023-05-04T08:20:58.204+0000] {logging_mixin.py:149} INFO - [2023-05-04T08:20:58.204+0000] {dag.py:2726} INFO - Sync 2 DAGs
[2023-05-04T08:20:58.235+0000] {logging_mixin.py:149} INFO - [2023-05-04T08:20:58.234+0000] {dag.py:3490} INFO - Setting next_dagrun for example_external_task_marker_child to None, run_after=None
[2023-05-04T08:20:58.239+0000] {logging_mixin.py:149} INFO - [2023-05-04T08:20:58.239+0000] {dag.py:3490} INFO - Setting next_dagrun for example_external_task_marker_parent to None, run_after=None
[2023-05-04T08:20:58.260+0000] {processor.py:178} INFO - Processing /home/airflow/.local/lib/python3.7/site-packages/airflow/example_dags/example_external_task_marker_dag.py took 0.103 seconds
[2023-05-04T08:21:29.080+0000] {processor.py:156} INFO - Started process (PID=7443) to work on /home/airflow/.local/lib/python3.7/site-packages/airflow/example_dags/example_external_task_marker_dag.py
[2023-05-04T08:21:29.081+0000] {processor.py:799} INFO - Processing file /home/airflow/.local/lib/python3.7/site-packages/airflow/example_dags/example_external_task_marker_dag.py for tasks to queue
[2023-05-04T08:21:29.083+0000] {logging_mixin.py:149} INFO - [2023-05-04T08:21:29.082+0000] {dagbag.py:541} INFO - Filling up the DagBag from /home/airflow/.local/lib/python3.7/site-packages/airflow/example_dags/example_external_task_marker_dag.py
[2023-05-04T08:21:29.089+0000] {processor.py:809} INFO - DAG(s) dict_keys(['example_external_task_marker_child', 'example_external_task_marker_parent']) retrieved from /home/airflow/.local/lib/python3.7/site-packages/airflow/example_dags/example_external_task_marker_dag.py
[2023-05-04T08:21:29.125+0000] {logging_mixin.py:149} INFO - [2023-05-04T08:21:29.125+0000] {dag.py:2726} INFO - Sync 2 DAGs
[2023-05-04T08:21:29.158+0000] {logging_mixin.py:149} INFO - [2023-05-04T08:21:29.158+0000] {dag.py:3490} INFO - Setting next_dagrun for example_external_task_marker_child to None, run_after=None
[2023-05-04T08:21:29.163+0000] {logging_mixin.py:149} INFO - [2023-05-04T08:21:29.162+0000] {dag.py:3490} INFO - Setting next_dagrun for example_external_task_marker_parent to None, run_after=None
[2023-05-04T08:21:29.188+0000] {processor.py:178} INFO - Processing /home/airflow/.local/lib/python3.7/site-packages/airflow/example_dags/example_external_task_marker_dag.py took 0.112 seconds
[2023-05-04T08:22:00.056+0000] {processor.py:156} INFO - Started process (PID=7696) to work on /home/airflow/.local/lib/python3.7/site-packages/airflow/example_dags/example_external_task_marker_dag.py
[2023-05-04T08:22:00.058+0000] {processor.py:799} INFO - Processing file /home/airflow/.local/lib/python3.7/site-packages/airflow/example_dags/example_external_task_marker_dag.py for tasks to queue
[2023-05-04T08:22:00.059+0000] {logging_mixin.py:149} INFO - [2023-05-04T08:22:00.059+0000] {dagbag.py:541} INFO - Filling up the DagBag from /home/airflow/.local/lib/python3.7/site-packages/airflow/example_dags/example_external_task_marker_dag.py
[2023-05-04T08:22:00.067+0000] {processor.py:809} INFO - DAG(s) dict_keys(['example_external_task_marker_parent', 'example_external_task_marker_child']) retrieved from /home/airflow/.local/lib/python3.7/site-packages/airflow/example_dags/example_external_task_marker_dag.py
[2023-05-04T08:22:00.108+0000] {logging_mixin.py:149} INFO - [2023-05-04T08:22:00.108+0000] {dag.py:2726} INFO - Sync 2 DAGs
[2023-05-04T08:22:00.144+0000] {logging_mixin.py:149} INFO - [2023-05-04T08:22:00.144+0000] {dag.py:3490} INFO - Setting next_dagrun for example_external_task_marker_child to None, run_after=None
[2023-05-04T08:22:00.149+0000] {logging_mixin.py:149} INFO - [2023-05-04T08:22:00.148+0000] {dag.py:3490} INFO - Setting next_dagrun for example_external_task_marker_parent to None, run_after=None
[2023-05-04T08:22:00.169+0000] {processor.py:178} INFO - Processing /home/airflow/.local/lib/python3.7/site-packages/airflow/example_dags/example_external_task_marker_dag.py took 0.116 seconds
[2023-05-04T08:22:30.294+0000] {processor.py:156} INFO - Started process (PID=7950) to work on /home/airflow/.local/lib/python3.7/site-packages/airflow/example_dags/example_external_task_marker_dag.py
[2023-05-04T08:22:30.295+0000] {processor.py:799} INFO - Processing file /home/airflow/.local/lib/python3.7/site-packages/airflow/example_dags/example_external_task_marker_dag.py for tasks to queue
[2023-05-04T08:22:30.297+0000] {logging_mixin.py:149} INFO - [2023-05-04T08:22:30.297+0000] {dagbag.py:541} INFO - Filling up the DagBag from /home/airflow/.local/lib/python3.7/site-packages/airflow/example_dags/example_external_task_marker_dag.py
[2023-05-04T08:22:30.305+0000] {processor.py:809} INFO - DAG(s) dict_keys(['example_external_task_marker_child', 'example_external_task_marker_parent']) retrieved from /home/airflow/.local/lib/python3.7/site-packages/airflow/example_dags/example_external_task_marker_dag.py
[2023-05-04T08:22:30.338+0000] {logging_mixin.py:149} INFO - [2023-05-04T08:22:30.338+0000] {dag.py:2726} INFO - Sync 2 DAGs
[2023-05-04T08:22:30.368+0000] {logging_mixin.py:149} INFO - [2023-05-04T08:22:30.368+0000] {dag.py:3490} INFO - Setting next_dagrun for example_external_task_marker_child to None, run_after=None
[2023-05-04T08:22:30.373+0000] {logging_mixin.py:149} INFO - [2023-05-04T08:22:30.373+0000] {dag.py:3490} INFO - Setting next_dagrun for example_external_task_marker_parent to None, run_after=None
[2023-05-04T08:22:30.395+0000] {processor.py:178} INFO - Processing /home/airflow/.local/lib/python3.7/site-packages/airflow/example_dags/example_external_task_marker_dag.py took 0.104 seconds
[2023-05-04T08:23:01.167+0000] {processor.py:156} INFO - Started process (PID=8204) to work on /home/airflow/.local/lib/python3.7/site-packages/airflow/example_dags/example_external_task_marker_dag.py
[2023-05-04T08:23:01.168+0000] {processor.py:799} INFO - Processing file /home/airflow/.local/lib/python3.7/site-packages/airflow/example_dags/example_external_task_marker_dag.py for tasks to queue
[2023-05-04T08:23:01.169+0000] {logging_mixin.py:149} INFO - [2023-05-04T08:23:01.169+0000] {dagbag.py:541} INFO - Filling up the DagBag from /home/airflow/.local/lib/python3.7/site-packages/airflow/example_dags/example_external_task_marker_dag.py
[2023-05-04T08:23:01.177+0000] {processor.py:809} INFO - DAG(s) dict_keys(['example_external_task_marker_parent', 'example_external_task_marker_child']) retrieved from /home/airflow/.local/lib/python3.7/site-packages/airflow/example_dags/example_external_task_marker_dag.py
[2023-05-04T08:23:01.218+0000] {logging_mixin.py:149} INFO - [2023-05-04T08:23:01.217+0000] {dag.py:2726} INFO - Sync 2 DAGs
[2023-05-04T08:23:01.266+0000] {logging_mixin.py:149} INFO - [2023-05-04T08:23:01.265+0000] {dag.py:3490} INFO - Setting next_dagrun for example_external_task_marker_child to None, run_after=None
[2023-05-04T08:23:01.271+0000] {logging_mixin.py:149} INFO - [2023-05-04T08:23:01.271+0000] {dag.py:3490} INFO - Setting next_dagrun for example_external_task_marker_parent to None, run_after=None
[2023-05-04T08:23:01.313+0000] {processor.py:178} INFO - Processing /home/airflow/.local/lib/python3.7/site-packages/airflow/example_dags/example_external_task_marker_dag.py took 0.151 seconds
[2023-05-04T08:23:32.200+0000] {processor.py:156} INFO - Started process (PID=8458) to work on /home/airflow/.local/lib/python3.7/site-packages/airflow/example_dags/example_external_task_marker_dag.py
[2023-05-04T08:23:32.202+0000] {processor.py:799} INFO - Processing file /home/airflow/.local/lib/python3.7/site-packages/airflow/example_dags/example_external_task_marker_dag.py for tasks to queue
[2023-05-04T08:23:32.203+0000] {logging_mixin.py:149} INFO - [2023-05-04T08:23:32.203+0000] {dagbag.py:541} INFO - Filling up the DagBag from /home/airflow/.local/lib/python3.7/site-packages/airflow/example_dags/example_external_task_marker_dag.py
[2023-05-04T08:23:32.213+0000] {processor.py:809} INFO - DAG(s) dict_keys(['example_external_task_marker_child', 'example_external_task_marker_parent']) retrieved from /home/airflow/.local/lib/python3.7/site-packages/airflow/example_dags/example_external_task_marker_dag.py
[2023-05-04T08:23:32.259+0000] {logging_mixin.py:149} INFO - [2023-05-04T08:23:32.259+0000] {dag.py:2726} INFO - Sync 2 DAGs
[2023-05-04T08:23:32.305+0000] {logging_mixin.py:149} INFO - [2023-05-04T08:23:32.305+0000] {dag.py:3490} INFO - Setting next_dagrun for example_external_task_marker_child to None, run_after=None
[2023-05-04T08:23:32.311+0000] {logging_mixin.py:149} INFO - [2023-05-04T08:23:32.311+0000] {dag.py:3490} INFO - Setting next_dagrun for example_external_task_marker_parent to None, run_after=None
[2023-05-04T08:23:32.344+0000] {processor.py:178} INFO - Processing /home/airflow/.local/lib/python3.7/site-packages/airflow/example_dags/example_external_task_marker_dag.py took 0.149 seconds
