[2023-05-04T08:16:42.880+0000] {processor.py:156} INFO - Started process (PID=5089) to work on /home/airflow/.local/lib/python3.7/site-packages/airflow/example_dags/example_bash_operator.py
[2023-05-04T08:16:42.882+0000] {processor.py:799} INFO - Processing file /home/airflow/.local/lib/python3.7/site-packages/airflow/example_dags/example_bash_operator.py for tasks to queue
[2023-05-04T08:16:42.883+0000] {logging_mixin.py:149} INFO - [2023-05-04T08:16:42.883+0000] {dagbag.py:541} INFO - Filling up the DagBag from /home/airflow/.local/lib/python3.7/site-packages/airflow/example_dags/example_bash_operator.py
[2023-05-04T08:16:42.904+0000] {processor.py:809} INFO - DAG(s) dict_keys(['example_bash_operator']) retrieved from /home/airflow/.local/lib/python3.7/site-packages/airflow/example_dags/example_bash_operator.py
[2023-05-04T08:16:42.967+0000] {logging_mixin.py:149} INFO - [2023-05-04T08:16:42.966+0000] {dag.py:2726} INFO - Sync 1 DAGs
[2023-05-04T08:16:43.001+0000] {logging_mixin.py:149} INFO - [2023-05-04T08:16:43.001+0000] {dag.py:3490} INFO - Setting next_dagrun for example_bash_operator to 2023-05-03T00:00:00+00:00, run_after=2023-05-04T00:00:00+00:00
[2023-05-04T08:16:43.024+0000] {processor.py:178} INFO - Processing /home/airflow/.local/lib/python3.7/site-packages/airflow/example_dags/example_bash_operator.py took 0.147 seconds
[2023-05-04T08:17:13.351+0000] {processor.py:156} INFO - Started process (PID=5343) to work on /home/airflow/.local/lib/python3.7/site-packages/airflow/example_dags/example_bash_operator.py
[2023-05-04T08:17:13.352+0000] {processor.py:799} INFO - Processing file /home/airflow/.local/lib/python3.7/site-packages/airflow/example_dags/example_bash_operator.py for tasks to queue
[2023-05-04T08:17:13.353+0000] {logging_mixin.py:149} INFO - [2023-05-04T08:17:13.353+0000] {dagbag.py:541} INFO - Filling up the DagBag from /home/airflow/.local/lib/python3.7/site-packages/airflow/example_dags/example_bash_operator.py
[2023-05-04T08:17:13.370+0000] {processor.py:809} INFO - DAG(s) dict_keys(['example_bash_operator']) retrieved from /home/airflow/.local/lib/python3.7/site-packages/airflow/example_dags/example_bash_operator.py
[2023-05-04T08:17:13.423+0000] {logging_mixin.py:149} INFO - [2023-05-04T08:17:13.423+0000] {dag.py:2726} INFO - Sync 1 DAGs
[2023-05-04T08:17:13.460+0000] {logging_mixin.py:149} INFO - [2023-05-04T08:17:13.459+0000] {dag.py:3490} INFO - Setting next_dagrun for example_bash_operator to 2023-05-03T00:00:00+00:00, run_after=2023-05-04T00:00:00+00:00
[2023-05-04T08:17:13.486+0000] {processor.py:178} INFO - Processing /home/airflow/.local/lib/python3.7/site-packages/airflow/example_dags/example_bash_operator.py took 0.139 seconds
[2023-05-04T08:17:43.960+0000] {processor.py:156} INFO - Started process (PID=5583) to work on /home/airflow/.local/lib/python3.7/site-packages/airflow/example_dags/example_bash_operator.py
[2023-05-04T08:17:43.961+0000] {processor.py:799} INFO - Processing file /home/airflow/.local/lib/python3.7/site-packages/airflow/example_dags/example_bash_operator.py for tasks to queue
[2023-05-04T08:17:43.963+0000] {logging_mixin.py:149} INFO - [2023-05-04T08:17:43.962+0000] {dagbag.py:541} INFO - Filling up the DagBag from /home/airflow/.local/lib/python3.7/site-packages/airflow/example_dags/example_bash_operator.py
[2023-05-04T08:17:43.980+0000] {processor.py:809} INFO - DAG(s) dict_keys(['example_bash_operator']) retrieved from /home/airflow/.local/lib/python3.7/site-packages/airflow/example_dags/example_bash_operator.py
[2023-05-04T08:17:44.033+0000] {logging_mixin.py:149} INFO - [2023-05-04T08:17:44.033+0000] {dag.py:2726} INFO - Sync 1 DAGs
[2023-05-04T08:17:44.069+0000] {logging_mixin.py:149} INFO - [2023-05-04T08:17:44.069+0000] {dag.py:3490} INFO - Setting next_dagrun for example_bash_operator to 2023-05-03T00:00:00+00:00, run_after=2023-05-04T00:00:00+00:00
[2023-05-04T08:17:44.332+0000] {processor.py:178} INFO - Processing /home/airflow/.local/lib/python3.7/site-packages/airflow/example_dags/example_bash_operator.py took 0.376 seconds
[2023-05-04T08:18:14.582+0000] {processor.py:156} INFO - Started process (PID=5837) to work on /home/airflow/.local/lib/python3.7/site-packages/airflow/example_dags/example_bash_operator.py
[2023-05-04T08:18:14.584+0000] {processor.py:799} INFO - Processing file /home/airflow/.local/lib/python3.7/site-packages/airflow/example_dags/example_bash_operator.py for tasks to queue
[2023-05-04T08:18:14.585+0000] {logging_mixin.py:149} INFO - [2023-05-04T08:18:14.585+0000] {dagbag.py:541} INFO - Filling up the DagBag from /home/airflow/.local/lib/python3.7/site-packages/airflow/example_dags/example_bash_operator.py
[2023-05-04T08:18:14.603+0000] {processor.py:809} INFO - DAG(s) dict_keys(['example_bash_operator']) retrieved from /home/airflow/.local/lib/python3.7/site-packages/airflow/example_dags/example_bash_operator.py
[2023-05-04T08:18:14.652+0000] {logging_mixin.py:149} INFO - [2023-05-04T08:18:14.652+0000] {dag.py:2726} INFO - Sync 1 DAGs
[2023-05-04T08:18:14.684+0000] {logging_mixin.py:149} INFO - [2023-05-04T08:18:14.683+0000] {dag.py:3490} INFO - Setting next_dagrun for example_bash_operator to 2023-05-03T00:00:00+00:00, run_after=2023-05-04T00:00:00+00:00
[2023-05-04T08:18:14.708+0000] {processor.py:178} INFO - Processing /home/airflow/.local/lib/python3.7/site-packages/airflow/example_dags/example_bash_operator.py took 0.130 seconds
[2023-05-04T08:18:45.262+0000] {processor.py:156} INFO - Started process (PID=6091) to work on /home/airflow/.local/lib/python3.7/site-packages/airflow/example_dags/example_bash_operator.py
[2023-05-04T08:18:45.263+0000] {processor.py:799} INFO - Processing file /home/airflow/.local/lib/python3.7/site-packages/airflow/example_dags/example_bash_operator.py for tasks to queue
[2023-05-04T08:18:45.264+0000] {logging_mixin.py:149} INFO - [2023-05-04T08:18:45.264+0000] {dagbag.py:541} INFO - Filling up the DagBag from /home/airflow/.local/lib/python3.7/site-packages/airflow/example_dags/example_bash_operator.py
[2023-05-04T08:18:45.283+0000] {processor.py:809} INFO - DAG(s) dict_keys(['example_bash_operator']) retrieved from /home/airflow/.local/lib/python3.7/site-packages/airflow/example_dags/example_bash_operator.py
[2023-05-04T08:18:45.339+0000] {logging_mixin.py:149} INFO - [2023-05-04T08:18:45.338+0000] {dag.py:2726} INFO - Sync 1 DAGs
[2023-05-04T08:18:45.374+0000] {logging_mixin.py:149} INFO - [2023-05-04T08:18:45.374+0000] {dag.py:3490} INFO - Setting next_dagrun for example_bash_operator to 2023-05-03T00:00:00+00:00, run_after=2023-05-04T00:00:00+00:00
[2023-05-04T08:18:45.398+0000] {processor.py:178} INFO - Processing /home/airflow/.local/lib/python3.7/site-packages/airflow/example_dags/example_bash_operator.py took 0.140 seconds
[2023-05-04T08:19:16.016+0000] {processor.py:156} INFO - Started process (PID=6344) to work on /home/airflow/.local/lib/python3.7/site-packages/airflow/example_dags/example_bash_operator.py
[2023-05-04T08:19:16.017+0000] {processor.py:799} INFO - Processing file /home/airflow/.local/lib/python3.7/site-packages/airflow/example_dags/example_bash_operator.py for tasks to queue
[2023-05-04T08:19:16.018+0000] {logging_mixin.py:149} INFO - [2023-05-04T08:19:16.018+0000] {dagbag.py:541} INFO - Filling up the DagBag from /home/airflow/.local/lib/python3.7/site-packages/airflow/example_dags/example_bash_operator.py
[2023-05-04T08:19:16.035+0000] {processor.py:809} INFO - DAG(s) dict_keys(['example_bash_operator']) retrieved from /home/airflow/.local/lib/python3.7/site-packages/airflow/example_dags/example_bash_operator.py
[2023-05-04T08:19:16.083+0000] {logging_mixin.py:149} INFO - [2023-05-04T08:19:16.083+0000] {dag.py:2726} INFO - Sync 1 DAGs
[2023-05-04T08:19:16.247+0000] {logging_mixin.py:149} INFO - [2023-05-04T08:19:16.247+0000] {dag.py:3490} INFO - Setting next_dagrun for example_bash_operator to 2023-05-03T00:00:00+00:00, run_after=2023-05-04T00:00:00+00:00
[2023-05-04T08:19:16.270+0000] {processor.py:178} INFO - Processing /home/airflow/.local/lib/python3.7/site-packages/airflow/example_dags/example_bash_operator.py took 0.258 seconds
[2023-05-04T08:19:46.509+0000] {processor.py:156} INFO - Started process (PID=6597) to work on /home/airflow/.local/lib/python3.7/site-packages/airflow/example_dags/example_bash_operator.py
[2023-05-04T08:19:46.511+0000] {processor.py:799} INFO - Processing file /home/airflow/.local/lib/python3.7/site-packages/airflow/example_dags/example_bash_operator.py for tasks to queue
[2023-05-04T08:19:46.512+0000] {logging_mixin.py:149} INFO - [2023-05-04T08:19:46.512+0000] {dagbag.py:541} INFO - Filling up the DagBag from /home/airflow/.local/lib/python3.7/site-packages/airflow/example_dags/example_bash_operator.py
[2023-05-04T08:19:46.529+0000] {processor.py:809} INFO - DAG(s) dict_keys(['example_bash_operator']) retrieved from /home/airflow/.local/lib/python3.7/site-packages/airflow/example_dags/example_bash_operator.py
[2023-05-04T08:19:46.577+0000] {logging_mixin.py:149} INFO - [2023-05-04T08:19:46.577+0000] {dag.py:2726} INFO - Sync 1 DAGs
[2023-05-04T08:19:46.731+0000] {logging_mixin.py:149} INFO - [2023-05-04T08:19:46.731+0000] {dag.py:3490} INFO - Setting next_dagrun for example_bash_operator to 2023-05-03T00:00:00+00:00, run_after=2023-05-04T00:00:00+00:00
[2023-05-04T08:19:46.755+0000] {processor.py:178} INFO - Processing /home/airflow/.local/lib/python3.7/site-packages/airflow/example_dags/example_bash_operator.py took 0.249 seconds
[2023-05-04T08:20:17.196+0000] {processor.py:156} INFO - Started process (PID=6850) to work on /home/airflow/.local/lib/python3.7/site-packages/airflow/example_dags/example_bash_operator.py
[2023-05-04T08:20:17.197+0000] {processor.py:799} INFO - Processing file /home/airflow/.local/lib/python3.7/site-packages/airflow/example_dags/example_bash_operator.py for tasks to queue
[2023-05-04T08:20:17.198+0000] {logging_mixin.py:149} INFO - [2023-05-04T08:20:17.198+0000] {dagbag.py:541} INFO - Filling up the DagBag from /home/airflow/.local/lib/python3.7/site-packages/airflow/example_dags/example_bash_operator.py
[2023-05-04T08:20:17.216+0000] {processor.py:809} INFO - DAG(s) dict_keys(['example_bash_operator']) retrieved from /home/airflow/.local/lib/python3.7/site-packages/airflow/example_dags/example_bash_operator.py
[2023-05-04T08:20:17.265+0000] {logging_mixin.py:149} INFO - [2023-05-04T08:20:17.265+0000] {dag.py:2726} INFO - Sync 1 DAGs
[2023-05-04T08:20:17.429+0000] {logging_mixin.py:149} INFO - [2023-05-04T08:20:17.429+0000] {dag.py:3490} INFO - Setting next_dagrun for example_bash_operator to 2023-05-03T00:00:00+00:00, run_after=2023-05-04T00:00:00+00:00
[2023-05-04T08:20:17.457+0000] {processor.py:178} INFO - Processing /home/airflow/.local/lib/python3.7/site-packages/airflow/example_dags/example_bash_operator.py took 0.264 seconds
[2023-05-04T08:20:47.979+0000] {processor.py:156} INFO - Started process (PID=7102) to work on /home/airflow/.local/lib/python3.7/site-packages/airflow/example_dags/example_bash_operator.py
[2023-05-04T08:20:47.981+0000] {processor.py:799} INFO - Processing file /home/airflow/.local/lib/python3.7/site-packages/airflow/example_dags/example_bash_operator.py for tasks to queue
[2023-05-04T08:20:47.982+0000] {logging_mixin.py:149} INFO - [2023-05-04T08:20:47.982+0000] {dagbag.py:541} INFO - Filling up the DagBag from /home/airflow/.local/lib/python3.7/site-packages/airflow/example_dags/example_bash_operator.py
[2023-05-04T08:20:48.171+0000] {processor.py:809} INFO - DAG(s) dict_keys(['example_bash_operator']) retrieved from /home/airflow/.local/lib/python3.7/site-packages/airflow/example_dags/example_bash_operator.py
[2023-05-04T08:20:48.233+0000] {logging_mixin.py:149} INFO - [2023-05-04T08:20:48.233+0000] {dag.py:2726} INFO - Sync 1 DAGs
[2023-05-04T08:20:48.476+0000] {logging_mixin.py:149} INFO - [2023-05-04T08:20:48.476+0000] {dag.py:3490} INFO - Setting next_dagrun for example_bash_operator to 2023-05-03T00:00:00+00:00, run_after=2023-05-04T00:00:00+00:00
[2023-05-04T08:20:48.511+0000] {processor.py:178} INFO - Processing /home/airflow/.local/lib/python3.7/site-packages/airflow/example_dags/example_bash_operator.py took 0.537 seconds
[2023-05-04T08:21:18.805+0000] {processor.py:156} INFO - Started process (PID=7344) to work on /home/airflow/.local/lib/python3.7/site-packages/airflow/example_dags/example_bash_operator.py
[2023-05-04T08:21:18.806+0000] {processor.py:799} INFO - Processing file /home/airflow/.local/lib/python3.7/site-packages/airflow/example_dags/example_bash_operator.py for tasks to queue
[2023-05-04T08:21:18.807+0000] {logging_mixin.py:149} INFO - [2023-05-04T08:21:18.807+0000] {dagbag.py:541} INFO - Filling up the DagBag from /home/airflow/.local/lib/python3.7/site-packages/airflow/example_dags/example_bash_operator.py
[2023-05-04T08:21:18.825+0000] {processor.py:809} INFO - DAG(s) dict_keys(['example_bash_operator']) retrieved from /home/airflow/.local/lib/python3.7/site-packages/airflow/example_dags/example_bash_operator.py
[2023-05-04T08:21:18.877+0000] {logging_mixin.py:149} INFO - [2023-05-04T08:21:18.876+0000] {dag.py:2726} INFO - Sync 1 DAGs
[2023-05-04T08:21:18.909+0000] {logging_mixin.py:149} INFO - [2023-05-04T08:21:18.909+0000] {dag.py:3490} INFO - Setting next_dagrun for example_bash_operator to 2023-05-03T00:00:00+00:00, run_after=2023-05-04T00:00:00+00:00
[2023-05-04T08:21:18.933+0000] {processor.py:178} INFO - Processing /home/airflow/.local/lib/python3.7/site-packages/airflow/example_dags/example_bash_operator.py took 0.133 seconds
[2023-05-04T08:21:49.339+0000] {processor.py:156} INFO - Started process (PID=7597) to work on /home/airflow/.local/lib/python3.7/site-packages/airflow/example_dags/example_bash_operator.py
[2023-05-04T08:21:49.340+0000] {processor.py:799} INFO - Processing file /home/airflow/.local/lib/python3.7/site-packages/airflow/example_dags/example_bash_operator.py for tasks to queue
[2023-05-04T08:21:49.341+0000] {logging_mixin.py:149} INFO - [2023-05-04T08:21:49.341+0000] {dagbag.py:541} INFO - Filling up the DagBag from /home/airflow/.local/lib/python3.7/site-packages/airflow/example_dags/example_bash_operator.py
[2023-05-04T08:21:49.359+0000] {processor.py:809} INFO - DAG(s) dict_keys(['example_bash_operator']) retrieved from /home/airflow/.local/lib/python3.7/site-packages/airflow/example_dags/example_bash_operator.py
[2023-05-04T08:21:49.415+0000] {logging_mixin.py:149} INFO - [2023-05-04T08:21:49.415+0000] {dag.py:2726} INFO - Sync 1 DAGs
[2023-05-04T08:21:49.451+0000] {logging_mixin.py:149} INFO - [2023-05-04T08:21:49.451+0000] {dag.py:3490} INFO - Setting next_dagrun for example_bash_operator to 2023-05-03T00:00:00+00:00, run_after=2023-05-04T00:00:00+00:00
[2023-05-04T08:21:49.477+0000] {processor.py:178} INFO - Processing /home/airflow/.local/lib/python3.7/site-packages/airflow/example_dags/example_bash_operator.py took 0.141 seconds
[2023-05-04T08:22:19.680+0000] {processor.py:156} INFO - Started process (PID=7851) to work on /home/airflow/.local/lib/python3.7/site-packages/airflow/example_dags/example_bash_operator.py
[2023-05-04T08:22:19.681+0000] {processor.py:799} INFO - Processing file /home/airflow/.local/lib/python3.7/site-packages/airflow/example_dags/example_bash_operator.py for tasks to queue
[2023-05-04T08:22:19.682+0000] {logging_mixin.py:149} INFO - [2023-05-04T08:22:19.682+0000] {dagbag.py:541} INFO - Filling up the DagBag from /home/airflow/.local/lib/python3.7/site-packages/airflow/example_dags/example_bash_operator.py
[2023-05-04T08:22:19.699+0000] {processor.py:809} INFO - DAG(s) dict_keys(['example_bash_operator']) retrieved from /home/airflow/.local/lib/python3.7/site-packages/airflow/example_dags/example_bash_operator.py
[2023-05-04T08:22:19.747+0000] {logging_mixin.py:149} INFO - [2023-05-04T08:22:19.747+0000] {dag.py:2726} INFO - Sync 1 DAGs
[2023-05-04T08:22:19.780+0000] {logging_mixin.py:149} INFO - [2023-05-04T08:22:19.780+0000] {dag.py:3490} INFO - Setting next_dagrun for example_bash_operator to 2023-05-03T00:00:00+00:00, run_after=2023-05-04T00:00:00+00:00
[2023-05-04T08:22:19.805+0000] {processor.py:178} INFO - Processing /home/airflow/.local/lib/python3.7/site-packages/airflow/example_dags/example_bash_operator.py took 0.129 seconds
[2023-05-04T08:22:50.620+0000] {processor.py:156} INFO - Started process (PID=8105) to work on /home/airflow/.local/lib/python3.7/site-packages/airflow/example_dags/example_bash_operator.py
[2023-05-04T08:22:50.622+0000] {processor.py:799} INFO - Processing file /home/airflow/.local/lib/python3.7/site-packages/airflow/example_dags/example_bash_operator.py for tasks to queue
[2023-05-04T08:22:50.623+0000] {logging_mixin.py:149} INFO - [2023-05-04T08:22:50.623+0000] {dagbag.py:541} INFO - Filling up the DagBag from /home/airflow/.local/lib/python3.7/site-packages/airflow/example_dags/example_bash_operator.py
[2023-05-04T08:22:50.640+0000] {processor.py:809} INFO - DAG(s) dict_keys(['example_bash_operator']) retrieved from /home/airflow/.local/lib/python3.7/site-packages/airflow/example_dags/example_bash_operator.py
[2023-05-04T08:22:50.696+0000] {logging_mixin.py:149} INFO - [2023-05-04T08:22:50.696+0000] {dag.py:2726} INFO - Sync 1 DAGs
[2023-05-04T08:22:50.728+0000] {logging_mixin.py:149} INFO - [2023-05-04T08:22:50.728+0000] {dag.py:3490} INFO - Setting next_dagrun for example_bash_operator to 2023-05-03T00:00:00+00:00, run_after=2023-05-04T00:00:00+00:00
[2023-05-04T08:22:50.754+0000] {processor.py:178} INFO - Processing /home/airflow/.local/lib/python3.7/site-packages/airflow/example_dags/example_bash_operator.py took 0.138 seconds
[2023-05-04T08:23:20.906+0000] {processor.py:156} INFO - Started process (PID=8359) to work on /home/airflow/.local/lib/python3.7/site-packages/airflow/example_dags/example_bash_operator.py
[2023-05-04T08:23:20.908+0000] {processor.py:799} INFO - Processing file /home/airflow/.local/lib/python3.7/site-packages/airflow/example_dags/example_bash_operator.py for tasks to queue
[2023-05-04T08:23:20.909+0000] {logging_mixin.py:149} INFO - [2023-05-04T08:23:20.909+0000] {dagbag.py:541} INFO - Filling up the DagBag from /home/airflow/.local/lib/python3.7/site-packages/airflow/example_dags/example_bash_operator.py
[2023-05-04T08:23:20.926+0000] {processor.py:809} INFO - DAG(s) dict_keys(['example_bash_operator']) retrieved from /home/airflow/.local/lib/python3.7/site-packages/airflow/example_dags/example_bash_operator.py
[2023-05-04T08:23:20.990+0000] {logging_mixin.py:149} INFO - [2023-05-04T08:23:20.990+0000] {dag.py:2726} INFO - Sync 1 DAGs
[2023-05-04T08:23:21.029+0000] {logging_mixin.py:149} INFO - [2023-05-04T08:23:21.029+0000] {dag.py:3490} INFO - Setting next_dagrun for example_bash_operator to 2023-05-03T00:00:00+00:00, run_after=2023-05-04T00:00:00+00:00
[2023-05-04T08:23:21.060+0000] {processor.py:178} INFO - Processing /home/airflow/.local/lib/python3.7/site-packages/airflow/example_dags/example_bash_operator.py took 0.157 seconds
[2023-05-04T08:23:51.266+0000] {processor.py:156} INFO - Started process (PID=8613) to work on /home/airflow/.local/lib/python3.7/site-packages/airflow/example_dags/example_bash_operator.py
[2023-05-04T08:23:51.267+0000] {processor.py:799} INFO - Processing file /home/airflow/.local/lib/python3.7/site-packages/airflow/example_dags/example_bash_operator.py for tasks to queue
[2023-05-04T08:23:51.268+0000] {logging_mixin.py:149} INFO - [2023-05-04T08:23:51.268+0000] {dagbag.py:541} INFO - Filling up the DagBag from /home/airflow/.local/lib/python3.7/site-packages/airflow/example_dags/example_bash_operator.py
[2023-05-04T08:23:51.297+0000] {processor.py:809} INFO - DAG(s) dict_keys(['example_bash_operator']) retrieved from /home/airflow/.local/lib/python3.7/site-packages/airflow/example_dags/example_bash_operator.py
[2023-05-04T08:23:51.389+0000] {logging_mixin.py:149} INFO - [2023-05-04T08:23:51.388+0000] {dag.py:2726} INFO - Sync 1 DAGs
[2023-05-04T08:23:51.442+0000] {logging_mixin.py:149} INFO - [2023-05-04T08:23:51.442+0000] {dag.py:3490} INFO - Setting next_dagrun for example_bash_operator to 2023-05-03T00:00:00+00:00, run_after=2023-05-04T00:00:00+00:00
[2023-05-04T08:23:51.485+0000] {processor.py:178} INFO - Processing /home/airflow/.local/lib/python3.7/site-packages/airflow/example_dags/example_bash_operator.py took 0.225 seconds
[2023-05-04T08:24:22.236+0000] {processor.py:156} INFO - Started process (PID=8866) to work on /home/airflow/.local/lib/python3.7/site-packages/airflow/example_dags/example_bash_operator.py
[2023-05-04T08:24:22.238+0000] {processor.py:799} INFO - Processing file /home/airflow/.local/lib/python3.7/site-packages/airflow/example_dags/example_bash_operator.py for tasks to queue
[2023-05-04T08:24:22.239+0000] {logging_mixin.py:149} INFO - [2023-05-04T08:24:22.239+0000] {dagbag.py:541} INFO - Filling up the DagBag from /home/airflow/.local/lib/python3.7/site-packages/airflow/example_dags/example_bash_operator.py
[2023-05-04T08:24:22.274+0000] {processor.py:809} INFO - DAG(s) dict_keys(['example_bash_operator']) retrieved from /home/airflow/.local/lib/python3.7/site-packages/airflow/example_dags/example_bash_operator.py
[2023-05-04T08:24:22.347+0000] {logging_mixin.py:149} INFO - [2023-05-04T08:24:22.347+0000] {dag.py:2726} INFO - Sync 1 DAGs
[2023-05-04T08:24:22.379+0000] {logging_mixin.py:149} INFO - [2023-05-04T08:24:22.379+0000] {dag.py:3490} INFO - Setting next_dagrun for example_bash_operator to 2023-05-03T00:00:00+00:00, run_after=2023-05-04T00:00:00+00:00
[2023-05-04T08:24:22.401+0000] {processor.py:178} INFO - Processing /home/airflow/.local/lib/python3.7/site-packages/airflow/example_dags/example_bash_operator.py took 0.172 seconds
[2023-05-04T08:24:52.518+0000] {processor.py:156} INFO - Started process (PID=9120) to work on /home/airflow/.local/lib/python3.7/site-packages/airflow/example_dags/example_bash_operator.py
[2023-05-04T08:24:52.520+0000] {processor.py:799} INFO - Processing file /home/airflow/.local/lib/python3.7/site-packages/airflow/example_dags/example_bash_operator.py for tasks to queue
[2023-05-04T08:24:52.523+0000] {logging_mixin.py:149} INFO - [2023-05-04T08:24:52.523+0000] {dagbag.py:541} INFO - Filling up the DagBag from /home/airflow/.local/lib/python3.7/site-packages/airflow/example_dags/example_bash_operator.py
[2023-05-04T08:24:52.562+0000] {processor.py:809} INFO - DAG(s) dict_keys(['example_bash_operator']) retrieved from /home/airflow/.local/lib/python3.7/site-packages/airflow/example_dags/example_bash_operator.py
[2023-05-04T08:24:52.658+0000] {logging_mixin.py:149} INFO - [2023-05-04T08:24:52.658+0000] {dag.py:2726} INFO - Sync 1 DAGs
[2023-05-04T08:24:52.702+0000] {logging_mixin.py:149} INFO - [2023-05-04T08:24:52.702+0000] {dag.py:3490} INFO - Setting next_dagrun for example_bash_operator to 2023-05-03T00:00:00+00:00, run_after=2023-05-04T00:00:00+00:00
[2023-05-04T08:24:52.724+0000] {processor.py:178} INFO - Processing /home/airflow/.local/lib/python3.7/site-packages/airflow/example_dags/example_bash_operator.py took 0.213 seconds
[2023-05-04T08:25:22.942+0000] {processor.py:156} INFO - Started process (PID=9374) to work on /home/airflow/.local/lib/python3.7/site-packages/airflow/example_dags/example_bash_operator.py
[2023-05-04T08:25:22.944+0000] {processor.py:799} INFO - Processing file /home/airflow/.local/lib/python3.7/site-packages/airflow/example_dags/example_bash_operator.py for tasks to queue
[2023-05-04T08:25:22.945+0000] {logging_mixin.py:149} INFO - [2023-05-04T08:25:22.945+0000] {dagbag.py:541} INFO - Filling up the DagBag from /home/airflow/.local/lib/python3.7/site-packages/airflow/example_dags/example_bash_operator.py
[2023-05-04T08:25:22.969+0000] {processor.py:809} INFO - DAG(s) dict_keys(['example_bash_operator']) retrieved from /home/airflow/.local/lib/python3.7/site-packages/airflow/example_dags/example_bash_operator.py
[2023-05-04T08:25:23.039+0000] {logging_mixin.py:149} INFO - [2023-05-04T08:25:23.039+0000] {dag.py:2726} INFO - Sync 1 DAGs
[2023-05-04T08:25:23.116+0000] {logging_mixin.py:149} INFO - [2023-05-04T08:25:23.116+0000] {dag.py:3490} INFO - Setting next_dagrun for example_bash_operator to 2023-05-03T00:00:00+00:00, run_after=2023-05-04T00:00:00+00:00
[2023-05-04T08:25:23.174+0000] {processor.py:178} INFO - Processing /home/airflow/.local/lib/python3.7/site-packages/airflow/example_dags/example_bash_operator.py took 0.236 seconds
