[2023-05-04T08:17:00.973+0000] {processor.py:156} INFO - Started process (PID=5240) to work on /home/airflow/.local/lib/python3.7/site-packages/airflow/example_dags/example_sensor_decorator.py
[2023-05-04T08:17:00.974+0000] {processor.py:799} INFO - Processing file /home/airflow/.local/lib/python3.7/site-packages/airflow/example_dags/example_sensor_decorator.py for tasks to queue
[2023-05-04T08:17:00.975+0000] {logging_mixin.py:149} INFO - [2023-05-04T08:17:00.975+0000] {dagbag.py:541} INFO - Filling up the DagBag from /home/airflow/.local/lib/python3.7/site-packages/airflow/example_dags/example_sensor_decorator.py
[2023-05-04T08:17:00.984+0000] {processor.py:809} INFO - DAG(s) dict_keys(['example_sensor_decorator']) retrieved from /home/airflow/.local/lib/python3.7/site-packages/airflow/example_dags/example_sensor_decorator.py
[2023-05-04T08:17:01.016+0000] {logging_mixin.py:149} INFO - [2023-05-04T08:17:01.016+0000] {dag.py:2726} INFO - Sync 1 DAGs
[2023-05-04T08:17:01.047+0000] {logging_mixin.py:149} INFO - [2023-05-04T08:17:01.047+0000] {dag.py:3490} INFO - Setting next_dagrun for example_sensor_decorator to None, run_after=None
[2023-05-04T08:17:01.192+0000] {processor.py:178} INFO - Processing /home/airflow/.local/lib/python3.7/site-packages/airflow/example_dags/example_sensor_decorator.py took 0.224 seconds
[2023-05-04T08:17:31.538+0000] {processor.py:156} INFO - Started process (PID=5494) to work on /home/airflow/.local/lib/python3.7/site-packages/airflow/example_dags/example_sensor_decorator.py
[2023-05-04T08:17:31.539+0000] {processor.py:799} INFO - Processing file /home/airflow/.local/lib/python3.7/site-packages/airflow/example_dags/example_sensor_decorator.py for tasks to queue
[2023-05-04T08:17:31.540+0000] {logging_mixin.py:149} INFO - [2023-05-04T08:17:31.540+0000] {dagbag.py:541} INFO - Filling up the DagBag from /home/airflow/.local/lib/python3.7/site-packages/airflow/example_dags/example_sensor_decorator.py
[2023-05-04T08:17:31.547+0000] {processor.py:809} INFO - DAG(s) dict_keys(['example_sensor_decorator']) retrieved from /home/airflow/.local/lib/python3.7/site-packages/airflow/example_dags/example_sensor_decorator.py
[2023-05-04T08:17:31.575+0000] {logging_mixin.py:149} INFO - [2023-05-04T08:17:31.574+0000] {dag.py:2726} INFO - Sync 1 DAGs
[2023-05-04T08:17:31.605+0000] {logging_mixin.py:149} INFO - [2023-05-04T08:17:31.605+0000] {dag.py:3490} INFO - Setting next_dagrun for example_sensor_decorator to None, run_after=None
[2023-05-04T08:17:31.632+0000] {processor.py:178} INFO - Processing /home/airflow/.local/lib/python3.7/site-packages/airflow/example_dags/example_sensor_decorator.py took 0.098 seconds
[2023-05-04T08:18:02.831+0000] {processor.py:156} INFO - Started process (PID=5747) to work on /home/airflow/.local/lib/python3.7/site-packages/airflow/example_dags/example_sensor_decorator.py
[2023-05-04T08:18:02.833+0000] {processor.py:799} INFO - Processing file /home/airflow/.local/lib/python3.7/site-packages/airflow/example_dags/example_sensor_decorator.py for tasks to queue
[2023-05-04T08:18:02.835+0000] {logging_mixin.py:149} INFO - [2023-05-04T08:18:02.835+0000] {dagbag.py:541} INFO - Filling up the DagBag from /home/airflow/.local/lib/python3.7/site-packages/airflow/example_dags/example_sensor_decorator.py
[2023-05-04T08:18:02.844+0000] {processor.py:809} INFO - DAG(s) dict_keys(['example_sensor_decorator']) retrieved from /home/airflow/.local/lib/python3.7/site-packages/airflow/example_dags/example_sensor_decorator.py
[2023-05-04T08:18:02.885+0000] {logging_mixin.py:149} INFO - [2023-05-04T08:18:02.885+0000] {dag.py:2726} INFO - Sync 1 DAGs
[2023-05-04T08:18:02.938+0000] {logging_mixin.py:149} INFO - [2023-05-04T08:18:02.938+0000] {dag.py:3490} INFO - Setting next_dagrun for example_sensor_decorator to None, run_after=None
[2023-05-04T08:18:02.976+0000] {processor.py:178} INFO - Processing /home/airflow/.local/lib/python3.7/site-packages/airflow/example_dags/example_sensor_decorator.py took 0.150 seconds
[2023-05-04T08:18:33.127+0000] {processor.py:156} INFO - Started process (PID=5988) to work on /home/airflow/.local/lib/python3.7/site-packages/airflow/example_dags/example_sensor_decorator.py
[2023-05-04T08:18:33.128+0000] {processor.py:799} INFO - Processing file /home/airflow/.local/lib/python3.7/site-packages/airflow/example_dags/example_sensor_decorator.py for tasks to queue
[2023-05-04T08:18:33.129+0000] {logging_mixin.py:149} INFO - [2023-05-04T08:18:33.129+0000] {dagbag.py:541} INFO - Filling up the DagBag from /home/airflow/.local/lib/python3.7/site-packages/airflow/example_dags/example_sensor_decorator.py
[2023-05-04T08:18:33.136+0000] {processor.py:809} INFO - DAG(s) dict_keys(['example_sensor_decorator']) retrieved from /home/airflow/.local/lib/python3.7/site-packages/airflow/example_dags/example_sensor_decorator.py
[2023-05-04T08:18:33.167+0000] {logging_mixin.py:149} INFO - [2023-05-04T08:18:33.167+0000] {dag.py:2726} INFO - Sync 1 DAGs
[2023-05-04T08:18:33.314+0000] {logging_mixin.py:149} INFO - [2023-05-04T08:18:33.314+0000] {dag.py:3490} INFO - Setting next_dagrun for example_sensor_decorator to None, run_after=None
[2023-05-04T08:18:33.337+0000] {processor.py:178} INFO - Processing /home/airflow/.local/lib/python3.7/site-packages/airflow/example_dags/example_sensor_decorator.py took 0.215 seconds
[2023-05-04T08:19:03.424+0000] {processor.py:156} INFO - Started process (PID=6242) to work on /home/airflow/.local/lib/python3.7/site-packages/airflow/example_dags/example_sensor_decorator.py
[2023-05-04T08:19:03.425+0000] {processor.py:799} INFO - Processing file /home/airflow/.local/lib/python3.7/site-packages/airflow/example_dags/example_sensor_decorator.py for tasks to queue
[2023-05-04T08:19:03.426+0000] {logging_mixin.py:149} INFO - [2023-05-04T08:19:03.426+0000] {dagbag.py:541} INFO - Filling up the DagBag from /home/airflow/.local/lib/python3.7/site-packages/airflow/example_dags/example_sensor_decorator.py
[2023-05-04T08:19:03.433+0000] {processor.py:809} INFO - DAG(s) dict_keys(['example_sensor_decorator']) retrieved from /home/airflow/.local/lib/python3.7/site-packages/airflow/example_dags/example_sensor_decorator.py
[2023-05-04T08:19:03.464+0000] {logging_mixin.py:149} INFO - [2023-05-04T08:19:03.464+0000] {dag.py:2726} INFO - Sync 1 DAGs
[2023-05-04T08:19:03.497+0000] {logging_mixin.py:149} INFO - [2023-05-04T08:19:03.497+0000] {dag.py:3490} INFO - Setting next_dagrun for example_sensor_decorator to None, run_after=None
[2023-05-04T08:19:03.526+0000] {processor.py:178} INFO - Processing /home/airflow/.local/lib/python3.7/site-packages/airflow/example_dags/example_sensor_decorator.py took 0.107 seconds
[2023-05-04T08:19:33.620+0000] {processor.py:156} INFO - Started process (PID=6492) to work on /home/airflow/.local/lib/python3.7/site-packages/airflow/example_dags/example_sensor_decorator.py
[2023-05-04T08:19:33.621+0000] {processor.py:799} INFO - Processing file /home/airflow/.local/lib/python3.7/site-packages/airflow/example_dags/example_sensor_decorator.py for tasks to queue
[2023-05-04T08:19:33.622+0000] {logging_mixin.py:149} INFO - [2023-05-04T08:19:33.622+0000] {dagbag.py:541} INFO - Filling up the DagBag from /home/airflow/.local/lib/python3.7/site-packages/airflow/example_dags/example_sensor_decorator.py
[2023-05-04T08:19:33.628+0000] {processor.py:809} INFO - DAG(s) dict_keys(['example_sensor_decorator']) retrieved from /home/airflow/.local/lib/python3.7/site-packages/airflow/example_dags/example_sensor_decorator.py
[2023-05-04T08:19:33.656+0000] {logging_mixin.py:149} INFO - [2023-05-04T08:19:33.656+0000] {dag.py:2726} INFO - Sync 1 DAGs
[2023-05-04T08:19:33.684+0000] {logging_mixin.py:149} INFO - [2023-05-04T08:19:33.683+0000] {dag.py:3490} INFO - Setting next_dagrun for example_sensor_decorator to None, run_after=None
[2023-05-04T08:19:33.707+0000] {processor.py:178} INFO - Processing /home/airflow/.local/lib/python3.7/site-packages/airflow/example_dags/example_sensor_decorator.py took 0.090 seconds
[2023-05-04T08:20:04.068+0000] {processor.py:156} INFO - Started process (PID=6743) to work on /home/airflow/.local/lib/python3.7/site-packages/airflow/example_dags/example_sensor_decorator.py
[2023-05-04T08:20:04.069+0000] {processor.py:799} INFO - Processing file /home/airflow/.local/lib/python3.7/site-packages/airflow/example_dags/example_sensor_decorator.py for tasks to queue
[2023-05-04T08:20:04.070+0000] {logging_mixin.py:149} INFO - [2023-05-04T08:20:04.070+0000] {dagbag.py:541} INFO - Filling up the DagBag from /home/airflow/.local/lib/python3.7/site-packages/airflow/example_dags/example_sensor_decorator.py
[2023-05-04T08:20:04.077+0000] {processor.py:809} INFO - DAG(s) dict_keys(['example_sensor_decorator']) retrieved from /home/airflow/.local/lib/python3.7/site-packages/airflow/example_dags/example_sensor_decorator.py
[2023-05-04T08:20:04.112+0000] {logging_mixin.py:149} INFO - [2023-05-04T08:20:04.111+0000] {dag.py:2726} INFO - Sync 1 DAGs
[2023-05-04T08:20:04.165+0000] {logging_mixin.py:149} INFO - [2023-05-04T08:20:04.165+0000] {dag.py:3490} INFO - Setting next_dagrun for example_sensor_decorator to None, run_after=None
[2023-05-04T08:20:04.193+0000] {processor.py:178} INFO - Processing /home/airflow/.local/lib/python3.7/site-packages/airflow/example_dags/example_sensor_decorator.py took 0.128 seconds
[2023-05-04T08:20:34.333+0000] {processor.py:156} INFO - Started process (PID=6996) to work on /home/airflow/.local/lib/python3.7/site-packages/airflow/example_dags/example_sensor_decorator.py
[2023-05-04T08:20:34.334+0000] {processor.py:799} INFO - Processing file /home/airflow/.local/lib/python3.7/site-packages/airflow/example_dags/example_sensor_decorator.py for tasks to queue
[2023-05-04T08:20:34.335+0000] {logging_mixin.py:149} INFO - [2023-05-04T08:20:34.335+0000] {dagbag.py:541} INFO - Filling up the DagBag from /home/airflow/.local/lib/python3.7/site-packages/airflow/example_dags/example_sensor_decorator.py
[2023-05-04T08:20:34.341+0000] {processor.py:809} INFO - DAG(s) dict_keys(['example_sensor_decorator']) retrieved from /home/airflow/.local/lib/python3.7/site-packages/airflow/example_dags/example_sensor_decorator.py
[2023-05-04T08:20:34.371+0000] {logging_mixin.py:149} INFO - [2023-05-04T08:20:34.371+0000] {dag.py:2726} INFO - Sync 1 DAGs
[2023-05-04T08:20:34.537+0000] {logging_mixin.py:149} INFO - [2023-05-04T08:20:34.537+0000] {dag.py:3490} INFO - Setting next_dagrun for example_sensor_decorator to None, run_after=None
[2023-05-04T08:20:34.561+0000] {processor.py:178} INFO - Processing /home/airflow/.local/lib/python3.7/site-packages/airflow/example_dags/example_sensor_decorator.py took 0.232 seconds
[2023-05-04T08:21:04.802+0000] {processor.py:156} INFO - Started process (PID=7250) to work on /home/airflow/.local/lib/python3.7/site-packages/airflow/example_dags/example_sensor_decorator.py
[2023-05-04T08:21:04.811+0000] {processor.py:799} INFO - Processing file /home/airflow/.local/lib/python3.7/site-packages/airflow/example_dags/example_sensor_decorator.py for tasks to queue
[2023-05-04T08:21:04.818+0000] {logging_mixin.py:149} INFO - [2023-05-04T08:21:04.817+0000] {dagbag.py:541} INFO - Filling up the DagBag from /home/airflow/.local/lib/python3.7/site-packages/airflow/example_dags/example_sensor_decorator.py
[2023-05-04T08:21:04.858+0000] {processor.py:809} INFO - DAG(s) dict_keys(['example_sensor_decorator']) retrieved from /home/airflow/.local/lib/python3.7/site-packages/airflow/example_dags/example_sensor_decorator.py
[2023-05-04T08:21:05.049+0000] {logging_mixin.py:149} INFO - [2023-05-04T08:21:05.048+0000] {dag.py:2726} INFO - Sync 1 DAGs
[2023-05-04T08:21:05.292+0000] {logging_mixin.py:149} INFO - [2023-05-04T08:21:05.291+0000] {dag.py:3490} INFO - Setting next_dagrun for example_sensor_decorator to None, run_after=None
[2023-05-04T08:21:05.458+0000] {processor.py:178} INFO - Processing /home/airflow/.local/lib/python3.7/site-packages/airflow/example_dags/example_sensor_decorator.py took 0.691 seconds
[2023-05-04T08:21:35.728+0000] {processor.py:156} INFO - Started process (PID=7503) to work on /home/airflow/.local/lib/python3.7/site-packages/airflow/example_dags/example_sensor_decorator.py
[2023-05-04T08:21:35.729+0000] {processor.py:799} INFO - Processing file /home/airflow/.local/lib/python3.7/site-packages/airflow/example_dags/example_sensor_decorator.py for tasks to queue
[2023-05-04T08:21:35.731+0000] {logging_mixin.py:149} INFO - [2023-05-04T08:21:35.730+0000] {dagbag.py:541} INFO - Filling up the DagBag from /home/airflow/.local/lib/python3.7/site-packages/airflow/example_dags/example_sensor_decorator.py
[2023-05-04T08:21:35.736+0000] {processor.py:809} INFO - DAG(s) dict_keys(['example_sensor_decorator']) retrieved from /home/airflow/.local/lib/python3.7/site-packages/airflow/example_dags/example_sensor_decorator.py
[2023-05-04T08:21:35.766+0000] {logging_mixin.py:149} INFO - [2023-05-04T08:21:35.765+0000] {dag.py:2726} INFO - Sync 1 DAGs
[2023-05-04T08:21:35.796+0000] {logging_mixin.py:149} INFO - [2023-05-04T08:21:35.796+0000] {dag.py:3490} INFO - Setting next_dagrun for example_sensor_decorator to None, run_after=None
[2023-05-04T08:21:35.826+0000] {processor.py:178} INFO - Processing /home/airflow/.local/lib/python3.7/site-packages/airflow/example_dags/example_sensor_decorator.py took 0.101 seconds
[2023-05-04T08:22:05.990+0000] {processor.py:156} INFO - Started process (PID=7756) to work on /home/airflow/.local/lib/python3.7/site-packages/airflow/example_dags/example_sensor_decorator.py
[2023-05-04T08:22:05.992+0000] {processor.py:799} INFO - Processing file /home/airflow/.local/lib/python3.7/site-packages/airflow/example_dags/example_sensor_decorator.py for tasks to queue
[2023-05-04T08:22:05.993+0000] {logging_mixin.py:149} INFO - [2023-05-04T08:22:05.993+0000] {dagbag.py:541} INFO - Filling up the DagBag from /home/airflow/.local/lib/python3.7/site-packages/airflow/example_dags/example_sensor_decorator.py
[2023-05-04T08:22:06.000+0000] {processor.py:809} INFO - DAG(s) dict_keys(['example_sensor_decorator']) retrieved from /home/airflow/.local/lib/python3.7/site-packages/airflow/example_dags/example_sensor_decorator.py
[2023-05-04T08:22:06.031+0000] {logging_mixin.py:149} INFO - [2023-05-04T08:22:06.031+0000] {dag.py:2726} INFO - Sync 1 DAGs
[2023-05-04T08:22:06.067+0000] {logging_mixin.py:149} INFO - [2023-05-04T08:22:06.067+0000] {dag.py:3490} INFO - Setting next_dagrun for example_sensor_decorator to None, run_after=None
[2023-05-04T08:22:06.096+0000] {processor.py:178} INFO - Processing /home/airflow/.local/lib/python3.7/site-packages/airflow/example_dags/example_sensor_decorator.py took 0.110 seconds
[2023-05-04T08:22:36.173+0000] {processor.py:156} INFO - Started process (PID=8010) to work on /home/airflow/.local/lib/python3.7/site-packages/airflow/example_dags/example_sensor_decorator.py
[2023-05-04T08:22:36.175+0000] {processor.py:799} INFO - Processing file /home/airflow/.local/lib/python3.7/site-packages/airflow/example_dags/example_sensor_decorator.py for tasks to queue
[2023-05-04T08:22:36.176+0000] {logging_mixin.py:149} INFO - [2023-05-04T08:22:36.176+0000] {dagbag.py:541} INFO - Filling up the DagBag from /home/airflow/.local/lib/python3.7/site-packages/airflow/example_dags/example_sensor_decorator.py
[2023-05-04T08:22:36.186+0000] {processor.py:809} INFO - DAG(s) dict_keys(['example_sensor_decorator']) retrieved from /home/airflow/.local/lib/python3.7/site-packages/airflow/example_dags/example_sensor_decorator.py
[2023-05-04T08:22:36.225+0000] {logging_mixin.py:149} INFO - [2023-05-04T08:22:36.224+0000] {dag.py:2726} INFO - Sync 1 DAGs
[2023-05-04T08:22:36.268+0000] {logging_mixin.py:149} INFO - [2023-05-04T08:22:36.268+0000] {dag.py:3490} INFO - Setting next_dagrun for example_sensor_decorator to None, run_after=None
[2023-05-04T08:22:36.297+0000] {processor.py:178} INFO - Processing /home/airflow/.local/lib/python3.7/site-packages/airflow/example_dags/example_sensor_decorator.py took 0.130 seconds
[2023-05-04T08:23:06.470+0000] {processor.py:156} INFO - Started process (PID=8264) to work on /home/airflow/.local/lib/python3.7/site-packages/airflow/example_dags/example_sensor_decorator.py
[2023-05-04T08:23:06.472+0000] {processor.py:799} INFO - Processing file /home/airflow/.local/lib/python3.7/site-packages/airflow/example_dags/example_sensor_decorator.py for tasks to queue
[2023-05-04T08:23:06.473+0000] {logging_mixin.py:149} INFO - [2023-05-04T08:23:06.472+0000] {dagbag.py:541} INFO - Filling up the DagBag from /home/airflow/.local/lib/python3.7/site-packages/airflow/example_dags/example_sensor_decorator.py
[2023-05-04T08:23:06.481+0000] {processor.py:809} INFO - DAG(s) dict_keys(['example_sensor_decorator']) retrieved from /home/airflow/.local/lib/python3.7/site-packages/airflow/example_dags/example_sensor_decorator.py
[2023-05-04T08:23:06.517+0000] {logging_mixin.py:149} INFO - [2023-05-04T08:23:06.517+0000] {dag.py:2726} INFO - Sync 1 DAGs
[2023-05-04T08:23:06.553+0000] {logging_mixin.py:149} INFO - [2023-05-04T08:23:06.553+0000] {dag.py:3490} INFO - Setting next_dagrun for example_sensor_decorator to None, run_after=None
[2023-05-04T08:23:06.580+0000] {processor.py:178} INFO - Processing /home/airflow/.local/lib/python3.7/site-packages/airflow/example_dags/example_sensor_decorator.py took 0.114 seconds
[2023-05-04T08:23:36.667+0000] {processor.py:156} INFO - Started process (PID=8518) to work on /home/airflow/.local/lib/python3.7/site-packages/airflow/example_dags/example_sensor_decorator.py
[2023-05-04T08:23:36.670+0000] {processor.py:799} INFO - Processing file /home/airflow/.local/lib/python3.7/site-packages/airflow/example_dags/example_sensor_decorator.py for tasks to queue
[2023-05-04T08:23:36.672+0000] {logging_mixin.py:149} INFO - [2023-05-04T08:23:36.671+0000] {dagbag.py:541} INFO - Filling up the DagBag from /home/airflow/.local/lib/python3.7/site-packages/airflow/example_dags/example_sensor_decorator.py
[2023-05-04T08:23:36.689+0000] {processor.py:809} INFO - DAG(s) dict_keys(['example_sensor_decorator']) retrieved from /home/airflow/.local/lib/python3.7/site-packages/airflow/example_dags/example_sensor_decorator.py
[2023-05-04T08:23:36.760+0000] {logging_mixin.py:149} INFO - [2023-05-04T08:23:36.760+0000] {dag.py:2726} INFO - Sync 1 DAGs
[2023-05-04T08:23:36.841+0000] {logging_mixin.py:149} INFO - [2023-05-04T08:23:36.841+0000] {dag.py:3490} INFO - Setting next_dagrun for example_sensor_decorator to None, run_after=None
[2023-05-04T08:23:36.894+0000] {processor.py:178} INFO - Processing /home/airflow/.local/lib/python3.7/site-packages/airflow/example_dags/example_sensor_decorator.py took 0.236 seconds
