[2023-05-04T08:16:36.892+0000] {processor.py:156} INFO - Started process (PID=5016) to work on /home/airflow/.local/lib/python3.7/site-packages/airflow/example_dags/example_task_group.py
[2023-05-04T08:16:36.894+0000] {processor.py:799} INFO - Processing file /home/airflow/.local/lib/python3.7/site-packages/airflow/example_dags/example_task_group.py for tasks to queue
[2023-05-04T08:16:36.895+0000] {logging_mixin.py:149} INFO - [2023-05-04T08:16:36.895+0000] {dagbag.py:541} INFO - Filling up the DagBag from /home/airflow/.local/lib/python3.7/site-packages/airflow/example_dags/example_task_group.py
[2023-05-04T08:16:36.905+0000] {processor.py:809} INFO - DAG(s) dict_keys(['example_task_group']) retrieved from /home/airflow/.local/lib/python3.7/site-packages/airflow/example_dags/example_task_group.py
[2023-05-04T08:16:36.936+0000] {logging_mixin.py:149} INFO - [2023-05-04T08:16:36.936+0000] {dag.py:2726} INFO - Sync 1 DAGs
[2023-05-04T08:16:36.968+0000] {logging_mixin.py:149} INFO - [2023-05-04T08:16:36.968+0000] {dag.py:3490} INFO - Setting next_dagrun for example_task_group to 2023-05-03T08:16:36.968020+00:00, run_after=2023-05-04T08:16:36.968020+00:00
[2023-05-04T08:16:36.993+0000] {processor.py:178} INFO - Processing /home/airflow/.local/lib/python3.7/site-packages/airflow/example_dags/example_task_group.py took 0.104 seconds
[2023-05-04T08:17:07.612+0000] {processor.py:156} INFO - Started process (PID=5270) to work on /home/airflow/.local/lib/python3.7/site-packages/airflow/example_dags/example_task_group.py
[2023-05-04T08:17:07.614+0000] {processor.py:799} INFO - Processing file /home/airflow/.local/lib/python3.7/site-packages/airflow/example_dags/example_task_group.py for tasks to queue
[2023-05-04T08:17:07.615+0000] {logging_mixin.py:149} INFO - [2023-05-04T08:17:07.615+0000] {dagbag.py:541} INFO - Filling up the DagBag from /home/airflow/.local/lib/python3.7/site-packages/airflow/example_dags/example_task_group.py
[2023-05-04T08:17:07.626+0000] {processor.py:809} INFO - DAG(s) dict_keys(['example_task_group']) retrieved from /home/airflow/.local/lib/python3.7/site-packages/airflow/example_dags/example_task_group.py
[2023-05-04T08:17:07.670+0000] {logging_mixin.py:149} INFO - [2023-05-04T08:17:07.669+0000] {dag.py:2726} INFO - Sync 1 DAGs
[2023-05-04T08:17:07.916+0000] {logging_mixin.py:149} INFO - [2023-05-04T08:17:07.915+0000] {dag.py:3490} INFO - Setting next_dagrun for example_task_group to 2023-05-03T08:17:07.915704+00:00, run_after=2023-05-04T08:17:07.915704+00:00
[2023-05-04T08:17:07.945+0000] {processor.py:178} INFO - Processing /home/airflow/.local/lib/python3.7/site-packages/airflow/example_dags/example_task_group.py took 0.338 seconds
[2023-05-04T08:17:38.018+0000] {processor.py:156} INFO - Started process (PID=5521) to work on /home/airflow/.local/lib/python3.7/site-packages/airflow/example_dags/example_task_group.py
[2023-05-04T08:17:38.020+0000] {processor.py:799} INFO - Processing file /home/airflow/.local/lib/python3.7/site-packages/airflow/example_dags/example_task_group.py for tasks to queue
[2023-05-04T08:17:38.021+0000] {logging_mixin.py:149} INFO - [2023-05-04T08:17:38.020+0000] {dagbag.py:541} INFO - Filling up the DagBag from /home/airflow/.local/lib/python3.7/site-packages/airflow/example_dags/example_task_group.py
[2023-05-04T08:17:38.029+0000] {processor.py:809} INFO - DAG(s) dict_keys(['example_task_group']) retrieved from /home/airflow/.local/lib/python3.7/site-packages/airflow/example_dags/example_task_group.py
[2023-05-04T08:17:38.059+0000] {logging_mixin.py:149} INFO - [2023-05-04T08:17:38.059+0000] {dag.py:2726} INFO - Sync 1 DAGs
[2023-05-04T08:17:38.088+0000] {logging_mixin.py:149} INFO - [2023-05-04T08:17:38.088+0000] {dag.py:3490} INFO - Setting next_dagrun for example_task_group to 2023-05-03T08:17:38.087998+00:00, run_after=2023-05-04T08:17:38.087998+00:00
[2023-05-04T08:17:38.110+0000] {processor.py:178} INFO - Processing /home/airflow/.local/lib/python3.7/site-packages/airflow/example_dags/example_task_group.py took 0.096 seconds
[2023-05-04T08:18:08.611+0000] {processor.py:156} INFO - Started process (PID=5782) to work on /home/airflow/.local/lib/python3.7/site-packages/airflow/example_dags/example_task_group.py
[2023-05-04T08:18:08.612+0000] {processor.py:799} INFO - Processing file /home/airflow/.local/lib/python3.7/site-packages/airflow/example_dags/example_task_group.py for tasks to queue
[2023-05-04T08:18:08.613+0000] {logging_mixin.py:149} INFO - [2023-05-04T08:18:08.613+0000] {dagbag.py:541} INFO - Filling up the DagBag from /home/airflow/.local/lib/python3.7/site-packages/airflow/example_dags/example_task_group.py
[2023-05-04T08:18:08.625+0000] {processor.py:809} INFO - DAG(s) dict_keys(['example_task_group']) retrieved from /home/airflow/.local/lib/python3.7/site-packages/airflow/example_dags/example_task_group.py
[2023-05-04T08:18:08.658+0000] {logging_mixin.py:149} INFO - [2023-05-04T08:18:08.658+0000] {dag.py:2726} INFO - Sync 1 DAGs
[2023-05-04T08:18:08.690+0000] {logging_mixin.py:149} INFO - [2023-05-04T08:18:08.690+0000] {dag.py:3490} INFO - Setting next_dagrun for example_task_group to 2023-05-03T08:18:08.690056+00:00, run_after=2023-05-04T08:18:08.690056+00:00
[2023-05-04T08:18:08.715+0000] {processor.py:178} INFO - Processing /home/airflow/.local/lib/python3.7/site-packages/airflow/example_dags/example_task_group.py took 0.108 seconds
[2023-05-04T08:18:38.799+0000] {processor.py:156} INFO - Started process (PID=6036) to work on /home/airflow/.local/lib/python3.7/site-packages/airflow/example_dags/example_task_group.py
[2023-05-04T08:18:38.801+0000] {processor.py:799} INFO - Processing file /home/airflow/.local/lib/python3.7/site-packages/airflow/example_dags/example_task_group.py for tasks to queue
[2023-05-04T08:18:38.802+0000] {logging_mixin.py:149} INFO - [2023-05-04T08:18:38.802+0000] {dagbag.py:541} INFO - Filling up the DagBag from /home/airflow/.local/lib/python3.7/site-packages/airflow/example_dags/example_task_group.py
[2023-05-04T08:18:38.811+0000] {processor.py:809} INFO - DAG(s) dict_keys(['example_task_group']) retrieved from /home/airflow/.local/lib/python3.7/site-packages/airflow/example_dags/example_task_group.py
[2023-05-04T08:18:38.840+0000] {logging_mixin.py:149} INFO - [2023-05-04T08:18:38.840+0000] {dag.py:2726} INFO - Sync 1 DAGs
[2023-05-04T08:18:38.980+0000] {logging_mixin.py:149} INFO - [2023-05-04T08:18:38.980+0000] {dag.py:3490} INFO - Setting next_dagrun for example_task_group to 2023-05-03T08:18:38.979843+00:00, run_after=2023-05-04T08:18:38.979843+00:00
[2023-05-04T08:18:39.006+0000] {processor.py:178} INFO - Processing /home/airflow/.local/lib/python3.7/site-packages/airflow/example_dags/example_task_group.py took 0.211 seconds
[2023-05-04T08:19:09.280+0000] {processor.py:156} INFO - Started process (PID=6287) to work on /home/airflow/.local/lib/python3.7/site-packages/airflow/example_dags/example_task_group.py
[2023-05-04T08:19:09.281+0000] {processor.py:799} INFO - Processing file /home/airflow/.local/lib/python3.7/site-packages/airflow/example_dags/example_task_group.py for tasks to queue
[2023-05-04T08:19:09.283+0000] {logging_mixin.py:149} INFO - [2023-05-04T08:19:09.283+0000] {dagbag.py:541} INFO - Filling up the DagBag from /home/airflow/.local/lib/python3.7/site-packages/airflow/example_dags/example_task_group.py
[2023-05-04T08:19:09.295+0000] {processor.py:809} INFO - DAG(s) dict_keys(['example_task_group']) retrieved from /home/airflow/.local/lib/python3.7/site-packages/airflow/example_dags/example_task_group.py
[2023-05-04T08:19:09.335+0000] {logging_mixin.py:149} INFO - [2023-05-04T08:19:09.335+0000] {dag.py:2726} INFO - Sync 1 DAGs
[2023-05-04T08:19:09.373+0000] {logging_mixin.py:149} INFO - [2023-05-04T08:19:09.373+0000] {dag.py:3490} INFO - Setting next_dagrun for example_task_group to 2023-05-03T08:19:09.373085+00:00, run_after=2023-05-04T08:19:09.373085+00:00
[2023-05-04T08:19:09.520+0000] {processor.py:178} INFO - Processing /home/airflow/.local/lib/python3.7/site-packages/airflow/example_dags/example_task_group.py took 0.244 seconds
[2023-05-04T08:19:40.246+0000] {processor.py:156} INFO - Started process (PID=6539) to work on /home/airflow/.local/lib/python3.7/site-packages/airflow/example_dags/example_task_group.py
[2023-05-04T08:19:40.248+0000] {processor.py:799} INFO - Processing file /home/airflow/.local/lib/python3.7/site-packages/airflow/example_dags/example_task_group.py for tasks to queue
[2023-05-04T08:19:40.249+0000] {logging_mixin.py:149} INFO - [2023-05-04T08:19:40.248+0000] {dagbag.py:541} INFO - Filling up the DagBag from /home/airflow/.local/lib/python3.7/site-packages/airflow/example_dags/example_task_group.py
[2023-05-04T08:19:40.259+0000] {processor.py:809} INFO - DAG(s) dict_keys(['example_task_group']) retrieved from /home/airflow/.local/lib/python3.7/site-packages/airflow/example_dags/example_task_group.py
[2023-05-04T08:19:40.290+0000] {logging_mixin.py:149} INFO - [2023-05-04T08:19:40.290+0000] {dag.py:2726} INFO - Sync 1 DAGs
[2023-05-04T08:19:40.322+0000] {logging_mixin.py:149} INFO - [2023-05-04T08:19:40.321+0000] {dag.py:3490} INFO - Setting next_dagrun for example_task_group to 2023-05-03T08:19:40.321550+00:00, run_after=2023-05-04T08:19:40.321550+00:00
[2023-05-04T08:19:40.462+0000] {processor.py:178} INFO - Processing /home/airflow/.local/lib/python3.7/site-packages/airflow/example_dags/example_task_group.py took 0.220 seconds
[2023-05-04T08:20:10.521+0000] {processor.py:156} INFO - Started process (PID=6780) to work on /home/airflow/.local/lib/python3.7/site-packages/airflow/example_dags/example_task_group.py
[2023-05-04T08:20:10.523+0000] {processor.py:799} INFO - Processing file /home/airflow/.local/lib/python3.7/site-packages/airflow/example_dags/example_task_group.py for tasks to queue
[2023-05-04T08:20:10.524+0000] {logging_mixin.py:149} INFO - [2023-05-04T08:20:10.524+0000] {dagbag.py:541} INFO - Filling up the DagBag from /home/airflow/.local/lib/python3.7/site-packages/airflow/example_dags/example_task_group.py
[2023-05-04T08:20:10.533+0000] {processor.py:809} INFO - DAG(s) dict_keys(['example_task_group']) retrieved from /home/airflow/.local/lib/python3.7/site-packages/airflow/example_dags/example_task_group.py
[2023-05-04T08:20:10.588+0000] {logging_mixin.py:149} INFO - [2023-05-04T08:20:10.587+0000] {dag.py:2726} INFO - Sync 1 DAGs
[2023-05-04T08:20:10.631+0000] {logging_mixin.py:149} INFO - [2023-05-04T08:20:10.630+0000] {dag.py:3490} INFO - Setting next_dagrun for example_task_group to 2023-05-03T08:20:10.630637+00:00, run_after=2023-05-04T08:20:10.630637+00:00
[2023-05-04T08:20:10.663+0000] {processor.py:178} INFO - Processing /home/airflow/.local/lib/python3.7/site-packages/airflow/example_dags/example_task_group.py took 0.146 seconds
[2023-05-04T08:20:40.967+0000] {processor.py:156} INFO - Started process (PID=7034) to work on /home/airflow/.local/lib/python3.7/site-packages/airflow/example_dags/example_task_group.py
[2023-05-04T08:20:40.968+0000] {processor.py:799} INFO - Processing file /home/airflow/.local/lib/python3.7/site-packages/airflow/example_dags/example_task_group.py for tasks to queue
[2023-05-04T08:20:40.970+0000] {logging_mixin.py:149} INFO - [2023-05-04T08:20:40.969+0000] {dagbag.py:541} INFO - Filling up the DagBag from /home/airflow/.local/lib/python3.7/site-packages/airflow/example_dags/example_task_group.py
[2023-05-04T08:20:40.983+0000] {processor.py:809} INFO - DAG(s) dict_keys(['example_task_group']) retrieved from /home/airflow/.local/lib/python3.7/site-packages/airflow/example_dags/example_task_group.py
[2023-05-04T08:20:41.230+0000] {logging_mixin.py:149} INFO - [2023-05-04T08:20:41.230+0000] {dag.py:2726} INFO - Sync 1 DAGs
[2023-05-04T08:20:41.274+0000] {logging_mixin.py:149} INFO - [2023-05-04T08:20:41.274+0000] {dag.py:3490} INFO - Setting next_dagrun for example_task_group to 2023-05-03T08:20:41.274321+00:00, run_after=2023-05-04T08:20:41.274321+00:00
[2023-05-04T08:20:41.303+0000] {processor.py:178} INFO - Processing /home/airflow/.local/lib/python3.7/site-packages/airflow/example_dags/example_task_group.py took 0.343 seconds
[2023-05-04T08:21:11.438+0000] {processor.py:156} INFO - Started process (PID=7287) to work on /home/airflow/.local/lib/python3.7/site-packages/airflow/example_dags/example_task_group.py
[2023-05-04T08:21:11.450+0000] {processor.py:799} INFO - Processing file /home/airflow/.local/lib/python3.7/site-packages/airflow/example_dags/example_task_group.py for tasks to queue
[2023-05-04T08:21:11.452+0000] {logging_mixin.py:149} INFO - [2023-05-04T08:21:11.452+0000] {dagbag.py:541} INFO - Filling up the DagBag from /home/airflow/.local/lib/python3.7/site-packages/airflow/example_dags/example_task_group.py
[2023-05-04T08:21:11.499+0000] {processor.py:809} INFO - DAG(s) dict_keys(['example_task_group']) retrieved from /home/airflow/.local/lib/python3.7/site-packages/airflow/example_dags/example_task_group.py
[2023-05-04T08:21:11.679+0000] {logging_mixin.py:149} INFO - [2023-05-04T08:21:11.678+0000] {dag.py:2726} INFO - Sync 1 DAGs
[2023-05-04T08:21:11.804+0000] {logging_mixin.py:149} INFO - [2023-05-04T08:21:11.803+0000] {dag.py:3490} INFO - Setting next_dagrun for example_task_group to 2023-05-03T08:21:11.802639+00:00, run_after=2023-05-04T08:21:11.802639+00:00
[2023-05-04T08:21:11.890+0000] {processor.py:178} INFO - Processing /home/airflow/.local/lib/python3.7/site-packages/airflow/example_dags/example_task_group.py took 0.462 seconds
[2023-05-04T08:21:42.205+0000] {processor.py:156} INFO - Started process (PID=7540) to work on /home/airflow/.local/lib/python3.7/site-packages/airflow/example_dags/example_task_group.py
[2023-05-04T08:21:42.206+0000] {processor.py:799} INFO - Processing file /home/airflow/.local/lib/python3.7/site-packages/airflow/example_dags/example_task_group.py for tasks to queue
[2023-05-04T08:21:42.207+0000] {logging_mixin.py:149} INFO - [2023-05-04T08:21:42.206+0000] {dagbag.py:541} INFO - Filling up the DagBag from /home/airflow/.local/lib/python3.7/site-packages/airflow/example_dags/example_task_group.py
[2023-05-04T08:21:42.216+0000] {processor.py:809} INFO - DAG(s) dict_keys(['example_task_group']) retrieved from /home/airflow/.local/lib/python3.7/site-packages/airflow/example_dags/example_task_group.py
[2023-05-04T08:21:42.247+0000] {logging_mixin.py:149} INFO - [2023-05-04T08:21:42.247+0000] {dag.py:2726} INFO - Sync 1 DAGs
[2023-05-04T08:21:42.277+0000] {logging_mixin.py:149} INFO - [2023-05-04T08:21:42.277+0000] {dag.py:3490} INFO - Setting next_dagrun for example_task_group to 2023-05-03T08:21:42.277343+00:00, run_after=2023-05-04T08:21:42.277343+00:00
[2023-05-04T08:21:42.302+0000] {processor.py:178} INFO - Processing /home/airflow/.local/lib/python3.7/site-packages/airflow/example_dags/example_task_group.py took 0.102 seconds
[2023-05-04T08:22:12.469+0000] {processor.py:156} INFO - Started process (PID=7794) to work on /home/airflow/.local/lib/python3.7/site-packages/airflow/example_dags/example_task_group.py
[2023-05-04T08:22:12.470+0000] {processor.py:799} INFO - Processing file /home/airflow/.local/lib/python3.7/site-packages/airflow/example_dags/example_task_group.py for tasks to queue
[2023-05-04T08:22:12.471+0000] {logging_mixin.py:149} INFO - [2023-05-04T08:22:12.471+0000] {dagbag.py:541} INFO - Filling up the DagBag from /home/airflow/.local/lib/python3.7/site-packages/airflow/example_dags/example_task_group.py
[2023-05-04T08:22:12.480+0000] {processor.py:809} INFO - DAG(s) dict_keys(['example_task_group']) retrieved from /home/airflow/.local/lib/python3.7/site-packages/airflow/example_dags/example_task_group.py
[2023-05-04T08:22:12.512+0000] {logging_mixin.py:149} INFO - [2023-05-04T08:22:12.511+0000] {dag.py:2726} INFO - Sync 1 DAGs
[2023-05-04T08:22:12.542+0000] {logging_mixin.py:149} INFO - [2023-05-04T08:22:12.541+0000] {dag.py:3490} INFO - Setting next_dagrun for example_task_group to 2023-05-03T08:22:12.541561+00:00, run_after=2023-05-04T08:22:12.541561+00:00
[2023-05-04T08:22:12.564+0000] {processor.py:178} INFO - Processing /home/airflow/.local/lib/python3.7/site-packages/airflow/example_dags/example_task_group.py took 0.099 seconds
[2023-05-04T08:22:42.658+0000] {processor.py:156} INFO - Started process (PID=8048) to work on /home/airflow/.local/lib/python3.7/site-packages/airflow/example_dags/example_task_group.py
[2023-05-04T08:22:42.660+0000] {processor.py:799} INFO - Processing file /home/airflow/.local/lib/python3.7/site-packages/airflow/example_dags/example_task_group.py for tasks to queue
[2023-05-04T08:22:42.661+0000] {logging_mixin.py:149} INFO - [2023-05-04T08:22:42.661+0000] {dagbag.py:541} INFO - Filling up the DagBag from /home/airflow/.local/lib/python3.7/site-packages/airflow/example_dags/example_task_group.py
[2023-05-04T08:22:42.670+0000] {processor.py:809} INFO - DAG(s) dict_keys(['example_task_group']) retrieved from /home/airflow/.local/lib/python3.7/site-packages/airflow/example_dags/example_task_group.py
[2023-05-04T08:22:42.701+0000] {logging_mixin.py:149} INFO - [2023-05-04T08:22:42.701+0000] {dag.py:2726} INFO - Sync 1 DAGs
[2023-05-04T08:22:42.729+0000] {logging_mixin.py:149} INFO - [2023-05-04T08:22:42.729+0000] {dag.py:3490} INFO - Setting next_dagrun for example_task_group to 2023-05-03T08:22:42.729140+00:00, run_after=2023-05-04T08:22:42.729140+00:00
[2023-05-04T08:22:42.754+0000] {processor.py:178} INFO - Processing /home/airflow/.local/lib/python3.7/site-packages/airflow/example_dags/example_task_group.py took 0.099 seconds
[2023-05-04T08:23:12.899+0000] {processor.py:156} INFO - Started process (PID=8302) to work on /home/airflow/.local/lib/python3.7/site-packages/airflow/example_dags/example_task_group.py
[2023-05-04T08:23:12.900+0000] {processor.py:799} INFO - Processing file /home/airflow/.local/lib/python3.7/site-packages/airflow/example_dags/example_task_group.py for tasks to queue
[2023-05-04T08:23:12.902+0000] {logging_mixin.py:149} INFO - [2023-05-04T08:23:12.901+0000] {dagbag.py:541} INFO - Filling up the DagBag from /home/airflow/.local/lib/python3.7/site-packages/airflow/example_dags/example_task_group.py
[2023-05-04T08:23:12.911+0000] {processor.py:809} INFO - DAG(s) dict_keys(['example_task_group']) retrieved from /home/airflow/.local/lib/python3.7/site-packages/airflow/example_dags/example_task_group.py
[2023-05-04T08:23:12.943+0000] {logging_mixin.py:149} INFO - [2023-05-04T08:23:12.943+0000] {dag.py:2726} INFO - Sync 1 DAGs
[2023-05-04T08:23:12.972+0000] {logging_mixin.py:149} INFO - [2023-05-04T08:23:12.972+0000] {dag.py:3490} INFO - Setting next_dagrun for example_task_group to 2023-05-03T08:23:12.971891+00:00, run_after=2023-05-04T08:23:12.971891+00:00
[2023-05-04T08:23:12.997+0000] {processor.py:178} INFO - Processing /home/airflow/.local/lib/python3.7/site-packages/airflow/example_dags/example_task_group.py took 0.102 seconds
[2023-05-04T08:23:43.251+0000] {processor.py:156} INFO - Started process (PID=8556) to work on /home/airflow/.local/lib/python3.7/site-packages/airflow/example_dags/example_task_group.py
[2023-05-04T08:23:43.252+0000] {processor.py:799} INFO - Processing file /home/airflow/.local/lib/python3.7/site-packages/airflow/example_dags/example_task_group.py for tasks to queue
[2023-05-04T08:23:43.253+0000] {logging_mixin.py:149} INFO - [2023-05-04T08:23:43.253+0000] {dagbag.py:541} INFO - Filling up the DagBag from /home/airflow/.local/lib/python3.7/site-packages/airflow/example_dags/example_task_group.py
[2023-05-04T08:23:43.262+0000] {processor.py:809} INFO - DAG(s) dict_keys(['example_task_group']) retrieved from /home/airflow/.local/lib/python3.7/site-packages/airflow/example_dags/example_task_group.py
[2023-05-04T08:23:43.295+0000] {logging_mixin.py:149} INFO - [2023-05-04T08:23:43.295+0000] {dag.py:2726} INFO - Sync 1 DAGs
[2023-05-04T08:23:43.327+0000] {logging_mixin.py:149} INFO - [2023-05-04T08:23:43.327+0000] {dag.py:3490} INFO - Setting next_dagrun for example_task_group to 2023-05-03T08:23:43.327357+00:00, run_after=2023-05-04T08:23:43.327357+00:00
[2023-05-04T08:23:43.356+0000] {processor.py:178} INFO - Processing /home/airflow/.local/lib/python3.7/site-packages/airflow/example_dags/example_task_group.py took 0.110 seconds
[2023-05-04T08:24:14.047+0000] {processor.py:156} INFO - Started process (PID=8809) to work on /home/airflow/.local/lib/python3.7/site-packages/airflow/example_dags/example_task_group.py
[2023-05-04T08:24:14.048+0000] {processor.py:799} INFO - Processing file /home/airflow/.local/lib/python3.7/site-packages/airflow/example_dags/example_task_group.py for tasks to queue
[2023-05-04T08:24:14.050+0000] {logging_mixin.py:149} INFO - [2023-05-04T08:24:14.050+0000] {dagbag.py:541} INFO - Filling up the DagBag from /home/airflow/.local/lib/python3.7/site-packages/airflow/example_dags/example_task_group.py
[2023-05-04T08:24:14.085+0000] {processor.py:809} INFO - DAG(s) dict_keys(['example_task_group']) retrieved from /home/airflow/.local/lib/python3.7/site-packages/airflow/example_dags/example_task_group.py
[2023-05-04T08:24:14.153+0000] {logging_mixin.py:149} INFO - [2023-05-04T08:24:14.153+0000] {dag.py:2726} INFO - Sync 1 DAGs
[2023-05-04T08:24:14.218+0000] {logging_mixin.py:149} INFO - [2023-05-04T08:24:14.218+0000] {dag.py:3490} INFO - Setting next_dagrun for example_task_group to 2023-05-03T08:24:14.217705+00:00, run_after=2023-05-04T08:24:14.217705+00:00
[2023-05-04T08:24:14.246+0000] {processor.py:178} INFO - Processing /home/airflow/.local/lib/python3.7/site-packages/airflow/example_dags/example_task_group.py took 0.209 seconds
[2023-05-04T08:24:44.400+0000] {processor.py:156} INFO - Started process (PID=9063) to work on /home/airflow/.local/lib/python3.7/site-packages/airflow/example_dags/example_task_group.py
[2023-05-04T08:24:44.401+0000] {processor.py:799} INFO - Processing file /home/airflow/.local/lib/python3.7/site-packages/airflow/example_dags/example_task_group.py for tasks to queue
[2023-05-04T08:24:44.402+0000] {logging_mixin.py:149} INFO - [2023-05-04T08:24:44.402+0000] {dagbag.py:541} INFO - Filling up the DagBag from /home/airflow/.local/lib/python3.7/site-packages/airflow/example_dags/example_task_group.py
[2023-05-04T08:24:44.411+0000] {processor.py:809} INFO - DAG(s) dict_keys(['example_task_group']) retrieved from /home/airflow/.local/lib/python3.7/site-packages/airflow/example_dags/example_task_group.py
[2023-05-04T08:24:44.443+0000] {logging_mixin.py:149} INFO - [2023-05-04T08:24:44.443+0000] {dag.py:2726} INFO - Sync 1 DAGs
[2023-05-04T08:24:44.473+0000] {logging_mixin.py:149} INFO - [2023-05-04T08:24:44.473+0000] {dag.py:3490} INFO - Setting next_dagrun for example_task_group to 2023-05-03T08:24:44.473164+00:00, run_after=2023-05-04T08:24:44.473164+00:00
[2023-05-04T08:24:44.498+0000] {processor.py:178} INFO - Processing /home/airflow/.local/lib/python3.7/site-packages/airflow/example_dags/example_task_group.py took 0.102 seconds
[2023-05-04T08:25:14.619+0000] {processor.py:156} INFO - Started process (PID=9317) to work on /home/airflow/.local/lib/python3.7/site-packages/airflow/example_dags/example_task_group.py
[2023-05-04T08:25:14.621+0000] {processor.py:799} INFO - Processing file /home/airflow/.local/lib/python3.7/site-packages/airflow/example_dags/example_task_group.py for tasks to queue
[2023-05-04T08:25:14.622+0000] {logging_mixin.py:149} INFO - [2023-05-04T08:25:14.622+0000] {dagbag.py:541} INFO - Filling up the DagBag from /home/airflow/.local/lib/python3.7/site-packages/airflow/example_dags/example_task_group.py
[2023-05-04T08:25:14.638+0000] {processor.py:809} INFO - DAG(s) dict_keys(['example_task_group']) retrieved from /home/airflow/.local/lib/python3.7/site-packages/airflow/example_dags/example_task_group.py
[2023-05-04T08:25:14.686+0000] {logging_mixin.py:149} INFO - [2023-05-04T08:25:14.686+0000] {dag.py:2726} INFO - Sync 1 DAGs
[2023-05-04T08:25:14.730+0000] {logging_mixin.py:149} INFO - [2023-05-04T08:25:14.730+0000] {dag.py:3490} INFO - Setting next_dagrun for example_task_group to 2023-05-03T08:25:14.730097+00:00, run_after=2023-05-04T08:25:14.730097+00:00
[2023-05-04T08:25:14.764+0000] {processor.py:178} INFO - Processing /home/airflow/.local/lib/python3.7/site-packages/airflow/example_dags/example_task_group.py took 0.153 seconds
