[2023-05-04T08:16:51.668+0000] {processor.py:156} INFO - Started process (PID=5152) to work on /home/airflow/.local/lib/python3.7/site-packages/airflow/example_dags/example_latest_only.py
[2023-05-04T08:16:51.670+0000] {processor.py:799} INFO - Processing file /home/airflow/.local/lib/python3.7/site-packages/airflow/example_dags/example_latest_only.py for tasks to queue
[2023-05-04T08:16:51.671+0000] {logging_mixin.py:149} INFO - [2023-05-04T08:16:51.671+0000] {dagbag.py:541} INFO - Filling up the DagBag from /home/airflow/.local/lib/python3.7/site-packages/airflow/example_dags/example_latest_only.py
[2023-05-04T08:16:51.678+0000] {processor.py:809} INFO - DAG(s) dict_keys(['latest_only']) retrieved from /home/airflow/.local/lib/python3.7/site-packages/airflow/example_dags/example_latest_only.py
[2023-05-04T08:16:51.712+0000] {logging_mixin.py:149} INFO - [2023-05-04T08:16:51.712+0000] {dag.py:2726} INFO - Sync 1 DAGs
[2023-05-04T08:16:51.747+0000] {logging_mixin.py:149} INFO - [2023-05-04T08:16:51.747+0000] {dag.py:3490} INFO - Setting next_dagrun for latest_only to 2023-05-04T04:16:51.746752+00:00, run_after=2023-05-04T08:16:51.746752+00:00
[2023-05-04T08:16:51.772+0000] {processor.py:178} INFO - Processing /home/airflow/.local/lib/python3.7/site-packages/airflow/example_dags/example_latest_only.py took 0.108 seconds
[2023-05-04T08:17:22.487+0000] {processor.py:156} INFO - Started process (PID=5396) to work on /home/airflow/.local/lib/python3.7/site-packages/airflow/example_dags/example_latest_only.py
[2023-05-04T08:17:22.488+0000] {processor.py:799} INFO - Processing file /home/airflow/.local/lib/python3.7/site-packages/airflow/example_dags/example_latest_only.py for tasks to queue
[2023-05-04T08:17:22.490+0000] {logging_mixin.py:149} INFO - [2023-05-04T08:17:22.489+0000] {dagbag.py:541} INFO - Filling up the DagBag from /home/airflow/.local/lib/python3.7/site-packages/airflow/example_dags/example_latest_only.py
[2023-05-04T08:17:22.504+0000] {processor.py:809} INFO - DAG(s) dict_keys(['latest_only']) retrieved from /home/airflow/.local/lib/python3.7/site-packages/airflow/example_dags/example_latest_only.py
[2023-05-04T08:17:22.558+0000] {logging_mixin.py:149} INFO - [2023-05-04T08:17:22.558+0000] {dag.py:2726} INFO - Sync 1 DAGs
[2023-05-04T08:17:22.620+0000] {logging_mixin.py:149} INFO - [2023-05-04T08:17:22.620+0000] {dag.py:3490} INFO - Setting next_dagrun for latest_only to 2023-05-04T04:17:22.619948+00:00, run_after=2023-05-04T08:17:22.619948+00:00
[2023-05-04T08:17:22.668+0000] {processor.py:178} INFO - Processing /home/airflow/.local/lib/python3.7/site-packages/airflow/example_dags/example_latest_only.py took 0.190 seconds
[2023-05-04T08:17:53.496+0000] {processor.py:156} INFO - Started process (PID=5651) to work on /home/airflow/.local/lib/python3.7/site-packages/airflow/example_dags/example_latest_only.py
[2023-05-04T08:17:53.498+0000] {processor.py:799} INFO - Processing file /home/airflow/.local/lib/python3.7/site-packages/airflow/example_dags/example_latest_only.py for tasks to queue
[2023-05-04T08:17:53.499+0000] {logging_mixin.py:149} INFO - [2023-05-04T08:17:53.499+0000] {dagbag.py:541} INFO - Filling up the DagBag from /home/airflow/.local/lib/python3.7/site-packages/airflow/example_dags/example_latest_only.py
[2023-05-04T08:17:53.508+0000] {processor.py:809} INFO - DAG(s) dict_keys(['latest_only']) retrieved from /home/airflow/.local/lib/python3.7/site-packages/airflow/example_dags/example_latest_only.py
[2023-05-04T08:17:53.583+0000] {logging_mixin.py:149} INFO - [2023-05-04T08:17:53.583+0000] {dag.py:2726} INFO - Sync 1 DAGs
[2023-05-04T08:17:53.750+0000] {logging_mixin.py:149} INFO - [2023-05-04T08:17:53.750+0000] {dag.py:3490} INFO - Setting next_dagrun for latest_only to 2023-05-04T04:17:53.750386+00:00, run_after=2023-05-04T08:17:53.750386+00:00
[2023-05-04T08:17:53.775+0000] {processor.py:178} INFO - Processing /home/airflow/.local/lib/python3.7/site-packages/airflow/example_dags/example_latest_only.py took 0.283 seconds
[2023-05-04T08:18:24.596+0000] {processor.py:156} INFO - Started process (PID=5905) to work on /home/airflow/.local/lib/python3.7/site-packages/airflow/example_dags/example_latest_only.py
[2023-05-04T08:18:24.597+0000] {processor.py:799} INFO - Processing file /home/airflow/.local/lib/python3.7/site-packages/airflow/example_dags/example_latest_only.py for tasks to queue
[2023-05-04T08:18:24.598+0000] {logging_mixin.py:149} INFO - [2023-05-04T08:18:24.598+0000] {dagbag.py:541} INFO - Filling up the DagBag from /home/airflow/.local/lib/python3.7/site-packages/airflow/example_dags/example_latest_only.py
[2023-05-04T08:18:24.604+0000] {processor.py:809} INFO - DAG(s) dict_keys(['latest_only']) retrieved from /home/airflow/.local/lib/python3.7/site-packages/airflow/example_dags/example_latest_only.py
[2023-05-04T08:18:24.634+0000] {logging_mixin.py:149} INFO - [2023-05-04T08:18:24.634+0000] {dag.py:2726} INFO - Sync 1 DAGs
[2023-05-04T08:18:24.664+0000] {logging_mixin.py:149} INFO - [2023-05-04T08:18:24.664+0000] {dag.py:3490} INFO - Setting next_dagrun for latest_only to 2023-05-04T04:18:24.664341+00:00, run_after=2023-05-04T08:18:24.664341+00:00
[2023-05-04T08:18:24.690+0000] {processor.py:178} INFO - Processing /home/airflow/.local/lib/python3.7/site-packages/airflow/example_dags/example_latest_only.py took 0.098 seconds
[2023-05-04T08:18:54.882+0000] {processor.py:156} INFO - Started process (PID=6159) to work on /home/airflow/.local/lib/python3.7/site-packages/airflow/example_dags/example_latest_only.py
[2023-05-04T08:18:54.883+0000] {processor.py:799} INFO - Processing file /home/airflow/.local/lib/python3.7/site-packages/airflow/example_dags/example_latest_only.py for tasks to queue
[2023-05-04T08:18:54.885+0000] {logging_mixin.py:149} INFO - [2023-05-04T08:18:54.884+0000] {dagbag.py:541} INFO - Filling up the DagBag from /home/airflow/.local/lib/python3.7/site-packages/airflow/example_dags/example_latest_only.py
[2023-05-04T08:18:54.892+0000] {processor.py:809} INFO - DAG(s) dict_keys(['latest_only']) retrieved from /home/airflow/.local/lib/python3.7/site-packages/airflow/example_dags/example_latest_only.py
[2023-05-04T08:18:54.927+0000] {logging_mixin.py:149} INFO - [2023-05-04T08:18:54.927+0000] {dag.py:2726} INFO - Sync 1 DAGs
[2023-05-04T08:18:54.962+0000] {logging_mixin.py:149} INFO - [2023-05-04T08:18:54.962+0000] {dag.py:3490} INFO - Setting next_dagrun for latest_only to 2023-05-04T04:18:54.961709+00:00, run_after=2023-05-04T08:18:54.961709+00:00
[2023-05-04T08:18:54.988+0000] {processor.py:178} INFO - Processing /home/airflow/.local/lib/python3.7/site-packages/airflow/example_dags/example_latest_only.py took 0.110 seconds
[2023-05-04T08:19:25.578+0000] {processor.py:156} INFO - Started process (PID=6412) to work on /home/airflow/.local/lib/python3.7/site-packages/airflow/example_dags/example_latest_only.py
[2023-05-04T08:19:25.580+0000] {processor.py:799} INFO - Processing file /home/airflow/.local/lib/python3.7/site-packages/airflow/example_dags/example_latest_only.py for tasks to queue
[2023-05-04T08:19:25.581+0000] {logging_mixin.py:149} INFO - [2023-05-04T08:19:25.581+0000] {dagbag.py:541} INFO - Filling up the DagBag from /home/airflow/.local/lib/python3.7/site-packages/airflow/example_dags/example_latest_only.py
[2023-05-04T08:19:25.587+0000] {processor.py:809} INFO - DAG(s) dict_keys(['latest_only']) retrieved from /home/airflow/.local/lib/python3.7/site-packages/airflow/example_dags/example_latest_only.py
[2023-05-04T08:19:25.757+0000] {logging_mixin.py:149} INFO - [2023-05-04T08:19:25.757+0000] {dag.py:2726} INFO - Sync 1 DAGs
[2023-05-04T08:19:25.800+0000] {logging_mixin.py:149} INFO - [2023-05-04T08:19:25.799+0000] {dag.py:3490} INFO - Setting next_dagrun for latest_only to 2023-05-04T04:19:25.799539+00:00, run_after=2023-05-04T08:19:25.799539+00:00
[2023-05-04T08:19:25.829+0000] {processor.py:178} INFO - Processing /home/airflow/.local/lib/python3.7/site-packages/airflow/example_dags/example_latest_only.py took 0.255 seconds
[2023-05-04T08:19:56.132+0000] {processor.py:156} INFO - Started process (PID=6670) to work on /home/airflow/.local/lib/python3.7/site-packages/airflow/example_dags/example_latest_only.py
[2023-05-04T08:19:56.134+0000] {processor.py:799} INFO - Processing file /home/airflow/.local/lib/python3.7/site-packages/airflow/example_dags/example_latest_only.py for tasks to queue
[2023-05-04T08:19:56.137+0000] {logging_mixin.py:149} INFO - [2023-05-04T08:19:56.137+0000] {dagbag.py:541} INFO - Filling up the DagBag from /home/airflow/.local/lib/python3.7/site-packages/airflow/example_dags/example_latest_only.py
[2023-05-04T08:19:56.147+0000] {processor.py:809} INFO - DAG(s) dict_keys(['latest_only']) retrieved from /home/airflow/.local/lib/python3.7/site-packages/airflow/example_dags/example_latest_only.py
[2023-05-04T08:19:56.317+0000] {logging_mixin.py:149} INFO - [2023-05-04T08:19:56.316+0000] {dag.py:2726} INFO - Sync 1 DAGs
[2023-05-04T08:19:56.351+0000] {logging_mixin.py:149} INFO - [2023-05-04T08:19:56.351+0000] {dag.py:3490} INFO - Setting next_dagrun for latest_only to 2023-05-04T04:19:56.351506+00:00, run_after=2023-05-04T08:19:56.351506+00:00
[2023-05-04T08:19:56.380+0000] {processor.py:178} INFO - Processing /home/airflow/.local/lib/python3.7/site-packages/airflow/example_dags/example_latest_only.py took 0.254 seconds
[2023-05-04T08:20:26.458+0000] {processor.py:156} INFO - Started process (PID=6918) to work on /home/airflow/.local/lib/python3.7/site-packages/airflow/example_dags/example_latest_only.py
[2023-05-04T08:20:26.459+0000] {processor.py:799} INFO - Processing file /home/airflow/.local/lib/python3.7/site-packages/airflow/example_dags/example_latest_only.py for tasks to queue
[2023-05-04T08:20:26.460+0000] {logging_mixin.py:149} INFO - [2023-05-04T08:20:26.460+0000] {dagbag.py:541} INFO - Filling up the DagBag from /home/airflow/.local/lib/python3.7/site-packages/airflow/example_dags/example_latest_only.py
[2023-05-04T08:20:26.467+0000] {processor.py:809} INFO - DAG(s) dict_keys(['latest_only']) retrieved from /home/airflow/.local/lib/python3.7/site-packages/airflow/example_dags/example_latest_only.py
[2023-05-04T08:20:26.505+0000] {logging_mixin.py:149} INFO - [2023-05-04T08:20:26.504+0000] {dag.py:2726} INFO - Sync 1 DAGs
[2023-05-04T08:20:26.681+0000] {logging_mixin.py:149} INFO - [2023-05-04T08:20:26.680+0000] {dag.py:3490} INFO - Setting next_dagrun for latest_only to 2023-05-04T04:20:26.680410+00:00, run_after=2023-05-04T08:20:26.680410+00:00
[2023-05-04T08:20:26.710+0000] {processor.py:178} INFO - Processing /home/airflow/.local/lib/python3.7/site-packages/airflow/example_dags/example_latest_only.py took 0.256 seconds
[2023-05-04T08:20:56.809+0000] {processor.py:156} INFO - Started process (PID=7172) to work on /home/airflow/.local/lib/python3.7/site-packages/airflow/example_dags/example_latest_only.py
[2023-05-04T08:20:56.811+0000] {processor.py:799} INFO - Processing file /home/airflow/.local/lib/python3.7/site-packages/airflow/example_dags/example_latest_only.py for tasks to queue
[2023-05-04T08:20:56.812+0000] {logging_mixin.py:149} INFO - [2023-05-04T08:20:56.812+0000] {dagbag.py:541} INFO - Filling up the DagBag from /home/airflow/.local/lib/python3.7/site-packages/airflow/example_dags/example_latest_only.py
[2023-05-04T08:20:56.819+0000] {processor.py:809} INFO - DAG(s) dict_keys(['latest_only']) retrieved from /home/airflow/.local/lib/python3.7/site-packages/airflow/example_dags/example_latest_only.py
[2023-05-04T08:20:56.858+0000] {logging_mixin.py:149} INFO - [2023-05-04T08:20:56.857+0000] {dag.py:2726} INFO - Sync 1 DAGs
[2023-05-04T08:20:56.894+0000] {logging_mixin.py:149} INFO - [2023-05-04T08:20:56.894+0000] {dag.py:3490} INFO - Setting next_dagrun for latest_only to 2023-05-04T04:20:56.894105+00:00, run_after=2023-05-04T08:20:56.894105+00:00
[2023-05-04T08:20:56.920+0000] {processor.py:178} INFO - Processing /home/airflow/.local/lib/python3.7/site-packages/airflow/example_dags/example_latest_only.py took 0.115 seconds
[2023-05-04T08:21:27.681+0000] {processor.py:156} INFO - Started process (PID=7425) to work on /home/airflow/.local/lib/python3.7/site-packages/airflow/example_dags/example_latest_only.py
[2023-05-04T08:21:27.682+0000] {processor.py:799} INFO - Processing file /home/airflow/.local/lib/python3.7/site-packages/airflow/example_dags/example_latest_only.py for tasks to queue
[2023-05-04T08:21:27.685+0000] {logging_mixin.py:149} INFO - [2023-05-04T08:21:27.684+0000] {dagbag.py:541} INFO - Filling up the DagBag from /home/airflow/.local/lib/python3.7/site-packages/airflow/example_dags/example_latest_only.py
[2023-05-04T08:21:27.692+0000] {processor.py:809} INFO - DAG(s) dict_keys(['latest_only']) retrieved from /home/airflow/.local/lib/python3.7/site-packages/airflow/example_dags/example_latest_only.py
[2023-05-04T08:21:27.726+0000] {logging_mixin.py:149} INFO - [2023-05-04T08:21:27.726+0000] {dag.py:2726} INFO - Sync 1 DAGs
[2023-05-04T08:21:27.762+0000] {logging_mixin.py:149} INFO - [2023-05-04T08:21:27.762+0000] {dag.py:3490} INFO - Setting next_dagrun for latest_only to 2023-05-04T04:21:27.761963+00:00, run_after=2023-05-04T08:21:27.761963+00:00
[2023-05-04T08:21:27.796+0000] {processor.py:178} INFO - Processing /home/airflow/.local/lib/python3.7/site-packages/airflow/example_dags/example_latest_only.py took 0.119 seconds
[2023-05-04T08:21:57.875+0000] {processor.py:156} INFO - Started process (PID=7678) to work on /home/airflow/.local/lib/python3.7/site-packages/airflow/example_dags/example_latest_only.py
[2023-05-04T08:21:57.876+0000] {processor.py:799} INFO - Processing file /home/airflow/.local/lib/python3.7/site-packages/airflow/example_dags/example_latest_only.py for tasks to queue
[2023-05-04T08:21:57.877+0000] {logging_mixin.py:149} INFO - [2023-05-04T08:21:57.877+0000] {dagbag.py:541} INFO - Filling up the DagBag from /home/airflow/.local/lib/python3.7/site-packages/airflow/example_dags/example_latest_only.py
[2023-05-04T08:21:57.883+0000] {processor.py:809} INFO - DAG(s) dict_keys(['latest_only']) retrieved from /home/airflow/.local/lib/python3.7/site-packages/airflow/example_dags/example_latest_only.py
[2023-05-04T08:21:57.911+0000] {logging_mixin.py:149} INFO - [2023-05-04T08:21:57.911+0000] {dag.py:2726} INFO - Sync 1 DAGs
[2023-05-04T08:21:57.939+0000] {logging_mixin.py:149} INFO - [2023-05-04T08:21:57.939+0000] {dag.py:3490} INFO - Setting next_dagrun for latest_only to 2023-05-04T04:21:57.938778+00:00, run_after=2023-05-04T08:21:57.938778+00:00
[2023-05-04T08:21:57.964+0000] {processor.py:178} INFO - Processing /home/airflow/.local/lib/python3.7/site-packages/airflow/example_dags/example_latest_only.py took 0.094 seconds
[2023-05-04T08:22:28.089+0000] {processor.py:156} INFO - Started process (PID=7932) to work on /home/airflow/.local/lib/python3.7/site-packages/airflow/example_dags/example_latest_only.py
[2023-05-04T08:22:28.090+0000] {processor.py:799} INFO - Processing file /home/airflow/.local/lib/python3.7/site-packages/airflow/example_dags/example_latest_only.py for tasks to queue
[2023-05-04T08:22:28.091+0000] {logging_mixin.py:149} INFO - [2023-05-04T08:22:28.091+0000] {dagbag.py:541} INFO - Filling up the DagBag from /home/airflow/.local/lib/python3.7/site-packages/airflow/example_dags/example_latest_only.py
[2023-05-04T08:22:28.097+0000] {processor.py:809} INFO - DAG(s) dict_keys(['latest_only']) retrieved from /home/airflow/.local/lib/python3.7/site-packages/airflow/example_dags/example_latest_only.py
[2023-05-04T08:22:28.126+0000] {logging_mixin.py:149} INFO - [2023-05-04T08:22:28.126+0000] {dag.py:2726} INFO - Sync 1 DAGs
[2023-05-04T08:22:28.154+0000] {logging_mixin.py:149} INFO - [2023-05-04T08:22:28.154+0000] {dag.py:3490} INFO - Setting next_dagrun for latest_only to 2023-05-04T04:22:28.154186+00:00, run_after=2023-05-04T08:22:28.154186+00:00
[2023-05-04T08:22:28.177+0000] {processor.py:178} INFO - Processing /home/airflow/.local/lib/python3.7/site-packages/airflow/example_dags/example_latest_only.py took 0.092 seconds
[2023-05-04T08:22:59.774+0000] {processor.py:156} INFO - Started process (PID=8184) to work on /home/airflow/.local/lib/python3.7/site-packages/airflow/example_dags/example_latest_only.py
[2023-05-04T08:22:59.776+0000] {processor.py:799} INFO - Processing file /home/airflow/.local/lib/python3.7/site-packages/airflow/example_dags/example_latest_only.py for tasks to queue
[2023-05-04T08:22:59.778+0000] {logging_mixin.py:149} INFO - [2023-05-04T08:22:59.777+0000] {dagbag.py:541} INFO - Filling up the DagBag from /home/airflow/.local/lib/python3.7/site-packages/airflow/example_dags/example_latest_only.py
[2023-05-04T08:22:59.786+0000] {processor.py:809} INFO - DAG(s) dict_keys(['latest_only']) retrieved from /home/airflow/.local/lib/python3.7/site-packages/airflow/example_dags/example_latest_only.py
[2023-05-04T08:22:59.825+0000] {logging_mixin.py:149} INFO - [2023-05-04T08:22:59.825+0000] {dag.py:2726} INFO - Sync 1 DAGs
[2023-05-04T08:22:59.870+0000] {logging_mixin.py:149} INFO - [2023-05-04T08:22:59.870+0000] {dag.py:3490} INFO - Setting next_dagrun for latest_only to 2023-05-04T04:22:59.869724+00:00, run_after=2023-05-04T08:22:59.869724+00:00
[2023-05-04T08:22:59.903+0000] {processor.py:178} INFO - Processing /home/airflow/.local/lib/python3.7/site-packages/airflow/example_dags/example_latest_only.py took 0.134 seconds
[2023-05-04T08:23:30.227+0000] {processor.py:156} INFO - Started process (PID=8417) to work on /home/airflow/.local/lib/python3.7/site-packages/airflow/example_dags/example_latest_only.py
[2023-05-04T08:23:30.229+0000] {processor.py:799} INFO - Processing file /home/airflow/.local/lib/python3.7/site-packages/airflow/example_dags/example_latest_only.py for tasks to queue
[2023-05-04T08:23:30.230+0000] {logging_mixin.py:149} INFO - [2023-05-04T08:23:30.230+0000] {dagbag.py:541} INFO - Filling up the DagBag from /home/airflow/.local/lib/python3.7/site-packages/airflow/example_dags/example_latest_only.py
[2023-05-04T08:23:30.240+0000] {processor.py:809} INFO - DAG(s) dict_keys(['latest_only']) retrieved from /home/airflow/.local/lib/python3.7/site-packages/airflow/example_dags/example_latest_only.py
[2023-05-04T08:23:30.300+0000] {logging_mixin.py:149} INFO - [2023-05-04T08:23:30.300+0000] {dag.py:2726} INFO - Sync 1 DAGs
[2023-05-04T08:23:30.406+0000] {logging_mixin.py:149} INFO - [2023-05-04T08:23:30.406+0000] {dag.py:3490} INFO - Setting next_dagrun for latest_only to 2023-05-04T04:23:30.406246+00:00, run_after=2023-05-04T08:23:30.406246+00:00
[2023-05-04T08:23:30.445+0000] {processor.py:178} INFO - Processing /home/airflow/.local/lib/python3.7/site-packages/airflow/example_dags/example_latest_only.py took 0.225 seconds
