[2023-05-04T08:16:55.258+0000] {processor.py:156} INFO - Started process (PID=5210) to work on /home/airflow/.local/lib/python3.7/site-packages/airflow/example_dags/example_time_delta_sensor_async.py
[2023-05-04T08:16:55.260+0000] {processor.py:799} INFO - Processing file /home/airflow/.local/lib/python3.7/site-packages/airflow/example_dags/example_time_delta_sensor_async.py for tasks to queue
[2023-05-04T08:16:55.262+0000] {logging_mixin.py:149} INFO - [2023-05-04T08:16:55.261+0000] {dagbag.py:541} INFO - Filling up the DagBag from /home/airflow/.local/lib/python3.7/site-packages/airflow/example_dags/example_time_delta_sensor_async.py
[2023-05-04T08:16:55.269+0000] {processor.py:809} INFO - DAG(s) dict_keys(['example_time_delta_sensor_async']) retrieved from /home/airflow/.local/lib/python3.7/site-packages/airflow/example_dags/example_time_delta_sensor_async.py
[2023-05-04T08:16:55.314+0000] {logging_mixin.py:149} INFO - [2023-05-04T08:16:55.314+0000] {dag.py:2726} INFO - Sync 1 DAGs
[2023-05-04T08:16:55.358+0000] {logging_mixin.py:149} INFO - [2023-05-04T08:16:55.358+0000] {dag.py:3490} INFO - Setting next_dagrun for example_time_delta_sensor_async to None, run_after=None
[2023-05-04T08:16:55.392+0000] {processor.py:178} INFO - Processing /home/airflow/.local/lib/python3.7/site-packages/airflow/example_dags/example_time_delta_sensor_async.py took 0.139 seconds
[2023-05-04T08:17:26.088+0000] {processor.py:156} INFO - Started process (PID=5453) to work on /home/airflow/.local/lib/python3.7/site-packages/airflow/example_dags/example_time_delta_sensor_async.py
[2023-05-04T08:17:26.090+0000] {processor.py:799} INFO - Processing file /home/airflow/.local/lib/python3.7/site-packages/airflow/example_dags/example_time_delta_sensor_async.py for tasks to queue
[2023-05-04T08:17:26.094+0000] {logging_mixin.py:149} INFO - [2023-05-04T08:17:26.093+0000] {dagbag.py:541} INFO - Filling up the DagBag from /home/airflow/.local/lib/python3.7/site-packages/airflow/example_dags/example_time_delta_sensor_async.py
[2023-05-04T08:17:26.106+0000] {processor.py:809} INFO - DAG(s) dict_keys(['example_time_delta_sensor_async']) retrieved from /home/airflow/.local/lib/python3.7/site-packages/airflow/example_dags/example_time_delta_sensor_async.py
[2023-05-04T08:17:26.182+0000] {logging_mixin.py:149} INFO - [2023-05-04T08:17:26.181+0000] {dag.py:2726} INFO - Sync 1 DAGs
[2023-05-04T08:17:26.263+0000] {logging_mixin.py:149} INFO - [2023-05-04T08:17:26.262+0000] {dag.py:3490} INFO - Setting next_dagrun for example_time_delta_sensor_async to None, run_after=None
[2023-05-04T08:17:26.400+0000] {processor.py:178} INFO - Processing /home/airflow/.local/lib/python3.7/site-packages/airflow/example_dags/example_time_delta_sensor_async.py took 0.321 seconds
[2023-05-04T08:17:56.518+0000] {processor.py:156} INFO - Started process (PID=5704) to work on /home/airflow/.local/lib/python3.7/site-packages/airflow/example_dags/example_time_delta_sensor_async.py
[2023-05-04T08:17:56.520+0000] {processor.py:799} INFO - Processing file /home/airflow/.local/lib/python3.7/site-packages/airflow/example_dags/example_time_delta_sensor_async.py for tasks to queue
[2023-05-04T08:17:56.521+0000] {logging_mixin.py:149} INFO - [2023-05-04T08:17:56.521+0000] {dagbag.py:541} INFO - Filling up the DagBag from /home/airflow/.local/lib/python3.7/site-packages/airflow/example_dags/example_time_delta_sensor_async.py
[2023-05-04T08:17:56.528+0000] {processor.py:809} INFO - DAG(s) dict_keys(['example_time_delta_sensor_async']) retrieved from /home/airflow/.local/lib/python3.7/site-packages/airflow/example_dags/example_time_delta_sensor_async.py
[2023-05-04T08:17:56.581+0000] {logging_mixin.py:149} INFO - [2023-05-04T08:17:56.580+0000] {dag.py:2726} INFO - Sync 1 DAGs
[2023-05-04T08:17:56.824+0000] {logging_mixin.py:149} INFO - [2023-05-04T08:17:56.824+0000] {dag.py:3490} INFO - Setting next_dagrun for example_time_delta_sensor_async to None, run_after=None
[2023-05-04T08:17:56.855+0000] {processor.py:178} INFO - Processing /home/airflow/.local/lib/python3.7/site-packages/airflow/example_dags/example_time_delta_sensor_async.py took 0.342 seconds
[2023-05-04T08:18:27.218+0000] {processor.py:156} INFO - Started process (PID=5960) to work on /home/airflow/.local/lib/python3.7/site-packages/airflow/example_dags/example_time_delta_sensor_async.py
[2023-05-04T08:18:27.219+0000] {processor.py:799} INFO - Processing file /home/airflow/.local/lib/python3.7/site-packages/airflow/example_dags/example_time_delta_sensor_async.py for tasks to queue
[2023-05-04T08:18:27.220+0000] {logging_mixin.py:149} INFO - [2023-05-04T08:18:27.220+0000] {dagbag.py:541} INFO - Filling up the DagBag from /home/airflow/.local/lib/python3.7/site-packages/airflow/example_dags/example_time_delta_sensor_async.py
[2023-05-04T08:18:27.225+0000] {processor.py:809} INFO - DAG(s) dict_keys(['example_time_delta_sensor_async']) retrieved from /home/airflow/.local/lib/python3.7/site-packages/airflow/example_dags/example_time_delta_sensor_async.py
[2023-05-04T08:18:27.252+0000] {logging_mixin.py:149} INFO - [2023-05-04T08:18:27.252+0000] {dag.py:2726} INFO - Sync 1 DAGs
[2023-05-04T08:18:27.281+0000] {logging_mixin.py:149} INFO - [2023-05-04T08:18:27.281+0000] {dag.py:3490} INFO - Setting next_dagrun for example_time_delta_sensor_async to None, run_after=None
[2023-05-04T08:18:27.409+0000] {processor.py:178} INFO - Processing /home/airflow/.local/lib/python3.7/site-packages/airflow/example_dags/example_time_delta_sensor_async.py took 0.194 seconds
[2023-05-04T08:18:57.743+0000] {processor.py:156} INFO - Started process (PID=6209) to work on /home/airflow/.local/lib/python3.7/site-packages/airflow/example_dags/example_time_delta_sensor_async.py
[2023-05-04T08:18:57.744+0000] {processor.py:799} INFO - Processing file /home/airflow/.local/lib/python3.7/site-packages/airflow/example_dags/example_time_delta_sensor_async.py for tasks to queue
[2023-05-04T08:18:57.745+0000] {logging_mixin.py:149} INFO - [2023-05-04T08:18:57.745+0000] {dagbag.py:541} INFO - Filling up the DagBag from /home/airflow/.local/lib/python3.7/site-packages/airflow/example_dags/example_time_delta_sensor_async.py
[2023-05-04T08:18:57.749+0000] {processor.py:809} INFO - DAG(s) dict_keys(['example_time_delta_sensor_async']) retrieved from /home/airflow/.local/lib/python3.7/site-packages/airflow/example_dags/example_time_delta_sensor_async.py
[2023-05-04T08:18:57.779+0000] {logging_mixin.py:149} INFO - [2023-05-04T08:18:57.779+0000] {dag.py:2726} INFO - Sync 1 DAGs
[2023-05-04T08:18:57.809+0000] {logging_mixin.py:149} INFO - [2023-05-04T08:18:57.809+0000] {dag.py:3490} INFO - Setting next_dagrun for example_time_delta_sensor_async to None, run_after=None
[2023-05-04T08:18:57.834+0000] {processor.py:178} INFO - Processing /home/airflow/.local/lib/python3.7/site-packages/airflow/example_dags/example_time_delta_sensor_async.py took 0.095 seconds
[2023-05-04T08:19:28.282+0000] {processor.py:156} INFO - Started process (PID=6462) to work on /home/airflow/.local/lib/python3.7/site-packages/airflow/example_dags/example_time_delta_sensor_async.py
[2023-05-04T08:19:28.283+0000] {processor.py:799} INFO - Processing file /home/airflow/.local/lib/python3.7/site-packages/airflow/example_dags/example_time_delta_sensor_async.py for tasks to queue
[2023-05-04T08:19:28.284+0000] {logging_mixin.py:149} INFO - [2023-05-04T08:19:28.284+0000] {dagbag.py:541} INFO - Filling up the DagBag from /home/airflow/.local/lib/python3.7/site-packages/airflow/example_dags/example_time_delta_sensor_async.py
[2023-05-04T08:19:28.289+0000] {processor.py:809} INFO - DAG(s) dict_keys(['example_time_delta_sensor_async']) retrieved from /home/airflow/.local/lib/python3.7/site-packages/airflow/example_dags/example_time_delta_sensor_async.py
[2023-05-04T08:19:28.321+0000] {logging_mixin.py:149} INFO - [2023-05-04T08:19:28.321+0000] {dag.py:2726} INFO - Sync 1 DAGs
[2023-05-04T08:19:28.353+0000] {logging_mixin.py:149} INFO - [2023-05-04T08:19:28.353+0000] {dag.py:3490} INFO - Setting next_dagrun for example_time_delta_sensor_async to None, run_after=None
[2023-05-04T08:19:28.374+0000] {processor.py:178} INFO - Processing /home/airflow/.local/lib/python3.7/site-packages/airflow/example_dags/example_time_delta_sensor_async.py took 0.096 seconds
[2023-05-04T08:19:59.425+0000] {processor.py:156} INFO - Started process (PID=6713) to work on /home/airflow/.local/lib/python3.7/site-packages/airflow/example_dags/example_time_delta_sensor_async.py
[2023-05-04T08:19:59.426+0000] {processor.py:799} INFO - Processing file /home/airflow/.local/lib/python3.7/site-packages/airflow/example_dags/example_time_delta_sensor_async.py for tasks to queue
[2023-05-04T08:19:59.427+0000] {logging_mixin.py:149} INFO - [2023-05-04T08:19:59.427+0000] {dagbag.py:541} INFO - Filling up the DagBag from /home/airflow/.local/lib/python3.7/site-packages/airflow/example_dags/example_time_delta_sensor_async.py
[2023-05-04T08:19:59.433+0000] {processor.py:809} INFO - DAG(s) dict_keys(['example_time_delta_sensor_async']) retrieved from /home/airflow/.local/lib/python3.7/site-packages/airflow/example_dags/example_time_delta_sensor_async.py
[2023-05-04T08:19:59.590+0000] {logging_mixin.py:149} INFO - [2023-05-04T08:19:59.589+0000] {dag.py:2726} INFO - Sync 1 DAGs
[2023-05-04T08:19:59.617+0000] {logging_mixin.py:149} INFO - [2023-05-04T08:19:59.616+0000] {dag.py:3490} INFO - Setting next_dagrun for example_time_delta_sensor_async to None, run_after=None
[2023-05-04T08:19:59.641+0000] {processor.py:178} INFO - Processing /home/airflow/.local/lib/python3.7/site-packages/airflow/example_dags/example_time_delta_sensor_async.py took 0.220 seconds
[2023-05-04T08:20:29.945+0000] {processor.py:156} INFO - Started process (PID=6968) to work on /home/airflow/.local/lib/python3.7/site-packages/airflow/example_dags/example_time_delta_sensor_async.py
[2023-05-04T08:20:29.947+0000] {processor.py:799} INFO - Processing file /home/airflow/.local/lib/python3.7/site-packages/airflow/example_dags/example_time_delta_sensor_async.py for tasks to queue
[2023-05-04T08:20:29.948+0000] {logging_mixin.py:149} INFO - [2023-05-04T08:20:29.948+0000] {dagbag.py:541} INFO - Filling up the DagBag from /home/airflow/.local/lib/python3.7/site-packages/airflow/example_dags/example_time_delta_sensor_async.py
[2023-05-04T08:20:29.955+0000] {processor.py:809} INFO - DAG(s) dict_keys(['example_time_delta_sensor_async']) retrieved from /home/airflow/.local/lib/python3.7/site-packages/airflow/example_dags/example_time_delta_sensor_async.py
[2023-05-04T08:20:29.983+0000] {logging_mixin.py:149} INFO - [2023-05-04T08:20:29.983+0000] {dag.py:2726} INFO - Sync 1 DAGs
[2023-05-04T08:20:30.120+0000] {logging_mixin.py:149} INFO - [2023-05-04T08:20:30.120+0000] {dag.py:3490} INFO - Setting next_dagrun for example_time_delta_sensor_async to None, run_after=None
[2023-05-04T08:20:30.145+0000] {processor.py:178} INFO - Processing /home/airflow/.local/lib/python3.7/site-packages/airflow/example_dags/example_time_delta_sensor_async.py took 0.204 seconds
[2023-05-04T08:21:00.630+0000] {processor.py:156} INFO - Started process (PID=7222) to work on /home/airflow/.local/lib/python3.7/site-packages/airflow/example_dags/example_time_delta_sensor_async.py
[2023-05-04T08:21:00.632+0000] {processor.py:799} INFO - Processing file /home/airflow/.local/lib/python3.7/site-packages/airflow/example_dags/example_time_delta_sensor_async.py for tasks to queue
[2023-05-04T08:21:00.633+0000] {logging_mixin.py:149} INFO - [2023-05-04T08:21:00.633+0000] {dagbag.py:541} INFO - Filling up the DagBag from /home/airflow/.local/lib/python3.7/site-packages/airflow/example_dags/example_time_delta_sensor_async.py
[2023-05-04T08:21:00.639+0000] {processor.py:809} INFO - DAG(s) dict_keys(['example_time_delta_sensor_async']) retrieved from /home/airflow/.local/lib/python3.7/site-packages/airflow/example_dags/example_time_delta_sensor_async.py
[2023-05-04T08:21:00.680+0000] {logging_mixin.py:149} INFO - [2023-05-04T08:21:00.679+0000] {dag.py:2726} INFO - Sync 1 DAGs
[2023-05-04T08:21:00.724+0000] {logging_mixin.py:149} INFO - [2023-05-04T08:21:00.724+0000] {dag.py:3490} INFO - Setting next_dagrun for example_time_delta_sensor_async to None, run_after=None
[2023-05-04T08:21:00.762+0000] {processor.py:178} INFO - Processing /home/airflow/.local/lib/python3.7/site-packages/airflow/example_dags/example_time_delta_sensor_async.py took 0.138 seconds
[2023-05-04T08:21:31.503+0000] {processor.py:156} INFO - Started process (PID=7475) to work on /home/airflow/.local/lib/python3.7/site-packages/airflow/example_dags/example_time_delta_sensor_async.py
[2023-05-04T08:21:31.505+0000] {processor.py:799} INFO - Processing file /home/airflow/.local/lib/python3.7/site-packages/airflow/example_dags/example_time_delta_sensor_async.py for tasks to queue
[2023-05-04T08:21:31.506+0000] {logging_mixin.py:149} INFO - [2023-05-04T08:21:31.506+0000] {dagbag.py:541} INFO - Filling up the DagBag from /home/airflow/.local/lib/python3.7/site-packages/airflow/example_dags/example_time_delta_sensor_async.py
[2023-05-04T08:21:31.512+0000] {processor.py:809} INFO - DAG(s) dict_keys(['example_time_delta_sensor_async']) retrieved from /home/airflow/.local/lib/python3.7/site-packages/airflow/example_dags/example_time_delta_sensor_async.py
[2023-05-04T08:21:31.546+0000] {logging_mixin.py:149} INFO - [2023-05-04T08:21:31.546+0000] {dag.py:2726} INFO - Sync 1 DAGs
[2023-05-04T08:21:31.585+0000] {logging_mixin.py:149} INFO - [2023-05-04T08:21:31.584+0000] {dag.py:3490} INFO - Setting next_dagrun for example_time_delta_sensor_async to None, run_after=None
[2023-05-04T08:21:31.615+0000] {processor.py:178} INFO - Processing /home/airflow/.local/lib/python3.7/site-packages/airflow/example_dags/example_time_delta_sensor_async.py took 0.117 seconds
[2023-05-04T08:22:02.617+0000] {processor.py:156} INFO - Started process (PID=7728) to work on /home/airflow/.local/lib/python3.7/site-packages/airflow/example_dags/example_time_delta_sensor_async.py
[2023-05-04T08:22:02.618+0000] {processor.py:799} INFO - Processing file /home/airflow/.local/lib/python3.7/site-packages/airflow/example_dags/example_time_delta_sensor_async.py for tasks to queue
[2023-05-04T08:22:02.619+0000] {logging_mixin.py:149} INFO - [2023-05-04T08:22:02.619+0000] {dagbag.py:541} INFO - Filling up the DagBag from /home/airflow/.local/lib/python3.7/site-packages/airflow/example_dags/example_time_delta_sensor_async.py
[2023-05-04T08:22:02.624+0000] {processor.py:809} INFO - DAG(s) dict_keys(['example_time_delta_sensor_async']) retrieved from /home/airflow/.local/lib/python3.7/site-packages/airflow/example_dags/example_time_delta_sensor_async.py
[2023-05-04T08:22:02.653+0000] {logging_mixin.py:149} INFO - [2023-05-04T08:22:02.653+0000] {dag.py:2726} INFO - Sync 1 DAGs
[2023-05-04T08:22:02.681+0000] {logging_mixin.py:149} INFO - [2023-05-04T08:22:02.680+0000] {dag.py:3490} INFO - Setting next_dagrun for example_time_delta_sensor_async to None, run_after=None
[2023-05-04T08:22:02.706+0000] {processor.py:178} INFO - Processing /home/airflow/.local/lib/python3.7/site-packages/airflow/example_dags/example_time_delta_sensor_async.py took 0.092 seconds
[2023-05-04T08:22:32.771+0000] {processor.py:156} INFO - Started process (PID=7982) to work on /home/airflow/.local/lib/python3.7/site-packages/airflow/example_dags/example_time_delta_sensor_async.py
[2023-05-04T08:22:32.772+0000] {processor.py:799} INFO - Processing file /home/airflow/.local/lib/python3.7/site-packages/airflow/example_dags/example_time_delta_sensor_async.py for tasks to queue
[2023-05-04T08:22:32.773+0000] {logging_mixin.py:149} INFO - [2023-05-04T08:22:32.773+0000] {dagbag.py:541} INFO - Filling up the DagBag from /home/airflow/.local/lib/python3.7/site-packages/airflow/example_dags/example_time_delta_sensor_async.py
[2023-05-04T08:22:32.778+0000] {processor.py:809} INFO - DAG(s) dict_keys(['example_time_delta_sensor_async']) retrieved from /home/airflow/.local/lib/python3.7/site-packages/airflow/example_dags/example_time_delta_sensor_async.py
[2023-05-04T08:22:32.808+0000] {logging_mixin.py:149} INFO - [2023-05-04T08:22:32.808+0000] {dag.py:2726} INFO - Sync 1 DAGs
[2023-05-04T08:22:32.840+0000] {logging_mixin.py:149} INFO - [2023-05-04T08:22:32.840+0000] {dag.py:3490} INFO - Setting next_dagrun for example_time_delta_sensor_async to None, run_after=None
[2023-05-04T08:22:32.865+0000] {processor.py:178} INFO - Processing /home/airflow/.local/lib/python3.7/site-packages/airflow/example_dags/example_time_delta_sensor_async.py took 0.099 seconds
[2023-05-04T08:23:03.652+0000] {processor.py:156} INFO - Started process (PID=8236) to work on /home/airflow/.local/lib/python3.7/site-packages/airflow/example_dags/example_time_delta_sensor_async.py
[2023-05-04T08:23:03.653+0000] {processor.py:799} INFO - Processing file /home/airflow/.local/lib/python3.7/site-packages/airflow/example_dags/example_time_delta_sensor_async.py for tasks to queue
[2023-05-04T08:23:03.654+0000] {logging_mixin.py:149} INFO - [2023-05-04T08:23:03.654+0000] {dagbag.py:541} INFO - Filling up the DagBag from /home/airflow/.local/lib/python3.7/site-packages/airflow/example_dags/example_time_delta_sensor_async.py
[2023-05-04T08:23:03.660+0000] {processor.py:809} INFO - DAG(s) dict_keys(['example_time_delta_sensor_async']) retrieved from /home/airflow/.local/lib/python3.7/site-packages/airflow/example_dags/example_time_delta_sensor_async.py
[2023-05-04T08:23:03.690+0000] {logging_mixin.py:149} INFO - [2023-05-04T08:23:03.689+0000] {dag.py:2726} INFO - Sync 1 DAGs
[2023-05-04T08:23:03.720+0000] {logging_mixin.py:149} INFO - [2023-05-04T08:23:03.720+0000] {dag.py:3490} INFO - Setting next_dagrun for example_time_delta_sensor_async to None, run_after=None
[2023-05-04T08:23:03.747+0000] {processor.py:178} INFO - Processing /home/airflow/.local/lib/python3.7/site-packages/airflow/example_dags/example_time_delta_sensor_async.py took 0.099 seconds
[2023-05-04T08:23:33.905+0000] {processor.py:156} INFO - Started process (PID=8490) to work on /home/airflow/.local/lib/python3.7/site-packages/airflow/example_dags/example_time_delta_sensor_async.py
[2023-05-04T08:23:33.907+0000] {processor.py:799} INFO - Processing file /home/airflow/.local/lib/python3.7/site-packages/airflow/example_dags/example_time_delta_sensor_async.py for tasks to queue
[2023-05-04T08:23:33.908+0000] {logging_mixin.py:149} INFO - [2023-05-04T08:23:33.908+0000] {dagbag.py:541} INFO - Filling up the DagBag from /home/airflow/.local/lib/python3.7/site-packages/airflow/example_dags/example_time_delta_sensor_async.py
[2023-05-04T08:23:33.914+0000] {processor.py:809} INFO - DAG(s) dict_keys(['example_time_delta_sensor_async']) retrieved from /home/airflow/.local/lib/python3.7/site-packages/airflow/example_dags/example_time_delta_sensor_async.py
[2023-05-04T08:23:33.948+0000] {logging_mixin.py:149} INFO - [2023-05-04T08:23:33.948+0000] {dag.py:2726} INFO - Sync 1 DAGs
[2023-05-04T08:23:34.001+0000] {logging_mixin.py:149} INFO - [2023-05-04T08:23:34.001+0000] {dag.py:3490} INFO - Setting next_dagrun for example_time_delta_sensor_async to None, run_after=None
[2023-05-04T08:23:34.040+0000] {processor.py:178} INFO - Processing /home/airflow/.local/lib/python3.7/site-packages/airflow/example_dags/example_time_delta_sensor_async.py took 0.139 seconds
[2023-05-04T08:24:04.759+0000] {processor.py:156} INFO - Started process (PID=8742) to work on /home/airflow/.local/lib/python3.7/site-packages/airflow/example_dags/example_time_delta_sensor_async.py
[2023-05-04T08:24:04.761+0000] {processor.py:799} INFO - Processing file /home/airflow/.local/lib/python3.7/site-packages/airflow/example_dags/example_time_delta_sensor_async.py for tasks to queue
[2023-05-04T08:24:04.763+0000] {logging_mixin.py:149} INFO - [2023-05-04T08:24:04.762+0000] {dagbag.py:541} INFO - Filling up the DagBag from /home/airflow/.local/lib/python3.7/site-packages/airflow/example_dags/example_time_delta_sensor_async.py
[2023-05-04T08:24:04.770+0000] {processor.py:809} INFO - DAG(s) dict_keys(['example_time_delta_sensor_async']) retrieved from /home/airflow/.local/lib/python3.7/site-packages/airflow/example_dags/example_time_delta_sensor_async.py
[2023-05-04T08:24:04.810+0000] {logging_mixin.py:149} INFO - [2023-05-04T08:24:04.810+0000] {dag.py:2726} INFO - Sync 1 DAGs
[2023-05-04T08:24:04.851+0000] {logging_mixin.py:149} INFO - [2023-05-04T08:24:04.851+0000] {dag.py:3490} INFO - Setting next_dagrun for example_time_delta_sensor_async to None, run_after=None
[2023-05-04T08:24:04.888+0000] {processor.py:178} INFO - Processing /home/airflow/.local/lib/python3.7/site-packages/airflow/example_dags/example_time_delta_sensor_async.py took 0.136 seconds
[2023-05-04T08:24:35.010+0000] {processor.py:156} INFO - Started process (PID=8982) to work on /home/airflow/.local/lib/python3.7/site-packages/airflow/example_dags/example_time_delta_sensor_async.py
[2023-05-04T08:24:35.012+0000] {processor.py:799} INFO - Processing file /home/airflow/.local/lib/python3.7/site-packages/airflow/example_dags/example_time_delta_sensor_async.py for tasks to queue
[2023-05-04T08:24:35.013+0000] {logging_mixin.py:149} INFO - [2023-05-04T08:24:35.013+0000] {dagbag.py:541} INFO - Filling up the DagBag from /home/airflow/.local/lib/python3.7/site-packages/airflow/example_dags/example_time_delta_sensor_async.py
[2023-05-04T08:24:35.022+0000] {processor.py:809} INFO - DAG(s) dict_keys(['example_time_delta_sensor_async']) retrieved from /home/airflow/.local/lib/python3.7/site-packages/airflow/example_dags/example_time_delta_sensor_async.py
[2023-05-04T08:24:35.074+0000] {logging_mixin.py:149} INFO - [2023-05-04T08:24:35.074+0000] {dag.py:2726} INFO - Sync 1 DAGs
[2023-05-04T08:24:35.147+0000] {logging_mixin.py:149} INFO - [2023-05-04T08:24:35.146+0000] {dag.py:3490} INFO - Setting next_dagrun for example_time_delta_sensor_async to None, run_after=None
[2023-05-04T08:24:35.197+0000] {processor.py:178} INFO - Processing /home/airflow/.local/lib/python3.7/site-packages/airflow/example_dags/example_time_delta_sensor_async.py took 0.192 seconds
[2023-05-04T08:25:06.472+0000] {processor.py:156} INFO - Started process (PID=9236) to work on /home/airflow/.local/lib/python3.7/site-packages/airflow/example_dags/example_time_delta_sensor_async.py
[2023-05-04T08:25:06.473+0000] {processor.py:799} INFO - Processing file /home/airflow/.local/lib/python3.7/site-packages/airflow/example_dags/example_time_delta_sensor_async.py for tasks to queue
[2023-05-04T08:25:06.475+0000] {logging_mixin.py:149} INFO - [2023-05-04T08:25:06.475+0000] {dagbag.py:541} INFO - Filling up the DagBag from /home/airflow/.local/lib/python3.7/site-packages/airflow/example_dags/example_time_delta_sensor_async.py
[2023-05-04T08:25:06.485+0000] {processor.py:809} INFO - DAG(s) dict_keys(['example_time_delta_sensor_async']) retrieved from /home/airflow/.local/lib/python3.7/site-packages/airflow/example_dags/example_time_delta_sensor_async.py
[2023-05-04T08:25:06.545+0000] {logging_mixin.py:149} INFO - [2023-05-04T08:25:06.544+0000] {dag.py:2726} INFO - Sync 1 DAGs
[2023-05-04T08:25:06.625+0000] {logging_mixin.py:149} INFO - [2023-05-04T08:25:06.624+0000] {dag.py:3490} INFO - Setting next_dagrun for example_time_delta_sensor_async to None, run_after=None
[2023-05-04T08:25:06.674+0000] {processor.py:178} INFO - Processing /home/airflow/.local/lib/python3.7/site-packages/airflow/example_dags/example_time_delta_sensor_async.py took 0.213 seconds
[2023-05-04T08:25:36.879+0000] {processor.py:156} INFO - Started process (PID=9495) to work on /home/airflow/.local/lib/python3.7/site-packages/airflow/example_dags/example_time_delta_sensor_async.py
[2023-05-04T08:25:36.880+0000] {processor.py:799} INFO - Processing file /home/airflow/.local/lib/python3.7/site-packages/airflow/example_dags/example_time_delta_sensor_async.py for tasks to queue
[2023-05-04T08:25:36.881+0000] {logging_mixin.py:149} INFO - [2023-05-04T08:25:36.881+0000] {dagbag.py:541} INFO - Filling up the DagBag from /home/airflow/.local/lib/python3.7/site-packages/airflow/example_dags/example_time_delta_sensor_async.py
[2023-05-04T08:25:36.886+0000] {processor.py:809} INFO - DAG(s) dict_keys(['example_time_delta_sensor_async']) retrieved from /home/airflow/.local/lib/python3.7/site-packages/airflow/example_dags/example_time_delta_sensor_async.py
[2023-05-04T08:25:36.919+0000] {logging_mixin.py:149} INFO - [2023-05-04T08:25:36.919+0000] {dag.py:2726} INFO - Sync 1 DAGs
[2023-05-04T08:25:36.953+0000] {logging_mixin.py:149} INFO - [2023-05-04T08:25:36.953+0000] {dag.py:3490} INFO - Setting next_dagrun for example_time_delta_sensor_async to None, run_after=None
[2023-05-04T08:25:36.980+0000] {processor.py:178} INFO - Processing /home/airflow/.local/lib/python3.7/site-packages/airflow/example_dags/example_time_delta_sensor_async.py took 0.106 seconds
