[2023-05-04T08:16:51.285+0000] {processor.py:156} INFO - Started process (PID=5127) to work on /home/airflow/.local/lib/python3.7/site-packages/airflow/example_dags/example_complex.py
[2023-05-04T08:16:51.286+0000] {processor.py:799} INFO - Processing file /home/airflow/.local/lib/python3.7/site-packages/airflow/example_dags/example_complex.py for tasks to queue
[2023-05-04T08:16:51.287+0000] {logging_mixin.py:149} INFO - [2023-05-04T08:16:51.287+0000] {dagbag.py:541} INFO - Filling up the DagBag from /home/airflow/.local/lib/python3.7/site-packages/airflow/example_dags/example_complex.py
[2023-05-04T08:16:51.301+0000] {logging_mixin.py:149} INFO - [2023-05-04T08:16:51.301+0000] {taskmixin.py:211} WARNING - Dependency <Task(BashOperator): create_entry_group>, delete_entry_group already registered for DAG: example_complex
[2023-05-04T08:16:51.302+0000] {logging_mixin.py:149} INFO - [2023-05-04T08:16:51.302+0000] {taskmixin.py:211} WARNING - Dependency <Task(BashOperator): delete_entry_group>, create_entry_group already registered for DAG: example_complex
[2023-05-04T08:16:51.303+0000] {logging_mixin.py:149} INFO - [2023-05-04T08:16:51.303+0000] {taskmixin.py:211} WARNING - Dependency <Task(BashOperator): create_entry_gcs>, delete_entry already registered for DAG: example_complex
[2023-05-04T08:16:51.304+0000] {logging_mixin.py:149} INFO - [2023-05-04T08:16:51.304+0000] {taskmixin.py:211} WARNING - Dependency <Task(BashOperator): delete_entry>, create_entry_gcs already registered for DAG: example_complex
[2023-05-04T08:16:51.304+0000] {logging_mixin.py:149} INFO - [2023-05-04T08:16:51.304+0000] {taskmixin.py:211} WARNING - Dependency <Task(BashOperator): create_tag>, delete_tag already registered for DAG: example_complex
[2023-05-04T08:16:51.305+0000] {logging_mixin.py:149} INFO - [2023-05-04T08:16:51.305+0000] {taskmixin.py:211} WARNING - Dependency <Task(BashOperator): delete_tag>, create_tag already registered for DAG: example_complex
[2023-05-04T08:16:51.308+0000] {processor.py:809} INFO - DAG(s) dict_keys(['example_complex']) retrieved from /home/airflow/.local/lib/python3.7/site-packages/airflow/example_dags/example_complex.py
[2023-05-04T08:16:51.353+0000] {logging_mixin.py:149} INFO - [2023-05-04T08:16:51.353+0000] {dag.py:2726} INFO - Sync 1 DAGs
[2023-05-04T08:16:51.382+0000] {logging_mixin.py:149} INFO - [2023-05-04T08:16:51.382+0000] {dag.py:3490} INFO - Setting next_dagrun for example_complex to None, run_after=None
[2023-05-04T08:16:51.407+0000] {processor.py:178} INFO - Processing /home/airflow/.local/lib/python3.7/site-packages/airflow/example_dags/example_complex.py took 0.126 seconds
[2023-05-04T08:17:21.957+0000] {processor.py:156} INFO - Started process (PID=5381) to work on /home/airflow/.local/lib/python3.7/site-packages/airflow/example_dags/example_complex.py
[2023-05-04T08:17:21.959+0000] {processor.py:799} INFO - Processing file /home/airflow/.local/lib/python3.7/site-packages/airflow/example_dags/example_complex.py for tasks to queue
[2023-05-04T08:17:21.960+0000] {logging_mixin.py:149} INFO - [2023-05-04T08:17:21.960+0000] {dagbag.py:541} INFO - Filling up the DagBag from /home/airflow/.local/lib/python3.7/site-packages/airflow/example_dags/example_complex.py
[2023-05-04T08:17:21.981+0000] {logging_mixin.py:149} INFO - [2023-05-04T08:17:21.981+0000] {taskmixin.py:211} WARNING - Dependency <Task(BashOperator): create_entry_group>, delete_entry_group already registered for DAG: example_complex
[2023-05-04T08:17:21.982+0000] {logging_mixin.py:149} INFO - [2023-05-04T08:17:21.982+0000] {taskmixin.py:211} WARNING - Dependency <Task(BashOperator): delete_entry_group>, create_entry_group already registered for DAG: example_complex
[2023-05-04T08:17:21.984+0000] {logging_mixin.py:149} INFO - [2023-05-04T08:17:21.984+0000] {taskmixin.py:211} WARNING - Dependency <Task(BashOperator): create_entry_gcs>, delete_entry already registered for DAG: example_complex
[2023-05-04T08:17:21.985+0000] {logging_mixin.py:149} INFO - [2023-05-04T08:17:21.984+0000] {taskmixin.py:211} WARNING - Dependency <Task(BashOperator): delete_entry>, create_entry_gcs already registered for DAG: example_complex
[2023-05-04T08:17:21.986+0000] {logging_mixin.py:149} INFO - [2023-05-04T08:17:21.985+0000] {taskmixin.py:211} WARNING - Dependency <Task(BashOperator): create_tag>, delete_tag already registered for DAG: example_complex
[2023-05-04T08:17:21.986+0000] {logging_mixin.py:149} INFO - [2023-05-04T08:17:21.986+0000] {taskmixin.py:211} WARNING - Dependency <Task(BashOperator): delete_tag>, create_tag already registered for DAG: example_complex
[2023-05-04T08:17:21.990+0000] {processor.py:809} INFO - DAG(s) dict_keys(['example_complex']) retrieved from /home/airflow/.local/lib/python3.7/site-packages/airflow/example_dags/example_complex.py
[2023-05-04T08:17:22.068+0000] {logging_mixin.py:149} INFO - [2023-05-04T08:17:22.068+0000] {dag.py:2726} INFO - Sync 1 DAGs
[2023-05-04T08:17:22.132+0000] {logging_mixin.py:149} INFO - [2023-05-04T08:17:22.132+0000] {dag.py:3490} INFO - Setting next_dagrun for example_complex to None, run_after=None
[2023-05-04T08:17:22.178+0000] {processor.py:178} INFO - Processing /home/airflow/.local/lib/python3.7/site-packages/airflow/example_dags/example_complex.py took 0.226 seconds
[2023-05-04T08:17:52.793+0000] {processor.py:156} INFO - Started process (PID=5634) to work on /home/airflow/.local/lib/python3.7/site-packages/airflow/example_dags/example_complex.py
[2023-05-04T08:17:52.794+0000] {processor.py:799} INFO - Processing file /home/airflow/.local/lib/python3.7/site-packages/airflow/example_dags/example_complex.py for tasks to queue
[2023-05-04T08:17:52.795+0000] {logging_mixin.py:149} INFO - [2023-05-04T08:17:52.795+0000] {dagbag.py:541} INFO - Filling up the DagBag from /home/airflow/.local/lib/python3.7/site-packages/airflow/example_dags/example_complex.py
[2023-05-04T08:17:52.808+0000] {logging_mixin.py:149} INFO - [2023-05-04T08:17:52.808+0000] {taskmixin.py:211} WARNING - Dependency <Task(BashOperator): create_entry_group>, delete_entry_group already registered for DAG: example_complex
[2023-05-04T08:17:52.809+0000] {logging_mixin.py:149} INFO - [2023-05-04T08:17:52.809+0000] {taskmixin.py:211} WARNING - Dependency <Task(BashOperator): delete_entry_group>, create_entry_group already registered for DAG: example_complex
[2023-05-04T08:17:52.810+0000] {logging_mixin.py:149} INFO - [2023-05-04T08:17:52.810+0000] {taskmixin.py:211} WARNING - Dependency <Task(BashOperator): create_entry_gcs>, delete_entry already registered for DAG: example_complex
[2023-05-04T08:17:52.810+0000] {logging_mixin.py:149} INFO - [2023-05-04T08:17:52.810+0000] {taskmixin.py:211} WARNING - Dependency <Task(BashOperator): delete_entry>, create_entry_gcs already registered for DAG: example_complex
[2023-05-04T08:17:52.811+0000] {logging_mixin.py:149} INFO - [2023-05-04T08:17:52.811+0000] {taskmixin.py:211} WARNING - Dependency <Task(BashOperator): create_tag>, delete_tag already registered for DAG: example_complex
[2023-05-04T08:17:52.812+0000] {logging_mixin.py:149} INFO - [2023-05-04T08:17:52.812+0000] {taskmixin.py:211} WARNING - Dependency <Task(BashOperator): delete_tag>, create_tag already registered for DAG: example_complex
[2023-05-04T08:17:52.815+0000] {processor.py:809} INFO - DAG(s) dict_keys(['example_complex']) retrieved from /home/airflow/.local/lib/python3.7/site-packages/airflow/example_dags/example_complex.py
[2023-05-04T08:17:52.862+0000] {logging_mixin.py:149} INFO - [2023-05-04T08:17:52.862+0000] {dag.py:2726} INFO - Sync 1 DAGs
[2023-05-04T08:17:53.024+0000] {logging_mixin.py:149} INFO - [2023-05-04T08:17:53.024+0000] {dag.py:3490} INFO - Setting next_dagrun for example_complex to None, run_after=None
[2023-05-04T08:17:53.053+0000] {processor.py:178} INFO - Processing /home/airflow/.local/lib/python3.7/site-packages/airflow/example_dags/example_complex.py took 0.264 seconds
[2023-05-04T08:18:23.231+0000] {processor.py:156} INFO - Started process (PID=5888) to work on /home/airflow/.local/lib/python3.7/site-packages/airflow/example_dags/example_complex.py
[2023-05-04T08:18:23.233+0000] {processor.py:799} INFO - Processing file /home/airflow/.local/lib/python3.7/site-packages/airflow/example_dags/example_complex.py for tasks to queue
[2023-05-04T08:18:23.234+0000] {logging_mixin.py:149} INFO - [2023-05-04T08:18:23.234+0000] {dagbag.py:541} INFO - Filling up the DagBag from /home/airflow/.local/lib/python3.7/site-packages/airflow/example_dags/example_complex.py
[2023-05-04T08:18:23.246+0000] {logging_mixin.py:149} INFO - [2023-05-04T08:18:23.246+0000] {taskmixin.py:211} WARNING - Dependency <Task(BashOperator): create_entry_group>, delete_entry_group already registered for DAG: example_complex
[2023-05-04T08:18:23.247+0000] {logging_mixin.py:149} INFO - [2023-05-04T08:18:23.247+0000] {taskmixin.py:211} WARNING - Dependency <Task(BashOperator): delete_entry_group>, create_entry_group already registered for DAG: example_complex
[2023-05-04T08:18:23.248+0000] {logging_mixin.py:149} INFO - [2023-05-04T08:18:23.248+0000] {taskmixin.py:211} WARNING - Dependency <Task(BashOperator): create_entry_gcs>, delete_entry already registered for DAG: example_complex
[2023-05-04T08:18:23.248+0000] {logging_mixin.py:149} INFO - [2023-05-04T08:18:23.248+0000] {taskmixin.py:211} WARNING - Dependency <Task(BashOperator): delete_entry>, create_entry_gcs already registered for DAG: example_complex
[2023-05-04T08:18:23.249+0000] {logging_mixin.py:149} INFO - [2023-05-04T08:18:23.249+0000] {taskmixin.py:211} WARNING - Dependency <Task(BashOperator): create_tag>, delete_tag already registered for DAG: example_complex
[2023-05-04T08:18:23.250+0000] {logging_mixin.py:149} INFO - [2023-05-04T08:18:23.250+0000] {taskmixin.py:211} WARNING - Dependency <Task(BashOperator): delete_tag>, create_tag already registered for DAG: example_complex
[2023-05-04T08:18:23.253+0000] {processor.py:809} INFO - DAG(s) dict_keys(['example_complex']) retrieved from /home/airflow/.local/lib/python3.7/site-packages/airflow/example_dags/example_complex.py
[2023-05-04T08:18:23.299+0000] {logging_mixin.py:149} INFO - [2023-05-04T08:18:23.298+0000] {dag.py:2726} INFO - Sync 1 DAGs
[2023-05-04T08:18:23.326+0000] {logging_mixin.py:149} INFO - [2023-05-04T08:18:23.326+0000] {dag.py:3490} INFO - Setting next_dagrun for example_complex to None, run_after=None
[2023-05-04T08:18:23.353+0000] {processor.py:178} INFO - Processing /home/airflow/.local/lib/python3.7/site-packages/airflow/example_dags/example_complex.py took 0.125 seconds
[2023-05-04T08:18:53.500+0000] {processor.py:156} INFO - Started process (PID=6139) to work on /home/airflow/.local/lib/python3.7/site-packages/airflow/example_dags/example_complex.py
[2023-05-04T08:18:53.502+0000] {processor.py:799} INFO - Processing file /home/airflow/.local/lib/python3.7/site-packages/airflow/example_dags/example_complex.py for tasks to queue
[2023-05-04T08:18:53.503+0000] {logging_mixin.py:149} INFO - [2023-05-04T08:18:53.503+0000] {dagbag.py:541} INFO - Filling up the DagBag from /home/airflow/.local/lib/python3.7/site-packages/airflow/example_dags/example_complex.py
[2023-05-04T08:18:53.515+0000] {logging_mixin.py:149} INFO - [2023-05-04T08:18:53.515+0000] {taskmixin.py:211} WARNING - Dependency <Task(BashOperator): create_entry_group>, delete_entry_group already registered for DAG: example_complex
[2023-05-04T08:18:53.516+0000] {logging_mixin.py:149} INFO - [2023-05-04T08:18:53.516+0000] {taskmixin.py:211} WARNING - Dependency <Task(BashOperator): delete_entry_group>, create_entry_group already registered for DAG: example_complex
[2023-05-04T08:18:53.516+0000] {logging_mixin.py:149} INFO - [2023-05-04T08:18:53.516+0000] {taskmixin.py:211} WARNING - Dependency <Task(BashOperator): create_entry_gcs>, delete_entry already registered for DAG: example_complex
[2023-05-04T08:18:53.517+0000] {logging_mixin.py:149} INFO - [2023-05-04T08:18:53.517+0000] {taskmixin.py:211} WARNING - Dependency <Task(BashOperator): delete_entry>, create_entry_gcs already registered for DAG: example_complex
[2023-05-04T08:18:53.518+0000] {logging_mixin.py:149} INFO - [2023-05-04T08:18:53.518+0000] {taskmixin.py:211} WARNING - Dependency <Task(BashOperator): create_tag>, delete_tag already registered for DAG: example_complex
[2023-05-04T08:18:53.519+0000] {logging_mixin.py:149} INFO - [2023-05-04T08:18:53.518+0000] {taskmixin.py:211} WARNING - Dependency <Task(BashOperator): delete_tag>, create_tag already registered for DAG: example_complex
[2023-05-04T08:18:53.521+0000] {processor.py:809} INFO - DAG(s) dict_keys(['example_complex']) retrieved from /home/airflow/.local/lib/python3.7/site-packages/airflow/example_dags/example_complex.py
[2023-05-04T08:18:53.563+0000] {logging_mixin.py:149} INFO - [2023-05-04T08:18:53.563+0000] {dag.py:2726} INFO - Sync 1 DAGs
[2023-05-04T08:18:53.591+0000] {logging_mixin.py:149} INFO - [2023-05-04T08:18:53.591+0000] {dag.py:3490} INFO - Setting next_dagrun for example_complex to None, run_after=None
[2023-05-04T08:18:53.614+0000] {processor.py:178} INFO - Processing /home/airflow/.local/lib/python3.7/site-packages/airflow/example_dags/example_complex.py took 0.118 seconds
[2023-05-04T08:19:23.883+0000] {processor.py:156} INFO - Started process (PID=6395) to work on /home/airflow/.local/lib/python3.7/site-packages/airflow/example_dags/example_complex.py
[2023-05-04T08:19:23.885+0000] {processor.py:799} INFO - Processing file /home/airflow/.local/lib/python3.7/site-packages/airflow/example_dags/example_complex.py for tasks to queue
[2023-05-04T08:19:23.886+0000] {logging_mixin.py:149} INFO - [2023-05-04T08:19:23.886+0000] {dagbag.py:541} INFO - Filling up the DagBag from /home/airflow/.local/lib/python3.7/site-packages/airflow/example_dags/example_complex.py
[2023-05-04T08:19:23.900+0000] {logging_mixin.py:149} INFO - [2023-05-04T08:19:23.900+0000] {taskmixin.py:211} WARNING - Dependency <Task(BashOperator): create_entry_group>, delete_entry_group already registered for DAG: example_complex
[2023-05-04T08:19:23.901+0000] {logging_mixin.py:149} INFO - [2023-05-04T08:19:23.901+0000] {taskmixin.py:211} WARNING - Dependency <Task(BashOperator): delete_entry_group>, create_entry_group already registered for DAG: example_complex
[2023-05-04T08:19:23.902+0000] {logging_mixin.py:149} INFO - [2023-05-04T08:19:23.902+0000] {taskmixin.py:211} WARNING - Dependency <Task(BashOperator): create_entry_gcs>, delete_entry already registered for DAG: example_complex
[2023-05-04T08:19:23.902+0000] {logging_mixin.py:149} INFO - [2023-05-04T08:19:23.902+0000] {taskmixin.py:211} WARNING - Dependency <Task(BashOperator): delete_entry>, create_entry_gcs already registered for DAG: example_complex
[2023-05-04T08:19:23.903+0000] {logging_mixin.py:149} INFO - [2023-05-04T08:19:23.903+0000] {taskmixin.py:211} WARNING - Dependency <Task(BashOperator): create_tag>, delete_tag already registered for DAG: example_complex
[2023-05-04T08:19:23.904+0000] {logging_mixin.py:149} INFO - [2023-05-04T08:19:23.904+0000] {taskmixin.py:211} WARNING - Dependency <Task(BashOperator): delete_tag>, create_tag already registered for DAG: example_complex
[2023-05-04T08:19:23.907+0000] {processor.py:809} INFO - DAG(s) dict_keys(['example_complex']) retrieved from /home/airflow/.local/lib/python3.7/site-packages/airflow/example_dags/example_complex.py
[2023-05-04T08:19:24.122+0000] {logging_mixin.py:149} INFO - [2023-05-04T08:19:24.122+0000] {dag.py:2726} INFO - Sync 1 DAGs
[2023-05-04T08:19:24.153+0000] {logging_mixin.py:149} INFO - [2023-05-04T08:19:24.153+0000] {dag.py:3490} INFO - Setting next_dagrun for example_complex to None, run_after=None
[2023-05-04T08:19:24.176+0000] {processor.py:178} INFO - Processing /home/airflow/.local/lib/python3.7/site-packages/airflow/example_dags/example_complex.py took 0.299 seconds
[2023-05-04T08:19:54.235+0000] {processor.py:156} INFO - Started process (PID=6645) to work on /home/airflow/.local/lib/python3.7/site-packages/airflow/example_dags/example_complex.py
[2023-05-04T08:19:54.237+0000] {processor.py:799} INFO - Processing file /home/airflow/.local/lib/python3.7/site-packages/airflow/example_dags/example_complex.py for tasks to queue
[2023-05-04T08:19:54.238+0000] {logging_mixin.py:149} INFO - [2023-05-04T08:19:54.238+0000] {dagbag.py:541} INFO - Filling up the DagBag from /home/airflow/.local/lib/python3.7/site-packages/airflow/example_dags/example_complex.py
[2023-05-04T08:19:54.250+0000] {logging_mixin.py:149} INFO - [2023-05-04T08:19:54.250+0000] {taskmixin.py:211} WARNING - Dependency <Task(BashOperator): create_entry_group>, delete_entry_group already registered for DAG: example_complex
[2023-05-04T08:19:54.251+0000] {logging_mixin.py:149} INFO - [2023-05-04T08:19:54.251+0000] {taskmixin.py:211} WARNING - Dependency <Task(BashOperator): delete_entry_group>, create_entry_group already registered for DAG: example_complex
[2023-05-04T08:19:54.252+0000] {logging_mixin.py:149} INFO - [2023-05-04T08:19:54.252+0000] {taskmixin.py:211} WARNING - Dependency <Task(BashOperator): create_entry_gcs>, delete_entry already registered for DAG: example_complex
[2023-05-04T08:19:54.253+0000] {logging_mixin.py:149} INFO - [2023-05-04T08:19:54.253+0000] {taskmixin.py:211} WARNING - Dependency <Task(BashOperator): delete_entry>, create_entry_gcs already registered for DAG: example_complex
[2023-05-04T08:19:54.254+0000] {logging_mixin.py:149} INFO - [2023-05-04T08:19:54.254+0000] {taskmixin.py:211} WARNING - Dependency <Task(BashOperator): create_tag>, delete_tag already registered for DAG: example_complex
[2023-05-04T08:19:54.254+0000] {logging_mixin.py:149} INFO - [2023-05-04T08:19:54.254+0000] {taskmixin.py:211} WARNING - Dependency <Task(BashOperator): delete_tag>, create_tag already registered for DAG: example_complex
[2023-05-04T08:19:54.257+0000] {processor.py:809} INFO - DAG(s) dict_keys(['example_complex']) retrieved from /home/airflow/.local/lib/python3.7/site-packages/airflow/example_dags/example_complex.py
[2023-05-04T08:19:54.414+0000] {logging_mixin.py:149} INFO - [2023-05-04T08:19:54.414+0000] {dag.py:2726} INFO - Sync 1 DAGs
[2023-05-04T08:19:54.447+0000] {logging_mixin.py:149} INFO - [2023-05-04T08:19:54.446+0000] {dag.py:3490} INFO - Setting next_dagrun for example_complex to None, run_after=None
[2023-05-04T08:19:54.471+0000] {processor.py:178} INFO - Processing /home/airflow/.local/lib/python3.7/site-packages/airflow/example_dags/example_complex.py took 0.240 seconds
[2023-05-04T08:20:24.775+0000] {processor.py:156} INFO - Started process (PID=6898) to work on /home/airflow/.local/lib/python3.7/site-packages/airflow/example_dags/example_complex.py
[2023-05-04T08:20:24.777+0000] {processor.py:799} INFO - Processing file /home/airflow/.local/lib/python3.7/site-packages/airflow/example_dags/example_complex.py for tasks to queue
[2023-05-04T08:20:24.778+0000] {logging_mixin.py:149} INFO - [2023-05-04T08:20:24.777+0000] {dagbag.py:541} INFO - Filling up the DagBag from /home/airflow/.local/lib/python3.7/site-packages/airflow/example_dags/example_complex.py
[2023-05-04T08:20:24.794+0000] {logging_mixin.py:149} INFO - [2023-05-04T08:20:24.794+0000] {taskmixin.py:211} WARNING - Dependency <Task(BashOperator): create_entry_group>, delete_entry_group already registered for DAG: example_complex
[2023-05-04T08:20:24.794+0000] {logging_mixin.py:149} INFO - [2023-05-04T08:20:24.794+0000] {taskmixin.py:211} WARNING - Dependency <Task(BashOperator): delete_entry_group>, create_entry_group already registered for DAG: example_complex
[2023-05-04T08:20:24.795+0000] {logging_mixin.py:149} INFO - [2023-05-04T08:20:24.795+0000] {taskmixin.py:211} WARNING - Dependency <Task(BashOperator): create_entry_gcs>, delete_entry already registered for DAG: example_complex
[2023-05-04T08:20:24.795+0000] {logging_mixin.py:149} INFO - [2023-05-04T08:20:24.795+0000] {taskmixin.py:211} WARNING - Dependency <Task(BashOperator): delete_entry>, create_entry_gcs already registered for DAG: example_complex
[2023-05-04T08:20:24.796+0000] {logging_mixin.py:149} INFO - [2023-05-04T08:20:24.796+0000] {taskmixin.py:211} WARNING - Dependency <Task(BashOperator): create_tag>, delete_tag already registered for DAG: example_complex
[2023-05-04T08:20:24.797+0000] {logging_mixin.py:149} INFO - [2023-05-04T08:20:24.796+0000] {taskmixin.py:211} WARNING - Dependency <Task(BashOperator): delete_tag>, create_tag already registered for DAG: example_complex
[2023-05-04T08:20:24.800+0000] {processor.py:809} INFO - DAG(s) dict_keys(['example_complex']) retrieved from /home/airflow/.local/lib/python3.7/site-packages/airflow/example_dags/example_complex.py
[2023-05-04T08:20:24.849+0000] {logging_mixin.py:149} INFO - [2023-05-04T08:20:24.848+0000] {dag.py:2726} INFO - Sync 1 DAGs
[2023-05-04T08:20:24.990+0000] {logging_mixin.py:149} INFO - [2023-05-04T08:20:24.990+0000] {dag.py:3490} INFO - Setting next_dagrun for example_complex to None, run_after=None
[2023-05-04T08:20:25.014+0000] {processor.py:178} INFO - Processing /home/airflow/.local/lib/python3.7/site-packages/airflow/example_dags/example_complex.py took 0.243 seconds
[2023-05-04T08:20:55.472+0000] {processor.py:156} INFO - Started process (PID=7155) to work on /home/airflow/.local/lib/python3.7/site-packages/airflow/example_dags/example_complex.py
[2023-05-04T08:20:55.473+0000] {processor.py:799} INFO - Processing file /home/airflow/.local/lib/python3.7/site-packages/airflow/example_dags/example_complex.py for tasks to queue
[2023-05-04T08:20:55.474+0000] {logging_mixin.py:149} INFO - [2023-05-04T08:20:55.474+0000] {dagbag.py:541} INFO - Filling up the DagBag from /home/airflow/.local/lib/python3.7/site-packages/airflow/example_dags/example_complex.py
[2023-05-04T08:20:55.489+0000] {logging_mixin.py:149} INFO - [2023-05-04T08:20:55.489+0000] {taskmixin.py:211} WARNING - Dependency <Task(BashOperator): create_entry_group>, delete_entry_group already registered for DAG: example_complex
[2023-05-04T08:20:55.490+0000] {logging_mixin.py:149} INFO - [2023-05-04T08:20:55.490+0000] {taskmixin.py:211} WARNING - Dependency <Task(BashOperator): delete_entry_group>, create_entry_group already registered for DAG: example_complex
[2023-05-04T08:20:55.490+0000] {logging_mixin.py:149} INFO - [2023-05-04T08:20:55.490+0000] {taskmixin.py:211} WARNING - Dependency <Task(BashOperator): create_entry_gcs>, delete_entry already registered for DAG: example_complex
[2023-05-04T08:20:55.491+0000] {logging_mixin.py:149} INFO - [2023-05-04T08:20:55.491+0000] {taskmixin.py:211} WARNING - Dependency <Task(BashOperator): delete_entry>, create_entry_gcs already registered for DAG: example_complex
[2023-05-04T08:20:55.492+0000] {logging_mixin.py:149} INFO - [2023-05-04T08:20:55.492+0000] {taskmixin.py:211} WARNING - Dependency <Task(BashOperator): create_tag>, delete_tag already registered for DAG: example_complex
[2023-05-04T08:20:55.492+0000] {logging_mixin.py:149} INFO - [2023-05-04T08:20:55.492+0000] {taskmixin.py:211} WARNING - Dependency <Task(BashOperator): delete_tag>, create_tag already registered for DAG: example_complex
[2023-05-04T08:20:55.495+0000] {processor.py:809} INFO - DAG(s) dict_keys(['example_complex']) retrieved from /home/airflow/.local/lib/python3.7/site-packages/airflow/example_dags/example_complex.py
[2023-05-04T08:20:55.542+0000] {logging_mixin.py:149} INFO - [2023-05-04T08:20:55.542+0000] {dag.py:2726} INFO - Sync 1 DAGs
[2023-05-04T08:20:55.575+0000] {logging_mixin.py:149} INFO - [2023-05-04T08:20:55.574+0000] {dag.py:3490} INFO - Setting next_dagrun for example_complex to None, run_after=None
[2023-05-04T08:20:55.599+0000] {processor.py:178} INFO - Processing /home/airflow/.local/lib/python3.7/site-packages/airflow/example_dags/example_complex.py took 0.133 seconds
[2023-05-04T08:21:26.128+0000] {processor.py:156} INFO - Started process (PID=7408) to work on /home/airflow/.local/lib/python3.7/site-packages/airflow/example_dags/example_complex.py
[2023-05-04T08:21:26.130+0000] {processor.py:799} INFO - Processing file /home/airflow/.local/lib/python3.7/site-packages/airflow/example_dags/example_complex.py for tasks to queue
[2023-05-04T08:21:26.131+0000] {logging_mixin.py:149} INFO - [2023-05-04T08:21:26.131+0000] {dagbag.py:541} INFO - Filling up the DagBag from /home/airflow/.local/lib/python3.7/site-packages/airflow/example_dags/example_complex.py
[2023-05-04T08:21:26.166+0000] {logging_mixin.py:149} INFO - [2023-05-04T08:21:26.165+0000] {taskmixin.py:211} WARNING - Dependency <Task(BashOperator): create_entry_group>, delete_entry_group already registered for DAG: example_complex
[2023-05-04T08:21:26.171+0000] {logging_mixin.py:149} INFO - [2023-05-04T08:21:26.170+0000] {taskmixin.py:211} WARNING - Dependency <Task(BashOperator): delete_entry_group>, create_entry_group already registered for DAG: example_complex
[2023-05-04T08:21:26.172+0000] {logging_mixin.py:149} INFO - [2023-05-04T08:21:26.172+0000] {taskmixin.py:211} WARNING - Dependency <Task(BashOperator): create_entry_gcs>, delete_entry already registered for DAG: example_complex
[2023-05-04T08:21:26.175+0000] {logging_mixin.py:149} INFO - [2023-05-04T08:21:26.174+0000] {taskmixin.py:211} WARNING - Dependency <Task(BashOperator): delete_entry>, create_entry_gcs already registered for DAG: example_complex
[2023-05-04T08:21:26.176+0000] {logging_mixin.py:149} INFO - [2023-05-04T08:21:26.176+0000] {taskmixin.py:211} WARNING - Dependency <Task(BashOperator): create_tag>, delete_tag already registered for DAG: example_complex
[2023-05-04T08:21:26.177+0000] {logging_mixin.py:149} INFO - [2023-05-04T08:21:26.177+0000] {taskmixin.py:211} WARNING - Dependency <Task(BashOperator): delete_tag>, create_tag already registered for DAG: example_complex
[2023-05-04T08:21:26.181+0000] {processor.py:809} INFO - DAG(s) dict_keys(['example_complex']) retrieved from /home/airflow/.local/lib/python3.7/site-packages/airflow/example_dags/example_complex.py
[2023-05-04T08:21:26.288+0000] {logging_mixin.py:149} INFO - [2023-05-04T08:21:26.287+0000] {dag.py:2726} INFO - Sync 1 DAGs
[2023-05-04T08:21:26.353+0000] {logging_mixin.py:149} INFO - [2023-05-04T08:21:26.352+0000] {dag.py:3490} INFO - Setting next_dagrun for example_complex to None, run_after=None
[2023-05-04T08:21:26.415+0000] {processor.py:178} INFO - Processing /home/airflow/.local/lib/python3.7/site-packages/airflow/example_dags/example_complex.py took 0.300 seconds
[2023-05-04T08:21:56.568+0000] {processor.py:156} INFO - Started process (PID=7661) to work on /home/airflow/.local/lib/python3.7/site-packages/airflow/example_dags/example_complex.py
[2023-05-04T08:21:56.569+0000] {processor.py:799} INFO - Processing file /home/airflow/.local/lib/python3.7/site-packages/airflow/example_dags/example_complex.py for tasks to queue
[2023-05-04T08:21:56.570+0000] {logging_mixin.py:149} INFO - [2023-05-04T08:21:56.570+0000] {dagbag.py:541} INFO - Filling up the DagBag from /home/airflow/.local/lib/python3.7/site-packages/airflow/example_dags/example_complex.py
[2023-05-04T08:21:56.584+0000] {logging_mixin.py:149} INFO - [2023-05-04T08:21:56.584+0000] {taskmixin.py:211} WARNING - Dependency <Task(BashOperator): create_entry_group>, delete_entry_group already registered for DAG: example_complex
[2023-05-04T08:21:56.585+0000] {logging_mixin.py:149} INFO - [2023-05-04T08:21:56.585+0000] {taskmixin.py:211} WARNING - Dependency <Task(BashOperator): delete_entry_group>, create_entry_group already registered for DAG: example_complex
[2023-05-04T08:21:56.586+0000] {logging_mixin.py:149} INFO - [2023-05-04T08:21:56.586+0000] {taskmixin.py:211} WARNING - Dependency <Task(BashOperator): create_entry_gcs>, delete_entry already registered for DAG: example_complex
[2023-05-04T08:21:56.586+0000] {logging_mixin.py:149} INFO - [2023-05-04T08:21:56.586+0000] {taskmixin.py:211} WARNING - Dependency <Task(BashOperator): delete_entry>, create_entry_gcs already registered for DAG: example_complex
[2023-05-04T08:21:56.587+0000] {logging_mixin.py:149} INFO - [2023-05-04T08:21:56.587+0000] {taskmixin.py:211} WARNING - Dependency <Task(BashOperator): create_tag>, delete_tag already registered for DAG: example_complex
[2023-05-04T08:21:56.587+0000] {logging_mixin.py:149} INFO - [2023-05-04T08:21:56.587+0000] {taskmixin.py:211} WARNING - Dependency <Task(BashOperator): delete_tag>, create_tag already registered for DAG: example_complex
[2023-05-04T08:21:56.590+0000] {processor.py:809} INFO - DAG(s) dict_keys(['example_complex']) retrieved from /home/airflow/.local/lib/python3.7/site-packages/airflow/example_dags/example_complex.py
[2023-05-04T08:21:56.638+0000] {logging_mixin.py:149} INFO - [2023-05-04T08:21:56.638+0000] {dag.py:2726} INFO - Sync 1 DAGs
[2023-05-04T08:21:56.669+0000] {logging_mixin.py:149} INFO - [2023-05-04T08:21:56.668+0000] {dag.py:3490} INFO - Setting next_dagrun for example_complex to None, run_after=None
[2023-05-04T08:21:56.693+0000] {processor.py:178} INFO - Processing /home/airflow/.local/lib/python3.7/site-packages/airflow/example_dags/example_complex.py took 0.130 seconds
[2023-05-04T08:22:27.286+0000] {processor.py:156} INFO - Started process (PID=7902) to work on /home/airflow/.local/lib/python3.7/site-packages/airflow/example_dags/example_complex.py
[2023-05-04T08:22:27.287+0000] {processor.py:799} INFO - Processing file /home/airflow/.local/lib/python3.7/site-packages/airflow/example_dags/example_complex.py for tasks to queue
[2023-05-04T08:22:27.288+0000] {logging_mixin.py:149} INFO - [2023-05-04T08:22:27.288+0000] {dagbag.py:541} INFO - Filling up the DagBag from /home/airflow/.local/lib/python3.7/site-packages/airflow/example_dags/example_complex.py
[2023-05-04T08:22:27.301+0000] {logging_mixin.py:149} INFO - [2023-05-04T08:22:27.301+0000] {taskmixin.py:211} WARNING - Dependency <Task(BashOperator): create_entry_group>, delete_entry_group already registered for DAG: example_complex
[2023-05-04T08:22:27.302+0000] {logging_mixin.py:149} INFO - [2023-05-04T08:22:27.302+0000] {taskmixin.py:211} WARNING - Dependency <Task(BashOperator): delete_entry_group>, create_entry_group already registered for DAG: example_complex
[2023-05-04T08:22:27.303+0000] {logging_mixin.py:149} INFO - [2023-05-04T08:22:27.303+0000] {taskmixin.py:211} WARNING - Dependency <Task(BashOperator): create_entry_gcs>, delete_entry already registered for DAG: example_complex
[2023-05-04T08:22:27.303+0000] {logging_mixin.py:149} INFO - [2023-05-04T08:22:27.303+0000] {taskmixin.py:211} WARNING - Dependency <Task(BashOperator): delete_entry>, create_entry_gcs already registered for DAG: example_complex
[2023-05-04T08:22:27.304+0000] {logging_mixin.py:149} INFO - [2023-05-04T08:22:27.304+0000] {taskmixin.py:211} WARNING - Dependency <Task(BashOperator): create_tag>, delete_tag already registered for DAG: example_complex
[2023-05-04T08:22:27.305+0000] {logging_mixin.py:149} INFO - [2023-05-04T08:22:27.305+0000] {taskmixin.py:211} WARNING - Dependency <Task(BashOperator): delete_tag>, create_tag already registered for DAG: example_complex
[2023-05-04T08:22:27.307+0000] {processor.py:809} INFO - DAG(s) dict_keys(['example_complex']) retrieved from /home/airflow/.local/lib/python3.7/site-packages/airflow/example_dags/example_complex.py
[2023-05-04T08:22:27.354+0000] {logging_mixin.py:149} INFO - [2023-05-04T08:22:27.354+0000] {dag.py:2726} INFO - Sync 1 DAGs
[2023-05-04T08:22:27.389+0000] {logging_mixin.py:149} INFO - [2023-05-04T08:22:27.388+0000] {dag.py:3490} INFO - Setting next_dagrun for example_complex to None, run_after=None
[2023-05-04T08:22:27.411+0000] {processor.py:178} INFO - Processing /home/airflow/.local/lib/python3.7/site-packages/airflow/example_dags/example_complex.py took 0.130 seconds
[2023-05-04T08:22:58.407+0000] {processor.py:156} INFO - Started process (PID=8156) to work on /home/airflow/.local/lib/python3.7/site-packages/airflow/example_dags/example_complex.py
[2023-05-04T08:22:58.408+0000] {processor.py:799} INFO - Processing file /home/airflow/.local/lib/python3.7/site-packages/airflow/example_dags/example_complex.py for tasks to queue
[2023-05-04T08:22:58.410+0000] {logging_mixin.py:149} INFO - [2023-05-04T08:22:58.409+0000] {dagbag.py:541} INFO - Filling up the DagBag from /home/airflow/.local/lib/python3.7/site-packages/airflow/example_dags/example_complex.py
[2023-05-04T08:22:58.424+0000] {logging_mixin.py:149} INFO - [2023-05-04T08:22:58.424+0000] {taskmixin.py:211} WARNING - Dependency <Task(BashOperator): create_entry_group>, delete_entry_group already registered for DAG: example_complex
[2023-05-04T08:22:58.425+0000] {logging_mixin.py:149} INFO - [2023-05-04T08:22:58.425+0000] {taskmixin.py:211} WARNING - Dependency <Task(BashOperator): delete_entry_group>, create_entry_group already registered for DAG: example_complex
[2023-05-04T08:22:58.426+0000] {logging_mixin.py:149} INFO - [2023-05-04T08:22:58.426+0000] {taskmixin.py:211} WARNING - Dependency <Task(BashOperator): create_entry_gcs>, delete_entry already registered for DAG: example_complex
[2023-05-04T08:22:58.426+0000] {logging_mixin.py:149} INFO - [2023-05-04T08:22:58.426+0000] {taskmixin.py:211} WARNING - Dependency <Task(BashOperator): delete_entry>, create_entry_gcs already registered for DAG: example_complex
[2023-05-04T08:22:58.427+0000] {logging_mixin.py:149} INFO - [2023-05-04T08:22:58.427+0000] {taskmixin.py:211} WARNING - Dependency <Task(BashOperator): create_tag>, delete_tag already registered for DAG: example_complex
[2023-05-04T08:22:58.428+0000] {logging_mixin.py:149} INFO - [2023-05-04T08:22:58.428+0000] {taskmixin.py:211} WARNING - Dependency <Task(BashOperator): delete_tag>, create_tag already registered for DAG: example_complex
[2023-05-04T08:22:58.431+0000] {processor.py:809} INFO - DAG(s) dict_keys(['example_complex']) retrieved from /home/airflow/.local/lib/python3.7/site-packages/airflow/example_dags/example_complex.py
[2023-05-04T08:22:58.485+0000] {logging_mixin.py:149} INFO - [2023-05-04T08:22:58.485+0000] {dag.py:2726} INFO - Sync 1 DAGs
[2023-05-04T08:22:58.521+0000] {logging_mixin.py:149} INFO - [2023-05-04T08:22:58.521+0000] {dag.py:3490} INFO - Setting next_dagrun for example_complex to None, run_after=None
[2023-05-04T08:22:58.551+0000] {processor.py:178} INFO - Processing /home/airflow/.local/lib/python3.7/site-packages/airflow/example_dags/example_complex.py took 0.148 seconds
[2023-05-04T08:23:28.631+0000] {processor.py:156} INFO - Started process (PID=8397) to work on /home/airflow/.local/lib/python3.7/site-packages/airflow/example_dags/example_complex.py
[2023-05-04T08:23:28.633+0000] {processor.py:799} INFO - Processing file /home/airflow/.local/lib/python3.7/site-packages/airflow/example_dags/example_complex.py for tasks to queue
[2023-05-04T08:23:28.635+0000] {logging_mixin.py:149} INFO - [2023-05-04T08:23:28.635+0000] {dagbag.py:541} INFO - Filling up the DagBag from /home/airflow/.local/lib/python3.7/site-packages/airflow/example_dags/example_complex.py
[2023-05-04T08:23:28.693+0000] {logging_mixin.py:149} INFO - [2023-05-04T08:23:28.692+0000] {taskmixin.py:211} WARNING - Dependency <Task(BashOperator): create_entry_group>, delete_entry_group already registered for DAG: example_complex
[2023-05-04T08:23:28.695+0000] {logging_mixin.py:149} INFO - [2023-05-04T08:23:28.694+0000] {taskmixin.py:211} WARNING - Dependency <Task(BashOperator): delete_entry_group>, create_entry_group already registered for DAG: example_complex
[2023-05-04T08:23:28.697+0000] {logging_mixin.py:149} INFO - [2023-05-04T08:23:28.696+0000] {taskmixin.py:211} WARNING - Dependency <Task(BashOperator): create_entry_gcs>, delete_entry already registered for DAG: example_complex
[2023-05-04T08:23:28.698+0000] {logging_mixin.py:149} INFO - [2023-05-04T08:23:28.698+0000] {taskmixin.py:211} WARNING - Dependency <Task(BashOperator): delete_entry>, create_entry_gcs already registered for DAG: example_complex
[2023-05-04T08:23:28.700+0000] {logging_mixin.py:149} INFO - [2023-05-04T08:23:28.700+0000] {taskmixin.py:211} WARNING - Dependency <Task(BashOperator): create_tag>, delete_tag already registered for DAG: example_complex
[2023-05-04T08:23:28.701+0000] {logging_mixin.py:149} INFO - [2023-05-04T08:23:28.701+0000] {taskmixin.py:211} WARNING - Dependency <Task(BashOperator): delete_tag>, create_tag already registered for DAG: example_complex
[2023-05-04T08:23:28.710+0000] {processor.py:809} INFO - DAG(s) dict_keys(['example_complex']) retrieved from /home/airflow/.local/lib/python3.7/site-packages/airflow/example_dags/example_complex.py
[2023-05-04T08:23:28.836+0000] {logging_mixin.py:149} INFO - [2023-05-04T08:23:28.835+0000] {dag.py:2726} INFO - Sync 1 DAGs
[2023-05-04T08:23:28.893+0000] {logging_mixin.py:149} INFO - [2023-05-04T08:23:28.892+0000] {dag.py:3490} INFO - Setting next_dagrun for example_complex to None, run_after=None
[2023-05-04T08:23:28.933+0000] {processor.py:178} INFO - Processing /home/airflow/.local/lib/python3.7/site-packages/airflow/example_dags/example_complex.py took 0.318 seconds
[2023-05-04T08:23:59.045+0000] {processor.py:156} INFO - Started process (PID=8651) to work on /home/airflow/.local/lib/python3.7/site-packages/airflow/example_dags/example_complex.py
[2023-05-04T08:23:59.046+0000] {processor.py:799} INFO - Processing file /home/airflow/.local/lib/python3.7/site-packages/airflow/example_dags/example_complex.py for tasks to queue
[2023-05-04T08:23:59.047+0000] {logging_mixin.py:149} INFO - [2023-05-04T08:23:59.047+0000] {dagbag.py:541} INFO - Filling up the DagBag from /home/airflow/.local/lib/python3.7/site-packages/airflow/example_dags/example_complex.py
[2023-05-04T08:23:59.059+0000] {logging_mixin.py:149} INFO - [2023-05-04T08:23:59.059+0000] {taskmixin.py:211} WARNING - Dependency <Task(BashOperator): create_entry_group>, delete_entry_group already registered for DAG: example_complex
[2023-05-04T08:23:59.060+0000] {logging_mixin.py:149} INFO - [2023-05-04T08:23:59.060+0000] {taskmixin.py:211} WARNING - Dependency <Task(BashOperator): delete_entry_group>, create_entry_group already registered for DAG: example_complex
[2023-05-04T08:23:59.060+0000] {logging_mixin.py:149} INFO - [2023-05-04T08:23:59.060+0000] {taskmixin.py:211} WARNING - Dependency <Task(BashOperator): create_entry_gcs>, delete_entry already registered for DAG: example_complex
[2023-05-04T08:23:59.061+0000] {logging_mixin.py:149} INFO - [2023-05-04T08:23:59.061+0000] {taskmixin.py:211} WARNING - Dependency <Task(BashOperator): delete_entry>, create_entry_gcs already registered for DAG: example_complex
[2023-05-04T08:23:59.062+0000] {logging_mixin.py:149} INFO - [2023-05-04T08:23:59.062+0000] {taskmixin.py:211} WARNING - Dependency <Task(BashOperator): create_tag>, delete_tag already registered for DAG: example_complex
[2023-05-04T08:23:59.063+0000] {logging_mixin.py:149} INFO - [2023-05-04T08:23:59.063+0000] {taskmixin.py:211} WARNING - Dependency <Task(BashOperator): delete_tag>, create_tag already registered for DAG: example_complex
[2023-05-04T08:23:59.066+0000] {processor.py:809} INFO - DAG(s) dict_keys(['example_complex']) retrieved from /home/airflow/.local/lib/python3.7/site-packages/airflow/example_dags/example_complex.py
[2023-05-04T08:23:59.113+0000] {logging_mixin.py:149} INFO - [2023-05-04T08:23:59.112+0000] {dag.py:2726} INFO - Sync 1 DAGs
[2023-05-04T08:23:59.143+0000] {logging_mixin.py:149} INFO - [2023-05-04T08:23:59.143+0000] {dag.py:3490} INFO - Setting next_dagrun for example_complex to None, run_after=None
[2023-05-04T08:23:59.166+0000] {processor.py:178} INFO - Processing /home/airflow/.local/lib/python3.7/site-packages/airflow/example_dags/example_complex.py took 0.125 seconds
[2023-05-04T08:24:29.859+0000] {processor.py:156} INFO - Started process (PID=8904) to work on /home/airflow/.local/lib/python3.7/site-packages/airflow/example_dags/example_complex.py
[2023-05-04T08:24:29.860+0000] {processor.py:799} INFO - Processing file /home/airflow/.local/lib/python3.7/site-packages/airflow/example_dags/example_complex.py for tasks to queue
[2023-05-04T08:24:29.861+0000] {logging_mixin.py:149} INFO - [2023-05-04T08:24:29.861+0000] {dagbag.py:541} INFO - Filling up the DagBag from /home/airflow/.local/lib/python3.7/site-packages/airflow/example_dags/example_complex.py
[2023-05-04T08:24:29.879+0000] {logging_mixin.py:149} INFO - [2023-05-04T08:24:29.878+0000] {taskmixin.py:211} WARNING - Dependency <Task(BashOperator): create_entry_group>, delete_entry_group already registered for DAG: example_complex
[2023-05-04T08:24:29.879+0000] {logging_mixin.py:149} INFO - [2023-05-04T08:24:29.879+0000] {taskmixin.py:211} WARNING - Dependency <Task(BashOperator): delete_entry_group>, create_entry_group already registered for DAG: example_complex
[2023-05-04T08:24:29.880+0000] {logging_mixin.py:149} INFO - [2023-05-04T08:24:29.880+0000] {taskmixin.py:211} WARNING - Dependency <Task(BashOperator): create_entry_gcs>, delete_entry already registered for DAG: example_complex
[2023-05-04T08:24:29.881+0000] {logging_mixin.py:149} INFO - [2023-05-04T08:24:29.881+0000] {taskmixin.py:211} WARNING - Dependency <Task(BashOperator): delete_entry>, create_entry_gcs already registered for DAG: example_complex
[2023-05-04T08:24:29.882+0000] {logging_mixin.py:149} INFO - [2023-05-04T08:24:29.882+0000] {taskmixin.py:211} WARNING - Dependency <Task(BashOperator): create_tag>, delete_tag already registered for DAG: example_complex
[2023-05-04T08:24:29.882+0000] {logging_mixin.py:149} INFO - [2023-05-04T08:24:29.882+0000] {taskmixin.py:211} WARNING - Dependency <Task(BashOperator): delete_tag>, create_tag already registered for DAG: example_complex
[2023-05-04T08:24:29.885+0000] {processor.py:809} INFO - DAG(s) dict_keys(['example_complex']) retrieved from /home/airflow/.local/lib/python3.7/site-packages/airflow/example_dags/example_complex.py
[2023-05-04T08:24:29.942+0000] {logging_mixin.py:149} INFO - [2023-05-04T08:24:29.942+0000] {dag.py:2726} INFO - Sync 1 DAGs
[2023-05-04T08:24:29.984+0000] {logging_mixin.py:149} INFO - [2023-05-04T08:24:29.984+0000] {dag.py:3490} INFO - Setting next_dagrun for example_complex to None, run_after=None
[2023-05-04T08:24:30.016+0000] {processor.py:178} INFO - Processing /home/airflow/.local/lib/python3.7/site-packages/airflow/example_dags/example_complex.py took 0.163 seconds
[2023-05-04T08:25:00.209+0000] {processor.py:156} INFO - Started process (PID=9158) to work on /home/airflow/.local/lib/python3.7/site-packages/airflow/example_dags/example_complex.py
[2023-05-04T08:25:00.210+0000] {processor.py:799} INFO - Processing file /home/airflow/.local/lib/python3.7/site-packages/airflow/example_dags/example_complex.py for tasks to queue
[2023-05-04T08:25:00.211+0000] {logging_mixin.py:149} INFO - [2023-05-04T08:25:00.211+0000] {dagbag.py:541} INFO - Filling up the DagBag from /home/airflow/.local/lib/python3.7/site-packages/airflow/example_dags/example_complex.py
[2023-05-04T08:25:00.224+0000] {logging_mixin.py:149} INFO - [2023-05-04T08:25:00.224+0000] {taskmixin.py:211} WARNING - Dependency <Task(BashOperator): create_entry_group>, delete_entry_group already registered for DAG: example_complex
[2023-05-04T08:25:00.225+0000] {logging_mixin.py:149} INFO - [2023-05-04T08:25:00.225+0000] {taskmixin.py:211} WARNING - Dependency <Task(BashOperator): delete_entry_group>, create_entry_group already registered for DAG: example_complex
[2023-05-04T08:25:00.225+0000] {logging_mixin.py:149} INFO - [2023-05-04T08:25:00.225+0000] {taskmixin.py:211} WARNING - Dependency <Task(BashOperator): create_entry_gcs>, delete_entry already registered for DAG: example_complex
[2023-05-04T08:25:00.226+0000] {logging_mixin.py:149} INFO - [2023-05-04T08:25:00.226+0000] {taskmixin.py:211} WARNING - Dependency <Task(BashOperator): delete_entry>, create_entry_gcs already registered for DAG: example_complex
[2023-05-04T08:25:00.227+0000] {logging_mixin.py:149} INFO - [2023-05-04T08:25:00.227+0000] {taskmixin.py:211} WARNING - Dependency <Task(BashOperator): create_tag>, delete_tag already registered for DAG: example_complex
[2023-05-04T08:25:00.228+0000] {logging_mixin.py:149} INFO - [2023-05-04T08:25:00.228+0000] {taskmixin.py:211} WARNING - Dependency <Task(BashOperator): delete_tag>, create_tag already registered for DAG: example_complex
[2023-05-04T08:25:00.230+0000] {processor.py:809} INFO - DAG(s) dict_keys(['example_complex']) retrieved from /home/airflow/.local/lib/python3.7/site-packages/airflow/example_dags/example_complex.py
[2023-05-04T08:25:00.276+0000] {logging_mixin.py:149} INFO - [2023-05-04T08:25:00.276+0000] {dag.py:2726} INFO - Sync 1 DAGs
[2023-05-04T08:25:00.308+0000] {logging_mixin.py:149} INFO - [2023-05-04T08:25:00.308+0000] {dag.py:3490} INFO - Setting next_dagrun for example_complex to None, run_after=None
[2023-05-04T08:25:00.334+0000] {processor.py:178} INFO - Processing /home/airflow/.local/lib/python3.7/site-packages/airflow/example_dags/example_complex.py took 0.128 seconds
[2023-05-04T08:25:30.604+0000] {processor.py:156} INFO - Started process (PID=9412) to work on /home/airflow/.local/lib/python3.7/site-packages/airflow/example_dags/example_complex.py
[2023-05-04T08:25:30.605+0000] {processor.py:799} INFO - Processing file /home/airflow/.local/lib/python3.7/site-packages/airflow/example_dags/example_complex.py for tasks to queue
[2023-05-04T08:25:30.607+0000] {logging_mixin.py:149} INFO - [2023-05-04T08:25:30.606+0000] {dagbag.py:541} INFO - Filling up the DagBag from /home/airflow/.local/lib/python3.7/site-packages/airflow/example_dags/example_complex.py
[2023-05-04T08:25:30.621+0000] {logging_mixin.py:149} INFO - [2023-05-04T08:25:30.620+0000] {taskmixin.py:211} WARNING - Dependency <Task(BashOperator): create_entry_group>, delete_entry_group already registered for DAG: example_complex
[2023-05-04T08:25:30.621+0000] {logging_mixin.py:149} INFO - [2023-05-04T08:25:30.621+0000] {taskmixin.py:211} WARNING - Dependency <Task(BashOperator): delete_entry_group>, create_entry_group already registered for DAG: example_complex
[2023-05-04T08:25:30.622+0000] {logging_mixin.py:149} INFO - [2023-05-04T08:25:30.622+0000] {taskmixin.py:211} WARNING - Dependency <Task(BashOperator): create_entry_gcs>, delete_entry already registered for DAG: example_complex
[2023-05-04T08:25:30.623+0000] {logging_mixin.py:149} INFO - [2023-05-04T08:25:30.623+0000] {taskmixin.py:211} WARNING - Dependency <Task(BashOperator): delete_entry>, create_entry_gcs already registered for DAG: example_complex
[2023-05-04T08:25:30.624+0000] {logging_mixin.py:149} INFO - [2023-05-04T08:25:30.624+0000] {taskmixin.py:211} WARNING - Dependency <Task(BashOperator): create_tag>, delete_tag already registered for DAG: example_complex
[2023-05-04T08:25:30.624+0000] {logging_mixin.py:149} INFO - [2023-05-04T08:25:30.624+0000] {taskmixin.py:211} WARNING - Dependency <Task(BashOperator): delete_tag>, create_tag already registered for DAG: example_complex
[2023-05-04T08:25:30.628+0000] {processor.py:809} INFO - DAG(s) dict_keys(['example_complex']) retrieved from /home/airflow/.local/lib/python3.7/site-packages/airflow/example_dags/example_complex.py
[2023-05-04T08:25:30.680+0000] {logging_mixin.py:149} INFO - [2023-05-04T08:25:30.680+0000] {dag.py:2726} INFO - Sync 1 DAGs
[2023-05-04T08:25:30.715+0000] {logging_mixin.py:149} INFO - [2023-05-04T08:25:30.714+0000] {dag.py:3490} INFO - Setting next_dagrun for example_complex to None, run_after=None
[2023-05-04T08:25:30.743+0000] {processor.py:178} INFO - Processing /home/airflow/.local/lib/python3.7/site-packages/airflow/example_dags/example_complex.py took 0.142 seconds
