[2023-05-04T08:17:00.644+0000] {processor.py:156} INFO - Started process (PID=5235) to work on /home/airflow/.local/lib/python3.7/site-packages/airflow/example_dags/example_params_trigger_ui.py
[2023-05-04T08:17:00.645+0000] {processor.py:799} INFO - Processing file /home/airflow/.local/lib/python3.7/site-packages/airflow/example_dags/example_params_trigger_ui.py for tasks to queue
[2023-05-04T08:17:00.646+0000] {logging_mixin.py:149} INFO - [2023-05-04T08:17:00.646+0000] {dagbag.py:541} INFO - Filling up the DagBag from /home/airflow/.local/lib/python3.7/site-packages/airflow/example_dags/example_params_trigger_ui.py
[2023-05-04T08:17:00.678+0000] {processor.py:809} INFO - DAG(s) dict_keys(['example_params_trigger_ui']) retrieved from /home/airflow/.local/lib/python3.7/site-packages/airflow/example_dags/example_params_trigger_ui.py
[2023-05-04T08:17:00.845+0000] {logging_mixin.py:149} INFO - [2023-05-04T08:17:00.845+0000] {dag.py:2726} INFO - Sync 1 DAGs
[2023-05-04T08:17:01.020+0000] {logging_mixin.py:149} INFO - [2023-05-04T08:17:01.020+0000] {dag.py:3490} INFO - Setting next_dagrun for example_params_trigger_ui to None, run_after=None
[2023-05-04T08:17:01.043+0000] {processor.py:178} INFO - Processing /home/airflow/.local/lib/python3.7/site-packages/airflow/example_dags/example_params_trigger_ui.py took 0.403 seconds
[2023-05-04T08:17:31.407+0000] {processor.py:156} INFO - Started process (PID=5489) to work on /home/airflow/.local/lib/python3.7/site-packages/airflow/example_dags/example_params_trigger_ui.py
[2023-05-04T08:17:31.408+0000] {processor.py:799} INFO - Processing file /home/airflow/.local/lib/python3.7/site-packages/airflow/example_dags/example_params_trigger_ui.py for tasks to queue
[2023-05-04T08:17:31.409+0000] {logging_mixin.py:149} INFO - [2023-05-04T08:17:31.409+0000] {dagbag.py:541} INFO - Filling up the DagBag from /home/airflow/.local/lib/python3.7/site-packages/airflow/example_dags/example_params_trigger_ui.py
[2023-05-04T08:17:31.435+0000] {processor.py:809} INFO - DAG(s) dict_keys(['example_params_trigger_ui']) retrieved from /home/airflow/.local/lib/python3.7/site-packages/airflow/example_dags/example_params_trigger_ui.py
[2023-05-04T08:17:31.551+0000] {logging_mixin.py:149} INFO - [2023-05-04T08:17:31.551+0000] {dag.py:2726} INFO - Sync 1 DAGs
[2023-05-04T08:17:31.692+0000] {logging_mixin.py:149} INFO - [2023-05-04T08:17:31.692+0000] {dag.py:3490} INFO - Setting next_dagrun for example_params_trigger_ui to None, run_after=None
[2023-05-04T08:17:31.716+0000] {processor.py:178} INFO - Processing /home/airflow/.local/lib/python3.7/site-packages/airflow/example_dags/example_params_trigger_ui.py took 0.313 seconds
[2023-05-04T08:18:02.364+0000] {processor.py:156} INFO - Started process (PID=5742) to work on /home/airflow/.local/lib/python3.7/site-packages/airflow/example_dags/example_params_trigger_ui.py
[2023-05-04T08:18:02.366+0000] {processor.py:799} INFO - Processing file /home/airflow/.local/lib/python3.7/site-packages/airflow/example_dags/example_params_trigger_ui.py for tasks to queue
[2023-05-04T08:18:02.368+0000] {logging_mixin.py:149} INFO - [2023-05-04T08:18:02.367+0000] {dagbag.py:541} INFO - Filling up the DagBag from /home/airflow/.local/lib/python3.7/site-packages/airflow/example_dags/example_params_trigger_ui.py
[2023-05-04T08:18:02.436+0000] {processor.py:809} INFO - DAG(s) dict_keys(['example_params_trigger_ui']) retrieved from /home/airflow/.local/lib/python3.7/site-packages/airflow/example_dags/example_params_trigger_ui.py
[2023-05-04T08:18:02.669+0000] {logging_mixin.py:149} INFO - [2023-05-04T08:18:02.669+0000] {dag.py:2726} INFO - Sync 1 DAGs
[2023-05-04T08:18:02.740+0000] {logging_mixin.py:149} INFO - [2023-05-04T08:18:02.740+0000] {dag.py:3490} INFO - Setting next_dagrun for example_params_trigger_ui to None, run_after=None
[2023-05-04T08:18:02.781+0000] {processor.py:178} INFO - Processing /home/airflow/.local/lib/python3.7/site-packages/airflow/example_dags/example_params_trigger_ui.py took 0.423 seconds
[2023-05-04T08:18:32.857+0000] {processor.py:156} INFO - Started process (PID=5983) to work on /home/airflow/.local/lib/python3.7/site-packages/airflow/example_dags/example_params_trigger_ui.py
[2023-05-04T08:18:32.858+0000] {processor.py:799} INFO - Processing file /home/airflow/.local/lib/python3.7/site-packages/airflow/example_dags/example_params_trigger_ui.py for tasks to queue
[2023-05-04T08:18:32.859+0000] {logging_mixin.py:149} INFO - [2023-05-04T08:18:32.859+0000] {dagbag.py:541} INFO - Filling up the DagBag from /home/airflow/.local/lib/python3.7/site-packages/airflow/example_dags/example_params_trigger_ui.py
[2023-05-04T08:18:32.887+0000] {processor.py:809} INFO - DAG(s) dict_keys(['example_params_trigger_ui']) retrieved from /home/airflow/.local/lib/python3.7/site-packages/airflow/example_dags/example_params_trigger_ui.py
[2023-05-04T08:18:33.132+0000] {logging_mixin.py:149} INFO - [2023-05-04T08:18:33.132+0000] {dag.py:2726} INFO - Sync 1 DAGs
[2023-05-04T08:18:33.166+0000] {logging_mixin.py:149} INFO - [2023-05-04T08:18:33.165+0000] {dag.py:3490} INFO - Setting next_dagrun for example_params_trigger_ui to None, run_after=None
[2023-05-04T08:18:33.188+0000] {processor.py:178} INFO - Processing /home/airflow/.local/lib/python3.7/site-packages/airflow/example_dags/example_params_trigger_ui.py took 0.335 seconds
[2023-05-04T08:19:03.424+0000] {processor.py:156} INFO - Started process (PID=6239) to work on /home/airflow/.local/lib/python3.7/site-packages/airflow/example_dags/example_params_trigger_ui.py
[2023-05-04T08:19:03.425+0000] {processor.py:799} INFO - Processing file /home/airflow/.local/lib/python3.7/site-packages/airflow/example_dags/example_params_trigger_ui.py for tasks to queue
[2023-05-04T08:19:03.426+0000] {logging_mixin.py:149} INFO - [2023-05-04T08:19:03.426+0000] {dagbag.py:541} INFO - Filling up the DagBag from /home/airflow/.local/lib/python3.7/site-packages/airflow/example_dags/example_params_trigger_ui.py
[2023-05-04T08:19:03.454+0000] {processor.py:809} INFO - DAG(s) dict_keys(['example_params_trigger_ui']) retrieved from /home/airflow/.local/lib/python3.7/site-packages/airflow/example_dags/example_params_trigger_ui.py
[2023-05-04T08:19:03.583+0000] {logging_mixin.py:149} INFO - [2023-05-04T08:19:03.583+0000] {dag.py:2726} INFO - Sync 1 DAGs
[2023-05-04T08:19:03.812+0000] {logging_mixin.py:149} INFO - [2023-05-04T08:19:03.811+0000] {dag.py:3490} INFO - Setting next_dagrun for example_params_trigger_ui to None, run_after=None
[2023-05-04T08:19:03.848+0000] {processor.py:178} INFO - Processing /home/airflow/.local/lib/python3.7/site-packages/airflow/example_dags/example_params_trigger_ui.py took 0.429 seconds
[2023-05-04T08:19:34.644+0000] {processor.py:156} INFO - Started process (PID=6497) to work on /home/airflow/.local/lib/python3.7/site-packages/airflow/example_dags/example_params_trigger_ui.py
[2023-05-04T08:19:34.645+0000] {processor.py:799} INFO - Processing file /home/airflow/.local/lib/python3.7/site-packages/airflow/example_dags/example_params_trigger_ui.py for tasks to queue
[2023-05-04T08:19:34.646+0000] {logging_mixin.py:149} INFO - [2023-05-04T08:19:34.646+0000] {dagbag.py:541} INFO - Filling up the DagBag from /home/airflow/.local/lib/python3.7/site-packages/airflow/example_dags/example_params_trigger_ui.py
[2023-05-04T08:19:34.673+0000] {processor.py:809} INFO - DAG(s) dict_keys(['example_params_trigger_ui']) retrieved from /home/airflow/.local/lib/python3.7/site-packages/airflow/example_dags/example_params_trigger_ui.py
[2023-05-04T08:19:34.803+0000] {logging_mixin.py:149} INFO - [2023-05-04T08:19:34.803+0000] {dag.py:2726} INFO - Sync 1 DAGs
[2023-05-04T08:19:34.962+0000] {logging_mixin.py:149} INFO - [2023-05-04T08:19:34.962+0000] {dag.py:3490} INFO - Setting next_dagrun for example_params_trigger_ui to None, run_after=None
[2023-05-04T08:19:34.987+0000] {processor.py:178} INFO - Processing /home/airflow/.local/lib/python3.7/site-packages/airflow/example_dags/example_params_trigger_ui.py took 0.347 seconds
[2023-05-04T08:20:05.240+0000] {processor.py:156} INFO - Started process (PID=6750) to work on /home/airflow/.local/lib/python3.7/site-packages/airflow/example_dags/example_params_trigger_ui.py
[2023-05-04T08:20:05.241+0000] {processor.py:799} INFO - Processing file /home/airflow/.local/lib/python3.7/site-packages/airflow/example_dags/example_params_trigger_ui.py for tasks to queue
[2023-05-04T08:20:05.242+0000] {logging_mixin.py:149} INFO - [2023-05-04T08:20:05.242+0000] {dagbag.py:541} INFO - Filling up the DagBag from /home/airflow/.local/lib/python3.7/site-packages/airflow/example_dags/example_params_trigger_ui.py
[2023-05-04T08:20:05.270+0000] {processor.py:809} INFO - DAG(s) dict_keys(['example_params_trigger_ui']) retrieved from /home/airflow/.local/lib/python3.7/site-packages/airflow/example_dags/example_params_trigger_ui.py
[2023-05-04T08:20:05.400+0000] {logging_mixin.py:149} INFO - [2023-05-04T08:20:05.400+0000] {dag.py:2726} INFO - Sync 1 DAGs
[2023-05-04T08:20:05.609+0000] {logging_mixin.py:149} INFO - [2023-05-04T08:20:05.608+0000] {dag.py:3490} INFO - Setting next_dagrun for example_params_trigger_ui to None, run_after=None
[2023-05-04T08:20:05.633+0000] {processor.py:178} INFO - Processing /home/airflow/.local/lib/python3.7/site-packages/airflow/example_dags/example_params_trigger_ui.py took 0.397 seconds
[2023-05-04T08:20:35.909+0000] {processor.py:156} INFO - Started process (PID=7013) to work on /home/airflow/.local/lib/python3.7/site-packages/airflow/example_dags/example_params_trigger_ui.py
[2023-05-04T08:20:35.910+0000] {processor.py:799} INFO - Processing file /home/airflow/.local/lib/python3.7/site-packages/airflow/example_dags/example_params_trigger_ui.py for tasks to queue
[2023-05-04T08:20:35.911+0000] {logging_mixin.py:149} INFO - [2023-05-04T08:20:35.911+0000] {dagbag.py:541} INFO - Filling up the DagBag from /home/airflow/.local/lib/python3.7/site-packages/airflow/example_dags/example_params_trigger_ui.py
[2023-05-04T08:20:35.940+0000] {processor.py:809} INFO - DAG(s) dict_keys(['example_params_trigger_ui']) retrieved from /home/airflow/.local/lib/python3.7/site-packages/airflow/example_dags/example_params_trigger_ui.py
[2023-05-04T08:20:36.169+0000] {logging_mixin.py:149} INFO - [2023-05-04T08:20:36.169+0000] {dag.py:2726} INFO - Sync 1 DAGs
[2023-05-04T08:20:36.195+0000] {logging_mixin.py:149} INFO - [2023-05-04T08:20:36.195+0000] {dag.py:3490} INFO - Setting next_dagrun for example_params_trigger_ui to None, run_after=None
[2023-05-04T08:20:36.215+0000] {processor.py:178} INFO - Processing /home/airflow/.local/lib/python3.7/site-packages/airflow/example_dags/example_params_trigger_ui.py took 0.311 seconds
[2023-05-04T08:21:06.614+0000] {processor.py:156} INFO - Started process (PID=7257) to work on /home/airflow/.local/lib/python3.7/site-packages/airflow/example_dags/example_params_trigger_ui.py
[2023-05-04T08:21:06.621+0000] {processor.py:799} INFO - Processing file /home/airflow/.local/lib/python3.7/site-packages/airflow/example_dags/example_params_trigger_ui.py for tasks to queue
[2023-05-04T08:21:06.627+0000] {logging_mixin.py:149} INFO - [2023-05-04T08:21:06.626+0000] {dagbag.py:541} INFO - Filling up the DagBag from /home/airflow/.local/lib/python3.7/site-packages/airflow/example_dags/example_params_trigger_ui.py
[2023-05-04T08:21:06.843+0000] {processor.py:809} INFO - DAG(s) dict_keys(['example_params_trigger_ui']) retrieved from /home/airflow/.local/lib/python3.7/site-packages/airflow/example_dags/example_params_trigger_ui.py
[2023-05-04T08:21:07.809+0000] {logging_mixin.py:149} INFO - [2023-05-04T08:21:07.809+0000] {dag.py:2726} INFO - Sync 1 DAGs
[2023-05-04T08:21:08.036+0000] {logging_mixin.py:149} INFO - [2023-05-04T08:21:08.036+0000] {dag.py:3490} INFO - Setting next_dagrun for example_params_trigger_ui to None, run_after=None
[2023-05-04T08:21:08.239+0000] {processor.py:178} INFO - Processing /home/airflow/.local/lib/python3.7/site-packages/airflow/example_dags/example_params_trigger_ui.py took 1.641 seconds
[2023-05-04T08:21:39.035+0000] {processor.py:156} INFO - Started process (PID=7523) to work on /home/airflow/.local/lib/python3.7/site-packages/airflow/example_dags/example_params_trigger_ui.py
[2023-05-04T08:21:39.036+0000] {processor.py:799} INFO - Processing file /home/airflow/.local/lib/python3.7/site-packages/airflow/example_dags/example_params_trigger_ui.py for tasks to queue
[2023-05-04T08:21:39.037+0000] {logging_mixin.py:149} INFO - [2023-05-04T08:21:39.037+0000] {dagbag.py:541} INFO - Filling up the DagBag from /home/airflow/.local/lib/python3.7/site-packages/airflow/example_dags/example_params_trigger_ui.py
[2023-05-04T08:21:39.065+0000] {processor.py:809} INFO - DAG(s) dict_keys(['example_params_trigger_ui']) retrieved from /home/airflow/.local/lib/python3.7/site-packages/airflow/example_dags/example_params_trigger_ui.py
[2023-05-04T08:21:39.184+0000] {logging_mixin.py:149} INFO - [2023-05-04T08:21:39.184+0000] {dag.py:2726} INFO - Sync 1 DAGs
[2023-05-04T08:21:39.214+0000] {logging_mixin.py:149} INFO - [2023-05-04T08:21:39.214+0000] {dag.py:3490} INFO - Setting next_dagrun for example_params_trigger_ui to None, run_after=None
[2023-05-04T08:21:39.238+0000] {processor.py:178} INFO - Processing /home/airflow/.local/lib/python3.7/site-packages/airflow/example_dags/example_params_trigger_ui.py took 0.207 seconds
[2023-05-04T08:22:09.308+0000] {processor.py:156} INFO - Started process (PID=7776) to work on /home/airflow/.local/lib/python3.7/site-packages/airflow/example_dags/example_params_trigger_ui.py
[2023-05-04T08:22:09.309+0000] {processor.py:799} INFO - Processing file /home/airflow/.local/lib/python3.7/site-packages/airflow/example_dags/example_params_trigger_ui.py for tasks to queue
[2023-05-04T08:22:09.310+0000] {logging_mixin.py:149} INFO - [2023-05-04T08:22:09.310+0000] {dagbag.py:541} INFO - Filling up the DagBag from /home/airflow/.local/lib/python3.7/site-packages/airflow/example_dags/example_params_trigger_ui.py
[2023-05-04T08:22:09.348+0000] {processor.py:809} INFO - DAG(s) dict_keys(['example_params_trigger_ui']) retrieved from /home/airflow/.local/lib/python3.7/site-packages/airflow/example_dags/example_params_trigger_ui.py
[2023-05-04T08:22:09.468+0000] {logging_mixin.py:149} INFO - [2023-05-04T08:22:09.467+0000] {dag.py:2726} INFO - Sync 1 DAGs
[2023-05-04T08:22:09.496+0000] {logging_mixin.py:149} INFO - [2023-05-04T08:22:09.496+0000] {dag.py:3490} INFO - Setting next_dagrun for example_params_trigger_ui to None, run_after=None
[2023-05-04T08:22:09.518+0000] {processor.py:178} INFO - Processing /home/airflow/.local/lib/python3.7/site-packages/airflow/example_dags/example_params_trigger_ui.py took 0.214 seconds
[2023-05-04T08:22:39.575+0000] {processor.py:156} INFO - Started process (PID=8030) to work on /home/airflow/.local/lib/python3.7/site-packages/airflow/example_dags/example_params_trigger_ui.py
[2023-05-04T08:22:39.576+0000] {processor.py:799} INFO - Processing file /home/airflow/.local/lib/python3.7/site-packages/airflow/example_dags/example_params_trigger_ui.py for tasks to queue
[2023-05-04T08:22:39.577+0000] {logging_mixin.py:149} INFO - [2023-05-04T08:22:39.577+0000] {dagbag.py:541} INFO - Filling up the DagBag from /home/airflow/.local/lib/python3.7/site-packages/airflow/example_dags/example_params_trigger_ui.py
[2023-05-04T08:22:39.605+0000] {processor.py:809} INFO - DAG(s) dict_keys(['example_params_trigger_ui']) retrieved from /home/airflow/.local/lib/python3.7/site-packages/airflow/example_dags/example_params_trigger_ui.py
[2023-05-04T08:22:39.715+0000] {logging_mixin.py:149} INFO - [2023-05-04T08:22:39.715+0000] {dag.py:2726} INFO - Sync 1 DAGs
[2023-05-04T08:22:39.744+0000] {logging_mixin.py:149} INFO - [2023-05-04T08:22:39.744+0000] {dag.py:3490} INFO - Setting next_dagrun for example_params_trigger_ui to None, run_after=None
[2023-05-04T08:22:39.769+0000] {processor.py:178} INFO - Processing /home/airflow/.local/lib/python3.7/site-packages/airflow/example_dags/example_params_trigger_ui.py took 0.198 seconds
[2023-05-04T08:23:09.866+0000] {processor.py:156} INFO - Started process (PID=8286) to work on /home/airflow/.local/lib/python3.7/site-packages/airflow/example_dags/example_params_trigger_ui.py
[2023-05-04T08:23:09.867+0000] {processor.py:799} INFO - Processing file /home/airflow/.local/lib/python3.7/site-packages/airflow/example_dags/example_params_trigger_ui.py for tasks to queue
[2023-05-04T08:23:09.868+0000] {logging_mixin.py:149} INFO - [2023-05-04T08:23:09.868+0000] {dagbag.py:541} INFO - Filling up the DagBag from /home/airflow/.local/lib/python3.7/site-packages/airflow/example_dags/example_params_trigger_ui.py
[2023-05-04T08:23:09.900+0000] {processor.py:809} INFO - DAG(s) dict_keys(['example_params_trigger_ui']) retrieved from /home/airflow/.local/lib/python3.7/site-packages/airflow/example_dags/example_params_trigger_ui.py
[2023-05-04T08:23:10.047+0000] {logging_mixin.py:149} INFO - [2023-05-04T08:23:10.047+0000] {dag.py:2726} INFO - Sync 1 DAGs
[2023-05-04T08:23:10.087+0000] {logging_mixin.py:149} INFO - [2023-05-04T08:23:10.087+0000] {dag.py:3490} INFO - Setting next_dagrun for example_params_trigger_ui to None, run_after=None
[2023-05-04T08:23:10.121+0000] {processor.py:178} INFO - Processing /home/airflow/.local/lib/python3.7/site-packages/airflow/example_dags/example_params_trigger_ui.py took 0.259 seconds
[2023-05-04T08:23:40.223+0000] {processor.py:156} INFO - Started process (PID=8540) to work on /home/airflow/.local/lib/python3.7/site-packages/airflow/example_dags/example_params_trigger_ui.py
[2023-05-04T08:23:40.225+0000] {processor.py:799} INFO - Processing file /home/airflow/.local/lib/python3.7/site-packages/airflow/example_dags/example_params_trigger_ui.py for tasks to queue
[2023-05-04T08:23:40.226+0000] {logging_mixin.py:149} INFO - [2023-05-04T08:23:40.226+0000] {dagbag.py:541} INFO - Filling up the DagBag from /home/airflow/.local/lib/python3.7/site-packages/airflow/example_dags/example_params_trigger_ui.py
[2023-05-04T08:23:40.253+0000] {processor.py:809} INFO - DAG(s) dict_keys(['example_params_trigger_ui']) retrieved from /home/airflow/.local/lib/python3.7/site-packages/airflow/example_dags/example_params_trigger_ui.py
[2023-05-04T08:23:40.400+0000] {logging_mixin.py:149} INFO - [2023-05-04T08:23:40.399+0000] {dag.py:2726} INFO - Sync 1 DAGs
[2023-05-04T08:23:40.431+0000] {logging_mixin.py:149} INFO - [2023-05-04T08:23:40.430+0000] {dag.py:3490} INFO - Setting next_dagrun for example_params_trigger_ui to None, run_after=None
[2023-05-04T08:23:40.454+0000] {processor.py:178} INFO - Processing /home/airflow/.local/lib/python3.7/site-packages/airflow/example_dags/example_params_trigger_ui.py took 0.234 seconds
[2023-05-04T08:24:10.859+0000] {processor.py:156} INFO - Started process (PID=8799) to work on /home/airflow/.local/lib/python3.7/site-packages/airflow/example_dags/example_params_trigger_ui.py
[2023-05-04T08:24:10.860+0000] {processor.py:799} INFO - Processing file /home/airflow/.local/lib/python3.7/site-packages/airflow/example_dags/example_params_trigger_ui.py for tasks to queue
[2023-05-04T08:24:10.861+0000] {logging_mixin.py:149} INFO - [2023-05-04T08:24:10.861+0000] {dagbag.py:541} INFO - Filling up the DagBag from /home/airflow/.local/lib/python3.7/site-packages/airflow/example_dags/example_params_trigger_ui.py
[2023-05-04T08:24:10.889+0000] {processor.py:809} INFO - DAG(s) dict_keys(['example_params_trigger_ui']) retrieved from /home/airflow/.local/lib/python3.7/site-packages/airflow/example_dags/example_params_trigger_ui.py
[2023-05-04T08:24:11.007+0000] {logging_mixin.py:149} INFO - [2023-05-04T08:24:11.007+0000] {dag.py:2726} INFO - Sync 1 DAGs
[2023-05-04T08:24:11.045+0000] {logging_mixin.py:149} INFO - [2023-05-04T08:24:11.045+0000] {dag.py:3490} INFO - Setting next_dagrun for example_params_trigger_ui to None, run_after=None
[2023-05-04T08:24:11.071+0000] {processor.py:178} INFO - Processing /home/airflow/.local/lib/python3.7/site-packages/airflow/example_dags/example_params_trigger_ui.py took 0.216 seconds
[2023-05-04T08:24:41.208+0000] {processor.py:156} INFO - Started process (PID=9053) to work on /home/airflow/.local/lib/python3.7/site-packages/airflow/example_dags/example_params_trigger_ui.py
[2023-05-04T08:24:41.209+0000] {processor.py:799} INFO - Processing file /home/airflow/.local/lib/python3.7/site-packages/airflow/example_dags/example_params_trigger_ui.py for tasks to queue
[2023-05-04T08:24:41.210+0000] {logging_mixin.py:149} INFO - [2023-05-04T08:24:41.210+0000] {dagbag.py:541} INFO - Filling up the DagBag from /home/airflow/.local/lib/python3.7/site-packages/airflow/example_dags/example_params_trigger_ui.py
[2023-05-04T08:24:41.241+0000] {processor.py:809} INFO - DAG(s) dict_keys(['example_params_trigger_ui']) retrieved from /home/airflow/.local/lib/python3.7/site-packages/airflow/example_dags/example_params_trigger_ui.py
[2023-05-04T08:24:41.387+0000] {logging_mixin.py:149} INFO - [2023-05-04T08:24:41.387+0000] {dag.py:2726} INFO - Sync 1 DAGs
[2023-05-04T08:24:41.425+0000] {logging_mixin.py:149} INFO - [2023-05-04T08:24:41.425+0000] {dag.py:3490} INFO - Setting next_dagrun for example_params_trigger_ui to None, run_after=None
[2023-05-04T08:24:41.451+0000] {processor.py:178} INFO - Processing /home/airflow/.local/lib/python3.7/site-packages/airflow/example_dags/example_params_trigger_ui.py took 0.247 seconds
[2023-05-04T08:25:12.280+0000] {processor.py:156} INFO - Started process (PID=9307) to work on /home/airflow/.local/lib/python3.7/site-packages/airflow/example_dags/example_params_trigger_ui.py
[2023-05-04T08:25:12.282+0000] {processor.py:799} INFO - Processing file /home/airflow/.local/lib/python3.7/site-packages/airflow/example_dags/example_params_trigger_ui.py for tasks to queue
[2023-05-04T08:25:12.283+0000] {logging_mixin.py:149} INFO - [2023-05-04T08:25:12.283+0000] {dagbag.py:541} INFO - Filling up the DagBag from /home/airflow/.local/lib/python3.7/site-packages/airflow/example_dags/example_params_trigger_ui.py
[2023-05-04T08:25:12.330+0000] {processor.py:809} INFO - DAG(s) dict_keys(['example_params_trigger_ui']) retrieved from /home/airflow/.local/lib/python3.7/site-packages/airflow/example_dags/example_params_trigger_ui.py
[2023-05-04T08:25:12.612+0000] {logging_mixin.py:149} INFO - [2023-05-04T08:25:12.606+0000] {dag.py:2726} INFO - Sync 1 DAGs
[2023-05-04T08:25:12.745+0000] {logging_mixin.py:149} INFO - [2023-05-04T08:25:12.745+0000] {dag.py:3490} INFO - Setting next_dagrun for example_params_trigger_ui to None, run_after=None
[2023-05-04T08:25:12.864+0000] {processor.py:178} INFO - Processing /home/airflow/.local/lib/python3.7/site-packages/airflow/example_dags/example_params_trigger_ui.py took 0.590 seconds
