[2023-05-04T08:16:38.075+0000] {processor.py:156} INFO - Started process (PID=5033) to work on /home/airflow/.local/lib/python3.7/site-packages/airflow/example_dags/example_params_ui_tutorial.py
[2023-05-04T08:16:38.076+0000] {processor.py:799} INFO - Processing file /home/airflow/.local/lib/python3.7/site-packages/airflow/example_dags/example_params_ui_tutorial.py for tasks to queue
[2023-05-04T08:16:38.077+0000] {logging_mixin.py:149} INFO - [2023-05-04T08:16:38.077+0000] {dagbag.py:541} INFO - Filling up the DagBag from /home/airflow/.local/lib/python3.7/site-packages/airflow/example_dags/example_params_ui_tutorial.py
[2023-05-04T08:16:38.143+0000] {processor.py:809} INFO - DAG(s) dict_keys(['example_params_ui_tutorial']) retrieved from /home/airflow/.local/lib/python3.7/site-packages/airflow/example_dags/example_params_ui_tutorial.py
[2023-05-04T08:16:38.250+0000] {logging_mixin.py:149} INFO - [2023-05-04T08:16:38.250+0000] {dag.py:2726} INFO - Sync 1 DAGs
[2023-05-04T08:16:38.284+0000] {logging_mixin.py:149} INFO - [2023-05-04T08:16:38.283+0000] {dag.py:3490} INFO - Setting next_dagrun for example_params_ui_tutorial to None, run_after=None
[2023-05-04T08:16:38.309+0000] {processor.py:178} INFO - Processing /home/airflow/.local/lib/python3.7/site-packages/airflow/example_dags/example_params_ui_tutorial.py took 0.240 seconds
[2023-05-04T08:17:08.608+0000] {processor.py:156} INFO - Started process (PID=5290) to work on /home/airflow/.local/lib/python3.7/site-packages/airflow/example_dags/example_params_ui_tutorial.py
[2023-05-04T08:17:08.610+0000] {processor.py:799} INFO - Processing file /home/airflow/.local/lib/python3.7/site-packages/airflow/example_dags/example_params_ui_tutorial.py for tasks to queue
[2023-05-04T08:17:08.611+0000] {logging_mixin.py:149} INFO - [2023-05-04T08:17:08.611+0000] {dagbag.py:541} INFO - Filling up the DagBag from /home/airflow/.local/lib/python3.7/site-packages/airflow/example_dags/example_params_ui_tutorial.py
[2023-05-04T08:17:08.674+0000] {processor.py:809} INFO - DAG(s) dict_keys(['example_params_ui_tutorial']) retrieved from /home/airflow/.local/lib/python3.7/site-packages/airflow/example_dags/example_params_ui_tutorial.py
[2023-05-04T08:17:08.778+0000] {logging_mixin.py:149} INFO - [2023-05-04T08:17:08.778+0000] {dag.py:2726} INFO - Sync 1 DAGs
[2023-05-04T08:17:08.817+0000] {logging_mixin.py:149} INFO - [2023-05-04T08:17:08.817+0000] {dag.py:3490} INFO - Setting next_dagrun for example_params_ui_tutorial to None, run_after=None
[2023-05-04T08:17:08.849+0000] {processor.py:178} INFO - Processing /home/airflow/.local/lib/python3.7/site-packages/airflow/example_dags/example_params_ui_tutorial.py took 0.245 seconds
[2023-05-04T08:17:39.027+0000] {processor.py:156} INFO - Started process (PID=5536) to work on /home/airflow/.local/lib/python3.7/site-packages/airflow/example_dags/example_params_ui_tutorial.py
[2023-05-04T08:17:39.028+0000] {processor.py:799} INFO - Processing file /home/airflow/.local/lib/python3.7/site-packages/airflow/example_dags/example_params_ui_tutorial.py for tasks to queue
[2023-05-04T08:17:39.029+0000] {logging_mixin.py:149} INFO - [2023-05-04T08:17:39.029+0000] {dagbag.py:541} INFO - Filling up the DagBag from /home/airflow/.local/lib/python3.7/site-packages/airflow/example_dags/example_params_ui_tutorial.py
[2023-05-04T08:17:39.084+0000] {processor.py:809} INFO - DAG(s) dict_keys(['example_params_ui_tutorial']) retrieved from /home/airflow/.local/lib/python3.7/site-packages/airflow/example_dags/example_params_ui_tutorial.py
[2023-05-04T08:17:39.175+0000] {logging_mixin.py:149} INFO - [2023-05-04T08:17:39.174+0000] {dag.py:2726} INFO - Sync 1 DAGs
[2023-05-04T08:17:39.331+0000] {logging_mixin.py:149} INFO - [2023-05-04T08:17:39.331+0000] {dag.py:3490} INFO - Setting next_dagrun for example_params_ui_tutorial to None, run_after=None
[2023-05-04T08:17:39.360+0000] {processor.py:178} INFO - Processing /home/airflow/.local/lib/python3.7/site-packages/airflow/example_dags/example_params_ui_tutorial.py took 0.337 seconds
[2023-05-04T08:18:09.653+0000] {processor.py:156} INFO - Started process (PID=5790) to work on /home/airflow/.local/lib/python3.7/site-packages/airflow/example_dags/example_params_ui_tutorial.py
[2023-05-04T08:18:09.655+0000] {processor.py:799} INFO - Processing file /home/airflow/.local/lib/python3.7/site-packages/airflow/example_dags/example_params_ui_tutorial.py for tasks to queue
[2023-05-04T08:18:09.656+0000] {logging_mixin.py:149} INFO - [2023-05-04T08:18:09.656+0000] {dagbag.py:541} INFO - Filling up the DagBag from /home/airflow/.local/lib/python3.7/site-packages/airflow/example_dags/example_params_ui_tutorial.py
[2023-05-04T08:18:09.718+0000] {processor.py:809} INFO - DAG(s) dict_keys(['example_params_ui_tutorial']) retrieved from /home/airflow/.local/lib/python3.7/site-packages/airflow/example_dags/example_params_ui_tutorial.py
[2023-05-04T08:18:09.810+0000] {logging_mixin.py:149} INFO - [2023-05-04T08:18:09.810+0000] {dag.py:2726} INFO - Sync 1 DAGs
[2023-05-04T08:18:09.841+0000] {logging_mixin.py:149} INFO - [2023-05-04T08:18:09.841+0000] {dag.py:3490} INFO - Setting next_dagrun for example_params_ui_tutorial to None, run_after=None
[2023-05-04T08:18:09.867+0000] {processor.py:178} INFO - Processing /home/airflow/.local/lib/python3.7/site-packages/airflow/example_dags/example_params_ui_tutorial.py took 0.219 seconds
[2023-05-04T08:18:40.062+0000] {processor.py:156} INFO - Started process (PID=6044) to work on /home/airflow/.local/lib/python3.7/site-packages/airflow/example_dags/example_params_ui_tutorial.py
[2023-05-04T08:18:40.064+0000] {processor.py:799} INFO - Processing file /home/airflow/.local/lib/python3.7/site-packages/airflow/example_dags/example_params_ui_tutorial.py for tasks to queue
[2023-05-04T08:18:40.065+0000] {logging_mixin.py:149} INFO - [2023-05-04T08:18:40.065+0000] {dagbag.py:541} INFO - Filling up the DagBag from /home/airflow/.local/lib/python3.7/site-packages/airflow/example_dags/example_params_ui_tutorial.py
[2023-05-04T08:18:40.117+0000] {processor.py:809} INFO - DAG(s) dict_keys(['example_params_ui_tutorial']) retrieved from /home/airflow/.local/lib/python3.7/site-packages/airflow/example_dags/example_params_ui_tutorial.py
[2023-05-04T08:18:40.348+0000] {logging_mixin.py:149} INFO - [2023-05-04T08:18:40.347+0000] {dag.py:2726} INFO - Sync 1 DAGs
[2023-05-04T08:18:40.372+0000] {logging_mixin.py:149} INFO - [2023-05-04T08:18:40.372+0000] {dag.py:3490} INFO - Setting next_dagrun for example_params_ui_tutorial to None, run_after=None
[2023-05-04T08:18:40.395+0000] {processor.py:178} INFO - Processing /home/airflow/.local/lib/python3.7/site-packages/airflow/example_dags/example_params_ui_tutorial.py took 0.337 seconds
[2023-05-04T08:19:10.601+0000] {processor.py:156} INFO - Started process (PID=6297) to work on /home/airflow/.local/lib/python3.7/site-packages/airflow/example_dags/example_params_ui_tutorial.py
[2023-05-04T08:19:10.602+0000] {processor.py:799} INFO - Processing file /home/airflow/.local/lib/python3.7/site-packages/airflow/example_dags/example_params_ui_tutorial.py for tasks to queue
[2023-05-04T08:19:10.604+0000] {logging_mixin.py:149} INFO - [2023-05-04T08:19:10.603+0000] {dagbag.py:541} INFO - Filling up the DagBag from /home/airflow/.local/lib/python3.7/site-packages/airflow/example_dags/example_params_ui_tutorial.py
[2023-05-04T08:19:10.707+0000] {processor.py:809} INFO - DAG(s) dict_keys(['example_params_ui_tutorial']) retrieved from /home/airflow/.local/lib/python3.7/site-packages/airflow/example_dags/example_params_ui_tutorial.py
[2023-05-04T08:19:10.888+0000] {logging_mixin.py:149} INFO - [2023-05-04T08:19:10.888+0000] {dag.py:2726} INFO - Sync 1 DAGs
[2023-05-04T08:19:11.182+0000] {logging_mixin.py:149} INFO - [2023-05-04T08:19:11.182+0000] {dag.py:3490} INFO - Setting next_dagrun for example_params_ui_tutorial to None, run_after=None
[2023-05-04T08:19:11.227+0000] {processor.py:178} INFO - Processing /home/airflow/.local/lib/python3.7/site-packages/airflow/example_dags/example_params_ui_tutorial.py took 0.631 seconds
[2023-05-04T08:19:42.185+0000] {processor.py:156} INFO - Started process (PID=6552) to work on /home/airflow/.local/lib/python3.7/site-packages/airflow/example_dags/example_params_ui_tutorial.py
[2023-05-04T08:19:42.186+0000] {processor.py:799} INFO - Processing file /home/airflow/.local/lib/python3.7/site-packages/airflow/example_dags/example_params_ui_tutorial.py for tasks to queue
[2023-05-04T08:19:42.187+0000] {logging_mixin.py:149} INFO - [2023-05-04T08:19:42.187+0000] {dagbag.py:541} INFO - Filling up the DagBag from /home/airflow/.local/lib/python3.7/site-packages/airflow/example_dags/example_params_ui_tutorial.py
[2023-05-04T08:19:42.237+0000] {processor.py:809} INFO - DAG(s) dict_keys(['example_params_ui_tutorial']) retrieved from /home/airflow/.local/lib/python3.7/site-packages/airflow/example_dags/example_params_ui_tutorial.py
[2023-05-04T08:19:42.328+0000] {logging_mixin.py:149} INFO - [2023-05-04T08:19:42.328+0000] {dag.py:2726} INFO - Sync 1 DAGs
[2023-05-04T08:19:42.462+0000] {logging_mixin.py:149} INFO - [2023-05-04T08:19:42.462+0000] {dag.py:3490} INFO - Setting next_dagrun for example_params_ui_tutorial to None, run_after=None
[2023-05-04T08:19:42.494+0000] {processor.py:178} INFO - Processing /home/airflow/.local/lib/python3.7/site-packages/airflow/example_dags/example_params_ui_tutorial.py took 0.313 seconds
[2023-05-04T08:20:12.765+0000] {processor.py:156} INFO - Started process (PID=6795) to work on /home/airflow/.local/lib/python3.7/site-packages/airflow/example_dags/example_params_ui_tutorial.py
[2023-05-04T08:20:12.766+0000] {processor.py:799} INFO - Processing file /home/airflow/.local/lib/python3.7/site-packages/airflow/example_dags/example_params_ui_tutorial.py for tasks to queue
[2023-05-04T08:20:12.768+0000] {logging_mixin.py:149} INFO - [2023-05-04T08:20:12.767+0000] {dagbag.py:541} INFO - Filling up the DagBag from /home/airflow/.local/lib/python3.7/site-packages/airflow/example_dags/example_params_ui_tutorial.py
[2023-05-04T08:20:12.858+0000] {processor.py:809} INFO - DAG(s) dict_keys(['example_params_ui_tutorial']) retrieved from /home/airflow/.local/lib/python3.7/site-packages/airflow/example_dags/example_params_ui_tutorial.py
[2023-05-04T08:20:12.985+0000] {logging_mixin.py:149} INFO - [2023-05-04T08:20:12.985+0000] {dag.py:2726} INFO - Sync 1 DAGs
[2023-05-04T08:20:13.148+0000] {logging_mixin.py:149} INFO - [2023-05-04T08:20:13.148+0000] {dag.py:3490} INFO - Setting next_dagrun for example_params_ui_tutorial to None, run_after=None
[2023-05-04T08:20:13.177+0000] {processor.py:178} INFO - Processing /home/airflow/.local/lib/python3.7/site-packages/airflow/example_dags/example_params_ui_tutorial.py took 0.417 seconds
[2023-05-04T08:20:43.362+0000] {processor.py:156} INFO - Started process (PID=7046) to work on /home/airflow/.local/lib/python3.7/site-packages/airflow/example_dags/example_params_ui_tutorial.py
[2023-05-04T08:20:43.363+0000] {processor.py:799} INFO - Processing file /home/airflow/.local/lib/python3.7/site-packages/airflow/example_dags/example_params_ui_tutorial.py for tasks to queue
[2023-05-04T08:20:43.364+0000] {logging_mixin.py:149} INFO - [2023-05-04T08:20:43.364+0000] {dagbag.py:541} INFO - Filling up the DagBag from /home/airflow/.local/lib/python3.7/site-packages/airflow/example_dags/example_params_ui_tutorial.py
[2023-05-04T08:20:43.579+0000] {processor.py:809} INFO - DAG(s) dict_keys(['example_params_ui_tutorial']) retrieved from /home/airflow/.local/lib/python3.7/site-packages/airflow/example_dags/example_params_ui_tutorial.py
[2023-05-04T08:20:43.704+0000] {logging_mixin.py:149} INFO - [2023-05-04T08:20:43.704+0000] {dag.py:2726} INFO - Sync 1 DAGs
[2023-05-04T08:20:43.748+0000] {logging_mixin.py:149} INFO - [2023-05-04T08:20:43.748+0000] {dag.py:3490} INFO - Setting next_dagrun for example_params_ui_tutorial to None, run_after=None
[2023-05-04T08:20:43.777+0000] {processor.py:178} INFO - Processing /home/airflow/.local/lib/python3.7/site-packages/airflow/example_dags/example_params_ui_tutorial.py took 0.420 seconds
[2023-05-04T08:21:13.988+0000] {processor.py:156} INFO - Started process (PID=7299) to work on /home/airflow/.local/lib/python3.7/site-packages/airflow/example_dags/example_params_ui_tutorial.py
[2023-05-04T08:21:13.990+0000] {processor.py:799} INFO - Processing file /home/airflow/.local/lib/python3.7/site-packages/airflow/example_dags/example_params_ui_tutorial.py for tasks to queue
[2023-05-04T08:21:13.992+0000] {logging_mixin.py:149} INFO - [2023-05-04T08:21:13.992+0000] {dagbag.py:541} INFO - Filling up the DagBag from /home/airflow/.local/lib/python3.7/site-packages/airflow/example_dags/example_params_ui_tutorial.py
[2023-05-04T08:21:14.102+0000] {processor.py:809} INFO - DAG(s) dict_keys(['example_params_ui_tutorial']) retrieved from /home/airflow/.local/lib/python3.7/site-packages/airflow/example_dags/example_params_ui_tutorial.py
[2023-05-04T08:21:14.288+0000] {logging_mixin.py:149} INFO - [2023-05-04T08:21:14.288+0000] {dag.py:2726} INFO - Sync 1 DAGs
[2023-05-04T08:21:14.361+0000] {logging_mixin.py:149} INFO - [2023-05-04T08:21:14.361+0000] {dag.py:3490} INFO - Setting next_dagrun for example_params_ui_tutorial to None, run_after=None
[2023-05-04T08:21:14.408+0000] {processor.py:178} INFO - Processing /home/airflow/.local/lib/python3.7/site-packages/airflow/example_dags/example_params_ui_tutorial.py took 0.427 seconds
[2023-05-04T08:21:44.517+0000] {processor.py:156} INFO - Started process (PID=7552) to work on /home/airflow/.local/lib/python3.7/site-packages/airflow/example_dags/example_params_ui_tutorial.py
[2023-05-04T08:21:44.518+0000] {processor.py:799} INFO - Processing file /home/airflow/.local/lib/python3.7/site-packages/airflow/example_dags/example_params_ui_tutorial.py for tasks to queue
[2023-05-04T08:21:44.519+0000] {logging_mixin.py:149} INFO - [2023-05-04T08:21:44.519+0000] {dagbag.py:541} INFO - Filling up the DagBag from /home/airflow/.local/lib/python3.7/site-packages/airflow/example_dags/example_params_ui_tutorial.py
[2023-05-04T08:21:44.567+0000] {processor.py:809} INFO - DAG(s) dict_keys(['example_params_ui_tutorial']) retrieved from /home/airflow/.local/lib/python3.7/site-packages/airflow/example_dags/example_params_ui_tutorial.py
[2023-05-04T08:21:44.649+0000] {logging_mixin.py:149} INFO - [2023-05-04T08:21:44.649+0000] {dag.py:2726} INFO - Sync 1 DAGs
[2023-05-04T08:21:44.676+0000] {logging_mixin.py:149} INFO - [2023-05-04T08:21:44.676+0000] {dag.py:3490} INFO - Setting next_dagrun for example_params_ui_tutorial to None, run_after=None
[2023-05-04T08:21:44.700+0000] {processor.py:178} INFO - Processing /home/airflow/.local/lib/python3.7/site-packages/airflow/example_dags/example_params_ui_tutorial.py took 0.187 seconds
[2023-05-04T08:22:14.796+0000] {processor.py:156} INFO - Started process (PID=7806) to work on /home/airflow/.local/lib/python3.7/site-packages/airflow/example_dags/example_params_ui_tutorial.py
[2023-05-04T08:22:14.797+0000] {processor.py:799} INFO - Processing file /home/airflow/.local/lib/python3.7/site-packages/airflow/example_dags/example_params_ui_tutorial.py for tasks to queue
[2023-05-04T08:22:14.798+0000] {logging_mixin.py:149} INFO - [2023-05-04T08:22:14.798+0000] {dagbag.py:541} INFO - Filling up the DagBag from /home/airflow/.local/lib/python3.7/site-packages/airflow/example_dags/example_params_ui_tutorial.py
[2023-05-04T08:22:14.847+0000] {processor.py:809} INFO - DAG(s) dict_keys(['example_params_ui_tutorial']) retrieved from /home/airflow/.local/lib/python3.7/site-packages/airflow/example_dags/example_params_ui_tutorial.py
[2023-05-04T08:22:14.928+0000] {logging_mixin.py:149} INFO - [2023-05-04T08:22:14.928+0000] {dag.py:2726} INFO - Sync 1 DAGs
[2023-05-04T08:22:14.964+0000] {logging_mixin.py:149} INFO - [2023-05-04T08:22:14.963+0000] {dag.py:3490} INFO - Setting next_dagrun for example_params_ui_tutorial to None, run_after=None
[2023-05-04T08:22:14.985+0000] {processor.py:178} INFO - Processing /home/airflow/.local/lib/python3.7/site-packages/airflow/example_dags/example_params_ui_tutorial.py took 0.193 seconds
[2023-05-04T08:22:45.844+0000] {processor.py:156} INFO - Started process (PID=8060) to work on /home/airflow/.local/lib/python3.7/site-packages/airflow/example_dags/example_params_ui_tutorial.py
[2023-05-04T08:22:45.846+0000] {processor.py:799} INFO - Processing file /home/airflow/.local/lib/python3.7/site-packages/airflow/example_dags/example_params_ui_tutorial.py for tasks to queue
[2023-05-04T08:22:45.847+0000] {logging_mixin.py:149} INFO - [2023-05-04T08:22:45.846+0000] {dagbag.py:541} INFO - Filling up the DagBag from /home/airflow/.local/lib/python3.7/site-packages/airflow/example_dags/example_params_ui_tutorial.py
[2023-05-04T08:22:45.908+0000] {processor.py:809} INFO - DAG(s) dict_keys(['example_params_ui_tutorial']) retrieved from /home/airflow/.local/lib/python3.7/site-packages/airflow/example_dags/example_params_ui_tutorial.py
[2023-05-04T08:22:46.027+0000] {logging_mixin.py:149} INFO - [2023-05-04T08:22:46.027+0000] {dag.py:2726} INFO - Sync 1 DAGs
[2023-05-04T08:22:46.073+0000] {logging_mixin.py:149} INFO - [2023-05-04T08:22:46.073+0000] {dag.py:3490} INFO - Setting next_dagrun for example_params_ui_tutorial to None, run_after=None
[2023-05-04T08:22:46.107+0000] {processor.py:178} INFO - Processing /home/airflow/.local/lib/python3.7/site-packages/airflow/example_dags/example_params_ui_tutorial.py took 0.267 seconds
[2023-05-04T08:23:16.218+0000] {processor.py:156} INFO - Started process (PID=8314) to work on /home/airflow/.local/lib/python3.7/site-packages/airflow/example_dags/example_params_ui_tutorial.py
[2023-05-04T08:23:16.219+0000] {processor.py:799} INFO - Processing file /home/airflow/.local/lib/python3.7/site-packages/airflow/example_dags/example_params_ui_tutorial.py for tasks to queue
[2023-05-04T08:23:16.220+0000] {logging_mixin.py:149} INFO - [2023-05-04T08:23:16.220+0000] {dagbag.py:541} INFO - Filling up the DagBag from /home/airflow/.local/lib/python3.7/site-packages/airflow/example_dags/example_params_ui_tutorial.py
[2023-05-04T08:23:16.276+0000] {processor.py:809} INFO - DAG(s) dict_keys(['example_params_ui_tutorial']) retrieved from /home/airflow/.local/lib/python3.7/site-packages/airflow/example_dags/example_params_ui_tutorial.py
[2023-05-04T08:23:16.388+0000] {logging_mixin.py:149} INFO - [2023-05-04T08:23:16.388+0000] {dag.py:2726} INFO - Sync 1 DAGs
[2023-05-04T08:23:16.419+0000] {logging_mixin.py:149} INFO - [2023-05-04T08:23:16.419+0000] {dag.py:3490} INFO - Setting next_dagrun for example_params_ui_tutorial to None, run_after=None
[2023-05-04T08:23:16.442+0000] {processor.py:178} INFO - Processing /home/airflow/.local/lib/python3.7/site-packages/airflow/example_dags/example_params_ui_tutorial.py took 0.228 seconds
[2023-05-04T08:23:46.727+0000] {processor.py:156} INFO - Started process (PID=8573) to work on /home/airflow/.local/lib/python3.7/site-packages/airflow/example_dags/example_params_ui_tutorial.py
[2023-05-04T08:23:46.729+0000] {processor.py:799} INFO - Processing file /home/airflow/.local/lib/python3.7/site-packages/airflow/example_dags/example_params_ui_tutorial.py for tasks to queue
[2023-05-04T08:23:46.729+0000] {logging_mixin.py:149} INFO - [2023-05-04T08:23:46.729+0000] {dagbag.py:541} INFO - Filling up the DagBag from /home/airflow/.local/lib/python3.7/site-packages/airflow/example_dags/example_params_ui_tutorial.py
[2023-05-04T08:23:46.786+0000] {processor.py:809} INFO - DAG(s) dict_keys(['example_params_ui_tutorial']) retrieved from /home/airflow/.local/lib/python3.7/site-packages/airflow/example_dags/example_params_ui_tutorial.py
[2023-05-04T08:23:46.900+0000] {logging_mixin.py:149} INFO - [2023-05-04T08:23:46.900+0000] {dag.py:2726} INFO - Sync 1 DAGs
[2023-05-04T08:23:46.932+0000] {logging_mixin.py:149} INFO - [2023-05-04T08:23:46.932+0000] {dag.py:3490} INFO - Setting next_dagrun for example_params_ui_tutorial to None, run_after=None
[2023-05-04T08:23:46.963+0000] {processor.py:178} INFO - Processing /home/airflow/.local/lib/python3.7/site-packages/airflow/example_dags/example_params_ui_tutorial.py took 0.240 seconds
[2023-05-04T08:24:17.342+0000] {processor.py:156} INFO - Started process (PID=8821) to work on /home/airflow/.local/lib/python3.7/site-packages/airflow/example_dags/example_params_ui_tutorial.py
[2023-05-04T08:24:17.343+0000] {processor.py:799} INFO - Processing file /home/airflow/.local/lib/python3.7/site-packages/airflow/example_dags/example_params_ui_tutorial.py for tasks to queue
[2023-05-04T08:24:17.345+0000] {logging_mixin.py:149} INFO - [2023-05-04T08:24:17.344+0000] {dagbag.py:541} INFO - Filling up the DagBag from /home/airflow/.local/lib/python3.7/site-packages/airflow/example_dags/example_params_ui_tutorial.py
[2023-05-04T08:24:17.429+0000] {processor.py:809} INFO - DAG(s) dict_keys(['example_params_ui_tutorial']) retrieved from /home/airflow/.local/lib/python3.7/site-packages/airflow/example_dags/example_params_ui_tutorial.py
[2023-05-04T08:24:17.580+0000] {logging_mixin.py:149} INFO - [2023-05-04T08:24:17.580+0000] {dag.py:2726} INFO - Sync 1 DAGs
[2023-05-04T08:24:17.633+0000] {logging_mixin.py:149} INFO - [2023-05-04T08:24:17.633+0000] {dag.py:3490} INFO - Setting next_dagrun for example_params_ui_tutorial to None, run_after=None
[2023-05-04T08:24:17.669+0000] {processor.py:178} INFO - Processing /home/airflow/.local/lib/python3.7/site-packages/airflow/example_dags/example_params_ui_tutorial.py took 0.334 seconds
[2023-05-04T08:24:47.735+0000] {processor.py:156} INFO - Started process (PID=9075) to work on /home/airflow/.local/lib/python3.7/site-packages/airflow/example_dags/example_params_ui_tutorial.py
[2023-05-04T08:24:47.736+0000] {processor.py:799} INFO - Processing file /home/airflow/.local/lib/python3.7/site-packages/airflow/example_dags/example_params_ui_tutorial.py for tasks to queue
[2023-05-04T08:24:47.738+0000] {logging_mixin.py:149} INFO - [2023-05-04T08:24:47.738+0000] {dagbag.py:541} INFO - Filling up the DagBag from /home/airflow/.local/lib/python3.7/site-packages/airflow/example_dags/example_params_ui_tutorial.py
[2023-05-04T08:24:47.794+0000] {processor.py:809} INFO - DAG(s) dict_keys(['example_params_ui_tutorial']) retrieved from /home/airflow/.local/lib/python3.7/site-packages/airflow/example_dags/example_params_ui_tutorial.py
[2023-05-04T08:24:47.879+0000] {logging_mixin.py:149} INFO - [2023-05-04T08:24:47.879+0000] {dag.py:2726} INFO - Sync 1 DAGs
[2023-05-04T08:24:47.915+0000] {logging_mixin.py:149} INFO - [2023-05-04T08:24:47.915+0000] {dag.py:3490} INFO - Setting next_dagrun for example_params_ui_tutorial to None, run_after=None
[2023-05-04T08:24:47.945+0000] {processor.py:178} INFO - Processing /home/airflow/.local/lib/python3.7/site-packages/airflow/example_dags/example_params_ui_tutorial.py took 0.215 seconds
[2023-05-04T08:25:18.021+0000] {processor.py:156} INFO - Started process (PID=9329) to work on /home/airflow/.local/lib/python3.7/site-packages/airflow/example_dags/example_params_ui_tutorial.py
[2023-05-04T08:25:18.023+0000] {processor.py:799} INFO - Processing file /home/airflow/.local/lib/python3.7/site-packages/airflow/example_dags/example_params_ui_tutorial.py for tasks to queue
[2023-05-04T08:25:18.024+0000] {logging_mixin.py:149} INFO - [2023-05-04T08:25:18.023+0000] {dagbag.py:541} INFO - Filling up the DagBag from /home/airflow/.local/lib/python3.7/site-packages/airflow/example_dags/example_params_ui_tutorial.py
[2023-05-04T08:25:18.078+0000] {processor.py:809} INFO - DAG(s) dict_keys(['example_params_ui_tutorial']) retrieved from /home/airflow/.local/lib/python3.7/site-packages/airflow/example_dags/example_params_ui_tutorial.py
[2023-05-04T08:25:18.170+0000] {logging_mixin.py:149} INFO - [2023-05-04T08:25:18.169+0000] {dag.py:2726} INFO - Sync 1 DAGs
[2023-05-04T08:25:18.203+0000] {logging_mixin.py:149} INFO - [2023-05-04T08:25:18.203+0000] {dag.py:3490} INFO - Setting next_dagrun for example_params_ui_tutorial to None, run_after=None
[2023-05-04T08:25:18.231+0000] {processor.py:178} INFO - Processing /home/airflow/.local/lib/python3.7/site-packages/airflow/example_dags/example_params_ui_tutorial.py took 0.214 seconds
