[2023-05-04T08:16:39.704+0000] {processor.py:156} INFO - Started process (PID=5066) to work on /home/airflow/.local/lib/python3.7/site-packages/airflow/example_dags/example_short_circuit_decorator.py
[2023-05-04T08:16:39.706+0000] {processor.py:799} INFO - Processing file /home/airflow/.local/lib/python3.7/site-packages/airflow/example_dags/example_short_circuit_decorator.py for tasks to queue
[2023-05-04T08:16:39.707+0000] {logging_mixin.py:149} INFO - [2023-05-04T08:16:39.707+0000] {dagbag.py:541} INFO - Filling up the DagBag from /home/airflow/.local/lib/python3.7/site-packages/airflow/example_dags/example_short_circuit_decorator.py
[2023-05-04T08:16:39.719+0000] {processor.py:809} INFO - DAG(s) dict_keys(['example_short_circuit_decorator']) retrieved from /home/airflow/.local/lib/python3.7/site-packages/airflow/example_dags/example_short_circuit_decorator.py
[2023-05-04T08:16:39.750+0000] {logging_mixin.py:149} INFO - [2023-05-04T08:16:39.750+0000] {dag.py:2726} INFO - Sync 1 DAGs
[2023-05-04T08:16:39.784+0000] {logging_mixin.py:149} INFO - [2023-05-04T08:16:39.784+0000] {dag.py:3490} INFO - Setting next_dagrun for example_short_circuit_decorator to 2023-05-03T08:16:39.784242+00:00, run_after=2023-05-04T08:16:39.784242+00:00
[2023-05-04T08:16:39.809+0000] {processor.py:178} INFO - Processing /home/airflow/.local/lib/python3.7/site-packages/airflow/example_dags/example_short_circuit_decorator.py took 0.109 seconds
[2023-05-04T08:17:10.331+0000] {processor.py:156} INFO - Started process (PID=5320) to work on /home/airflow/.local/lib/python3.7/site-packages/airflow/example_dags/example_short_circuit_decorator.py
[2023-05-04T08:17:10.333+0000] {processor.py:799} INFO - Processing file /home/airflow/.local/lib/python3.7/site-packages/airflow/example_dags/example_short_circuit_decorator.py for tasks to queue
[2023-05-04T08:17:10.334+0000] {logging_mixin.py:149} INFO - [2023-05-04T08:17:10.334+0000] {dagbag.py:541} INFO - Filling up the DagBag from /home/airflow/.local/lib/python3.7/site-packages/airflow/example_dags/example_short_circuit_decorator.py
[2023-05-04T08:17:10.346+0000] {processor.py:809} INFO - DAG(s) dict_keys(['example_short_circuit_decorator']) retrieved from /home/airflow/.local/lib/python3.7/site-packages/airflow/example_dags/example_short_circuit_decorator.py
[2023-05-04T08:17:10.382+0000] {logging_mixin.py:149} INFO - [2023-05-04T08:17:10.382+0000] {dag.py:2726} INFO - Sync 1 DAGs
[2023-05-04T08:17:10.588+0000] {logging_mixin.py:149} INFO - [2023-05-04T08:17:10.588+0000] {dag.py:3490} INFO - Setting next_dagrun for example_short_circuit_decorator to 2023-05-03T08:17:10.587671+00:00, run_after=2023-05-04T08:17:10.587671+00:00
[2023-05-04T08:17:10.623+0000] {processor.py:178} INFO - Processing /home/airflow/.local/lib/python3.7/site-packages/airflow/example_dags/example_short_circuit_decorator.py took 0.298 seconds
[2023-05-04T08:17:40.901+0000] {processor.py:156} INFO - Started process (PID=5573) to work on /home/airflow/.local/lib/python3.7/site-packages/airflow/example_dags/example_short_circuit_decorator.py
[2023-05-04T08:17:40.903+0000] {processor.py:799} INFO - Processing file /home/airflow/.local/lib/python3.7/site-packages/airflow/example_dags/example_short_circuit_decorator.py for tasks to queue
[2023-05-04T08:17:40.905+0000] {logging_mixin.py:149} INFO - [2023-05-04T08:17:40.905+0000] {dagbag.py:541} INFO - Filling up the DagBag from /home/airflow/.local/lib/python3.7/site-packages/airflow/example_dags/example_short_circuit_decorator.py
[2023-05-04T08:17:40.923+0000] {processor.py:809} INFO - DAG(s) dict_keys(['example_short_circuit_decorator']) retrieved from /home/airflow/.local/lib/python3.7/site-packages/airflow/example_dags/example_short_circuit_decorator.py
[2023-05-04T08:17:40.962+0000] {logging_mixin.py:149} INFO - [2023-05-04T08:17:40.962+0000] {dag.py:2726} INFO - Sync 1 DAGs
[2023-05-04T08:17:41.005+0000] {logging_mixin.py:149} INFO - [2023-05-04T08:17:41.005+0000] {dag.py:3490} INFO - Setting next_dagrun for example_short_circuit_decorator to 2023-05-03T08:17:41.004949+00:00, run_after=2023-05-04T08:17:41.004949+00:00
[2023-05-04T08:17:41.039+0000] {processor.py:178} INFO - Processing /home/airflow/.local/lib/python3.7/site-packages/airflow/example_dags/example_short_circuit_decorator.py took 0.144 seconds
[2023-05-04T08:18:11.518+0000] {processor.py:156} INFO - Started process (PID=5827) to work on /home/airflow/.local/lib/python3.7/site-packages/airflow/example_dags/example_short_circuit_decorator.py
[2023-05-04T08:18:11.520+0000] {processor.py:799} INFO - Processing file /home/airflow/.local/lib/python3.7/site-packages/airflow/example_dags/example_short_circuit_decorator.py for tasks to queue
[2023-05-04T08:18:11.521+0000] {logging_mixin.py:149} INFO - [2023-05-04T08:18:11.521+0000] {dagbag.py:541} INFO - Filling up the DagBag from /home/airflow/.local/lib/python3.7/site-packages/airflow/example_dags/example_short_circuit_decorator.py
[2023-05-04T08:18:11.532+0000] {processor.py:809} INFO - DAG(s) dict_keys(['example_short_circuit_decorator']) retrieved from /home/airflow/.local/lib/python3.7/site-packages/airflow/example_dags/example_short_circuit_decorator.py
[2023-05-04T08:18:11.563+0000] {logging_mixin.py:149} INFO - [2023-05-04T08:18:11.563+0000] {dag.py:2726} INFO - Sync 1 DAGs
[2023-05-04T08:18:11.591+0000] {logging_mixin.py:149} INFO - [2023-05-04T08:18:11.591+0000] {dag.py:3490} INFO - Setting next_dagrun for example_short_circuit_decorator to 2023-05-03T08:18:11.591066+00:00, run_after=2023-05-04T08:18:11.591066+00:00
[2023-05-04T08:18:11.617+0000] {processor.py:178} INFO - Processing /home/airflow/.local/lib/python3.7/site-packages/airflow/example_dags/example_short_circuit_decorator.py took 0.102 seconds
[2023-05-04T08:18:42.196+0000] {processor.py:156} INFO - Started process (PID=6081) to work on /home/airflow/.local/lib/python3.7/site-packages/airflow/example_dags/example_short_circuit_decorator.py
[2023-05-04T08:18:42.197+0000] {processor.py:799} INFO - Processing file /home/airflow/.local/lib/python3.7/site-packages/airflow/example_dags/example_short_circuit_decorator.py for tasks to queue
[2023-05-04T08:18:42.198+0000] {logging_mixin.py:149} INFO - [2023-05-04T08:18:42.198+0000] {dagbag.py:541} INFO - Filling up the DagBag from /home/airflow/.local/lib/python3.7/site-packages/airflow/example_dags/example_short_circuit_decorator.py
[2023-05-04T08:18:42.210+0000] {processor.py:809} INFO - DAG(s) dict_keys(['example_short_circuit_decorator']) retrieved from /home/airflow/.local/lib/python3.7/site-packages/airflow/example_dags/example_short_circuit_decorator.py
[2023-05-04T08:18:42.241+0000] {logging_mixin.py:149} INFO - [2023-05-04T08:18:42.241+0000] {dag.py:2726} INFO - Sync 1 DAGs
[2023-05-04T08:18:42.269+0000] {logging_mixin.py:149} INFO - [2023-05-04T08:18:42.269+0000] {dag.py:3490} INFO - Setting next_dagrun for example_short_circuit_decorator to 2023-05-03T08:18:42.269399+00:00, run_after=2023-05-04T08:18:42.269399+00:00
[2023-05-04T08:18:42.297+0000] {processor.py:178} INFO - Processing /home/airflow/.local/lib/python3.7/site-packages/airflow/example_dags/example_short_circuit_decorator.py took 0.105 seconds
[2023-05-04T08:19:12.569+0000] {processor.py:156} INFO - Started process (PID=6332) to work on /home/airflow/.local/lib/python3.7/site-packages/airflow/example_dags/example_short_circuit_decorator.py
[2023-05-04T08:19:12.572+0000] {processor.py:799} INFO - Processing file /home/airflow/.local/lib/python3.7/site-packages/airflow/example_dags/example_short_circuit_decorator.py for tasks to queue
[2023-05-04T08:19:12.574+0000] {logging_mixin.py:149} INFO - [2023-05-04T08:19:12.573+0000] {dagbag.py:541} INFO - Filling up the DagBag from /home/airflow/.local/lib/python3.7/site-packages/airflow/example_dags/example_short_circuit_decorator.py
[2023-05-04T08:19:12.602+0000] {processor.py:809} INFO - DAG(s) dict_keys(['example_short_circuit_decorator']) retrieved from /home/airflow/.local/lib/python3.7/site-packages/airflow/example_dags/example_short_circuit_decorator.py
[2023-05-04T08:19:12.656+0000] {logging_mixin.py:149} INFO - [2023-05-04T08:19:12.656+0000] {dag.py:2726} INFO - Sync 1 DAGs
[2023-05-04T08:19:12.883+0000] {logging_mixin.py:149} INFO - [2023-05-04T08:19:12.883+0000] {dag.py:3490} INFO - Setting next_dagrun for example_short_circuit_decorator to 2023-05-03T08:19:12.882800+00:00, run_after=2023-05-04T08:19:12.882800+00:00
[2023-05-04T08:19:12.929+0000] {processor.py:178} INFO - Processing /home/airflow/.local/lib/python3.7/site-packages/airflow/example_dags/example_short_circuit_decorator.py took 0.370 seconds
[2023-05-04T08:19:43.197+0000] {processor.py:156} INFO - Started process (PID=6585) to work on /home/airflow/.local/lib/python3.7/site-packages/airflow/example_dags/example_short_circuit_decorator.py
[2023-05-04T08:19:43.198+0000] {processor.py:799} INFO - Processing file /home/airflow/.local/lib/python3.7/site-packages/airflow/example_dags/example_short_circuit_decorator.py for tasks to queue
[2023-05-04T08:19:43.199+0000] {logging_mixin.py:149} INFO - [2023-05-04T08:19:43.199+0000] {dagbag.py:541} INFO - Filling up the DagBag from /home/airflow/.local/lib/python3.7/site-packages/airflow/example_dags/example_short_circuit_decorator.py
[2023-05-04T08:19:43.211+0000] {processor.py:809} INFO - DAG(s) dict_keys(['example_short_circuit_decorator']) retrieved from /home/airflow/.local/lib/python3.7/site-packages/airflow/example_dags/example_short_circuit_decorator.py
[2023-05-04T08:19:43.246+0000] {logging_mixin.py:149} INFO - [2023-05-04T08:19:43.246+0000] {dag.py:2726} INFO - Sync 1 DAGs
[2023-05-04T08:19:43.391+0000] {logging_mixin.py:149} INFO - [2023-05-04T08:19:43.391+0000] {dag.py:3490} INFO - Setting next_dagrun for example_short_circuit_decorator to 2023-05-03T08:19:43.390842+00:00, run_after=2023-05-04T08:19:43.390842+00:00
[2023-05-04T08:19:43.417+0000] {processor.py:178} INFO - Processing /home/airflow/.local/lib/python3.7/site-packages/airflow/example_dags/example_short_circuit_decorator.py took 0.225 seconds
[2023-05-04T08:20:14.547+0000] {processor.py:156} INFO - Started process (PID=6838) to work on /home/airflow/.local/lib/python3.7/site-packages/airflow/example_dags/example_short_circuit_decorator.py
[2023-05-04T08:20:14.549+0000] {processor.py:799} INFO - Processing file /home/airflow/.local/lib/python3.7/site-packages/airflow/example_dags/example_short_circuit_decorator.py for tasks to queue
[2023-05-04T08:20:14.550+0000] {logging_mixin.py:149} INFO - [2023-05-04T08:20:14.550+0000] {dagbag.py:541} INFO - Filling up the DagBag from /home/airflow/.local/lib/python3.7/site-packages/airflow/example_dags/example_short_circuit_decorator.py
[2023-05-04T08:20:14.564+0000] {processor.py:809} INFO - DAG(s) dict_keys(['example_short_circuit_decorator']) retrieved from /home/airflow/.local/lib/python3.7/site-packages/airflow/example_dags/example_short_circuit_decorator.py
[2023-05-04T08:20:14.609+0000] {logging_mixin.py:149} INFO - [2023-05-04T08:20:14.609+0000] {dag.py:2726} INFO - Sync 1 DAGs
[2023-05-04T08:20:14.655+0000] {logging_mixin.py:149} INFO - [2023-05-04T08:20:14.655+0000] {dag.py:3490} INFO - Setting next_dagrun for example_short_circuit_decorator to 2023-05-03T08:20:14.655179+00:00, run_after=2023-05-04T08:20:14.655179+00:00
[2023-05-04T08:20:14.816+0000] {processor.py:178} INFO - Processing /home/airflow/.local/lib/python3.7/site-packages/airflow/example_dags/example_short_circuit_decorator.py took 0.273 seconds
[2023-05-04T08:20:45.102+0000] {processor.py:156} INFO - Started process (PID=7081) to work on /home/airflow/.local/lib/python3.7/site-packages/airflow/example_dags/example_short_circuit_decorator.py
[2023-05-04T08:20:45.103+0000] {processor.py:799} INFO - Processing file /home/airflow/.local/lib/python3.7/site-packages/airflow/example_dags/example_short_circuit_decorator.py for tasks to queue
[2023-05-04T08:20:45.105+0000] {logging_mixin.py:149} INFO - [2023-05-04T08:20:45.105+0000] {dagbag.py:541} INFO - Filling up the DagBag from /home/airflow/.local/lib/python3.7/site-packages/airflow/example_dags/example_short_circuit_decorator.py
[2023-05-04T08:20:45.119+0000] {processor.py:809} INFO - DAG(s) dict_keys(['example_short_circuit_decorator']) retrieved from /home/airflow/.local/lib/python3.7/site-packages/airflow/example_dags/example_short_circuit_decorator.py
[2023-05-04T08:20:45.290+0000] {logging_mixin.py:149} INFO - [2023-05-04T08:20:45.290+0000] {dag.py:2726} INFO - Sync 1 DAGs
[2023-05-04T08:20:45.322+0000] {logging_mixin.py:149} INFO - [2023-05-04T08:20:45.322+0000] {dag.py:3490} INFO - Setting next_dagrun for example_short_circuit_decorator to 2023-05-03T08:20:45.321975+00:00, run_after=2023-05-04T08:20:45.321975+00:00
[2023-05-04T08:20:45.347+0000] {processor.py:178} INFO - Processing /home/airflow/.local/lib/python3.7/site-packages/airflow/example_dags/example_short_circuit_decorator.py took 0.250 seconds
[2023-05-04T08:21:16.413+0000] {processor.py:156} INFO - Started process (PID=7332) to work on /home/airflow/.local/lib/python3.7/site-packages/airflow/example_dags/example_short_circuit_decorator.py
[2023-05-04T08:21:16.416+0000] {processor.py:799} INFO - Processing file /home/airflow/.local/lib/python3.7/site-packages/airflow/example_dags/example_short_circuit_decorator.py for tasks to queue
[2023-05-04T08:21:16.420+0000] {logging_mixin.py:149} INFO - [2023-05-04T08:21:16.419+0000] {dagbag.py:541} INFO - Filling up the DagBag from /home/airflow/.local/lib/python3.7/site-packages/airflow/example_dags/example_short_circuit_decorator.py
[2023-05-04T08:21:16.459+0000] {processor.py:809} INFO - DAG(s) dict_keys(['example_short_circuit_decorator']) retrieved from /home/airflow/.local/lib/python3.7/site-packages/airflow/example_dags/example_short_circuit_decorator.py
[2023-05-04T08:21:16.558+0000] {logging_mixin.py:149} INFO - [2023-05-04T08:21:16.558+0000] {dag.py:2726} INFO - Sync 1 DAGs
[2023-05-04T08:21:16.652+0000] {logging_mixin.py:149} INFO - [2023-05-04T08:21:16.652+0000] {dag.py:3490} INFO - Setting next_dagrun for example_short_circuit_decorator to 2023-05-03T08:21:16.651758+00:00, run_after=2023-05-04T08:21:16.651758+00:00
[2023-05-04T08:21:16.726+0000] {processor.py:178} INFO - Processing /home/airflow/.local/lib/python3.7/site-packages/airflow/example_dags/example_short_circuit_decorator.py took 0.322 seconds
[2023-05-04T08:21:47.167+0000] {processor.py:156} INFO - Started process (PID=7585) to work on /home/airflow/.local/lib/python3.7/site-packages/airflow/example_dags/example_short_circuit_decorator.py
[2023-05-04T08:21:47.168+0000] {processor.py:799} INFO - Processing file /home/airflow/.local/lib/python3.7/site-packages/airflow/example_dags/example_short_circuit_decorator.py for tasks to queue
[2023-05-04T08:21:47.169+0000] {logging_mixin.py:149} INFO - [2023-05-04T08:21:47.169+0000] {dagbag.py:541} INFO - Filling up the DagBag from /home/airflow/.local/lib/python3.7/site-packages/airflow/example_dags/example_short_circuit_decorator.py
[2023-05-04T08:21:47.180+0000] {processor.py:809} INFO - DAG(s) dict_keys(['example_short_circuit_decorator']) retrieved from /home/airflow/.local/lib/python3.7/site-packages/airflow/example_dags/example_short_circuit_decorator.py
[2023-05-04T08:21:47.213+0000] {logging_mixin.py:149} INFO - [2023-05-04T08:21:47.213+0000] {dag.py:2726} INFO - Sync 1 DAGs
[2023-05-04T08:21:47.245+0000] {logging_mixin.py:149} INFO - [2023-05-04T08:21:47.244+0000] {dag.py:3490} INFO - Setting next_dagrun for example_short_circuit_decorator to 2023-05-03T08:21:47.244670+00:00, run_after=2023-05-04T08:21:47.244670+00:00
[2023-05-04T08:21:47.272+0000] {processor.py:178} INFO - Processing /home/airflow/.local/lib/python3.7/site-packages/airflow/example_dags/example_short_circuit_decorator.py took 0.109 seconds
[2023-05-04T08:22:17.350+0000] {processor.py:156} INFO - Started process (PID=7834) to work on /home/airflow/.local/lib/python3.7/site-packages/airflow/example_dags/example_short_circuit_decorator.py
[2023-05-04T08:22:17.352+0000] {processor.py:799} INFO - Processing file /home/airflow/.local/lib/python3.7/site-packages/airflow/example_dags/example_short_circuit_decorator.py for tasks to queue
[2023-05-04T08:22:17.353+0000] {logging_mixin.py:149} INFO - [2023-05-04T08:22:17.353+0000] {dagbag.py:541} INFO - Filling up the DagBag from /home/airflow/.local/lib/python3.7/site-packages/airflow/example_dags/example_short_circuit_decorator.py
[2023-05-04T08:22:17.373+0000] {processor.py:809} INFO - DAG(s) dict_keys(['example_short_circuit_decorator']) retrieved from /home/airflow/.local/lib/python3.7/site-packages/airflow/example_dags/example_short_circuit_decorator.py
[2023-05-04T08:22:17.407+0000] {logging_mixin.py:149} INFO - [2023-05-04T08:22:17.407+0000] {dag.py:2726} INFO - Sync 1 DAGs
[2023-05-04T08:22:17.437+0000] {logging_mixin.py:149} INFO - [2023-05-04T08:22:17.437+0000] {dag.py:3490} INFO - Setting next_dagrun for example_short_circuit_decorator to 2023-05-03T08:22:17.436823+00:00, run_after=2023-05-04T08:22:17.436823+00:00
[2023-05-04T08:22:17.462+0000] {processor.py:178} INFO - Processing /home/airflow/.local/lib/python3.7/site-packages/airflow/example_dags/example_short_circuit_decorator.py took 0.119 seconds
[2023-05-04T08:22:48.372+0000] {processor.py:156} INFO - Started process (PID=8093) to work on /home/airflow/.local/lib/python3.7/site-packages/airflow/example_dags/example_short_circuit_decorator.py
[2023-05-04T08:22:48.373+0000] {processor.py:799} INFO - Processing file /home/airflow/.local/lib/python3.7/site-packages/airflow/example_dags/example_short_circuit_decorator.py for tasks to queue
[2023-05-04T08:22:48.374+0000] {logging_mixin.py:149} INFO - [2023-05-04T08:22:48.374+0000] {dagbag.py:541} INFO - Filling up the DagBag from /home/airflow/.local/lib/python3.7/site-packages/airflow/example_dags/example_short_circuit_decorator.py
[2023-05-04T08:22:48.386+0000] {processor.py:809} INFO - DAG(s) dict_keys(['example_short_circuit_decorator']) retrieved from /home/airflow/.local/lib/python3.7/site-packages/airflow/example_dags/example_short_circuit_decorator.py
[2023-05-04T08:22:48.421+0000] {logging_mixin.py:149} INFO - [2023-05-04T08:22:48.420+0000] {dag.py:2726} INFO - Sync 1 DAGs
[2023-05-04T08:22:48.453+0000] {logging_mixin.py:149} INFO - [2023-05-04T08:22:48.452+0000] {dag.py:3490} INFO - Setting next_dagrun for example_short_circuit_decorator to 2023-05-03T08:22:48.452603+00:00, run_after=2023-05-04T08:22:48.452603+00:00
[2023-05-04T08:22:48.478+0000] {processor.py:178} INFO - Processing /home/airflow/.local/lib/python3.7/site-packages/airflow/example_dags/example_short_circuit_decorator.py took 0.110 seconds
[2023-05-04T08:23:18.606+0000] {processor.py:156} INFO - Started process (PID=8342) to work on /home/airflow/.local/lib/python3.7/site-packages/airflow/example_dags/example_short_circuit_decorator.py
[2023-05-04T08:23:18.607+0000] {processor.py:799} INFO - Processing file /home/airflow/.local/lib/python3.7/site-packages/airflow/example_dags/example_short_circuit_decorator.py for tasks to queue
[2023-05-04T08:23:18.608+0000] {logging_mixin.py:149} INFO - [2023-05-04T08:23:18.608+0000] {dagbag.py:541} INFO - Filling up the DagBag from /home/airflow/.local/lib/python3.7/site-packages/airflow/example_dags/example_short_circuit_decorator.py
[2023-05-04T08:23:18.619+0000] {processor.py:809} INFO - DAG(s) dict_keys(['example_short_circuit_decorator']) retrieved from /home/airflow/.local/lib/python3.7/site-packages/airflow/example_dags/example_short_circuit_decorator.py
[2023-05-04T08:23:18.655+0000] {logging_mixin.py:149} INFO - [2023-05-04T08:23:18.654+0000] {dag.py:2726} INFO - Sync 1 DAGs
[2023-05-04T08:23:18.688+0000] {logging_mixin.py:149} INFO - [2023-05-04T08:23:18.688+0000] {dag.py:3490} INFO - Setting next_dagrun for example_short_circuit_decorator to 2023-05-03T08:23:18.688322+00:00, run_after=2023-05-04T08:23:18.688322+00:00
[2023-05-04T08:23:18.712+0000] {processor.py:178} INFO - Processing /home/airflow/.local/lib/python3.7/site-packages/airflow/example_dags/example_short_circuit_decorator.py took 0.111 seconds
