[2023-05-04T08:16:51.285+0000] {processor.py:156} INFO - Started process (PID=5124) to work on /home/airflow/.local/lib/python3.7/site-packages/airflow/example_dags/example_datasets.py
[2023-05-04T08:16:51.286+0000] {processor.py:799} INFO - Processing file /home/airflow/.local/lib/python3.7/site-packages/airflow/example_dags/example_datasets.py for tasks to queue
[2023-05-04T08:16:51.287+0000] {logging_mixin.py:149} INFO - [2023-05-04T08:16:51.287+0000] {dagbag.py:541} INFO - Filling up the DagBag from /home/airflow/.local/lib/python3.7/site-packages/airflow/example_dags/example_datasets.py
[2023-05-04T08:16:51.299+0000] {processor.py:809} INFO - DAG(s) dict_keys(['dataset_consumes_1_never_scheduled', 'dataset_consumes_unknown_never_scheduled', 'dataset_produces_1', 'dataset_consumes_1_and_2', 'dataset_produces_2', 'dataset_consumes_1']) retrieved from /home/airflow/.local/lib/python3.7/site-packages/airflow/example_dags/example_datasets.py
[2023-05-04T08:16:51.348+0000] {logging_mixin.py:149} INFO - [2023-05-04T08:16:51.348+0000] {dag.py:2726} INFO - Sync 6 DAGs
[2023-05-04T08:16:51.380+0000] {logging_mixin.py:149} INFO - [2023-05-04T08:16:51.380+0000] {dag.py:3490} INFO - Setting next_dagrun for dataset_consumes_1 to None, run_after=None
[2023-05-04T08:16:51.385+0000] {logging_mixin.py:149} INFO - [2023-05-04T08:16:51.385+0000] {dag.py:3490} INFO - Setting next_dagrun for dataset_consumes_1_and_2 to None, run_after=None
[2023-05-04T08:16:51.387+0000] {logging_mixin.py:149} INFO - [2023-05-04T08:16:51.387+0000] {dag.py:3490} INFO - Setting next_dagrun for dataset_consumes_1_never_scheduled to None, run_after=None
[2023-05-04T08:16:51.389+0000] {logging_mixin.py:149} INFO - [2023-05-04T08:16:51.389+0000] {dag.py:3490} INFO - Setting next_dagrun for dataset_consumes_unknown_never_scheduled to None, run_after=None
[2023-05-04T08:16:51.392+0000] {logging_mixin.py:149} INFO - [2023-05-04T08:16:51.392+0000] {dag.py:3490} INFO - Setting next_dagrun for dataset_produces_1 to 2023-05-03T00:00:00+00:00, run_after=2023-05-04T00:00:00+00:00
[2023-05-04T08:16:51.394+0000] {logging_mixin.py:149} INFO - [2023-05-04T08:16:51.394+0000] {dag.py:3490} INFO - Setting next_dagrun for dataset_produces_2 to None, run_after=None
[2023-05-04T08:16:51.438+0000] {processor.py:178} INFO - Processing /home/airflow/.local/lib/python3.7/site-packages/airflow/example_dags/example_datasets.py took 0.158 seconds
[2023-05-04T08:17:21.955+0000] {processor.py:156} INFO - Started process (PID=5378) to work on /home/airflow/.local/lib/python3.7/site-packages/airflow/example_dags/example_datasets.py
[2023-05-04T08:17:21.956+0000] {processor.py:799} INFO - Processing file /home/airflow/.local/lib/python3.7/site-packages/airflow/example_dags/example_datasets.py for tasks to queue
[2023-05-04T08:17:21.958+0000] {logging_mixin.py:149} INFO - [2023-05-04T08:17:21.957+0000] {dagbag.py:541} INFO - Filling up the DagBag from /home/airflow/.local/lib/python3.7/site-packages/airflow/example_dags/example_datasets.py
[2023-05-04T08:17:21.973+0000] {processor.py:809} INFO - DAG(s) dict_keys(['dataset_consumes_1_and_2', 'dataset_produces_2', 'dataset_produces_1', 'dataset_consumes_unknown_never_scheduled', 'dataset_consumes_1', 'dataset_consumes_1_never_scheduled']) retrieved from /home/airflow/.local/lib/python3.7/site-packages/airflow/example_dags/example_datasets.py
[2023-05-04T08:17:22.053+0000] {logging_mixin.py:149} INFO - [2023-05-04T08:17:22.053+0000] {dag.py:2726} INFO - Sync 6 DAGs
[2023-05-04T08:17:22.117+0000] {logging_mixin.py:149} INFO - [2023-05-04T08:17:22.117+0000] {dag.py:3490} INFO - Setting next_dagrun for dataset_consumes_1 to None, run_after=None
[2023-05-04T08:17:22.125+0000] {logging_mixin.py:149} INFO - [2023-05-04T08:17:22.125+0000] {dag.py:3490} INFO - Setting next_dagrun for dataset_consumes_1_and_2 to None, run_after=None
[2023-05-04T08:17:22.131+0000] {logging_mixin.py:149} INFO - [2023-05-04T08:17:22.130+0000] {dag.py:3490} INFO - Setting next_dagrun for dataset_consumes_1_never_scheduled to None, run_after=None
[2023-05-04T08:17:22.135+0000] {logging_mixin.py:149} INFO - [2023-05-04T08:17:22.135+0000] {dag.py:3490} INFO - Setting next_dagrun for dataset_consumes_unknown_never_scheduled to None, run_after=None
[2023-05-04T08:17:22.142+0000] {logging_mixin.py:149} INFO - [2023-05-04T08:17:22.141+0000] {dag.py:3490} INFO - Setting next_dagrun for dataset_produces_1 to 2023-05-03T00:00:00+00:00, run_after=2023-05-04T00:00:00+00:00
[2023-05-04T08:17:22.146+0000] {logging_mixin.py:149} INFO - [2023-05-04T08:17:22.145+0000] {dag.py:3490} INFO - Setting next_dagrun for dataset_produces_2 to None, run_after=None
[2023-05-04T08:17:22.225+0000] {processor.py:178} INFO - Processing /home/airflow/.local/lib/python3.7/site-packages/airflow/example_dags/example_datasets.py took 0.274 seconds
[2023-05-04T08:17:52.792+0000] {processor.py:156} INFO - Started process (PID=5631) to work on /home/airflow/.local/lib/python3.7/site-packages/airflow/example_dags/example_datasets.py
[2023-05-04T08:17:52.794+0000] {processor.py:799} INFO - Processing file /home/airflow/.local/lib/python3.7/site-packages/airflow/example_dags/example_datasets.py for tasks to queue
[2023-05-04T08:17:52.795+0000] {logging_mixin.py:149} INFO - [2023-05-04T08:17:52.795+0000] {dagbag.py:541} INFO - Filling up the DagBag from /home/airflow/.local/lib/python3.7/site-packages/airflow/example_dags/example_datasets.py
[2023-05-04T08:17:52.806+0000] {processor.py:809} INFO - DAG(s) dict_keys(['dataset_consumes_1_and_2', 'dataset_produces_2', 'dataset_consumes_1', 'dataset_consumes_1_never_scheduled', 'dataset_consumes_unknown_never_scheduled', 'dataset_produces_1']) retrieved from /home/airflow/.local/lib/python3.7/site-packages/airflow/example_dags/example_datasets.py
[2023-05-04T08:17:52.864+0000] {logging_mixin.py:149} INFO - [2023-05-04T08:17:52.863+0000] {dag.py:2726} INFO - Sync 6 DAGs
[2023-05-04T08:17:53.028+0000] {logging_mixin.py:149} INFO - [2023-05-04T08:17:53.027+0000] {dag.py:3490} INFO - Setting next_dagrun for dataset_consumes_1 to None, run_after=None
[2023-05-04T08:17:53.033+0000] {logging_mixin.py:149} INFO - [2023-05-04T08:17:53.033+0000] {dag.py:3490} INFO - Setting next_dagrun for dataset_consumes_1_and_2 to None, run_after=None
[2023-05-04T08:17:53.036+0000] {logging_mixin.py:149} INFO - [2023-05-04T08:17:53.035+0000] {dag.py:3490} INFO - Setting next_dagrun for dataset_consumes_1_never_scheduled to None, run_after=None
[2023-05-04T08:17:53.038+0000] {logging_mixin.py:149} INFO - [2023-05-04T08:17:53.038+0000] {dag.py:3490} INFO - Setting next_dagrun for dataset_consumes_unknown_never_scheduled to None, run_after=None
[2023-05-04T08:17:53.042+0000] {logging_mixin.py:149} INFO - [2023-05-04T08:17:53.042+0000] {dag.py:3490} INFO - Setting next_dagrun for dataset_produces_1 to 2023-05-03T00:00:00+00:00, run_after=2023-05-04T00:00:00+00:00
[2023-05-04T08:17:53.044+0000] {logging_mixin.py:149} INFO - [2023-05-04T08:17:53.044+0000] {dag.py:3490} INFO - Setting next_dagrun for dataset_produces_2 to None, run_after=None
[2023-05-04T08:17:53.086+0000] {processor.py:178} INFO - Processing /home/airflow/.local/lib/python3.7/site-packages/airflow/example_dags/example_datasets.py took 0.298 seconds
[2023-05-04T08:18:23.231+0000] {processor.py:156} INFO - Started process (PID=5885) to work on /home/airflow/.local/lib/python3.7/site-packages/airflow/example_dags/example_datasets.py
[2023-05-04T08:18:23.233+0000] {processor.py:799} INFO - Processing file /home/airflow/.local/lib/python3.7/site-packages/airflow/example_dags/example_datasets.py for tasks to queue
[2023-05-04T08:18:23.234+0000] {logging_mixin.py:149} INFO - [2023-05-04T08:18:23.234+0000] {dagbag.py:541} INFO - Filling up the DagBag from /home/airflow/.local/lib/python3.7/site-packages/airflow/example_dags/example_datasets.py
[2023-05-04T08:18:23.244+0000] {processor.py:809} INFO - DAG(s) dict_keys(['dataset_consumes_unknown_never_scheduled', 'dataset_produces_2', 'dataset_consumes_1_and_2', 'dataset_produces_1', 'dataset_consumes_1', 'dataset_consumes_1_never_scheduled']) retrieved from /home/airflow/.local/lib/python3.7/site-packages/airflow/example_dags/example_datasets.py
[2023-05-04T08:18:23.295+0000] {logging_mixin.py:149} INFO - [2023-05-04T08:18:23.295+0000] {dag.py:2726} INFO - Sync 6 DAGs
[2023-05-04T08:18:23.326+0000] {logging_mixin.py:149} INFO - [2023-05-04T08:18:23.325+0000] {dag.py:3490} INFO - Setting next_dagrun for dataset_consumes_1 to None, run_after=None
[2023-05-04T08:18:23.330+0000] {logging_mixin.py:149} INFO - [2023-05-04T08:18:23.330+0000] {dag.py:3490} INFO - Setting next_dagrun for dataset_consumes_1_and_2 to None, run_after=None
[2023-05-04T08:18:23.332+0000] {logging_mixin.py:149} INFO - [2023-05-04T08:18:23.332+0000] {dag.py:3490} INFO - Setting next_dagrun for dataset_consumes_1_never_scheduled to None, run_after=None
[2023-05-04T08:18:23.335+0000] {logging_mixin.py:149} INFO - [2023-05-04T08:18:23.335+0000] {dag.py:3490} INFO - Setting next_dagrun for dataset_consumes_unknown_never_scheduled to None, run_after=None
[2023-05-04T08:18:23.340+0000] {logging_mixin.py:149} INFO - [2023-05-04T08:18:23.339+0000] {dag.py:3490} INFO - Setting next_dagrun for dataset_produces_1 to 2023-05-03T00:00:00+00:00, run_after=2023-05-04T00:00:00+00:00
[2023-05-04T08:18:23.342+0000] {logging_mixin.py:149} INFO - [2023-05-04T08:18:23.342+0000] {dag.py:3490} INFO - Setting next_dagrun for dataset_produces_2 to None, run_after=None
[2023-05-04T08:18:23.511+0000] {processor.py:178} INFO - Processing /home/airflow/.local/lib/python3.7/site-packages/airflow/example_dags/example_datasets.py took 0.283 seconds
[2023-05-04T08:18:53.657+0000] {processor.py:156} INFO - Started process (PID=6144) to work on /home/airflow/.local/lib/python3.7/site-packages/airflow/example_dags/example_datasets.py
[2023-05-04T08:18:53.658+0000] {processor.py:799} INFO - Processing file /home/airflow/.local/lib/python3.7/site-packages/airflow/example_dags/example_datasets.py for tasks to queue
[2023-05-04T08:18:53.659+0000] {logging_mixin.py:149} INFO - [2023-05-04T08:18:53.659+0000] {dagbag.py:541} INFO - Filling up the DagBag from /home/airflow/.local/lib/python3.7/site-packages/airflow/example_dags/example_datasets.py
[2023-05-04T08:18:53.670+0000] {processor.py:809} INFO - DAG(s) dict_keys(['dataset_consumes_unknown_never_scheduled', 'dataset_consumes_1_never_scheduled', 'dataset_consumes_1_and_2', 'dataset_consumes_1', 'dataset_produces_2', 'dataset_produces_1']) retrieved from /home/airflow/.local/lib/python3.7/site-packages/airflow/example_dags/example_datasets.py
[2023-05-04T08:18:53.716+0000] {logging_mixin.py:149} INFO - [2023-05-04T08:18:53.716+0000] {dag.py:2726} INFO - Sync 6 DAGs
[2023-05-04T08:18:53.745+0000] {logging_mixin.py:149} INFO - [2023-05-04T08:18:53.745+0000] {dag.py:3490} INFO - Setting next_dagrun for dataset_consumes_1 to None, run_after=None
[2023-05-04T08:18:53.750+0000] {logging_mixin.py:149} INFO - [2023-05-04T08:18:53.750+0000] {dag.py:3490} INFO - Setting next_dagrun for dataset_consumes_1_and_2 to None, run_after=None
[2023-05-04T08:18:53.752+0000] {logging_mixin.py:149} INFO - [2023-05-04T08:18:53.752+0000] {dag.py:3490} INFO - Setting next_dagrun for dataset_consumes_1_never_scheduled to None, run_after=None
[2023-05-04T08:18:53.755+0000] {logging_mixin.py:149} INFO - [2023-05-04T08:18:53.754+0000] {dag.py:3490} INFO - Setting next_dagrun for dataset_consumes_unknown_never_scheduled to None, run_after=None
[2023-05-04T08:18:53.758+0000] {logging_mixin.py:149} INFO - [2023-05-04T08:18:53.758+0000] {dag.py:3490} INFO - Setting next_dagrun for dataset_produces_1 to 2023-05-03T00:00:00+00:00, run_after=2023-05-04T00:00:00+00:00
[2023-05-04T08:18:53.761+0000] {logging_mixin.py:149} INFO - [2023-05-04T08:18:53.760+0000] {dag.py:3490} INFO - Setting next_dagrun for dataset_produces_2 to None, run_after=None
[2023-05-04T08:18:53.808+0000] {processor.py:178} INFO - Processing /home/airflow/.local/lib/python3.7/site-packages/airflow/example_dags/example_datasets.py took 0.155 seconds
[2023-05-04T08:19:23.881+0000] {processor.py:156} INFO - Started process (PID=6392) to work on /home/airflow/.local/lib/python3.7/site-packages/airflow/example_dags/example_datasets.py
[2023-05-04T08:19:23.884+0000] {processor.py:799} INFO - Processing file /home/airflow/.local/lib/python3.7/site-packages/airflow/example_dags/example_datasets.py for tasks to queue
[2023-05-04T08:19:23.885+0000] {logging_mixin.py:149} INFO - [2023-05-04T08:19:23.885+0000] {dagbag.py:541} INFO - Filling up the DagBag from /home/airflow/.local/lib/python3.7/site-packages/airflow/example_dags/example_datasets.py
[2023-05-04T08:19:23.899+0000] {processor.py:809} INFO - DAG(s) dict_keys(['dataset_consumes_1', 'dataset_consumes_1_never_scheduled', 'dataset_consumes_unknown_never_scheduled', 'dataset_produces_1', 'dataset_consumes_1_and_2', 'dataset_produces_2']) retrieved from /home/airflow/.local/lib/python3.7/site-packages/airflow/example_dags/example_datasets.py
[2023-05-04T08:19:23.959+0000] {logging_mixin.py:149} INFO - [2023-05-04T08:19:23.959+0000] {dag.py:2726} INFO - Sync 6 DAGs
[2023-05-04T08:19:24.139+0000] {logging_mixin.py:149} INFO - [2023-05-04T08:19:24.138+0000] {dag.py:3490} INFO - Setting next_dagrun for dataset_consumes_1 to None, run_after=None
[2023-05-04T08:19:24.143+0000] {logging_mixin.py:149} INFO - [2023-05-04T08:19:24.143+0000] {dag.py:3490} INFO - Setting next_dagrun for dataset_consumes_1_and_2 to None, run_after=None
[2023-05-04T08:19:24.145+0000] {logging_mixin.py:149} INFO - [2023-05-04T08:19:24.145+0000] {dag.py:3490} INFO - Setting next_dagrun for dataset_consumes_1_never_scheduled to None, run_after=None
[2023-05-04T08:19:24.147+0000] {logging_mixin.py:149} INFO - [2023-05-04T08:19:24.147+0000] {dag.py:3490} INFO - Setting next_dagrun for dataset_consumes_unknown_never_scheduled to None, run_after=None
[2023-05-04T08:19:24.151+0000] {logging_mixin.py:149} INFO - [2023-05-04T08:19:24.151+0000] {dag.py:3490} INFO - Setting next_dagrun for dataset_produces_1 to 2023-05-03T00:00:00+00:00, run_after=2023-05-04T00:00:00+00:00
[2023-05-04T08:19:24.153+0000] {logging_mixin.py:149} INFO - [2023-05-04T08:19:24.153+0000] {dag.py:3490} INFO - Setting next_dagrun for dataset_produces_2 to None, run_after=None
[2023-05-04T08:19:24.196+0000] {processor.py:178} INFO - Processing /home/airflow/.local/lib/python3.7/site-packages/airflow/example_dags/example_datasets.py took 0.320 seconds
[2023-05-04T08:19:54.515+0000] {processor.py:156} INFO - Started process (PID=6650) to work on /home/airflow/.local/lib/python3.7/site-packages/airflow/example_dags/example_datasets.py
[2023-05-04T08:19:54.516+0000] {processor.py:799} INFO - Processing file /home/airflow/.local/lib/python3.7/site-packages/airflow/example_dags/example_datasets.py for tasks to queue
[2023-05-04T08:19:54.517+0000] {logging_mixin.py:149} INFO - [2023-05-04T08:19:54.517+0000] {dagbag.py:541} INFO - Filling up the DagBag from /home/airflow/.local/lib/python3.7/site-packages/airflow/example_dags/example_datasets.py
[2023-05-04T08:19:54.529+0000] {processor.py:809} INFO - DAG(s) dict_keys(['dataset_consumes_1_and_2', 'dataset_produces_1', 'dataset_consumes_1', 'dataset_consumes_unknown_never_scheduled', 'dataset_consumes_1_never_scheduled', 'dataset_produces_2']) retrieved from /home/airflow/.local/lib/python3.7/site-packages/airflow/example_dags/example_datasets.py
[2023-05-04T08:19:54.577+0000] {logging_mixin.py:149} INFO - [2023-05-04T08:19:54.577+0000] {dag.py:2726} INFO - Sync 6 DAGs
[2023-05-04T08:19:54.718+0000] {logging_mixin.py:149} INFO - [2023-05-04T08:19:54.718+0000] {dag.py:3490} INFO - Setting next_dagrun for dataset_consumes_1 to None, run_after=None
[2023-05-04T08:19:54.722+0000] {logging_mixin.py:149} INFO - [2023-05-04T08:19:54.722+0000] {dag.py:3490} INFO - Setting next_dagrun for dataset_consumes_1_and_2 to None, run_after=None
[2023-05-04T08:19:54.725+0000] {logging_mixin.py:149} INFO - [2023-05-04T08:19:54.724+0000] {dag.py:3490} INFO - Setting next_dagrun for dataset_consumes_1_never_scheduled to None, run_after=None
[2023-05-04T08:19:54.727+0000] {logging_mixin.py:149} INFO - [2023-05-04T08:19:54.726+0000] {dag.py:3490} INFO - Setting next_dagrun for dataset_consumes_unknown_never_scheduled to None, run_after=None
[2023-05-04T08:19:54.730+0000] {logging_mixin.py:149} INFO - [2023-05-04T08:19:54.730+0000] {dag.py:3490} INFO - Setting next_dagrun for dataset_produces_1 to 2023-05-03T00:00:00+00:00, run_after=2023-05-04T00:00:00+00:00
[2023-05-04T08:19:54.732+0000] {logging_mixin.py:149} INFO - [2023-05-04T08:19:54.732+0000] {dag.py:3490} INFO - Setting next_dagrun for dataset_produces_2 to None, run_after=None
[2023-05-04T08:19:54.771+0000] {processor.py:178} INFO - Processing /home/airflow/.local/lib/python3.7/site-packages/airflow/example_dags/example_datasets.py took 0.259 seconds
[2023-05-04T08:20:25.059+0000] {processor.py:156} INFO - Started process (PID=6903) to work on /home/airflow/.local/lib/python3.7/site-packages/airflow/example_dags/example_datasets.py
[2023-05-04T08:20:25.061+0000] {processor.py:799} INFO - Processing file /home/airflow/.local/lib/python3.7/site-packages/airflow/example_dags/example_datasets.py for tasks to queue
[2023-05-04T08:20:25.062+0000] {logging_mixin.py:149} INFO - [2023-05-04T08:20:25.062+0000] {dagbag.py:541} INFO - Filling up the DagBag from /home/airflow/.local/lib/python3.7/site-packages/airflow/example_dags/example_datasets.py
[2023-05-04T08:20:25.072+0000] {processor.py:809} INFO - DAG(s) dict_keys(['dataset_produces_2', 'dataset_consumes_1_never_scheduled', 'dataset_consumes_unknown_never_scheduled', 'dataset_consumes_1_and_2', 'dataset_consumes_1', 'dataset_produces_1']) retrieved from /home/airflow/.local/lib/python3.7/site-packages/airflow/example_dags/example_datasets.py
[2023-05-04T08:20:25.124+0000] {logging_mixin.py:149} INFO - [2023-05-04T08:20:25.124+0000] {dag.py:2726} INFO - Sync 6 DAGs
[2023-05-04T08:20:25.323+0000] {logging_mixin.py:149} INFO - [2023-05-04T08:20:25.323+0000] {dag.py:3490} INFO - Setting next_dagrun for dataset_consumes_1 to None, run_after=None
[2023-05-04T08:20:25.327+0000] {logging_mixin.py:149} INFO - [2023-05-04T08:20:25.327+0000] {dag.py:3490} INFO - Setting next_dagrun for dataset_consumes_1_and_2 to None, run_after=None
[2023-05-04T08:20:25.329+0000] {logging_mixin.py:149} INFO - [2023-05-04T08:20:25.329+0000] {dag.py:3490} INFO - Setting next_dagrun for dataset_consumes_1_never_scheduled to None, run_after=None
[2023-05-04T08:20:25.331+0000] {logging_mixin.py:149} INFO - [2023-05-04T08:20:25.330+0000] {dag.py:3490} INFO - Setting next_dagrun for dataset_consumes_unknown_never_scheduled to None, run_after=None
[2023-05-04T08:20:25.336+0000] {logging_mixin.py:149} INFO - [2023-05-04T08:20:25.336+0000] {dag.py:3490} INFO - Setting next_dagrun for dataset_produces_1 to 2023-05-03T00:00:00+00:00, run_after=2023-05-04T00:00:00+00:00
[2023-05-04T08:20:25.339+0000] {logging_mixin.py:149} INFO - [2023-05-04T08:20:25.338+0000] {dag.py:3490} INFO - Setting next_dagrun for dataset_produces_2 to None, run_after=None
[2023-05-04T08:20:25.394+0000] {processor.py:178} INFO - Processing /home/airflow/.local/lib/python3.7/site-packages/airflow/example_dags/example_datasets.py took 0.338 seconds
[2023-05-04T08:20:55.469+0000] {processor.py:156} INFO - Started process (PID=7152) to work on /home/airflow/.local/lib/python3.7/site-packages/airflow/example_dags/example_datasets.py
[2023-05-04T08:20:55.470+0000] {processor.py:799} INFO - Processing file /home/airflow/.local/lib/python3.7/site-packages/airflow/example_dags/example_datasets.py for tasks to queue
[2023-05-04T08:20:55.471+0000] {logging_mixin.py:149} INFO - [2023-05-04T08:20:55.471+0000] {dagbag.py:541} INFO - Filling up the DagBag from /home/airflow/.local/lib/python3.7/site-packages/airflow/example_dags/example_datasets.py
[2023-05-04T08:20:55.481+0000] {processor.py:809} INFO - DAG(s) dict_keys(['dataset_produces_1', 'dataset_consumes_1', 'dataset_produces_2', 'dataset_consumes_1_never_scheduled', 'dataset_consumes_unknown_never_scheduled', 'dataset_consumes_1_and_2']) retrieved from /home/airflow/.local/lib/python3.7/site-packages/airflow/example_dags/example_datasets.py
[2023-05-04T08:20:55.532+0000] {logging_mixin.py:149} INFO - [2023-05-04T08:20:55.532+0000] {dag.py:2726} INFO - Sync 6 DAGs
[2023-05-04T08:20:55.562+0000] {logging_mixin.py:149} INFO - [2023-05-04T08:20:55.562+0000] {dag.py:3490} INFO - Setting next_dagrun for dataset_consumes_1 to None, run_after=None
[2023-05-04T08:20:55.566+0000] {logging_mixin.py:149} INFO - [2023-05-04T08:20:55.566+0000] {dag.py:3490} INFO - Setting next_dagrun for dataset_consumes_1_and_2 to None, run_after=None
[2023-05-04T08:20:55.569+0000] {logging_mixin.py:149} INFO - [2023-05-04T08:20:55.569+0000] {dag.py:3490} INFO - Setting next_dagrun for dataset_consumes_1_never_scheduled to None, run_after=None
[2023-05-04T08:20:55.571+0000] {logging_mixin.py:149} INFO - [2023-05-04T08:20:55.571+0000] {dag.py:3490} INFO - Setting next_dagrun for dataset_consumes_unknown_never_scheduled to None, run_after=None
[2023-05-04T08:20:55.574+0000] {logging_mixin.py:149} INFO - [2023-05-04T08:20:55.574+0000] {dag.py:3490} INFO - Setting next_dagrun for dataset_produces_1 to 2023-05-03T00:00:00+00:00, run_after=2023-05-04T00:00:00+00:00
[2023-05-04T08:20:55.576+0000] {logging_mixin.py:149} INFO - [2023-05-04T08:20:55.576+0000] {dag.py:3490} INFO - Setting next_dagrun for dataset_produces_2 to None, run_after=None
[2023-05-04T08:20:55.617+0000] {processor.py:178} INFO - Processing /home/airflow/.local/lib/python3.7/site-packages/airflow/example_dags/example_datasets.py took 0.152 seconds
[2023-05-04T08:21:26.104+0000] {processor.py:156} INFO - Started process (PID=7405) to work on /home/airflow/.local/lib/python3.7/site-packages/airflow/example_dags/example_datasets.py
[2023-05-04T08:21:26.108+0000] {processor.py:799} INFO - Processing file /home/airflow/.local/lib/python3.7/site-packages/airflow/example_dags/example_datasets.py for tasks to queue
[2023-05-04T08:21:26.111+0000] {logging_mixin.py:149} INFO - [2023-05-04T08:21:26.111+0000] {dagbag.py:541} INFO - Filling up the DagBag from /home/airflow/.local/lib/python3.7/site-packages/airflow/example_dags/example_datasets.py
[2023-05-04T08:21:26.142+0000] {processor.py:809} INFO - DAG(s) dict_keys(['dataset_produces_2', 'dataset_consumes_1', 'dataset_produces_1', 'dataset_consumes_1_and_2', 'dataset_consumes_unknown_never_scheduled', 'dataset_consumes_1_never_scheduled']) retrieved from /home/airflow/.local/lib/python3.7/site-packages/airflow/example_dags/example_datasets.py
[2023-05-04T08:21:26.261+0000] {logging_mixin.py:149} INFO - [2023-05-04T08:21:26.261+0000] {dag.py:2726} INFO - Sync 6 DAGs
[2023-05-04T08:21:26.329+0000] {logging_mixin.py:149} INFO - [2023-05-04T08:21:26.329+0000] {dag.py:3490} INFO - Setting next_dagrun for dataset_consumes_1 to None, run_after=None
[2023-05-04T08:21:26.343+0000] {logging_mixin.py:149} INFO - [2023-05-04T08:21:26.343+0000] {dag.py:3490} INFO - Setting next_dagrun for dataset_consumes_1_and_2 to None, run_after=None
[2023-05-04T08:21:26.346+0000] {logging_mixin.py:149} INFO - [2023-05-04T08:21:26.346+0000] {dag.py:3490} INFO - Setting next_dagrun for dataset_consumes_1_never_scheduled to None, run_after=None
[2023-05-04T08:21:26.348+0000] {logging_mixin.py:149} INFO - [2023-05-04T08:21:26.348+0000] {dag.py:3490} INFO - Setting next_dagrun for dataset_consumes_unknown_never_scheduled to None, run_after=None
[2023-05-04T08:21:26.361+0000] {logging_mixin.py:149} INFO - [2023-05-04T08:21:26.361+0000] {dag.py:3490} INFO - Setting next_dagrun for dataset_produces_1 to 2023-05-03T00:00:00+00:00, run_after=2023-05-04T00:00:00+00:00
[2023-05-04T08:21:26.363+0000] {logging_mixin.py:149} INFO - [2023-05-04T08:21:26.363+0000] {dag.py:3490} INFO - Setting next_dagrun for dataset_produces_2 to None, run_after=None
[2023-05-04T08:21:26.483+0000] {processor.py:178} INFO - Processing /home/airflow/.local/lib/python3.7/site-packages/airflow/example_dags/example_datasets.py took 0.388 seconds
[2023-05-04T08:21:56.566+0000] {processor.py:156} INFO - Started process (PID=7658) to work on /home/airflow/.local/lib/python3.7/site-packages/airflow/example_dags/example_datasets.py
[2023-05-04T08:21:56.568+0000] {processor.py:799} INFO - Processing file /home/airflow/.local/lib/python3.7/site-packages/airflow/example_dags/example_datasets.py for tasks to queue
[2023-05-04T08:21:56.569+0000] {logging_mixin.py:149} INFO - [2023-05-04T08:21:56.569+0000] {dagbag.py:541} INFO - Filling up the DagBag from /home/airflow/.local/lib/python3.7/site-packages/airflow/example_dags/example_datasets.py
[2023-05-04T08:21:56.581+0000] {processor.py:809} INFO - DAG(s) dict_keys(['dataset_consumes_1_never_scheduled', 'dataset_consumes_1_and_2', 'dataset_produces_1', 'dataset_consumes_unknown_never_scheduled', 'dataset_consumes_1', 'dataset_produces_2']) retrieved from /home/airflow/.local/lib/python3.7/site-packages/airflow/example_dags/example_datasets.py
[2023-05-04T08:21:56.632+0000] {logging_mixin.py:149} INFO - [2023-05-04T08:21:56.632+0000] {dag.py:2726} INFO - Sync 6 DAGs
[2023-05-04T08:21:56.665+0000] {logging_mixin.py:149} INFO - [2023-05-04T08:21:56.664+0000] {dag.py:3490} INFO - Setting next_dagrun for dataset_consumes_1 to None, run_after=None
[2023-05-04T08:21:56.669+0000] {logging_mixin.py:149} INFO - [2023-05-04T08:21:56.668+0000] {dag.py:3490} INFO - Setting next_dagrun for dataset_consumes_1_and_2 to None, run_after=None
[2023-05-04T08:21:56.670+0000] {logging_mixin.py:149} INFO - [2023-05-04T08:21:56.670+0000] {dag.py:3490} INFO - Setting next_dagrun for dataset_consumes_1_never_scheduled to None, run_after=None
[2023-05-04T08:21:56.672+0000] {logging_mixin.py:149} INFO - [2023-05-04T08:21:56.672+0000] {dag.py:3490} INFO - Setting next_dagrun for dataset_consumes_unknown_never_scheduled to None, run_after=None
[2023-05-04T08:21:56.677+0000] {logging_mixin.py:149} INFO - [2023-05-04T08:21:56.676+0000] {dag.py:3490} INFO - Setting next_dagrun for dataset_produces_1 to 2023-05-03T00:00:00+00:00, run_after=2023-05-04T00:00:00+00:00
[2023-05-04T08:21:56.679+0000] {logging_mixin.py:149} INFO - [2023-05-04T08:21:56.679+0000] {dag.py:3490} INFO - Setting next_dagrun for dataset_produces_2 to None, run_after=None
[2023-05-04T08:21:56.719+0000] {processor.py:178} INFO - Processing /home/airflow/.local/lib/python3.7/site-packages/airflow/example_dags/example_datasets.py took 0.157 seconds
[2023-05-04T08:22:27.285+0000] {processor.py:156} INFO - Started process (PID=7899) to work on /home/airflow/.local/lib/python3.7/site-packages/airflow/example_dags/example_datasets.py
[2023-05-04T08:22:27.286+0000] {processor.py:799} INFO - Processing file /home/airflow/.local/lib/python3.7/site-packages/airflow/example_dags/example_datasets.py for tasks to queue
[2023-05-04T08:22:27.287+0000] {logging_mixin.py:149} INFO - [2023-05-04T08:22:27.287+0000] {dagbag.py:541} INFO - Filling up the DagBag from /home/airflow/.local/lib/python3.7/site-packages/airflow/example_dags/example_datasets.py
[2023-05-04T08:22:27.297+0000] {processor.py:809} INFO - DAG(s) dict_keys(['dataset_consumes_unknown_never_scheduled', 'dataset_produces_1', 'dataset_produces_2', 'dataset_consumes_1', 'dataset_consumes_1_never_scheduled', 'dataset_consumes_1_and_2']) retrieved from /home/airflow/.local/lib/python3.7/site-packages/airflow/example_dags/example_datasets.py
[2023-05-04T08:22:27.350+0000] {logging_mixin.py:149} INFO - [2023-05-04T08:22:27.349+0000] {dag.py:2726} INFO - Sync 6 DAGs
[2023-05-04T08:22:27.385+0000] {logging_mixin.py:149} INFO - [2023-05-04T08:22:27.385+0000] {dag.py:3490} INFO - Setting next_dagrun for dataset_consumes_1 to None, run_after=None
[2023-05-04T08:22:27.390+0000] {logging_mixin.py:149} INFO - [2023-05-04T08:22:27.390+0000] {dag.py:3490} INFO - Setting next_dagrun for dataset_consumes_1_and_2 to None, run_after=None
[2023-05-04T08:22:27.392+0000] {logging_mixin.py:149} INFO - [2023-05-04T08:22:27.392+0000] {dag.py:3490} INFO - Setting next_dagrun for dataset_consumes_1_never_scheduled to None, run_after=None
[2023-05-04T08:22:27.393+0000] {logging_mixin.py:149} INFO - [2023-05-04T08:22:27.393+0000] {dag.py:3490} INFO - Setting next_dagrun for dataset_consumes_unknown_never_scheduled to None, run_after=None
[2023-05-04T08:22:27.398+0000] {logging_mixin.py:149} INFO - [2023-05-04T08:22:27.397+0000] {dag.py:3490} INFO - Setting next_dagrun for dataset_produces_1 to 2023-05-03T00:00:00+00:00, run_after=2023-05-04T00:00:00+00:00
[2023-05-04T08:22:27.400+0000] {logging_mixin.py:149} INFO - [2023-05-04T08:22:27.400+0000] {dag.py:3490} INFO - Setting next_dagrun for dataset_produces_2 to None, run_after=None
[2023-05-04T08:22:27.442+0000] {processor.py:178} INFO - Processing /home/airflow/.local/lib/python3.7/site-packages/airflow/example_dags/example_datasets.py took 0.161 seconds
[2023-05-04T08:22:58.209+0000] {processor.py:156} INFO - Started process (PID=8151) to work on /home/airflow/.local/lib/python3.7/site-packages/airflow/example_dags/example_datasets.py
[2023-05-04T08:22:58.210+0000] {processor.py:799} INFO - Processing file /home/airflow/.local/lib/python3.7/site-packages/airflow/example_dags/example_datasets.py for tasks to queue
[2023-05-04T08:22:58.212+0000] {logging_mixin.py:149} INFO - [2023-05-04T08:22:58.211+0000] {dagbag.py:541} INFO - Filling up the DagBag from /home/airflow/.local/lib/python3.7/site-packages/airflow/example_dags/example_datasets.py
[2023-05-04T08:22:58.223+0000] {processor.py:809} INFO - DAG(s) dict_keys(['dataset_consumes_1', 'dataset_consumes_1_and_2', 'dataset_produces_1', 'dataset_consumes_unknown_never_scheduled', 'dataset_produces_2', 'dataset_consumes_1_never_scheduled']) retrieved from /home/airflow/.local/lib/python3.7/site-packages/airflow/example_dags/example_datasets.py
[2023-05-04T08:22:58.274+0000] {logging_mixin.py:149} INFO - [2023-05-04T08:22:58.274+0000] {dag.py:2726} INFO - Sync 6 DAGs
[2023-05-04T08:22:58.308+0000] {logging_mixin.py:149} INFO - [2023-05-04T08:22:58.308+0000] {dag.py:3490} INFO - Setting next_dagrun for dataset_consumes_1 to None, run_after=None
[2023-05-04T08:22:58.314+0000] {logging_mixin.py:149} INFO - [2023-05-04T08:22:58.314+0000] {dag.py:3490} INFO - Setting next_dagrun for dataset_consumes_1_and_2 to None, run_after=None
[2023-05-04T08:22:58.316+0000] {logging_mixin.py:149} INFO - [2023-05-04T08:22:58.316+0000] {dag.py:3490} INFO - Setting next_dagrun for dataset_consumes_1_never_scheduled to None, run_after=None
[2023-05-04T08:22:58.318+0000] {logging_mixin.py:149} INFO - [2023-05-04T08:22:58.318+0000] {dag.py:3490} INFO - Setting next_dagrun for dataset_consumes_unknown_never_scheduled to None, run_after=None
[2023-05-04T08:22:58.322+0000] {logging_mixin.py:149} INFO - [2023-05-04T08:22:58.322+0000] {dag.py:3490} INFO - Setting next_dagrun for dataset_produces_1 to 2023-05-03T00:00:00+00:00, run_after=2023-05-04T00:00:00+00:00
[2023-05-04T08:22:58.324+0000] {logging_mixin.py:149} INFO - [2023-05-04T08:22:58.324+0000] {dag.py:3490} INFO - Setting next_dagrun for dataset_produces_2 to None, run_after=None
[2023-05-04T08:22:58.369+0000] {processor.py:178} INFO - Processing /home/airflow/.local/lib/python3.7/site-packages/airflow/example_dags/example_datasets.py took 0.164 seconds
[2023-05-04T08:23:28.489+0000] {processor.py:156} INFO - Started process (PID=8394) to work on /home/airflow/.local/lib/python3.7/site-packages/airflow/example_dags/example_datasets.py
[2023-05-04T08:23:28.496+0000] {processor.py:799} INFO - Processing file /home/airflow/.local/lib/python3.7/site-packages/airflow/example_dags/example_datasets.py for tasks to queue
[2023-05-04T08:23:28.501+0000] {logging_mixin.py:149} INFO - [2023-05-04T08:23:28.501+0000] {dagbag.py:541} INFO - Filling up the DagBag from /home/airflow/.local/lib/python3.7/site-packages/airflow/example_dags/example_datasets.py
[2023-05-04T08:23:28.533+0000] {processor.py:809} INFO - DAG(s) dict_keys(['dataset_consumes_1', 'dataset_consumes_unknown_never_scheduled', 'dataset_consumes_1_never_scheduled', 'dataset_consumes_1_and_2', 'dataset_produces_1', 'dataset_produces_2']) retrieved from /home/airflow/.local/lib/python3.7/site-packages/airflow/example_dags/example_datasets.py
[2023-05-04T08:23:28.681+0000] {logging_mixin.py:149} INFO - [2023-05-04T08:23:28.681+0000] {dag.py:2726} INFO - Sync 6 DAGs
[2023-05-04T08:23:28.792+0000] {logging_mixin.py:149} INFO - [2023-05-04T08:23:28.792+0000] {dag.py:3490} INFO - Setting next_dagrun for dataset_consumes_1 to None, run_after=None
[2023-05-04T08:23:28.806+0000] {logging_mixin.py:149} INFO - [2023-05-04T08:23:28.805+0000] {dag.py:3490} INFO - Setting next_dagrun for dataset_consumes_1_and_2 to None, run_after=None
[2023-05-04T08:23:28.810+0000] {logging_mixin.py:149} INFO - [2023-05-04T08:23:28.809+0000] {dag.py:3490} INFO - Setting next_dagrun for dataset_consumes_1_never_scheduled to None, run_after=None
[2023-05-04T08:23:28.814+0000] {logging_mixin.py:149} INFO - [2023-05-04T08:23:28.814+0000] {dag.py:3490} INFO - Setting next_dagrun for dataset_consumes_unknown_never_scheduled to None, run_after=None
[2023-05-04T08:23:28.825+0000] {logging_mixin.py:149} INFO - [2023-05-04T08:23:28.825+0000] {dag.py:3490} INFO - Setting next_dagrun for dataset_produces_1 to 2023-05-03T00:00:00+00:00, run_after=2023-05-04T00:00:00+00:00
[2023-05-04T08:23:28.829+0000] {logging_mixin.py:149} INFO - [2023-05-04T08:23:28.828+0000] {dag.py:3490} INFO - Setting next_dagrun for dataset_produces_2 to None, run_after=None
[2023-05-04T08:23:28.896+0000] {processor.py:178} INFO - Processing /home/airflow/.local/lib/python3.7/site-packages/airflow/example_dags/example_datasets.py took 0.414 seconds
[2023-05-04T08:23:59.044+0000] {processor.py:156} INFO - Started process (PID=8648) to work on /home/airflow/.local/lib/python3.7/site-packages/airflow/example_dags/example_datasets.py
[2023-05-04T08:23:59.046+0000] {processor.py:799} INFO - Processing file /home/airflow/.local/lib/python3.7/site-packages/airflow/example_dags/example_datasets.py for tasks to queue
[2023-05-04T08:23:59.047+0000] {logging_mixin.py:149} INFO - [2023-05-04T08:23:59.046+0000] {dagbag.py:541} INFO - Filling up the DagBag from /home/airflow/.local/lib/python3.7/site-packages/airflow/example_dags/example_datasets.py
[2023-05-04T08:23:59.056+0000] {processor.py:809} INFO - DAG(s) dict_keys(['dataset_consumes_1_never_scheduled', 'dataset_consumes_1_and_2', 'dataset_consumes_1', 'dataset_produces_1', 'dataset_consumes_unknown_never_scheduled', 'dataset_produces_2']) retrieved from /home/airflow/.local/lib/python3.7/site-packages/airflow/example_dags/example_datasets.py
[2023-05-04T08:23:59.105+0000] {logging_mixin.py:149} INFO - [2023-05-04T08:23:59.105+0000] {dag.py:2726} INFO - Sync 6 DAGs
[2023-05-04T08:23:59.138+0000] {logging_mixin.py:149} INFO - [2023-05-04T08:23:59.138+0000] {dag.py:3490} INFO - Setting next_dagrun for dataset_consumes_1 to None, run_after=None
[2023-05-04T08:23:59.142+0000] {logging_mixin.py:149} INFO - [2023-05-04T08:23:59.142+0000] {dag.py:3490} INFO - Setting next_dagrun for dataset_consumes_1_and_2 to None, run_after=None
[2023-05-04T08:23:59.144+0000] {logging_mixin.py:149} INFO - [2023-05-04T08:23:59.144+0000] {dag.py:3490} INFO - Setting next_dagrun for dataset_consumes_1_never_scheduled to None, run_after=None
[2023-05-04T08:23:59.146+0000] {logging_mixin.py:149} INFO - [2023-05-04T08:23:59.146+0000] {dag.py:3490} INFO - Setting next_dagrun for dataset_consumes_unknown_never_scheduled to None, run_after=None
[2023-05-04T08:23:59.150+0000] {logging_mixin.py:149} INFO - [2023-05-04T08:23:59.150+0000] {dag.py:3490} INFO - Setting next_dagrun for dataset_produces_1 to 2023-05-03T00:00:00+00:00, run_after=2023-05-04T00:00:00+00:00
[2023-05-04T08:23:59.152+0000] {logging_mixin.py:149} INFO - [2023-05-04T08:23:59.152+0000] {dag.py:3490} INFO - Setting next_dagrun for dataset_produces_2 to None, run_after=None
[2023-05-04T08:23:59.193+0000] {processor.py:178} INFO - Processing /home/airflow/.local/lib/python3.7/site-packages/airflow/example_dags/example_datasets.py took 0.153 seconds
[2023-05-04T08:24:29.856+0000] {processor.py:156} INFO - Started process (PID=8901) to work on /home/airflow/.local/lib/python3.7/site-packages/airflow/example_dags/example_datasets.py
[2023-05-04T08:24:29.858+0000] {processor.py:799} INFO - Processing file /home/airflow/.local/lib/python3.7/site-packages/airflow/example_dags/example_datasets.py for tasks to queue
[2023-05-04T08:24:29.860+0000] {logging_mixin.py:149} INFO - [2023-05-04T08:24:29.859+0000] {dagbag.py:541} INFO - Filling up the DagBag from /home/airflow/.local/lib/python3.7/site-packages/airflow/example_dags/example_datasets.py
[2023-05-04T08:24:29.873+0000] {processor.py:809} INFO - DAG(s) dict_keys(['dataset_produces_2', 'dataset_consumes_unknown_never_scheduled', 'dataset_consumes_1', 'dataset_produces_1', 'dataset_consumes_1_never_scheduled', 'dataset_consumes_1_and_2']) retrieved from /home/airflow/.local/lib/python3.7/site-packages/airflow/example_dags/example_datasets.py
[2023-05-04T08:24:29.936+0000] {logging_mixin.py:149} INFO - [2023-05-04T08:24:29.935+0000] {dag.py:2726} INFO - Sync 6 DAGs
[2023-05-04T08:24:29.978+0000] {logging_mixin.py:149} INFO - [2023-05-04T08:24:29.977+0000] {dag.py:3490} INFO - Setting next_dagrun for dataset_consumes_1 to None, run_after=None
[2023-05-04T08:24:29.984+0000] {logging_mixin.py:149} INFO - [2023-05-04T08:24:29.984+0000] {dag.py:3490} INFO - Setting next_dagrun for dataset_consumes_1_and_2 to None, run_after=None
[2023-05-04T08:24:29.986+0000] {logging_mixin.py:149} INFO - [2023-05-04T08:24:29.986+0000] {dag.py:3490} INFO - Setting next_dagrun for dataset_consumes_1_never_scheduled to None, run_after=None
[2023-05-04T08:24:29.988+0000] {logging_mixin.py:149} INFO - [2023-05-04T08:24:29.988+0000] {dag.py:3490} INFO - Setting next_dagrun for dataset_consumes_unknown_never_scheduled to None, run_after=None
[2023-05-04T08:24:29.994+0000] {logging_mixin.py:149} INFO - [2023-05-04T08:24:29.994+0000] {dag.py:3490} INFO - Setting next_dagrun for dataset_produces_1 to 2023-05-03T00:00:00+00:00, run_after=2023-05-04T00:00:00+00:00
[2023-05-04T08:24:29.997+0000] {logging_mixin.py:149} INFO - [2023-05-04T08:24:29.997+0000] {dag.py:3490} INFO - Setting next_dagrun for dataset_produces_2 to None, run_after=None
[2023-05-04T08:24:30.050+0000] {processor.py:178} INFO - Processing /home/airflow/.local/lib/python3.7/site-packages/airflow/example_dags/example_datasets.py took 0.200 seconds
[2023-05-04T08:25:00.209+0000] {processor.py:156} INFO - Started process (PID=9155) to work on /home/airflow/.local/lib/python3.7/site-packages/airflow/example_dags/example_datasets.py
[2023-05-04T08:25:00.210+0000] {processor.py:799} INFO - Processing file /home/airflow/.local/lib/python3.7/site-packages/airflow/example_dags/example_datasets.py for tasks to queue
[2023-05-04T08:25:00.211+0000] {logging_mixin.py:149} INFO - [2023-05-04T08:25:00.211+0000] {dagbag.py:541} INFO - Filling up the DagBag from /home/airflow/.local/lib/python3.7/site-packages/airflow/example_dags/example_datasets.py
[2023-05-04T08:25:00.221+0000] {processor.py:809} INFO - DAG(s) dict_keys(['dataset_consumes_1_never_scheduled', 'dataset_produces_2', 'dataset_consumes_1_and_2', 'dataset_produces_1', 'dataset_consumes_unknown_never_scheduled', 'dataset_consumes_1']) retrieved from /home/airflow/.local/lib/python3.7/site-packages/airflow/example_dags/example_datasets.py
[2023-05-04T08:25:00.272+0000] {logging_mixin.py:149} INFO - [2023-05-04T08:25:00.272+0000] {dag.py:2726} INFO - Sync 6 DAGs
[2023-05-04T08:25:00.308+0000] {logging_mixin.py:149} INFO - [2023-05-04T08:25:00.308+0000] {dag.py:3490} INFO - Setting next_dagrun for dataset_consumes_1 to None, run_after=None
[2023-05-04T08:25:00.313+0000] {logging_mixin.py:149} INFO - [2023-05-04T08:25:00.313+0000] {dag.py:3490} INFO - Setting next_dagrun for dataset_consumes_1_and_2 to None, run_after=None
[2023-05-04T08:25:00.315+0000] {logging_mixin.py:149} INFO - [2023-05-04T08:25:00.315+0000] {dag.py:3490} INFO - Setting next_dagrun for dataset_consumes_1_never_scheduled to None, run_after=None
[2023-05-04T08:25:00.317+0000] {logging_mixin.py:149} INFO - [2023-05-04T08:25:00.317+0000] {dag.py:3490} INFO - Setting next_dagrun for dataset_consumes_unknown_never_scheduled to None, run_after=None
[2023-05-04T08:25:00.322+0000] {logging_mixin.py:149} INFO - [2023-05-04T08:25:00.321+0000] {dag.py:3490} INFO - Setting next_dagrun for dataset_produces_1 to 2023-05-03T00:00:00+00:00, run_after=2023-05-04T00:00:00+00:00
[2023-05-04T08:25:00.324+0000] {logging_mixin.py:149} INFO - [2023-05-04T08:25:00.323+0000] {dag.py:3490} INFO - Setting next_dagrun for dataset_produces_2 to None, run_after=None
[2023-05-04T08:25:00.372+0000] {processor.py:178} INFO - Processing /home/airflow/.local/lib/python3.7/site-packages/airflow/example_dags/example_datasets.py took 0.167 seconds
[2023-05-04T08:25:30.604+0000] {processor.py:156} INFO - Started process (PID=9409) to work on /home/airflow/.local/lib/python3.7/site-packages/airflow/example_dags/example_datasets.py
[2023-05-04T08:25:30.605+0000] {processor.py:799} INFO - Processing file /home/airflow/.local/lib/python3.7/site-packages/airflow/example_dags/example_datasets.py for tasks to queue
[2023-05-04T08:25:30.607+0000] {logging_mixin.py:149} INFO - [2023-05-04T08:25:30.607+0000] {dagbag.py:541} INFO - Filling up the DagBag from /home/airflow/.local/lib/python3.7/site-packages/airflow/example_dags/example_datasets.py
[2023-05-04T08:25:30.619+0000] {processor.py:809} INFO - DAG(s) dict_keys(['dataset_consumes_1_never_scheduled', 'dataset_consumes_unknown_never_scheduled', 'dataset_produces_1', 'dataset_produces_2', 'dataset_consumes_1_and_2', 'dataset_consumes_1']) retrieved from /home/airflow/.local/lib/python3.7/site-packages/airflow/example_dags/example_datasets.py
[2023-05-04T08:25:30.680+0000] {logging_mixin.py:149} INFO - [2023-05-04T08:25:30.680+0000] {dag.py:2726} INFO - Sync 6 DAGs
[2023-05-04T08:25:30.717+0000] {logging_mixin.py:149} INFO - [2023-05-04T08:25:30.716+0000] {dag.py:3490} INFO - Setting next_dagrun for dataset_consumes_1 to None, run_after=None
[2023-05-04T08:25:30.722+0000] {logging_mixin.py:149} INFO - [2023-05-04T08:25:30.722+0000] {dag.py:3490} INFO - Setting next_dagrun for dataset_consumes_1_and_2 to None, run_after=None
[2023-05-04T08:25:30.725+0000] {logging_mixin.py:149} INFO - [2023-05-04T08:25:30.725+0000] {dag.py:3490} INFO - Setting next_dagrun for dataset_consumes_1_never_scheduled to None, run_after=None
[2023-05-04T08:25:30.728+0000] {logging_mixin.py:149} INFO - [2023-05-04T08:25:30.728+0000] {dag.py:3490} INFO - Setting next_dagrun for dataset_consumes_unknown_never_scheduled to None, run_after=None
[2023-05-04T08:25:30.732+0000] {logging_mixin.py:149} INFO - [2023-05-04T08:25:30.731+0000] {dag.py:3490} INFO - Setting next_dagrun for dataset_produces_1 to 2023-05-03T00:00:00+00:00, run_after=2023-05-04T00:00:00+00:00
[2023-05-04T08:25:30.734+0000] {logging_mixin.py:149} INFO - [2023-05-04T08:25:30.734+0000] {dag.py:3490} INFO - Setting next_dagrun for dataset_produces_2 to None, run_after=None
[2023-05-04T08:25:30.798+0000] {processor.py:178} INFO - Processing /home/airflow/.local/lib/python3.7/site-packages/airflow/example_dags/example_datasets.py took 0.199 seconds
