[2023-05-04T08:16:51.708+0000] {processor.py:156} INFO - Started process (PID=5157) to work on /home/airflow/.local/lib/python3.7/site-packages/airflow/example_dags/example_python_operator.py
[2023-05-04T08:16:51.709+0000] {processor.py:799} INFO - Processing file /home/airflow/.local/lib/python3.7/site-packages/airflow/example_dags/example_python_operator.py for tasks to queue
[2023-05-04T08:16:51.710+0000] {logging_mixin.py:149} INFO - [2023-05-04T08:16:51.710+0000] {dagbag.py:541} INFO - Filling up the DagBag from /home/airflow/.local/lib/python3.7/site-packages/airflow/example_dags/example_python_operator.py
[2023-05-04T08:16:51.719+0000] {logging_mixin.py:149} INFO - [2023-05-04T08:16:51.719+0000] {taskmixin.py:211} WARNING - Dependency <Task(_PythonDecoratedOperator): print_the_context>, log_sql_query already registered for DAG: example_python_operator
[2023-05-04T08:16:51.720+0000] {logging_mixin.py:149} INFO - [2023-05-04T08:16:51.720+0000] {taskmixin.py:211} WARNING - Dependency <Task(_PythonDecoratedOperator): log_sql_query>, print_the_context already registered for DAG: example_python_operator
[2023-05-04T08:16:51.721+0000] {logging_mixin.py:149} INFO - [2023-05-04T08:16:51.721+0000] {taskmixin.py:211} WARNING - Dependency <Task(_PythonDecoratedOperator): print_the_context>, log_sql_query already registered for DAG: example_python_operator
[2023-05-04T08:16:51.721+0000] {logging_mixin.py:149} INFO - [2023-05-04T08:16:51.721+0000] {taskmixin.py:211} WARNING - Dependency <Task(_PythonDecoratedOperator): log_sql_query>, print_the_context already registered for DAG: example_python_operator
[2023-05-04T08:16:51.722+0000] {logging_mixin.py:149} INFO - [2023-05-04T08:16:51.722+0000] {taskmixin.py:211} WARNING - Dependency <Task(_PythonDecoratedOperator): print_the_context>, log_sql_query already registered for DAG: example_python_operator
[2023-05-04T08:16:51.723+0000] {logging_mixin.py:149} INFO - [2023-05-04T08:16:51.723+0000] {taskmixin.py:211} WARNING - Dependency <Task(_PythonDecoratedOperator): log_sql_query>, print_the_context already registered for DAG: example_python_operator
[2023-05-04T08:16:51.724+0000] {logging_mixin.py:149} INFO - [2023-05-04T08:16:51.724+0000] {taskmixin.py:211} WARNING - Dependency <Task(_PythonDecoratedOperator): print_the_context>, log_sql_query already registered for DAG: example_python_operator
[2023-05-04T08:16:51.724+0000] {logging_mixin.py:149} INFO - [2023-05-04T08:16:51.724+0000] {taskmixin.py:211} WARNING - Dependency <Task(_PythonDecoratedOperator): log_sql_query>, print_the_context already registered for DAG: example_python_operator
[2023-05-04T08:16:51.728+0000] {processor.py:809} INFO - DAG(s) dict_keys(['example_python_operator']) retrieved from /home/airflow/.local/lib/python3.7/site-packages/airflow/example_dags/example_python_operator.py
[2023-05-04T08:16:51.764+0000] {logging_mixin.py:149} INFO - [2023-05-04T08:16:51.764+0000] {dag.py:2726} INFO - Sync 1 DAGs
[2023-05-04T08:16:51.797+0000] {logging_mixin.py:149} INFO - [2023-05-04T08:16:51.797+0000] {dag.py:3490} INFO - Setting next_dagrun for example_python_operator to None, run_after=None
[2023-05-04T08:16:51.819+0000] {processor.py:178} INFO - Processing /home/airflow/.local/lib/python3.7/site-packages/airflow/example_dags/example_python_operator.py took 0.115 seconds
[2023-05-04T08:17:22.538+0000] {processor.py:156} INFO - Started process (PID=5401) to work on /home/airflow/.local/lib/python3.7/site-packages/airflow/example_dags/example_python_operator.py
[2023-05-04T08:17:22.539+0000] {processor.py:799} INFO - Processing file /home/airflow/.local/lib/python3.7/site-packages/airflow/example_dags/example_python_operator.py for tasks to queue
[2023-05-04T08:17:22.541+0000] {logging_mixin.py:149} INFO - [2023-05-04T08:17:22.540+0000] {dagbag.py:541} INFO - Filling up the DagBag from /home/airflow/.local/lib/python3.7/site-packages/airflow/example_dags/example_python_operator.py
[2023-05-04T08:17:22.558+0000] {logging_mixin.py:149} INFO - [2023-05-04T08:17:22.557+0000] {taskmixin.py:211} WARNING - Dependency <Task(_PythonDecoratedOperator): print_the_context>, log_sql_query already registered for DAG: example_python_operator
[2023-05-04T08:17:22.559+0000] {logging_mixin.py:149} INFO - [2023-05-04T08:17:22.558+0000] {taskmixin.py:211} WARNING - Dependency <Task(_PythonDecoratedOperator): log_sql_query>, print_the_context already registered for DAG: example_python_operator
[2023-05-04T08:17:22.562+0000] {logging_mixin.py:149} INFO - [2023-05-04T08:17:22.561+0000] {taskmixin.py:211} WARNING - Dependency <Task(_PythonDecoratedOperator): print_the_context>, log_sql_query already registered for DAG: example_python_operator
[2023-05-04T08:17:22.564+0000] {logging_mixin.py:149} INFO - [2023-05-04T08:17:22.564+0000] {taskmixin.py:211} WARNING - Dependency <Task(_PythonDecoratedOperator): log_sql_query>, print_the_context already registered for DAG: example_python_operator
[2023-05-04T08:17:22.567+0000] {logging_mixin.py:149} INFO - [2023-05-04T08:17:22.567+0000] {taskmixin.py:211} WARNING - Dependency <Task(_PythonDecoratedOperator): print_the_context>, log_sql_query already registered for DAG: example_python_operator
[2023-05-04T08:17:22.568+0000] {logging_mixin.py:149} INFO - [2023-05-04T08:17:22.568+0000] {taskmixin.py:211} WARNING - Dependency <Task(_PythonDecoratedOperator): log_sql_query>, print_the_context already registered for DAG: example_python_operator
[2023-05-04T08:17:22.569+0000] {logging_mixin.py:149} INFO - [2023-05-04T08:17:22.569+0000] {taskmixin.py:211} WARNING - Dependency <Task(_PythonDecoratedOperator): print_the_context>, log_sql_query already registered for DAG: example_python_operator
[2023-05-04T08:17:22.570+0000] {logging_mixin.py:149} INFO - [2023-05-04T08:17:22.570+0000] {taskmixin.py:211} WARNING - Dependency <Task(_PythonDecoratedOperator): log_sql_query>, print_the_context already registered for DAG: example_python_operator
[2023-05-04T08:17:22.576+0000] {processor.py:809} INFO - DAG(s) dict_keys(['example_python_operator']) retrieved from /home/airflow/.local/lib/python3.7/site-packages/airflow/example_dags/example_python_operator.py
[2023-05-04T08:17:22.641+0000] {logging_mixin.py:149} INFO - [2023-05-04T08:17:22.641+0000] {dag.py:2726} INFO - Sync 1 DAGs
[2023-05-04T08:17:22.705+0000] {logging_mixin.py:149} INFO - [2023-05-04T08:17:22.705+0000] {dag.py:3490} INFO - Setting next_dagrun for example_python_operator to None, run_after=None
[2023-05-04T08:17:22.754+0000] {processor.py:178} INFO - Processing /home/airflow/.local/lib/python3.7/site-packages/airflow/example_dags/example_python_operator.py took 0.223 seconds
[2023-05-04T08:17:53.819+0000] {processor.py:156} INFO - Started process (PID=5656) to work on /home/airflow/.local/lib/python3.7/site-packages/airflow/example_dags/example_python_operator.py
[2023-05-04T08:17:53.820+0000] {processor.py:799} INFO - Processing file /home/airflow/.local/lib/python3.7/site-packages/airflow/example_dags/example_python_operator.py for tasks to queue
[2023-05-04T08:17:53.822+0000] {logging_mixin.py:149} INFO - [2023-05-04T08:17:53.822+0000] {dagbag.py:541} INFO - Filling up the DagBag from /home/airflow/.local/lib/python3.7/site-packages/airflow/example_dags/example_python_operator.py
[2023-05-04T08:17:53.831+0000] {logging_mixin.py:149} INFO - [2023-05-04T08:17:53.830+0000] {taskmixin.py:211} WARNING - Dependency <Task(_PythonDecoratedOperator): print_the_context>, log_sql_query already registered for DAG: example_python_operator
[2023-05-04T08:17:53.831+0000] {logging_mixin.py:149} INFO - [2023-05-04T08:17:53.831+0000] {taskmixin.py:211} WARNING - Dependency <Task(_PythonDecoratedOperator): log_sql_query>, print_the_context already registered for DAG: example_python_operator
[2023-05-04T08:17:53.832+0000] {logging_mixin.py:149} INFO - [2023-05-04T08:17:53.832+0000] {taskmixin.py:211} WARNING - Dependency <Task(_PythonDecoratedOperator): print_the_context>, log_sql_query already registered for DAG: example_python_operator
[2023-05-04T08:17:53.833+0000] {logging_mixin.py:149} INFO - [2023-05-04T08:17:53.833+0000] {taskmixin.py:211} WARNING - Dependency <Task(_PythonDecoratedOperator): log_sql_query>, print_the_context already registered for DAG: example_python_operator
[2023-05-04T08:17:53.834+0000] {logging_mixin.py:149} INFO - [2023-05-04T08:17:53.834+0000] {taskmixin.py:211} WARNING - Dependency <Task(_PythonDecoratedOperator): print_the_context>, log_sql_query already registered for DAG: example_python_operator
[2023-05-04T08:17:53.835+0000] {logging_mixin.py:149} INFO - [2023-05-04T08:17:53.835+0000] {taskmixin.py:211} WARNING - Dependency <Task(_PythonDecoratedOperator): log_sql_query>, print_the_context already registered for DAG: example_python_operator
[2023-05-04T08:17:53.836+0000] {logging_mixin.py:149} INFO - [2023-05-04T08:17:53.836+0000] {taskmixin.py:211} WARNING - Dependency <Task(_PythonDecoratedOperator): print_the_context>, log_sql_query already registered for DAG: example_python_operator
[2023-05-04T08:17:53.837+0000] {logging_mixin.py:149} INFO - [2023-05-04T08:17:53.837+0000] {taskmixin.py:211} WARNING - Dependency <Task(_PythonDecoratedOperator): log_sql_query>, print_the_context already registered for DAG: example_python_operator
[2023-05-04T08:17:53.841+0000] {processor.py:809} INFO - DAG(s) dict_keys(['example_python_operator']) retrieved from /home/airflow/.local/lib/python3.7/site-packages/airflow/example_dags/example_python_operator.py
[2023-05-04T08:17:53.886+0000] {logging_mixin.py:149} INFO - [2023-05-04T08:17:53.885+0000] {dag.py:2726} INFO - Sync 1 DAGs
[2023-05-04T08:17:54.067+0000] {logging_mixin.py:149} INFO - [2023-05-04T08:17:54.067+0000] {dag.py:3490} INFO - Setting next_dagrun for example_python_operator to None, run_after=None
[2023-05-04T08:17:54.099+0000] {processor.py:178} INFO - Processing /home/airflow/.local/lib/python3.7/site-packages/airflow/example_dags/example_python_operator.py took 0.284 seconds
[2023-05-04T08:18:24.598+0000] {processor.py:156} INFO - Started process (PID=5908) to work on /home/airflow/.local/lib/python3.7/site-packages/airflow/example_dags/example_python_operator.py
[2023-05-04T08:18:24.600+0000] {processor.py:799} INFO - Processing file /home/airflow/.local/lib/python3.7/site-packages/airflow/example_dags/example_python_operator.py for tasks to queue
[2023-05-04T08:18:24.601+0000] {logging_mixin.py:149} INFO - [2023-05-04T08:18:24.601+0000] {dagbag.py:541} INFO - Filling up the DagBag from /home/airflow/.local/lib/python3.7/site-packages/airflow/example_dags/example_python_operator.py
[2023-05-04T08:18:24.611+0000] {logging_mixin.py:149} INFO - [2023-05-04T08:18:24.611+0000] {taskmixin.py:211} WARNING - Dependency <Task(_PythonDecoratedOperator): print_the_context>, log_sql_query already registered for DAG: example_python_operator
[2023-05-04T08:18:24.612+0000] {logging_mixin.py:149} INFO - [2023-05-04T08:18:24.612+0000] {taskmixin.py:211} WARNING - Dependency <Task(_PythonDecoratedOperator): log_sql_query>, print_the_context already registered for DAG: example_python_operator
[2023-05-04T08:18:24.613+0000] {logging_mixin.py:149} INFO - [2023-05-04T08:18:24.613+0000] {taskmixin.py:211} WARNING - Dependency <Task(_PythonDecoratedOperator): print_the_context>, log_sql_query already registered for DAG: example_python_operator
[2023-05-04T08:18:24.614+0000] {logging_mixin.py:149} INFO - [2023-05-04T08:18:24.614+0000] {taskmixin.py:211} WARNING - Dependency <Task(_PythonDecoratedOperator): log_sql_query>, print_the_context already registered for DAG: example_python_operator
[2023-05-04T08:18:24.615+0000] {logging_mixin.py:149} INFO - [2023-05-04T08:18:24.615+0000] {taskmixin.py:211} WARNING - Dependency <Task(_PythonDecoratedOperator): print_the_context>, log_sql_query already registered for DAG: example_python_operator
[2023-05-04T08:18:24.616+0000] {logging_mixin.py:149} INFO - [2023-05-04T08:18:24.616+0000] {taskmixin.py:211} WARNING - Dependency <Task(_PythonDecoratedOperator): log_sql_query>, print_the_context already registered for DAG: example_python_operator
[2023-05-04T08:18:24.617+0000] {logging_mixin.py:149} INFO - [2023-05-04T08:18:24.617+0000] {taskmixin.py:211} WARNING - Dependency <Task(_PythonDecoratedOperator): print_the_context>, log_sql_query already registered for DAG: example_python_operator
[2023-05-04T08:18:24.618+0000] {logging_mixin.py:149} INFO - [2023-05-04T08:18:24.618+0000] {taskmixin.py:211} WARNING - Dependency <Task(_PythonDecoratedOperator): log_sql_query>, print_the_context already registered for DAG: example_python_operator
[2023-05-04T08:18:24.622+0000] {processor.py:809} INFO - DAG(s) dict_keys(['example_python_operator']) retrieved from /home/airflow/.local/lib/python3.7/site-packages/airflow/example_dags/example_python_operator.py
[2023-05-04T08:18:24.655+0000] {logging_mixin.py:149} INFO - [2023-05-04T08:18:24.655+0000] {dag.py:2726} INFO - Sync 1 DAGs
[2023-05-04T08:18:24.685+0000] {logging_mixin.py:149} INFO - [2023-05-04T08:18:24.685+0000] {dag.py:3490} INFO - Setting next_dagrun for example_python_operator to None, run_after=None
[2023-05-04T08:18:24.866+0000] {processor.py:178} INFO - Processing /home/airflow/.local/lib/python3.7/site-packages/airflow/example_dags/example_python_operator.py took 0.273 seconds
[2023-05-04T08:18:54.992+0000] {processor.py:156} INFO - Started process (PID=6162) to work on /home/airflow/.local/lib/python3.7/site-packages/airflow/example_dags/example_python_operator.py
[2023-05-04T08:18:54.993+0000] {processor.py:799} INFO - Processing file /home/airflow/.local/lib/python3.7/site-packages/airflow/example_dags/example_python_operator.py for tasks to queue
[2023-05-04T08:18:54.994+0000] {logging_mixin.py:149} INFO - [2023-05-04T08:18:54.994+0000] {dagbag.py:541} INFO - Filling up the DagBag from /home/airflow/.local/lib/python3.7/site-packages/airflow/example_dags/example_python_operator.py
[2023-05-04T08:18:55.003+0000] {logging_mixin.py:149} INFO - [2023-05-04T08:18:55.003+0000] {taskmixin.py:211} WARNING - Dependency <Task(_PythonDecoratedOperator): print_the_context>, log_sql_query already registered for DAG: example_python_operator
[2023-05-04T08:18:55.004+0000] {logging_mixin.py:149} INFO - [2023-05-04T08:18:55.004+0000] {taskmixin.py:211} WARNING - Dependency <Task(_PythonDecoratedOperator): log_sql_query>, print_the_context already registered for DAG: example_python_operator
[2023-05-04T08:18:55.006+0000] {logging_mixin.py:149} INFO - [2023-05-04T08:18:55.006+0000] {taskmixin.py:211} WARNING - Dependency <Task(_PythonDecoratedOperator): print_the_context>, log_sql_query already registered for DAG: example_python_operator
[2023-05-04T08:18:55.006+0000] {logging_mixin.py:149} INFO - [2023-05-04T08:18:55.006+0000] {taskmixin.py:211} WARNING - Dependency <Task(_PythonDecoratedOperator): log_sql_query>, print_the_context already registered for DAG: example_python_operator
[2023-05-04T08:18:55.007+0000] {logging_mixin.py:149} INFO - [2023-05-04T08:18:55.007+0000] {taskmixin.py:211} WARNING - Dependency <Task(_PythonDecoratedOperator): print_the_context>, log_sql_query already registered for DAG: example_python_operator
[2023-05-04T08:18:55.008+0000] {logging_mixin.py:149} INFO - [2023-05-04T08:18:55.008+0000] {taskmixin.py:211} WARNING - Dependency <Task(_PythonDecoratedOperator): log_sql_query>, print_the_context already registered for DAG: example_python_operator
[2023-05-04T08:18:55.009+0000] {logging_mixin.py:149} INFO - [2023-05-04T08:18:55.009+0000] {taskmixin.py:211} WARNING - Dependency <Task(_PythonDecoratedOperator): print_the_context>, log_sql_query already registered for DAG: example_python_operator
[2023-05-04T08:18:55.010+0000] {logging_mixin.py:149} INFO - [2023-05-04T08:18:55.009+0000] {taskmixin.py:211} WARNING - Dependency <Task(_PythonDecoratedOperator): log_sql_query>, print_the_context already registered for DAG: example_python_operator
[2023-05-04T08:18:55.013+0000] {processor.py:809} INFO - DAG(s) dict_keys(['example_python_operator']) retrieved from /home/airflow/.local/lib/python3.7/site-packages/airflow/example_dags/example_python_operator.py
[2023-05-04T08:18:55.050+0000] {logging_mixin.py:149} INFO - [2023-05-04T08:18:55.049+0000] {dag.py:2726} INFO - Sync 1 DAGs
[2023-05-04T08:18:55.082+0000] {logging_mixin.py:149} INFO - [2023-05-04T08:18:55.082+0000] {dag.py:3490} INFO - Setting next_dagrun for example_python_operator to None, run_after=None
[2023-05-04T08:18:55.109+0000] {processor.py:178} INFO - Processing /home/airflow/.local/lib/python3.7/site-packages/airflow/example_dags/example_python_operator.py took 0.122 seconds
[2023-05-04T08:19:25.578+0000] {processor.py:156} INFO - Started process (PID=6415) to work on /home/airflow/.local/lib/python3.7/site-packages/airflow/example_dags/example_python_operator.py
[2023-05-04T08:19:25.579+0000] {processor.py:799} INFO - Processing file /home/airflow/.local/lib/python3.7/site-packages/airflow/example_dags/example_python_operator.py for tasks to queue
[2023-05-04T08:19:25.580+0000] {logging_mixin.py:149} INFO - [2023-05-04T08:19:25.580+0000] {dagbag.py:541} INFO - Filling up the DagBag from /home/airflow/.local/lib/python3.7/site-packages/airflow/example_dags/example_python_operator.py
[2023-05-04T08:19:25.589+0000] {logging_mixin.py:149} INFO - [2023-05-04T08:19:25.589+0000] {taskmixin.py:211} WARNING - Dependency <Task(_PythonDecoratedOperator): print_the_context>, log_sql_query already registered for DAG: example_python_operator
[2023-05-04T08:19:25.590+0000] {logging_mixin.py:149} INFO - [2023-05-04T08:19:25.589+0000] {taskmixin.py:211} WARNING - Dependency <Task(_PythonDecoratedOperator): log_sql_query>, print_the_context already registered for DAG: example_python_operator
[2023-05-04T08:19:25.591+0000] {logging_mixin.py:149} INFO - [2023-05-04T08:19:25.591+0000] {taskmixin.py:211} WARNING - Dependency <Task(_PythonDecoratedOperator): print_the_context>, log_sql_query already registered for DAG: example_python_operator
[2023-05-04T08:19:25.592+0000] {logging_mixin.py:149} INFO - [2023-05-04T08:19:25.591+0000] {taskmixin.py:211} WARNING - Dependency <Task(_PythonDecoratedOperator): log_sql_query>, print_the_context already registered for DAG: example_python_operator
[2023-05-04T08:19:25.593+0000] {logging_mixin.py:149} INFO - [2023-05-04T08:19:25.593+0000] {taskmixin.py:211} WARNING - Dependency <Task(_PythonDecoratedOperator): print_the_context>, log_sql_query already registered for DAG: example_python_operator
[2023-05-04T08:19:25.593+0000] {logging_mixin.py:149} INFO - [2023-05-04T08:19:25.593+0000] {taskmixin.py:211} WARNING - Dependency <Task(_PythonDecoratedOperator): log_sql_query>, print_the_context already registered for DAG: example_python_operator
[2023-05-04T08:19:25.595+0000] {logging_mixin.py:149} INFO - [2023-05-04T08:19:25.595+0000] {taskmixin.py:211} WARNING - Dependency <Task(_PythonDecoratedOperator): print_the_context>, log_sql_query already registered for DAG: example_python_operator
[2023-05-04T08:19:25.595+0000] {logging_mixin.py:149} INFO - [2023-05-04T08:19:25.595+0000] {taskmixin.py:211} WARNING - Dependency <Task(_PythonDecoratedOperator): log_sql_query>, print_the_context already registered for DAG: example_python_operator
[2023-05-04T08:19:25.599+0000] {processor.py:809} INFO - DAG(s) dict_keys(['example_python_operator']) retrieved from /home/airflow/.local/lib/python3.7/site-packages/airflow/example_dags/example_python_operator.py
[2023-05-04T08:19:25.637+0000] {logging_mixin.py:149} INFO - [2023-05-04T08:19:25.637+0000] {dag.py:2726} INFO - Sync 1 DAGs
[2023-05-04T08:19:25.672+0000] {logging_mixin.py:149} INFO - [2023-05-04T08:19:25.672+0000] {dag.py:3490} INFO - Setting next_dagrun for example_python_operator to None, run_after=None
[2023-05-04T08:19:25.702+0000] {processor.py:178} INFO - Processing /home/airflow/.local/lib/python3.7/site-packages/airflow/example_dags/example_python_operator.py took 0.127 seconds
[2023-05-04T08:19:55.839+0000] {processor.py:156} INFO - Started process (PID=6665) to work on /home/airflow/.local/lib/python3.7/site-packages/airflow/example_dags/example_python_operator.py
[2023-05-04T08:19:55.840+0000] {processor.py:799} INFO - Processing file /home/airflow/.local/lib/python3.7/site-packages/airflow/example_dags/example_python_operator.py for tasks to queue
[2023-05-04T08:19:55.842+0000] {logging_mixin.py:149} INFO - [2023-05-04T08:19:55.841+0000] {dagbag.py:541} INFO - Filling up the DagBag from /home/airflow/.local/lib/python3.7/site-packages/airflow/example_dags/example_python_operator.py
[2023-05-04T08:19:55.850+0000] {logging_mixin.py:149} INFO - [2023-05-04T08:19:55.850+0000] {taskmixin.py:211} WARNING - Dependency <Task(_PythonDecoratedOperator): print_the_context>, log_sql_query already registered for DAG: example_python_operator
[2023-05-04T08:19:55.851+0000] {logging_mixin.py:149} INFO - [2023-05-04T08:19:55.851+0000] {taskmixin.py:211} WARNING - Dependency <Task(_PythonDecoratedOperator): log_sql_query>, print_the_context already registered for DAG: example_python_operator
[2023-05-04T08:19:55.852+0000] {logging_mixin.py:149} INFO - [2023-05-04T08:19:55.852+0000] {taskmixin.py:211} WARNING - Dependency <Task(_PythonDecoratedOperator): print_the_context>, log_sql_query already registered for DAG: example_python_operator
[2023-05-04T08:19:55.852+0000] {logging_mixin.py:149} INFO - [2023-05-04T08:19:55.852+0000] {taskmixin.py:211} WARNING - Dependency <Task(_PythonDecoratedOperator): log_sql_query>, print_the_context already registered for DAG: example_python_operator
[2023-05-04T08:19:55.854+0000] {logging_mixin.py:149} INFO - [2023-05-04T08:19:55.854+0000] {taskmixin.py:211} WARNING - Dependency <Task(_PythonDecoratedOperator): print_the_context>, log_sql_query already registered for DAG: example_python_operator
[2023-05-04T08:19:55.855+0000] {logging_mixin.py:149} INFO - [2023-05-04T08:19:55.854+0000] {taskmixin.py:211} WARNING - Dependency <Task(_PythonDecoratedOperator): log_sql_query>, print_the_context already registered for DAG: example_python_operator
[2023-05-04T08:19:55.856+0000] {logging_mixin.py:149} INFO - [2023-05-04T08:19:55.856+0000] {taskmixin.py:211} WARNING - Dependency <Task(_PythonDecoratedOperator): print_the_context>, log_sql_query already registered for DAG: example_python_operator
[2023-05-04T08:19:55.857+0000] {logging_mixin.py:149} INFO - [2023-05-04T08:19:55.856+0000] {taskmixin.py:211} WARNING - Dependency <Task(_PythonDecoratedOperator): log_sql_query>, print_the_context already registered for DAG: example_python_operator
[2023-05-04T08:19:55.861+0000] {processor.py:809} INFO - DAG(s) dict_keys(['example_python_operator']) retrieved from /home/airflow/.local/lib/python3.7/site-packages/airflow/example_dags/example_python_operator.py
[2023-05-04T08:19:56.021+0000] {logging_mixin.py:149} INFO - [2023-05-04T08:19:56.021+0000] {dag.py:2726} INFO - Sync 1 DAGs
[2023-05-04T08:19:56.056+0000] {logging_mixin.py:149} INFO - [2023-05-04T08:19:56.055+0000] {dag.py:3490} INFO - Setting next_dagrun for example_python_operator to None, run_after=None
[2023-05-04T08:19:56.082+0000] {processor.py:178} INFO - Processing /home/airflow/.local/lib/python3.7/site-packages/airflow/example_dags/example_python_operator.py took 0.248 seconds
[2023-05-04T08:20:26.461+0000] {processor.py:156} INFO - Started process (PID=6921) to work on /home/airflow/.local/lib/python3.7/site-packages/airflow/example_dags/example_python_operator.py
[2023-05-04T08:20:26.462+0000] {processor.py:799} INFO - Processing file /home/airflow/.local/lib/python3.7/site-packages/airflow/example_dags/example_python_operator.py for tasks to queue
[2023-05-04T08:20:26.463+0000] {logging_mixin.py:149} INFO - [2023-05-04T08:20:26.463+0000] {dagbag.py:541} INFO - Filling up the DagBag from /home/airflow/.local/lib/python3.7/site-packages/airflow/example_dags/example_python_operator.py
[2023-05-04T08:20:26.475+0000] {logging_mixin.py:149} INFO - [2023-05-04T08:20:26.475+0000] {taskmixin.py:211} WARNING - Dependency <Task(_PythonDecoratedOperator): print_the_context>, log_sql_query already registered for DAG: example_python_operator
[2023-05-04T08:20:26.476+0000] {logging_mixin.py:149} INFO - [2023-05-04T08:20:26.475+0000] {taskmixin.py:211} WARNING - Dependency <Task(_PythonDecoratedOperator): log_sql_query>, print_the_context already registered for DAG: example_python_operator
[2023-05-04T08:20:26.477+0000] {logging_mixin.py:149} INFO - [2023-05-04T08:20:26.477+0000] {taskmixin.py:211} WARNING - Dependency <Task(_PythonDecoratedOperator): print_the_context>, log_sql_query already registered for DAG: example_python_operator
[2023-05-04T08:20:26.478+0000] {logging_mixin.py:149} INFO - [2023-05-04T08:20:26.478+0000] {taskmixin.py:211} WARNING - Dependency <Task(_PythonDecoratedOperator): log_sql_query>, print_the_context already registered for DAG: example_python_operator
[2023-05-04T08:20:26.480+0000] {logging_mixin.py:149} INFO - [2023-05-04T08:20:26.479+0000] {taskmixin.py:211} WARNING - Dependency <Task(_PythonDecoratedOperator): print_the_context>, log_sql_query already registered for DAG: example_python_operator
[2023-05-04T08:20:26.480+0000] {logging_mixin.py:149} INFO - [2023-05-04T08:20:26.480+0000] {taskmixin.py:211} WARNING - Dependency <Task(_PythonDecoratedOperator): log_sql_query>, print_the_context already registered for DAG: example_python_operator
[2023-05-04T08:20:26.482+0000] {logging_mixin.py:149} INFO - [2023-05-04T08:20:26.482+0000] {taskmixin.py:211} WARNING - Dependency <Task(_PythonDecoratedOperator): print_the_context>, log_sql_query already registered for DAG: example_python_operator
[2023-05-04T08:20:26.483+0000] {logging_mixin.py:149} INFO - [2023-05-04T08:20:26.483+0000] {taskmixin.py:211} WARNING - Dependency <Task(_PythonDecoratedOperator): log_sql_query>, print_the_context already registered for DAG: example_python_operator
[2023-05-04T08:20:26.490+0000] {processor.py:809} INFO - DAG(s) dict_keys(['example_python_operator']) retrieved from /home/airflow/.local/lib/python3.7/site-packages/airflow/example_dags/example_python_operator.py
[2023-05-04T08:20:26.529+0000] {logging_mixin.py:149} INFO - [2023-05-04T08:20:26.529+0000] {dag.py:2726} INFO - Sync 1 DAGs
[2023-05-04T08:20:26.691+0000] {logging_mixin.py:149} INFO - [2023-05-04T08:20:26.691+0000] {dag.py:3490} INFO - Setting next_dagrun for example_python_operator to None, run_after=None
[2023-05-04T08:20:26.717+0000] {processor.py:178} INFO - Processing /home/airflow/.local/lib/python3.7/site-packages/airflow/example_dags/example_python_operator.py took 0.260 seconds
[2023-05-04T08:20:56.973+0000] {processor.py:156} INFO - Started process (PID=7177) to work on /home/airflow/.local/lib/python3.7/site-packages/airflow/example_dags/example_python_operator.py
[2023-05-04T08:20:56.974+0000] {processor.py:799} INFO - Processing file /home/airflow/.local/lib/python3.7/site-packages/airflow/example_dags/example_python_operator.py for tasks to queue
[2023-05-04T08:20:56.976+0000] {logging_mixin.py:149} INFO - [2023-05-04T08:20:56.976+0000] {dagbag.py:541} INFO - Filling up the DagBag from /home/airflow/.local/lib/python3.7/site-packages/airflow/example_dags/example_python_operator.py
[2023-05-04T08:20:56.985+0000] {logging_mixin.py:149} INFO - [2023-05-04T08:20:56.985+0000] {taskmixin.py:211} WARNING - Dependency <Task(_PythonDecoratedOperator): print_the_context>, log_sql_query already registered for DAG: example_python_operator
[2023-05-04T08:20:56.986+0000] {logging_mixin.py:149} INFO - [2023-05-04T08:20:56.986+0000] {taskmixin.py:211} WARNING - Dependency <Task(_PythonDecoratedOperator): log_sql_query>, print_the_context already registered for DAG: example_python_operator
[2023-05-04T08:20:56.987+0000] {logging_mixin.py:149} INFO - [2023-05-04T08:20:56.987+0000] {taskmixin.py:211} WARNING - Dependency <Task(_PythonDecoratedOperator): print_the_context>, log_sql_query already registered for DAG: example_python_operator
[2023-05-04T08:20:56.988+0000] {logging_mixin.py:149} INFO - [2023-05-04T08:20:56.988+0000] {taskmixin.py:211} WARNING - Dependency <Task(_PythonDecoratedOperator): log_sql_query>, print_the_context already registered for DAG: example_python_operator
[2023-05-04T08:20:56.989+0000] {logging_mixin.py:149} INFO - [2023-05-04T08:20:56.989+0000] {taskmixin.py:211} WARNING - Dependency <Task(_PythonDecoratedOperator): print_the_context>, log_sql_query already registered for DAG: example_python_operator
[2023-05-04T08:20:56.990+0000] {logging_mixin.py:149} INFO - [2023-05-04T08:20:56.990+0000] {taskmixin.py:211} WARNING - Dependency <Task(_PythonDecoratedOperator): log_sql_query>, print_the_context already registered for DAG: example_python_operator
[2023-05-04T08:20:56.991+0000] {logging_mixin.py:149} INFO - [2023-05-04T08:20:56.991+0000] {taskmixin.py:211} WARNING - Dependency <Task(_PythonDecoratedOperator): print_the_context>, log_sql_query already registered for DAG: example_python_operator
[2023-05-04T08:20:56.992+0000] {logging_mixin.py:149} INFO - [2023-05-04T08:20:56.992+0000] {taskmixin.py:211} WARNING - Dependency <Task(_PythonDecoratedOperator): log_sql_query>, print_the_context already registered for DAG: example_python_operator
[2023-05-04T08:20:56.996+0000] {processor.py:809} INFO - DAG(s) dict_keys(['example_python_operator']) retrieved from /home/airflow/.local/lib/python3.7/site-packages/airflow/example_dags/example_python_operator.py
[2023-05-04T08:20:57.037+0000] {logging_mixin.py:149} INFO - [2023-05-04T08:20:57.036+0000] {dag.py:2726} INFO - Sync 1 DAGs
[2023-05-04T08:20:57.076+0000] {logging_mixin.py:149} INFO - [2023-05-04T08:20:57.076+0000] {dag.py:3490} INFO - Setting next_dagrun for example_python_operator to None, run_after=None
[2023-05-04T08:20:57.104+0000] {processor.py:178} INFO - Processing /home/airflow/.local/lib/python3.7/site-packages/airflow/example_dags/example_python_operator.py took 0.136 seconds
[2023-05-04T08:21:27.858+0000] {processor.py:156} INFO - Started process (PID=7430) to work on /home/airflow/.local/lib/python3.7/site-packages/airflow/example_dags/example_python_operator.py
[2023-05-04T08:21:27.860+0000] {processor.py:799} INFO - Processing file /home/airflow/.local/lib/python3.7/site-packages/airflow/example_dags/example_python_operator.py for tasks to queue
[2023-05-04T08:21:27.861+0000] {logging_mixin.py:149} INFO - [2023-05-04T08:21:27.861+0000] {dagbag.py:541} INFO - Filling up the DagBag from /home/airflow/.local/lib/python3.7/site-packages/airflow/example_dags/example_python_operator.py
[2023-05-04T08:21:27.874+0000] {logging_mixin.py:149} INFO - [2023-05-04T08:21:27.874+0000] {taskmixin.py:211} WARNING - Dependency <Task(_PythonDecoratedOperator): print_the_context>, log_sql_query already registered for DAG: example_python_operator
[2023-05-04T08:21:27.875+0000] {logging_mixin.py:149} INFO - [2023-05-04T08:21:27.875+0000] {taskmixin.py:211} WARNING - Dependency <Task(_PythonDecoratedOperator): log_sql_query>, print_the_context already registered for DAG: example_python_operator
[2023-05-04T08:21:27.876+0000] {logging_mixin.py:149} INFO - [2023-05-04T08:21:27.876+0000] {taskmixin.py:211} WARNING - Dependency <Task(_PythonDecoratedOperator): print_the_context>, log_sql_query already registered for DAG: example_python_operator
[2023-05-04T08:21:27.877+0000] {logging_mixin.py:149} INFO - [2023-05-04T08:21:27.877+0000] {taskmixin.py:211} WARNING - Dependency <Task(_PythonDecoratedOperator): log_sql_query>, print_the_context already registered for DAG: example_python_operator
[2023-05-04T08:21:27.878+0000] {logging_mixin.py:149} INFO - [2023-05-04T08:21:27.878+0000] {taskmixin.py:211} WARNING - Dependency <Task(_PythonDecoratedOperator): print_the_context>, log_sql_query already registered for DAG: example_python_operator
[2023-05-04T08:21:27.878+0000] {logging_mixin.py:149} INFO - [2023-05-04T08:21:27.878+0000] {taskmixin.py:211} WARNING - Dependency <Task(_PythonDecoratedOperator): log_sql_query>, print_the_context already registered for DAG: example_python_operator
[2023-05-04T08:21:27.880+0000] {logging_mixin.py:149} INFO - [2023-05-04T08:21:27.880+0000] {taskmixin.py:211} WARNING - Dependency <Task(_PythonDecoratedOperator): print_the_context>, log_sql_query already registered for DAG: example_python_operator
[2023-05-04T08:21:27.880+0000] {logging_mixin.py:149} INFO - [2023-05-04T08:21:27.880+0000] {taskmixin.py:211} WARNING - Dependency <Task(_PythonDecoratedOperator): log_sql_query>, print_the_context already registered for DAG: example_python_operator
[2023-05-04T08:21:27.887+0000] {processor.py:809} INFO - DAG(s) dict_keys(['example_python_operator']) retrieved from /home/airflow/.local/lib/python3.7/site-packages/airflow/example_dags/example_python_operator.py
[2023-05-04T08:21:27.931+0000] {logging_mixin.py:149} INFO - [2023-05-04T08:21:27.931+0000] {dag.py:2726} INFO - Sync 1 DAGs
[2023-05-04T08:21:27.972+0000] {logging_mixin.py:149} INFO - [2023-05-04T08:21:27.972+0000] {dag.py:3490} INFO - Setting next_dagrun for example_python_operator to None, run_after=None
[2023-05-04T08:21:28.008+0000] {processor.py:178} INFO - Processing /home/airflow/.local/lib/python3.7/site-packages/airflow/example_dags/example_python_operator.py took 0.155 seconds
[2023-05-04T08:21:58.908+0000] {processor.py:156} INFO - Started process (PID=7683) to work on /home/airflow/.local/lib/python3.7/site-packages/airflow/example_dags/example_python_operator.py
[2023-05-04T08:21:58.909+0000] {processor.py:799} INFO - Processing file /home/airflow/.local/lib/python3.7/site-packages/airflow/example_dags/example_python_operator.py for tasks to queue
[2023-05-04T08:21:58.910+0000] {logging_mixin.py:149} INFO - [2023-05-04T08:21:58.910+0000] {dagbag.py:541} INFO - Filling up the DagBag from /home/airflow/.local/lib/python3.7/site-packages/airflow/example_dags/example_python_operator.py
[2023-05-04T08:21:58.918+0000] {logging_mixin.py:149} INFO - [2023-05-04T08:21:58.918+0000] {taskmixin.py:211} WARNING - Dependency <Task(_PythonDecoratedOperator): print_the_context>, log_sql_query already registered for DAG: example_python_operator
[2023-05-04T08:21:58.919+0000] {logging_mixin.py:149} INFO - [2023-05-04T08:21:58.918+0000] {taskmixin.py:211} WARNING - Dependency <Task(_PythonDecoratedOperator): log_sql_query>, print_the_context already registered for DAG: example_python_operator
[2023-05-04T08:21:58.920+0000] {logging_mixin.py:149} INFO - [2023-05-04T08:21:58.920+0000] {taskmixin.py:211} WARNING - Dependency <Task(_PythonDecoratedOperator): print_the_context>, log_sql_query already registered for DAG: example_python_operator
[2023-05-04T08:21:58.920+0000] {logging_mixin.py:149} INFO - [2023-05-04T08:21:58.920+0000] {taskmixin.py:211} WARNING - Dependency <Task(_PythonDecoratedOperator): log_sql_query>, print_the_context already registered for DAG: example_python_operator
[2023-05-04T08:21:58.922+0000] {logging_mixin.py:149} INFO - [2023-05-04T08:21:58.922+0000] {taskmixin.py:211} WARNING - Dependency <Task(_PythonDecoratedOperator): print_the_context>, log_sql_query already registered for DAG: example_python_operator
[2023-05-04T08:21:58.922+0000] {logging_mixin.py:149} INFO - [2023-05-04T08:21:58.922+0000] {taskmixin.py:211} WARNING - Dependency <Task(_PythonDecoratedOperator): log_sql_query>, print_the_context already registered for DAG: example_python_operator
[2023-05-04T08:21:58.924+0000] {logging_mixin.py:149} INFO - [2023-05-04T08:21:58.923+0000] {taskmixin.py:211} WARNING - Dependency <Task(_PythonDecoratedOperator): print_the_context>, log_sql_query already registered for DAG: example_python_operator
[2023-05-04T08:21:58.924+0000] {logging_mixin.py:149} INFO - [2023-05-04T08:21:58.924+0000] {taskmixin.py:211} WARNING - Dependency <Task(_PythonDecoratedOperator): log_sql_query>, print_the_context already registered for DAG: example_python_operator
[2023-05-04T08:21:58.928+0000] {processor.py:809} INFO - DAG(s) dict_keys(['example_python_operator']) retrieved from /home/airflow/.local/lib/python3.7/site-packages/airflow/example_dags/example_python_operator.py
[2023-05-04T08:21:58.961+0000] {logging_mixin.py:149} INFO - [2023-05-04T08:21:58.961+0000] {dag.py:2726} INFO - Sync 1 DAGs
[2023-05-04T08:21:58.992+0000] {logging_mixin.py:149} INFO - [2023-05-04T08:21:58.992+0000] {dag.py:3490} INFO - Setting next_dagrun for example_python_operator to None, run_after=None
[2023-05-04T08:21:59.016+0000] {processor.py:178} INFO - Processing /home/airflow/.local/lib/python3.7/site-packages/airflow/example_dags/example_python_operator.py took 0.112 seconds
[2023-05-04T08:22:29.127+0000] {processor.py:156} INFO - Started process (PID=7937) to work on /home/airflow/.local/lib/python3.7/site-packages/airflow/example_dags/example_python_operator.py
[2023-05-04T08:22:29.128+0000] {processor.py:799} INFO - Processing file /home/airflow/.local/lib/python3.7/site-packages/airflow/example_dags/example_python_operator.py for tasks to queue
[2023-05-04T08:22:29.129+0000] {logging_mixin.py:149} INFO - [2023-05-04T08:22:29.129+0000] {dagbag.py:541} INFO - Filling up the DagBag from /home/airflow/.local/lib/python3.7/site-packages/airflow/example_dags/example_python_operator.py
[2023-05-04T08:22:29.137+0000] {logging_mixin.py:149} INFO - [2023-05-04T08:22:29.137+0000] {taskmixin.py:211} WARNING - Dependency <Task(_PythonDecoratedOperator): print_the_context>, log_sql_query already registered for DAG: example_python_operator
[2023-05-04T08:22:29.137+0000] {logging_mixin.py:149} INFO - [2023-05-04T08:22:29.137+0000] {taskmixin.py:211} WARNING - Dependency <Task(_PythonDecoratedOperator): log_sql_query>, print_the_context already registered for DAG: example_python_operator
[2023-05-04T08:22:29.139+0000] {logging_mixin.py:149} INFO - [2023-05-04T08:22:29.138+0000] {taskmixin.py:211} WARNING - Dependency <Task(_PythonDecoratedOperator): print_the_context>, log_sql_query already registered for DAG: example_python_operator
[2023-05-04T08:22:29.139+0000] {logging_mixin.py:149} INFO - [2023-05-04T08:22:29.139+0000] {taskmixin.py:211} WARNING - Dependency <Task(_PythonDecoratedOperator): log_sql_query>, print_the_context already registered for DAG: example_python_operator
[2023-05-04T08:22:29.140+0000] {logging_mixin.py:149} INFO - [2023-05-04T08:22:29.140+0000] {taskmixin.py:211} WARNING - Dependency <Task(_PythonDecoratedOperator): print_the_context>, log_sql_query already registered for DAG: example_python_operator
[2023-05-04T08:22:29.141+0000] {logging_mixin.py:149} INFO - [2023-05-04T08:22:29.141+0000] {taskmixin.py:211} WARNING - Dependency <Task(_PythonDecoratedOperator): log_sql_query>, print_the_context already registered for DAG: example_python_operator
[2023-05-04T08:22:29.142+0000] {logging_mixin.py:149} INFO - [2023-05-04T08:22:29.142+0000] {taskmixin.py:211} WARNING - Dependency <Task(_PythonDecoratedOperator): print_the_context>, log_sql_query already registered for DAG: example_python_operator
[2023-05-04T08:22:29.143+0000] {logging_mixin.py:149} INFO - [2023-05-04T08:22:29.143+0000] {taskmixin.py:211} WARNING - Dependency <Task(_PythonDecoratedOperator): log_sql_query>, print_the_context already registered for DAG: example_python_operator
[2023-05-04T08:22:29.147+0000] {processor.py:809} INFO - DAG(s) dict_keys(['example_python_operator']) retrieved from /home/airflow/.local/lib/python3.7/site-packages/airflow/example_dags/example_python_operator.py
[2023-05-04T08:22:29.180+0000] {logging_mixin.py:149} INFO - [2023-05-04T08:22:29.180+0000] {dag.py:2726} INFO - Sync 1 DAGs
[2023-05-04T08:22:29.212+0000] {logging_mixin.py:149} INFO - [2023-05-04T08:22:29.212+0000] {dag.py:3490} INFO - Setting next_dagrun for example_python_operator to None, run_after=None
[2023-05-04T08:22:29.238+0000] {processor.py:178} INFO - Processing /home/airflow/.local/lib/python3.7/site-packages/airflow/example_dags/example_python_operator.py took 0.115 seconds
[2023-05-04T08:22:59.950+0000] {processor.py:156} INFO - Started process (PID=8189) to work on /home/airflow/.local/lib/python3.7/site-packages/airflow/example_dags/example_python_operator.py
[2023-05-04T08:22:59.952+0000] {processor.py:799} INFO - Processing file /home/airflow/.local/lib/python3.7/site-packages/airflow/example_dags/example_python_operator.py for tasks to queue
[2023-05-04T08:22:59.953+0000] {logging_mixin.py:149} INFO - [2023-05-04T08:22:59.953+0000] {dagbag.py:541} INFO - Filling up the DagBag from /home/airflow/.local/lib/python3.7/site-packages/airflow/example_dags/example_python_operator.py
[2023-05-04T08:22:59.964+0000] {logging_mixin.py:149} INFO - [2023-05-04T08:22:59.964+0000] {taskmixin.py:211} WARNING - Dependency <Task(_PythonDecoratedOperator): print_the_context>, log_sql_query already registered for DAG: example_python_operator
[2023-05-04T08:22:59.965+0000] {logging_mixin.py:149} INFO - [2023-05-04T08:22:59.965+0000] {taskmixin.py:211} WARNING - Dependency <Task(_PythonDecoratedOperator): log_sql_query>, print_the_context already registered for DAG: example_python_operator
[2023-05-04T08:22:59.967+0000] {logging_mixin.py:149} INFO - [2023-05-04T08:22:59.967+0000] {taskmixin.py:211} WARNING - Dependency <Task(_PythonDecoratedOperator): print_the_context>, log_sql_query already registered for DAG: example_python_operator
[2023-05-04T08:22:59.968+0000] {logging_mixin.py:149} INFO - [2023-05-04T08:22:59.968+0000] {taskmixin.py:211} WARNING - Dependency <Task(_PythonDecoratedOperator): log_sql_query>, print_the_context already registered for DAG: example_python_operator
[2023-05-04T08:22:59.970+0000] {logging_mixin.py:149} INFO - [2023-05-04T08:22:59.969+0000] {taskmixin.py:211} WARNING - Dependency <Task(_PythonDecoratedOperator): print_the_context>, log_sql_query already registered for DAG: example_python_operator
[2023-05-04T08:22:59.970+0000] {logging_mixin.py:149} INFO - [2023-05-04T08:22:59.970+0000] {taskmixin.py:211} WARNING - Dependency <Task(_PythonDecoratedOperator): log_sql_query>, print_the_context already registered for DAG: example_python_operator
[2023-05-04T08:22:59.972+0000] {logging_mixin.py:149} INFO - [2023-05-04T08:22:59.972+0000] {taskmixin.py:211} WARNING - Dependency <Task(_PythonDecoratedOperator): print_the_context>, log_sql_query already registered for DAG: example_python_operator
[2023-05-04T08:22:59.973+0000] {logging_mixin.py:149} INFO - [2023-05-04T08:22:59.972+0000] {taskmixin.py:211} WARNING - Dependency <Task(_PythonDecoratedOperator): log_sql_query>, print_the_context already registered for DAG: example_python_operator
[2023-05-04T08:22:59.978+0000] {processor.py:809} INFO - DAG(s) dict_keys(['example_python_operator']) retrieved from /home/airflow/.local/lib/python3.7/site-packages/airflow/example_dags/example_python_operator.py
[2023-05-04T08:23:00.028+0000] {logging_mixin.py:149} INFO - [2023-05-04T08:23:00.028+0000] {dag.py:2726} INFO - Sync 1 DAGs
[2023-05-04T08:23:00.078+0000] {logging_mixin.py:149} INFO - [2023-05-04T08:23:00.078+0000] {dag.py:3490} INFO - Setting next_dagrun for example_python_operator to None, run_after=None
[2023-05-04T08:23:00.111+0000] {processor.py:178} INFO - Processing /home/airflow/.local/lib/python3.7/site-packages/airflow/example_dags/example_python_operator.py took 0.166 seconds
[2023-05-04T08:23:30.495+0000] {processor.py:156} INFO - Started process (PID=8429) to work on /home/airflow/.local/lib/python3.7/site-packages/airflow/example_dags/example_python_operator.py
[2023-05-04T08:23:30.496+0000] {processor.py:799} INFO - Processing file /home/airflow/.local/lib/python3.7/site-packages/airflow/example_dags/example_python_operator.py for tasks to queue
[2023-05-04T08:23:30.498+0000] {logging_mixin.py:149} INFO - [2023-05-04T08:23:30.497+0000] {dagbag.py:541} INFO - Filling up the DagBag from /home/airflow/.local/lib/python3.7/site-packages/airflow/example_dags/example_python_operator.py
[2023-05-04T08:23:30.510+0000] {logging_mixin.py:149} INFO - [2023-05-04T08:23:30.510+0000] {taskmixin.py:211} WARNING - Dependency <Task(_PythonDecoratedOperator): print_the_context>, log_sql_query already registered for DAG: example_python_operator
[2023-05-04T08:23:30.511+0000] {logging_mixin.py:149} INFO - [2023-05-04T08:23:30.511+0000] {taskmixin.py:211} WARNING - Dependency <Task(_PythonDecoratedOperator): log_sql_query>, print_the_context already registered for DAG: example_python_operator
[2023-05-04T08:23:30.513+0000] {logging_mixin.py:149} INFO - [2023-05-04T08:23:30.512+0000] {taskmixin.py:211} WARNING - Dependency <Task(_PythonDecoratedOperator): print_the_context>, log_sql_query already registered for DAG: example_python_operator
[2023-05-04T08:23:30.513+0000] {logging_mixin.py:149} INFO - [2023-05-04T08:23:30.513+0000] {taskmixin.py:211} WARNING - Dependency <Task(_PythonDecoratedOperator): log_sql_query>, print_the_context already registered for DAG: example_python_operator
[2023-05-04T08:23:30.515+0000] {logging_mixin.py:149} INFO - [2023-05-04T08:23:30.515+0000] {taskmixin.py:211} WARNING - Dependency <Task(_PythonDecoratedOperator): print_the_context>, log_sql_query already registered for DAG: example_python_operator
[2023-05-04T08:23:30.515+0000] {logging_mixin.py:149} INFO - [2023-05-04T08:23:30.515+0000] {taskmixin.py:211} WARNING - Dependency <Task(_PythonDecoratedOperator): log_sql_query>, print_the_context already registered for DAG: example_python_operator
[2023-05-04T08:23:30.517+0000] {logging_mixin.py:149} INFO - [2023-05-04T08:23:30.517+0000] {taskmixin.py:211} WARNING - Dependency <Task(_PythonDecoratedOperator): print_the_context>, log_sql_query already registered for DAG: example_python_operator
[2023-05-04T08:23:30.517+0000] {logging_mixin.py:149} INFO - [2023-05-04T08:23:30.517+0000] {taskmixin.py:211} WARNING - Dependency <Task(_PythonDecoratedOperator): log_sql_query>, print_the_context already registered for DAG: example_python_operator
[2023-05-04T08:23:30.525+0000] {processor.py:809} INFO - DAG(s) dict_keys(['example_python_operator']) retrieved from /home/airflow/.local/lib/python3.7/site-packages/airflow/example_dags/example_python_operator.py
[2023-05-04T08:23:30.579+0000] {logging_mixin.py:149} INFO - [2023-05-04T08:23:30.579+0000] {dag.py:2726} INFO - Sync 1 DAGs
[2023-05-04T08:23:30.626+0000] {logging_mixin.py:149} INFO - [2023-05-04T08:23:30.625+0000] {dag.py:3490} INFO - Setting next_dagrun for example_python_operator to None, run_after=None
[2023-05-04T08:23:30.660+0000] {processor.py:178} INFO - Processing /home/airflow/.local/lib/python3.7/site-packages/airflow/example_dags/example_python_operator.py took 0.171 seconds
[2023-05-04T08:24:01.356+0000] {processor.py:156} INFO - Started process (PID=8671) to work on /home/airflow/.local/lib/python3.7/site-packages/airflow/example_dags/example_python_operator.py
[2023-05-04T08:24:01.357+0000] {processor.py:799} INFO - Processing file /home/airflow/.local/lib/python3.7/site-packages/airflow/example_dags/example_python_operator.py for tasks to queue
[2023-05-04T08:24:01.359+0000] {logging_mixin.py:149} INFO - [2023-05-04T08:24:01.359+0000] {dagbag.py:541} INFO - Filling up the DagBag from /home/airflow/.local/lib/python3.7/site-packages/airflow/example_dags/example_python_operator.py
[2023-05-04T08:24:01.372+0000] {logging_mixin.py:149} INFO - [2023-05-04T08:24:01.372+0000] {taskmixin.py:211} WARNING - Dependency <Task(_PythonDecoratedOperator): print_the_context>, log_sql_query already registered for DAG: example_python_operator
[2023-05-04T08:24:01.373+0000] {logging_mixin.py:149} INFO - [2023-05-04T08:24:01.373+0000] {taskmixin.py:211} WARNING - Dependency <Task(_PythonDecoratedOperator): log_sql_query>, print_the_context already registered for DAG: example_python_operator
[2023-05-04T08:24:01.376+0000] {logging_mixin.py:149} INFO - [2023-05-04T08:24:01.375+0000] {taskmixin.py:211} WARNING - Dependency <Task(_PythonDecoratedOperator): print_the_context>, log_sql_query already registered for DAG: example_python_operator
[2023-05-04T08:24:01.377+0000] {logging_mixin.py:149} INFO - [2023-05-04T08:24:01.376+0000] {taskmixin.py:211} WARNING - Dependency <Task(_PythonDecoratedOperator): log_sql_query>, print_the_context already registered for DAG: example_python_operator
[2023-05-04T08:24:01.379+0000] {logging_mixin.py:149} INFO - [2023-05-04T08:24:01.379+0000] {taskmixin.py:211} WARNING - Dependency <Task(_PythonDecoratedOperator): print_the_context>, log_sql_query already registered for DAG: example_python_operator
[2023-05-04T08:24:01.380+0000] {logging_mixin.py:149} INFO - [2023-05-04T08:24:01.380+0000] {taskmixin.py:211} WARNING - Dependency <Task(_PythonDecoratedOperator): log_sql_query>, print_the_context already registered for DAG: example_python_operator
[2023-05-04T08:24:01.382+0000] {logging_mixin.py:149} INFO - [2023-05-04T08:24:01.382+0000] {taskmixin.py:211} WARNING - Dependency <Task(_PythonDecoratedOperator): print_the_context>, log_sql_query already registered for DAG: example_python_operator
[2023-05-04T08:24:01.383+0000] {logging_mixin.py:149} INFO - [2023-05-04T08:24:01.382+0000] {taskmixin.py:211} WARNING - Dependency <Task(_PythonDecoratedOperator): log_sql_query>, print_the_context already registered for DAG: example_python_operator
[2023-05-04T08:24:01.390+0000] {processor.py:809} INFO - DAG(s) dict_keys(['example_python_operator']) retrieved from /home/airflow/.local/lib/python3.7/site-packages/airflow/example_dags/example_python_operator.py
[2023-05-04T08:24:01.472+0000] {logging_mixin.py:149} INFO - [2023-05-04T08:24:01.472+0000] {dag.py:2726} INFO - Sync 1 DAGs
[2023-05-04T08:24:01.521+0000] {logging_mixin.py:149} INFO - [2023-05-04T08:24:01.521+0000] {dag.py:3490} INFO - Setting next_dagrun for example_python_operator to None, run_after=None
[2023-05-04T08:24:01.562+0000] {processor.py:178} INFO - Processing /home/airflow/.local/lib/python3.7/site-packages/airflow/example_dags/example_python_operator.py took 0.211 seconds
[2023-05-04T08:24:32.348+0000] {processor.py:156} INFO - Started process (PID=8924) to work on /home/airflow/.local/lib/python3.7/site-packages/airflow/example_dags/example_python_operator.py
[2023-05-04T08:24:32.352+0000] {processor.py:799} INFO - Processing file /home/airflow/.local/lib/python3.7/site-packages/airflow/example_dags/example_python_operator.py for tasks to queue
[2023-05-04T08:24:32.362+0000] {logging_mixin.py:149} INFO - [2023-05-04T08:24:32.361+0000] {dagbag.py:541} INFO - Filling up the DagBag from /home/airflow/.local/lib/python3.7/site-packages/airflow/example_dags/example_python_operator.py
[2023-05-04T08:24:32.397+0000] {logging_mixin.py:149} INFO - [2023-05-04T08:24:32.396+0000] {taskmixin.py:211} WARNING - Dependency <Task(_PythonDecoratedOperator): print_the_context>, log_sql_query already registered for DAG: example_python_operator
[2023-05-04T08:24:32.401+0000] {logging_mixin.py:149} INFO - [2023-05-04T08:24:32.400+0000] {taskmixin.py:211} WARNING - Dependency <Task(_PythonDecoratedOperator): log_sql_query>, print_the_context already registered for DAG: example_python_operator
[2023-05-04T08:24:32.404+0000] {logging_mixin.py:149} INFO - [2023-05-04T08:24:32.404+0000] {taskmixin.py:211} WARNING - Dependency <Task(_PythonDecoratedOperator): print_the_context>, log_sql_query already registered for DAG: example_python_operator
[2023-05-04T08:24:32.408+0000] {logging_mixin.py:149} INFO - [2023-05-04T08:24:32.408+0000] {taskmixin.py:211} WARNING - Dependency <Task(_PythonDecoratedOperator): log_sql_query>, print_the_context already registered for DAG: example_python_operator
[2023-05-04T08:24:32.418+0000] {logging_mixin.py:149} INFO - [2023-05-04T08:24:32.412+0000] {taskmixin.py:211} WARNING - Dependency <Task(_PythonDecoratedOperator): print_the_context>, log_sql_query already registered for DAG: example_python_operator
[2023-05-04T08:24:32.419+0000] {logging_mixin.py:149} INFO - [2023-05-04T08:24:32.418+0000] {taskmixin.py:211} WARNING - Dependency <Task(_PythonDecoratedOperator): log_sql_query>, print_the_context already registered for DAG: example_python_operator
[2023-05-04T08:24:32.421+0000] {logging_mixin.py:149} INFO - [2023-05-04T08:24:32.421+0000] {taskmixin.py:211} WARNING - Dependency <Task(_PythonDecoratedOperator): print_the_context>, log_sql_query already registered for DAG: example_python_operator
[2023-05-04T08:24:32.425+0000] {logging_mixin.py:149} INFO - [2023-05-04T08:24:32.424+0000] {taskmixin.py:211} WARNING - Dependency <Task(_PythonDecoratedOperator): log_sql_query>, print_the_context already registered for DAG: example_python_operator
[2023-05-04T08:24:32.439+0000] {processor.py:809} INFO - DAG(s) dict_keys(['example_python_operator']) retrieved from /home/airflow/.local/lib/python3.7/site-packages/airflow/example_dags/example_python_operator.py
[2023-05-04T08:24:32.520+0000] {logging_mixin.py:149} INFO - [2023-05-04T08:24:32.520+0000] {dag.py:2726} INFO - Sync 1 DAGs
[2023-05-04T08:24:32.602+0000] {logging_mixin.py:149} INFO - [2023-05-04T08:24:32.601+0000] {dag.py:3490} INFO - Setting next_dagrun for example_python_operator to None, run_after=None
[2023-05-04T08:24:32.665+0000] {processor.py:178} INFO - Processing /home/airflow/.local/lib/python3.7/site-packages/airflow/example_dags/example_python_operator.py took 0.324 seconds
[2023-05-04T08:25:03.563+0000] {processor.py:156} INFO - Started process (PID=9178) to work on /home/airflow/.local/lib/python3.7/site-packages/airflow/example_dags/example_python_operator.py
[2023-05-04T08:25:03.564+0000] {processor.py:799} INFO - Processing file /home/airflow/.local/lib/python3.7/site-packages/airflow/example_dags/example_python_operator.py for tasks to queue
[2023-05-04T08:25:03.566+0000] {logging_mixin.py:149} INFO - [2023-05-04T08:25:03.565+0000] {dagbag.py:541} INFO - Filling up the DagBag from /home/airflow/.local/lib/python3.7/site-packages/airflow/example_dags/example_python_operator.py
[2023-05-04T08:25:03.573+0000] {logging_mixin.py:149} INFO - [2023-05-04T08:25:03.573+0000] {taskmixin.py:211} WARNING - Dependency <Task(_PythonDecoratedOperator): print_the_context>, log_sql_query already registered for DAG: example_python_operator
[2023-05-04T08:25:03.574+0000] {logging_mixin.py:149} INFO - [2023-05-04T08:25:03.574+0000] {taskmixin.py:211} WARNING - Dependency <Task(_PythonDecoratedOperator): log_sql_query>, print_the_context already registered for DAG: example_python_operator
[2023-05-04T08:25:03.575+0000] {logging_mixin.py:149} INFO - [2023-05-04T08:25:03.575+0000] {taskmixin.py:211} WARNING - Dependency <Task(_PythonDecoratedOperator): print_the_context>, log_sql_query already registered for DAG: example_python_operator
[2023-05-04T08:25:03.576+0000] {logging_mixin.py:149} INFO - [2023-05-04T08:25:03.576+0000] {taskmixin.py:211} WARNING - Dependency <Task(_PythonDecoratedOperator): log_sql_query>, print_the_context already registered for DAG: example_python_operator
[2023-05-04T08:25:03.577+0000] {logging_mixin.py:149} INFO - [2023-05-04T08:25:03.577+0000] {taskmixin.py:211} WARNING - Dependency <Task(_PythonDecoratedOperator): print_the_context>, log_sql_query already registered for DAG: example_python_operator
[2023-05-04T08:25:03.578+0000] {logging_mixin.py:149} INFO - [2023-05-04T08:25:03.578+0000] {taskmixin.py:211} WARNING - Dependency <Task(_PythonDecoratedOperator): log_sql_query>, print_the_context already registered for DAG: example_python_operator
[2023-05-04T08:25:03.581+0000] {logging_mixin.py:149} INFO - [2023-05-04T08:25:03.581+0000] {taskmixin.py:211} WARNING - Dependency <Task(_PythonDecoratedOperator): print_the_context>, log_sql_query already registered for DAG: example_python_operator
[2023-05-04T08:25:03.582+0000] {logging_mixin.py:149} INFO - [2023-05-04T08:25:03.582+0000] {taskmixin.py:211} WARNING - Dependency <Task(_PythonDecoratedOperator): log_sql_query>, print_the_context already registered for DAG: example_python_operator
[2023-05-04T08:25:03.587+0000] {processor.py:809} INFO - DAG(s) dict_keys(['example_python_operator']) retrieved from /home/airflow/.local/lib/python3.7/site-packages/airflow/example_dags/example_python_operator.py
[2023-05-04T08:25:03.637+0000] {logging_mixin.py:149} INFO - [2023-05-04T08:25:03.637+0000] {dag.py:2726} INFO - Sync 1 DAGs
[2023-05-04T08:25:03.678+0000] {logging_mixin.py:149} INFO - [2023-05-04T08:25:03.678+0000] {dag.py:3490} INFO - Setting next_dagrun for example_python_operator to None, run_after=None
[2023-05-04T08:25:03.712+0000] {processor.py:178} INFO - Processing /home/airflow/.local/lib/python3.7/site-packages/airflow/example_dags/example_python_operator.py took 0.153 seconds
[2023-05-04T08:25:33.985+0000] {processor.py:156} INFO - Started process (PID=9432) to work on /home/airflow/.local/lib/python3.7/site-packages/airflow/example_dags/example_python_operator.py
[2023-05-04T08:25:33.986+0000] {processor.py:799} INFO - Processing file /home/airflow/.local/lib/python3.7/site-packages/airflow/example_dags/example_python_operator.py for tasks to queue
[2023-05-04T08:25:33.987+0000] {logging_mixin.py:149} INFO - [2023-05-04T08:25:33.987+0000] {dagbag.py:541} INFO - Filling up the DagBag from /home/airflow/.local/lib/python3.7/site-packages/airflow/example_dags/example_python_operator.py
[2023-05-04T08:25:33.995+0000] {logging_mixin.py:149} INFO - [2023-05-04T08:25:33.995+0000] {taskmixin.py:211} WARNING - Dependency <Task(_PythonDecoratedOperator): print_the_context>, log_sql_query already registered for DAG: example_python_operator
[2023-05-04T08:25:33.996+0000] {logging_mixin.py:149} INFO - [2023-05-04T08:25:33.996+0000] {taskmixin.py:211} WARNING - Dependency <Task(_PythonDecoratedOperator): log_sql_query>, print_the_context already registered for DAG: example_python_operator
[2023-05-04T08:25:33.997+0000] {logging_mixin.py:149} INFO - [2023-05-04T08:25:33.997+0000] {taskmixin.py:211} WARNING - Dependency <Task(_PythonDecoratedOperator): print_the_context>, log_sql_query already registered for DAG: example_python_operator
[2023-05-04T08:25:33.997+0000] {logging_mixin.py:149} INFO - [2023-05-04T08:25:33.997+0000] {taskmixin.py:211} WARNING - Dependency <Task(_PythonDecoratedOperator): log_sql_query>, print_the_context already registered for DAG: example_python_operator
[2023-05-04T08:25:33.999+0000] {logging_mixin.py:149} INFO - [2023-05-04T08:25:33.999+0000] {taskmixin.py:211} WARNING - Dependency <Task(_PythonDecoratedOperator): print_the_context>, log_sql_query already registered for DAG: example_python_operator
[2023-05-04T08:25:33.999+0000] {logging_mixin.py:149} INFO - [2023-05-04T08:25:33.999+0000] {taskmixin.py:211} WARNING - Dependency <Task(_PythonDecoratedOperator): log_sql_query>, print_the_context already registered for DAG: example_python_operator
[2023-05-04T08:25:34.001+0000] {logging_mixin.py:149} INFO - [2023-05-04T08:25:34.001+0000] {taskmixin.py:211} WARNING - Dependency <Task(_PythonDecoratedOperator): print_the_context>, log_sql_query already registered for DAG: example_python_operator
[2023-05-04T08:25:34.001+0000] {logging_mixin.py:149} INFO - [2023-05-04T08:25:34.001+0000] {taskmixin.py:211} WARNING - Dependency <Task(_PythonDecoratedOperator): log_sql_query>, print_the_context already registered for DAG: example_python_operator
[2023-05-04T08:25:34.005+0000] {processor.py:809} INFO - DAG(s) dict_keys(['example_python_operator']) retrieved from /home/airflow/.local/lib/python3.7/site-packages/airflow/example_dags/example_python_operator.py
[2023-05-04T08:25:34.041+0000] {logging_mixin.py:149} INFO - [2023-05-04T08:25:34.041+0000] {dag.py:2726} INFO - Sync 1 DAGs
[2023-05-04T08:25:34.072+0000] {logging_mixin.py:149} INFO - [2023-05-04T08:25:34.071+0000] {dag.py:3490} INFO - Setting next_dagrun for example_python_operator to None, run_after=None
[2023-05-04T08:25:34.096+0000] {processor.py:178} INFO - Processing /home/airflow/.local/lib/python3.7/site-packages/airflow/example_dags/example_python_operator.py took 0.115 seconds
