[2023-05-04T08:16:55.052+0000] {processor.py:156} INFO - Started process (PID=5205) to work on /home/airflow/.local/lib/python3.7/site-packages/airflow/example_dags/example_nested_branch_dag.py
[2023-05-04T08:16:55.053+0000] {processor.py:799} INFO - Processing file /home/airflow/.local/lib/python3.7/site-packages/airflow/example_dags/example_nested_branch_dag.py for tasks to queue
[2023-05-04T08:16:55.054+0000] {logging_mixin.py:149} INFO - [2023-05-04T08:16:55.054+0000] {dagbag.py:541} INFO - Filling up the DagBag from /home/airflow/.local/lib/python3.7/site-packages/airflow/example_dags/example_nested_branch_dag.py
[2023-05-04T08:16:55.072+0000] {processor.py:809} INFO - DAG(s) dict_keys(['example_nested_branch_dag']) retrieved from /home/airflow/.local/lib/python3.7/site-packages/airflow/example_dags/example_nested_branch_dag.py
[2023-05-04T08:16:55.121+0000] {logging_mixin.py:149} INFO - [2023-05-04T08:16:55.121+0000] {dag.py:2726} INFO - Sync 1 DAGs
[2023-05-04T08:16:55.171+0000] {logging_mixin.py:149} INFO - [2023-05-04T08:16:55.171+0000] {dag.py:3490} INFO - Setting next_dagrun for example_nested_branch_dag to 2023-05-03T00:00:00+00:00, run_after=2023-05-04T00:00:00+00:00
[2023-05-04T08:16:55.207+0000] {processor.py:178} INFO - Processing /home/airflow/.local/lib/python3.7/site-packages/airflow/example_dags/example_nested_branch_dag.py took 0.162 seconds
[2023-05-04T08:17:25.803+0000] {processor.py:156} INFO - Started process (PID=5448) to work on /home/airflow/.local/lib/python3.7/site-packages/airflow/example_dags/example_nested_branch_dag.py
[2023-05-04T08:17:25.805+0000] {processor.py:799} INFO - Processing file /home/airflow/.local/lib/python3.7/site-packages/airflow/example_dags/example_nested_branch_dag.py for tasks to queue
[2023-05-04T08:17:25.806+0000] {logging_mixin.py:149} INFO - [2023-05-04T08:17:25.806+0000] {dagbag.py:541} INFO - Filling up the DagBag from /home/airflow/.local/lib/python3.7/site-packages/airflow/example_dags/example_nested_branch_dag.py
[2023-05-04T08:17:25.832+0000] {processor.py:809} INFO - DAG(s) dict_keys(['example_nested_branch_dag']) retrieved from /home/airflow/.local/lib/python3.7/site-packages/airflow/example_dags/example_nested_branch_dag.py
[2023-05-04T08:17:25.892+0000] {logging_mixin.py:149} INFO - [2023-05-04T08:17:25.891+0000] {dag.py:2726} INFO - Sync 1 DAGs
[2023-05-04T08:17:25.962+0000] {logging_mixin.py:149} INFO - [2023-05-04T08:17:25.961+0000] {dag.py:3490} INFO - Setting next_dagrun for example_nested_branch_dag to 2023-05-03T00:00:00+00:00, run_after=2023-05-04T00:00:00+00:00
[2023-05-04T08:17:26.011+0000] {processor.py:178} INFO - Processing /home/airflow/.local/lib/python3.7/site-packages/airflow/example_dags/example_nested_branch_dag.py took 0.214 seconds
[2023-05-04T08:17:56.144+0000] {processor.py:156} INFO - Started process (PID=5699) to work on /home/airflow/.local/lib/python3.7/site-packages/airflow/example_dags/example_nested_branch_dag.py
[2023-05-04T08:17:56.146+0000] {processor.py:799} INFO - Processing file /home/airflow/.local/lib/python3.7/site-packages/airflow/example_dags/example_nested_branch_dag.py for tasks to queue
[2023-05-04T08:17:56.149+0000] {logging_mixin.py:149} INFO - [2023-05-04T08:17:56.148+0000] {dagbag.py:541} INFO - Filling up the DagBag from /home/airflow/.local/lib/python3.7/site-packages/airflow/example_dags/example_nested_branch_dag.py
[2023-05-04T08:17:56.180+0000] {processor.py:809} INFO - DAG(s) dict_keys(['example_nested_branch_dag']) retrieved from /home/airflow/.local/lib/python3.7/site-packages/airflow/example_dags/example_nested_branch_dag.py
[2023-05-04T08:17:56.256+0000] {logging_mixin.py:149} INFO - [2023-05-04T08:17:56.256+0000] {dag.py:2726} INFO - Sync 1 DAGs
[2023-05-04T08:17:56.509+0000] {logging_mixin.py:149} INFO - [2023-05-04T08:17:56.509+0000] {dag.py:3490} INFO - Setting next_dagrun for example_nested_branch_dag to 2023-05-03T00:00:00+00:00, run_after=2023-05-04T00:00:00+00:00
[2023-05-04T08:17:56.551+0000] {processor.py:178} INFO - Processing /home/airflow/.local/lib/python3.7/site-packages/airflow/example_dags/example_nested_branch_dag.py took 0.415 seconds
[2023-05-04T08:18:26.946+0000] {processor.py:156} INFO - Started process (PID=5953) to work on /home/airflow/.local/lib/python3.7/site-packages/airflow/example_dags/example_nested_branch_dag.py
[2023-05-04T08:18:26.948+0000] {processor.py:799} INFO - Processing file /home/airflow/.local/lib/python3.7/site-packages/airflow/example_dags/example_nested_branch_dag.py for tasks to queue
[2023-05-04T08:18:26.949+0000] {logging_mixin.py:149} INFO - [2023-05-04T08:18:26.949+0000] {dagbag.py:541} INFO - Filling up the DagBag from /home/airflow/.local/lib/python3.7/site-packages/airflow/example_dags/example_nested_branch_dag.py
[2023-05-04T08:18:26.962+0000] {processor.py:809} INFO - DAG(s) dict_keys(['example_nested_branch_dag']) retrieved from /home/airflow/.local/lib/python3.7/site-packages/airflow/example_dags/example_nested_branch_dag.py
[2023-05-04T08:18:26.993+0000] {logging_mixin.py:149} INFO - [2023-05-04T08:18:26.993+0000] {dag.py:2726} INFO - Sync 1 DAGs
[2023-05-04T08:18:27.026+0000] {logging_mixin.py:149} INFO - [2023-05-04T08:18:27.026+0000] {dag.py:3490} INFO - Setting next_dagrun for example_nested_branch_dag to 2023-05-03T00:00:00+00:00, run_after=2023-05-04T00:00:00+00:00
[2023-05-04T08:18:27.175+0000] {processor.py:178} INFO - Processing /home/airflow/.local/lib/python3.7/site-packages/airflow/example_dags/example_nested_branch_dag.py took 0.232 seconds
[2023-05-04T08:18:57.597+0000] {processor.py:156} INFO - Started process (PID=6202) to work on /home/airflow/.local/lib/python3.7/site-packages/airflow/example_dags/example_nested_branch_dag.py
[2023-05-04T08:18:57.598+0000] {processor.py:799} INFO - Processing file /home/airflow/.local/lib/python3.7/site-packages/airflow/example_dags/example_nested_branch_dag.py for tasks to queue
[2023-05-04T08:18:57.599+0000] {logging_mixin.py:149} INFO - [2023-05-04T08:18:57.599+0000] {dagbag.py:541} INFO - Filling up the DagBag from /home/airflow/.local/lib/python3.7/site-packages/airflow/example_dags/example_nested_branch_dag.py
[2023-05-04T08:18:57.611+0000] {processor.py:809} INFO - DAG(s) dict_keys(['example_nested_branch_dag']) retrieved from /home/airflow/.local/lib/python3.7/site-packages/airflow/example_dags/example_nested_branch_dag.py
[2023-05-04T08:18:57.645+0000] {logging_mixin.py:149} INFO - [2023-05-04T08:18:57.645+0000] {dag.py:2726} INFO - Sync 1 DAGs
[2023-05-04T08:18:57.676+0000] {logging_mixin.py:149} INFO - [2023-05-04T08:18:57.675+0000] {dag.py:3490} INFO - Setting next_dagrun for example_nested_branch_dag to 2023-05-03T00:00:00+00:00, run_after=2023-05-04T00:00:00+00:00
[2023-05-04T08:18:57.704+0000] {processor.py:178} INFO - Processing /home/airflow/.local/lib/python3.7/site-packages/airflow/example_dags/example_nested_branch_dag.py took 0.110 seconds
[2023-05-04T08:19:28.140+0000] {processor.py:156} INFO - Started process (PID=6455) to work on /home/airflow/.local/lib/python3.7/site-packages/airflow/example_dags/example_nested_branch_dag.py
[2023-05-04T08:19:28.141+0000] {processor.py:799} INFO - Processing file /home/airflow/.local/lib/python3.7/site-packages/airflow/example_dags/example_nested_branch_dag.py for tasks to queue
[2023-05-04T08:19:28.142+0000] {logging_mixin.py:149} INFO - [2023-05-04T08:19:28.142+0000] {dagbag.py:541} INFO - Filling up the DagBag from /home/airflow/.local/lib/python3.7/site-packages/airflow/example_dags/example_nested_branch_dag.py
[2023-05-04T08:19:28.154+0000] {processor.py:809} INFO - DAG(s) dict_keys(['example_nested_branch_dag']) retrieved from /home/airflow/.local/lib/python3.7/site-packages/airflow/example_dags/example_nested_branch_dag.py
[2023-05-04T08:19:28.187+0000] {logging_mixin.py:149} INFO - [2023-05-04T08:19:28.187+0000] {dag.py:2726} INFO - Sync 1 DAGs
[2023-05-04T08:19:28.218+0000] {logging_mixin.py:149} INFO - [2023-05-04T08:19:28.218+0000] {dag.py:3490} INFO - Setting next_dagrun for example_nested_branch_dag to 2023-05-03T00:00:00+00:00, run_after=2023-05-04T00:00:00+00:00
[2023-05-04T08:19:28.242+0000] {processor.py:178} INFO - Processing /home/airflow/.local/lib/python3.7/site-packages/airflow/example_dags/example_nested_branch_dag.py took 0.106 seconds
[2023-05-04T08:19:59.123+0000] {processor.py:156} INFO - Started process (PID=6708) to work on /home/airflow/.local/lib/python3.7/site-packages/airflow/example_dags/example_nested_branch_dag.py
[2023-05-04T08:19:59.124+0000] {processor.py:799} INFO - Processing file /home/airflow/.local/lib/python3.7/site-packages/airflow/example_dags/example_nested_branch_dag.py for tasks to queue
[2023-05-04T08:19:59.126+0000] {logging_mixin.py:149} INFO - [2023-05-04T08:19:59.126+0000] {dagbag.py:541} INFO - Filling up the DagBag from /home/airflow/.local/lib/python3.7/site-packages/airflow/example_dags/example_nested_branch_dag.py
[2023-05-04T08:19:59.140+0000] {processor.py:809} INFO - DAG(s) dict_keys(['example_nested_branch_dag']) retrieved from /home/airflow/.local/lib/python3.7/site-packages/airflow/example_dags/example_nested_branch_dag.py
[2023-05-04T08:19:59.341+0000] {logging_mixin.py:149} INFO - [2023-05-04T08:19:59.341+0000] {dag.py:2726} INFO - Sync 1 DAGs
[2023-05-04T08:19:59.373+0000] {logging_mixin.py:149} INFO - [2023-05-04T08:19:59.372+0000] {dag.py:3490} INFO - Setting next_dagrun for example_nested_branch_dag to 2023-05-03T00:00:00+00:00, run_after=2023-05-04T00:00:00+00:00
[2023-05-04T08:19:59.394+0000] {processor.py:178} INFO - Processing /home/airflow/.local/lib/python3.7/site-packages/airflow/example_dags/example_nested_branch_dag.py took 0.274 seconds
[2023-05-04T08:20:29.678+0000] {processor.py:156} INFO - Started process (PID=6961) to work on /home/airflow/.local/lib/python3.7/site-packages/airflow/example_dags/example_nested_branch_dag.py
[2023-05-04T08:20:29.679+0000] {processor.py:799} INFO - Processing file /home/airflow/.local/lib/python3.7/site-packages/airflow/example_dags/example_nested_branch_dag.py for tasks to queue
[2023-05-04T08:20:29.681+0000] {logging_mixin.py:149} INFO - [2023-05-04T08:20:29.680+0000] {dagbag.py:541} INFO - Filling up the DagBag from /home/airflow/.local/lib/python3.7/site-packages/airflow/example_dags/example_nested_branch_dag.py
[2023-05-04T08:20:29.692+0000] {processor.py:809} INFO - DAG(s) dict_keys(['example_nested_branch_dag']) retrieved from /home/airflow/.local/lib/python3.7/site-packages/airflow/example_dags/example_nested_branch_dag.py
[2023-05-04T08:20:29.723+0000] {logging_mixin.py:149} INFO - [2023-05-04T08:20:29.723+0000] {dag.py:2726} INFO - Sync 1 DAGs
[2023-05-04T08:20:29.876+0000] {logging_mixin.py:149} INFO - [2023-05-04T08:20:29.875+0000] {dag.py:3490} INFO - Setting next_dagrun for example_nested_branch_dag to 2023-05-03T00:00:00+00:00, run_after=2023-05-04T00:00:00+00:00
[2023-05-04T08:20:29.903+0000] {processor.py:178} INFO - Processing /home/airflow/.local/lib/python3.7/site-packages/airflow/example_dags/example_nested_branch_dag.py took 0.228 seconds
[2023-05-04T08:21:00.410+0000] {processor.py:156} INFO - Started process (PID=7215) to work on /home/airflow/.local/lib/python3.7/site-packages/airflow/example_dags/example_nested_branch_dag.py
[2023-05-04T08:21:00.412+0000] {processor.py:799} INFO - Processing file /home/airflow/.local/lib/python3.7/site-packages/airflow/example_dags/example_nested_branch_dag.py for tasks to queue
[2023-05-04T08:21:00.413+0000] {logging_mixin.py:149} INFO - [2023-05-04T08:21:00.413+0000] {dagbag.py:541} INFO - Filling up the DagBag from /home/airflow/.local/lib/python3.7/site-packages/airflow/example_dags/example_nested_branch_dag.py
[2023-05-04T08:21:00.431+0000] {processor.py:809} INFO - DAG(s) dict_keys(['example_nested_branch_dag']) retrieved from /home/airflow/.local/lib/python3.7/site-packages/airflow/example_dags/example_nested_branch_dag.py
[2023-05-04T08:21:00.479+0000] {logging_mixin.py:149} INFO - [2023-05-04T08:21:00.479+0000] {dag.py:2726} INFO - Sync 1 DAGs
[2023-05-04T08:21:00.536+0000] {logging_mixin.py:149} INFO - [2023-05-04T08:21:00.536+0000] {dag.py:3490} INFO - Setting next_dagrun for example_nested_branch_dag to 2023-05-03T00:00:00+00:00, run_after=2023-05-04T00:00:00+00:00
[2023-05-04T08:21:00.573+0000] {processor.py:178} INFO - Processing /home/airflow/.local/lib/python3.7/site-packages/airflow/example_dags/example_nested_branch_dag.py took 0.169 seconds
[2023-05-04T08:21:31.333+0000] {processor.py:156} INFO - Started process (PID=7468) to work on /home/airflow/.local/lib/python3.7/site-packages/airflow/example_dags/example_nested_branch_dag.py
[2023-05-04T08:21:31.335+0000] {processor.py:799} INFO - Processing file /home/airflow/.local/lib/python3.7/site-packages/airflow/example_dags/example_nested_branch_dag.py for tasks to queue
[2023-05-04T08:21:31.336+0000] {logging_mixin.py:149} INFO - [2023-05-04T08:21:31.336+0000] {dagbag.py:541} INFO - Filling up the DagBag from /home/airflow/.local/lib/python3.7/site-packages/airflow/example_dags/example_nested_branch_dag.py
[2023-05-04T08:21:31.350+0000] {processor.py:809} INFO - DAG(s) dict_keys(['example_nested_branch_dag']) retrieved from /home/airflow/.local/lib/python3.7/site-packages/airflow/example_dags/example_nested_branch_dag.py
[2023-05-04T08:21:31.388+0000] {logging_mixin.py:149} INFO - [2023-05-04T08:21:31.387+0000] {dag.py:2726} INFO - Sync 1 DAGs
[2023-05-04T08:21:31.433+0000] {logging_mixin.py:149} INFO - [2023-05-04T08:21:31.432+0000] {dag.py:3490} INFO - Setting next_dagrun for example_nested_branch_dag to 2023-05-03T00:00:00+00:00, run_after=2023-05-04T00:00:00+00:00
[2023-05-04T08:21:31.458+0000] {processor.py:178} INFO - Processing /home/airflow/.local/lib/python3.7/site-packages/airflow/example_dags/example_nested_branch_dag.py took 0.129 seconds
[2023-05-04T08:22:02.477+0000] {processor.py:156} INFO - Started process (PID=7721) to work on /home/airflow/.local/lib/python3.7/site-packages/airflow/example_dags/example_nested_branch_dag.py
[2023-05-04T08:22:02.478+0000] {processor.py:799} INFO - Processing file /home/airflow/.local/lib/python3.7/site-packages/airflow/example_dags/example_nested_branch_dag.py for tasks to queue
[2023-05-04T08:22:02.480+0000] {logging_mixin.py:149} INFO - [2023-05-04T08:22:02.480+0000] {dagbag.py:541} INFO - Filling up the DagBag from /home/airflow/.local/lib/python3.7/site-packages/airflow/example_dags/example_nested_branch_dag.py
[2023-05-04T08:22:02.492+0000] {processor.py:809} INFO - DAG(s) dict_keys(['example_nested_branch_dag']) retrieved from /home/airflow/.local/lib/python3.7/site-packages/airflow/example_dags/example_nested_branch_dag.py
[2023-05-04T08:22:02.523+0000] {logging_mixin.py:149} INFO - [2023-05-04T08:22:02.523+0000] {dag.py:2726} INFO - Sync 1 DAGs
[2023-05-04T08:22:02.553+0000] {logging_mixin.py:149} INFO - [2023-05-04T08:22:02.553+0000] {dag.py:3490} INFO - Setting next_dagrun for example_nested_branch_dag to 2023-05-03T00:00:00+00:00, run_after=2023-05-04T00:00:00+00:00
[2023-05-04T08:22:02.580+0000] {processor.py:178} INFO - Processing /home/airflow/.local/lib/python3.7/site-packages/airflow/example_dags/example_nested_branch_dag.py took 0.107 seconds
[2023-05-04T08:22:32.632+0000] {processor.py:156} INFO - Started process (PID=7975) to work on /home/airflow/.local/lib/python3.7/site-packages/airflow/example_dags/example_nested_branch_dag.py
[2023-05-04T08:22:32.633+0000] {processor.py:799} INFO - Processing file /home/airflow/.local/lib/python3.7/site-packages/airflow/example_dags/example_nested_branch_dag.py for tasks to queue
[2023-05-04T08:22:32.634+0000] {logging_mixin.py:149} INFO - [2023-05-04T08:22:32.634+0000] {dagbag.py:541} INFO - Filling up the DagBag from /home/airflow/.local/lib/python3.7/site-packages/airflow/example_dags/example_nested_branch_dag.py
[2023-05-04T08:22:32.647+0000] {processor.py:809} INFO - DAG(s) dict_keys(['example_nested_branch_dag']) retrieved from /home/airflow/.local/lib/python3.7/site-packages/airflow/example_dags/example_nested_branch_dag.py
[2023-05-04T08:22:32.680+0000] {logging_mixin.py:149} INFO - [2023-05-04T08:22:32.680+0000] {dag.py:2726} INFO - Sync 1 DAGs
[2023-05-04T08:22:32.714+0000] {logging_mixin.py:149} INFO - [2023-05-04T08:22:32.714+0000] {dag.py:3490} INFO - Setting next_dagrun for example_nested_branch_dag to 2023-05-03T00:00:00+00:00, run_after=2023-05-04T00:00:00+00:00
[2023-05-04T08:22:32.740+0000] {processor.py:178} INFO - Processing /home/airflow/.local/lib/python3.7/site-packages/airflow/example_dags/example_nested_branch_dag.py took 0.113 seconds
[2023-05-04T08:23:03.498+0000] {processor.py:156} INFO - Started process (PID=8229) to work on /home/airflow/.local/lib/python3.7/site-packages/airflow/example_dags/example_nested_branch_dag.py
[2023-05-04T08:23:03.499+0000] {processor.py:799} INFO - Processing file /home/airflow/.local/lib/python3.7/site-packages/airflow/example_dags/example_nested_branch_dag.py for tasks to queue
[2023-05-04T08:23:03.500+0000] {logging_mixin.py:149} INFO - [2023-05-04T08:23:03.500+0000] {dagbag.py:541} INFO - Filling up the DagBag from /home/airflow/.local/lib/python3.7/site-packages/airflow/example_dags/example_nested_branch_dag.py
[2023-05-04T08:23:03.512+0000] {processor.py:809} INFO - DAG(s) dict_keys(['example_nested_branch_dag']) retrieved from /home/airflow/.local/lib/python3.7/site-packages/airflow/example_dags/example_nested_branch_dag.py
[2023-05-04T08:23:03.546+0000] {logging_mixin.py:149} INFO - [2023-05-04T08:23:03.546+0000] {dag.py:2726} INFO - Sync 1 DAGs
[2023-05-04T08:23:03.580+0000] {logging_mixin.py:149} INFO - [2023-05-04T08:23:03.579+0000] {dag.py:3490} INFO - Setting next_dagrun for example_nested_branch_dag to 2023-05-03T00:00:00+00:00, run_after=2023-05-04T00:00:00+00:00
[2023-05-04T08:23:03.605+0000] {processor.py:178} INFO - Processing /home/airflow/.local/lib/python3.7/site-packages/airflow/example_dags/example_nested_branch_dag.py took 0.110 seconds
[2023-05-04T08:23:33.722+0000] {processor.py:156} INFO - Started process (PID=8483) to work on /home/airflow/.local/lib/python3.7/site-packages/airflow/example_dags/example_nested_branch_dag.py
[2023-05-04T08:23:33.723+0000] {processor.py:799} INFO - Processing file /home/airflow/.local/lib/python3.7/site-packages/airflow/example_dags/example_nested_branch_dag.py for tasks to queue
[2023-05-04T08:23:33.724+0000] {logging_mixin.py:149} INFO - [2023-05-04T08:23:33.724+0000] {dagbag.py:541} INFO - Filling up the DagBag from /home/airflow/.local/lib/python3.7/site-packages/airflow/example_dags/example_nested_branch_dag.py
[2023-05-04T08:23:33.741+0000] {processor.py:809} INFO - DAG(s) dict_keys(['example_nested_branch_dag']) retrieved from /home/airflow/.local/lib/python3.7/site-packages/airflow/example_dags/example_nested_branch_dag.py
[2023-05-04T08:23:33.778+0000] {logging_mixin.py:149} INFO - [2023-05-04T08:23:33.777+0000] {dag.py:2726} INFO - Sync 1 DAGs
[2023-05-04T08:23:33.827+0000] {logging_mixin.py:149} INFO - [2023-05-04T08:23:33.827+0000] {dag.py:3490} INFO - Setting next_dagrun for example_nested_branch_dag to 2023-05-03T00:00:00+00:00, run_after=2023-05-04T00:00:00+00:00
[2023-05-04T08:23:33.857+0000] {processor.py:178} INFO - Processing /home/airflow/.local/lib/python3.7/site-packages/airflow/example_dags/example_nested_branch_dag.py took 0.140 seconds
[2023-05-04T08:24:04.556+0000] {processor.py:156} INFO - Started process (PID=8737) to work on /home/airflow/.local/lib/python3.7/site-packages/airflow/example_dags/example_nested_branch_dag.py
[2023-05-04T08:24:04.558+0000] {processor.py:799} INFO - Processing file /home/airflow/.local/lib/python3.7/site-packages/airflow/example_dags/example_nested_branch_dag.py for tasks to queue
[2023-05-04T08:24:04.559+0000] {logging_mixin.py:149} INFO - [2023-05-04T08:24:04.559+0000] {dagbag.py:541} INFO - Filling up the DagBag from /home/airflow/.local/lib/python3.7/site-packages/airflow/example_dags/example_nested_branch_dag.py
[2023-05-04T08:24:04.577+0000] {processor.py:809} INFO - DAG(s) dict_keys(['example_nested_branch_dag']) retrieved from /home/airflow/.local/lib/python3.7/site-packages/airflow/example_dags/example_nested_branch_dag.py
[2023-05-04T08:24:04.624+0000] {logging_mixin.py:149} INFO - [2023-05-04T08:24:04.623+0000] {dag.py:2726} INFO - Sync 1 DAGs
[2023-05-04T08:24:04.679+0000] {logging_mixin.py:149} INFO - [2023-05-04T08:24:04.679+0000] {dag.py:3490} INFO - Setting next_dagrun for example_nested_branch_dag to 2023-05-03T00:00:00+00:00, run_after=2023-05-04T00:00:00+00:00
[2023-05-04T08:24:04.711+0000] {processor.py:178} INFO - Processing /home/airflow/.local/lib/python3.7/site-packages/airflow/example_dags/example_nested_branch_dag.py took 0.160 seconds
[2023-05-04T08:24:34.912+0000] {processor.py:156} INFO - Started process (PID=8977) to work on /home/airflow/.local/lib/python3.7/site-packages/airflow/example_dags/example_nested_branch_dag.py
[2023-05-04T08:24:34.915+0000] {processor.py:799} INFO - Processing file /home/airflow/.local/lib/python3.7/site-packages/airflow/example_dags/example_nested_branch_dag.py for tasks to queue
[2023-05-04T08:24:34.916+0000] {logging_mixin.py:149} INFO - [2023-05-04T08:24:34.916+0000] {dagbag.py:541} INFO - Filling up the DagBag from /home/airflow/.local/lib/python3.7/site-packages/airflow/example_dags/example_nested_branch_dag.py
[2023-05-04T08:24:34.939+0000] {processor.py:809} INFO - DAG(s) dict_keys(['example_nested_branch_dag']) retrieved from /home/airflow/.local/lib/python3.7/site-packages/airflow/example_dags/example_nested_branch_dag.py
[2023-05-04T08:24:34.997+0000] {logging_mixin.py:149} INFO - [2023-05-04T08:24:34.996+0000] {dag.py:2726} INFO - Sync 1 DAGs
[2023-05-04T08:24:35.063+0000] {logging_mixin.py:149} INFO - [2023-05-04T08:24:35.063+0000] {dag.py:3490} INFO - Setting next_dagrun for example_nested_branch_dag to 2023-05-03T00:00:00+00:00, run_after=2023-05-04T00:00:00+00:00
[2023-05-04T08:24:35.101+0000] {processor.py:178} INFO - Processing /home/airflow/.local/lib/python3.7/site-packages/airflow/example_dags/example_nested_branch_dag.py took 0.196 seconds
[2023-05-04T08:25:06.250+0000] {processor.py:156} INFO - Started process (PID=9231) to work on /home/airflow/.local/lib/python3.7/site-packages/airflow/example_dags/example_nested_branch_dag.py
[2023-05-04T08:25:06.252+0000] {processor.py:799} INFO - Processing file /home/airflow/.local/lib/python3.7/site-packages/airflow/example_dags/example_nested_branch_dag.py for tasks to queue
[2023-05-04T08:25:06.254+0000] {logging_mixin.py:149} INFO - [2023-05-04T08:25:06.254+0000] {dagbag.py:541} INFO - Filling up the DagBag from /home/airflow/.local/lib/python3.7/site-packages/airflow/example_dags/example_nested_branch_dag.py
[2023-05-04T08:25:06.285+0000] {processor.py:809} INFO - DAG(s) dict_keys(['example_nested_branch_dag']) retrieved from /home/airflow/.local/lib/python3.7/site-packages/airflow/example_dags/example_nested_branch_dag.py
[2023-05-04T08:25:06.365+0000] {logging_mixin.py:149} INFO - [2023-05-04T08:25:06.364+0000] {dag.py:2726} INFO - Sync 1 DAGs
[2023-05-04T08:25:06.437+0000] {logging_mixin.py:149} INFO - [2023-05-04T08:25:06.437+0000] {dag.py:3490} INFO - Setting next_dagrun for example_nested_branch_dag to 2023-05-03T00:00:00+00:00, run_after=2023-05-04T00:00:00+00:00
[2023-05-04T08:25:06.492+0000] {processor.py:178} INFO - Processing /home/airflow/.local/lib/python3.7/site-packages/airflow/example_dags/example_nested_branch_dag.py took 0.250 seconds
[2023-05-04T08:25:36.683+0000] {processor.py:156} INFO - Started process (PID=9484) to work on /home/airflow/.local/lib/python3.7/site-packages/airflow/example_dags/example_nested_branch_dag.py
[2023-05-04T08:25:36.684+0000] {processor.py:799} INFO - Processing file /home/airflow/.local/lib/python3.7/site-packages/airflow/example_dags/example_nested_branch_dag.py for tasks to queue
[2023-05-04T08:25:36.685+0000] {logging_mixin.py:149} INFO - [2023-05-04T08:25:36.685+0000] {dagbag.py:541} INFO - Filling up the DagBag from /home/airflow/.local/lib/python3.7/site-packages/airflow/example_dags/example_nested_branch_dag.py
[2023-05-04T08:25:36.697+0000] {processor.py:809} INFO - DAG(s) dict_keys(['example_nested_branch_dag']) retrieved from /home/airflow/.local/lib/python3.7/site-packages/airflow/example_dags/example_nested_branch_dag.py
[2023-05-04T08:25:36.729+0000] {logging_mixin.py:149} INFO - [2023-05-04T08:25:36.728+0000] {dag.py:2726} INFO - Sync 1 DAGs
[2023-05-04T08:25:36.762+0000] {logging_mixin.py:149} INFO - [2023-05-04T08:25:36.762+0000] {dag.py:3490} INFO - Setting next_dagrun for example_nested_branch_dag to 2023-05-03T00:00:00+00:00, run_after=2023-05-04T00:00:00+00:00
[2023-05-04T08:25:36.788+0000] {processor.py:178} INFO - Processing /home/airflow/.local/lib/python3.7/site-packages/airflow/example_dags/example_nested_branch_dag.py took 0.109 seconds
