[2023-05-04T08:16:47.075+0000] {processor.py:156} INFO - Started process (PID=5112) to work on /home/airflow/.local/lib/python3.7/site-packages/airflow/example_dags/example_dynamic_task_mapping.py
[2023-05-04T08:16:47.080+0000] {processor.py:799} INFO - Processing file /home/airflow/.local/lib/python3.7/site-packages/airflow/example_dags/example_dynamic_task_mapping.py for tasks to queue
[2023-05-04T08:16:47.081+0000] {logging_mixin.py:149} INFO - [2023-05-04T08:16:47.081+0000] {dagbag.py:541} INFO - Filling up the DagBag from /home/airflow/.local/lib/python3.7/site-packages/airflow/example_dags/example_dynamic_task_mapping.py
[2023-05-04T08:16:47.094+0000] {processor.py:809} INFO - DAG(s) dict_keys(['example_dynamic_task_mapping']) retrieved from /home/airflow/.local/lib/python3.7/site-packages/airflow/example_dags/example_dynamic_task_mapping.py
[2023-05-04T08:16:47.125+0000] {logging_mixin.py:149} INFO - [2023-05-04T08:16:47.125+0000] {dag.py:2726} INFO - Sync 1 DAGs
[2023-05-04T08:16:47.160+0000] {logging_mixin.py:149} INFO - [2023-05-04T08:16:47.160+0000] {dag.py:3490} INFO - Setting next_dagrun for example_dynamic_task_mapping to 2022-03-04T00:00:00+00:00, run_after=2022-03-05T00:00:00+00:00
[2023-05-04T08:16:47.186+0000] {processor.py:178} INFO - Processing /home/airflow/.local/lib/python3.7/site-packages/airflow/example_dags/example_dynamic_task_mapping.py took 0.116 seconds
[2023-05-04T08:17:17.858+0000] {processor.py:156} INFO - Started process (PID=5366) to work on /home/airflow/.local/lib/python3.7/site-packages/airflow/example_dags/example_dynamic_task_mapping.py
[2023-05-04T08:17:17.859+0000] {processor.py:799} INFO - Processing file /home/airflow/.local/lib/python3.7/site-packages/airflow/example_dags/example_dynamic_task_mapping.py for tasks to queue
[2023-05-04T08:17:17.861+0000] {logging_mixin.py:149} INFO - [2023-05-04T08:17:17.860+0000] {dagbag.py:541} INFO - Filling up the DagBag from /home/airflow/.local/lib/python3.7/site-packages/airflow/example_dags/example_dynamic_task_mapping.py
[2023-05-04T08:17:17.869+0000] {processor.py:809} INFO - DAG(s) dict_keys(['example_dynamic_task_mapping']) retrieved from /home/airflow/.local/lib/python3.7/site-packages/airflow/example_dags/example_dynamic_task_mapping.py
[2023-05-04T08:17:17.900+0000] {logging_mixin.py:149} INFO - [2023-05-04T08:17:17.899+0000] {dag.py:2726} INFO - Sync 1 DAGs
[2023-05-04T08:17:18.063+0000] {logging_mixin.py:149} INFO - [2023-05-04T08:17:18.063+0000] {dag.py:3490} INFO - Setting next_dagrun for example_dynamic_task_mapping to 2022-03-04T00:00:00+00:00, run_after=2022-03-05T00:00:00+00:00
[2023-05-04T08:17:18.090+0000] {processor.py:178} INFO - Processing /home/airflow/.local/lib/python3.7/site-packages/airflow/example_dags/example_dynamic_task_mapping.py took 0.236 seconds
[2023-05-04T08:17:48.457+0000] {processor.py:156} INFO - Started process (PID=5619) to work on /home/airflow/.local/lib/python3.7/site-packages/airflow/example_dags/example_dynamic_task_mapping.py
[2023-05-04T08:17:48.459+0000] {processor.py:799} INFO - Processing file /home/airflow/.local/lib/python3.7/site-packages/airflow/example_dags/example_dynamic_task_mapping.py for tasks to queue
[2023-05-04T08:17:48.460+0000] {logging_mixin.py:149} INFO - [2023-05-04T08:17:48.459+0000] {dagbag.py:541} INFO - Filling up the DagBag from /home/airflow/.local/lib/python3.7/site-packages/airflow/example_dags/example_dynamic_task_mapping.py
[2023-05-04T08:17:48.468+0000] {processor.py:809} INFO - DAG(s) dict_keys(['example_dynamic_task_mapping']) retrieved from /home/airflow/.local/lib/python3.7/site-packages/airflow/example_dags/example_dynamic_task_mapping.py
[2023-05-04T08:17:48.496+0000] {logging_mixin.py:149} INFO - [2023-05-04T08:17:48.496+0000] {dag.py:2726} INFO - Sync 1 DAGs
[2023-05-04T08:17:48.527+0000] {logging_mixin.py:149} INFO - [2023-05-04T08:17:48.527+0000] {dag.py:3490} INFO - Setting next_dagrun for example_dynamic_task_mapping to 2022-03-04T00:00:00+00:00, run_after=2022-03-05T00:00:00+00:00
[2023-05-04T08:17:48.678+0000] {processor.py:178} INFO - Processing /home/airflow/.local/lib/python3.7/site-packages/airflow/example_dags/example_dynamic_task_mapping.py took 0.224 seconds
[2023-05-04T08:18:18.991+0000] {processor.py:156} INFO - Started process (PID=5873) to work on /home/airflow/.local/lib/python3.7/site-packages/airflow/example_dags/example_dynamic_task_mapping.py
[2023-05-04T08:18:18.993+0000] {processor.py:799} INFO - Processing file /home/airflow/.local/lib/python3.7/site-packages/airflow/example_dags/example_dynamic_task_mapping.py for tasks to queue
[2023-05-04T08:18:18.994+0000] {logging_mixin.py:149} INFO - [2023-05-04T08:18:18.993+0000] {dagbag.py:541} INFO - Filling up the DagBag from /home/airflow/.local/lib/python3.7/site-packages/airflow/example_dags/example_dynamic_task_mapping.py
[2023-05-04T08:18:19.003+0000] {processor.py:809} INFO - DAG(s) dict_keys(['example_dynamic_task_mapping']) retrieved from /home/airflow/.local/lib/python3.7/site-packages/airflow/example_dags/example_dynamic_task_mapping.py
[2023-05-04T08:18:19.033+0000] {logging_mixin.py:149} INFO - [2023-05-04T08:18:19.033+0000] {dag.py:2726} INFO - Sync 1 DAGs
[2023-05-04T08:18:19.062+0000] {logging_mixin.py:149} INFO - [2023-05-04T08:18:19.062+0000] {dag.py:3490} INFO - Setting next_dagrun for example_dynamic_task_mapping to 2022-03-04T00:00:00+00:00, run_after=2022-03-05T00:00:00+00:00
[2023-05-04T08:18:19.086+0000] {processor.py:178} INFO - Processing /home/airflow/.local/lib/python3.7/site-packages/airflow/example_dags/example_dynamic_task_mapping.py took 0.098 seconds
[2023-05-04T08:18:49.153+0000] {processor.py:156} INFO - Started process (PID=6127) to work on /home/airflow/.local/lib/python3.7/site-packages/airflow/example_dags/example_dynamic_task_mapping.py
[2023-05-04T08:18:49.154+0000] {processor.py:799} INFO - Processing file /home/airflow/.local/lib/python3.7/site-packages/airflow/example_dags/example_dynamic_task_mapping.py for tasks to queue
[2023-05-04T08:18:49.156+0000] {logging_mixin.py:149} INFO - [2023-05-04T08:18:49.156+0000] {dagbag.py:541} INFO - Filling up the DagBag from /home/airflow/.local/lib/python3.7/site-packages/airflow/example_dags/example_dynamic_task_mapping.py
[2023-05-04T08:18:49.164+0000] {processor.py:809} INFO - DAG(s) dict_keys(['example_dynamic_task_mapping']) retrieved from /home/airflow/.local/lib/python3.7/site-packages/airflow/example_dags/example_dynamic_task_mapping.py
[2023-05-04T08:18:49.192+0000] {logging_mixin.py:149} INFO - [2023-05-04T08:18:49.192+0000] {dag.py:2726} INFO - Sync 1 DAGs
[2023-05-04T08:18:49.221+0000] {logging_mixin.py:149} INFO - [2023-05-04T08:18:49.221+0000] {dag.py:3490} INFO - Setting next_dagrun for example_dynamic_task_mapping to 2022-03-04T00:00:00+00:00, run_after=2022-03-05T00:00:00+00:00
[2023-05-04T08:18:49.246+0000] {processor.py:178} INFO - Processing /home/airflow/.local/lib/python3.7/site-packages/airflow/example_dags/example_dynamic_task_mapping.py took 0.096 seconds
[2023-05-04T08:19:19.575+0000] {processor.py:156} INFO - Started process (PID=6380) to work on /home/airflow/.local/lib/python3.7/site-packages/airflow/example_dags/example_dynamic_task_mapping.py
[2023-05-04T08:19:19.576+0000] {processor.py:799} INFO - Processing file /home/airflow/.local/lib/python3.7/site-packages/airflow/example_dags/example_dynamic_task_mapping.py for tasks to queue
[2023-05-04T08:19:19.577+0000] {logging_mixin.py:149} INFO - [2023-05-04T08:19:19.577+0000] {dagbag.py:541} INFO - Filling up the DagBag from /home/airflow/.local/lib/python3.7/site-packages/airflow/example_dags/example_dynamic_task_mapping.py
[2023-05-04T08:19:19.585+0000] {processor.py:809} INFO - DAG(s) dict_keys(['example_dynamic_task_mapping']) retrieved from /home/airflow/.local/lib/python3.7/site-packages/airflow/example_dags/example_dynamic_task_mapping.py
[2023-05-04T08:19:19.618+0000] {logging_mixin.py:149} INFO - [2023-05-04T08:19:19.618+0000] {dag.py:2726} INFO - Sync 1 DAGs
[2023-05-04T08:19:19.787+0000] {logging_mixin.py:149} INFO - [2023-05-04T08:19:19.787+0000] {dag.py:3490} INFO - Setting next_dagrun for example_dynamic_task_mapping to 2022-03-04T00:00:00+00:00, run_after=2022-03-05T00:00:00+00:00
[2023-05-04T08:19:19.810+0000] {processor.py:178} INFO - Processing /home/airflow/.local/lib/python3.7/site-packages/airflow/example_dags/example_dynamic_task_mapping.py took 0.239 seconds
[2023-05-04T08:19:49.901+0000] {processor.py:156} INFO - Started process (PID=6633) to work on /home/airflow/.local/lib/python3.7/site-packages/airflow/example_dags/example_dynamic_task_mapping.py
[2023-05-04T08:19:49.902+0000] {processor.py:799} INFO - Processing file /home/airflow/.local/lib/python3.7/site-packages/airflow/example_dags/example_dynamic_task_mapping.py for tasks to queue
[2023-05-04T08:19:49.903+0000] {logging_mixin.py:149} INFO - [2023-05-04T08:19:49.903+0000] {dagbag.py:541} INFO - Filling up the DagBag from /home/airflow/.local/lib/python3.7/site-packages/airflow/example_dags/example_dynamic_task_mapping.py
[2023-05-04T08:19:49.912+0000] {processor.py:809} INFO - DAG(s) dict_keys(['example_dynamic_task_mapping']) retrieved from /home/airflow/.local/lib/python3.7/site-packages/airflow/example_dags/example_dynamic_task_mapping.py
[2023-05-04T08:19:49.941+0000] {logging_mixin.py:149} INFO - [2023-05-04T08:19:49.941+0000] {dag.py:2726} INFO - Sync 1 DAGs
[2023-05-04T08:19:50.104+0000] {logging_mixin.py:149} INFO - [2023-05-04T08:19:50.104+0000] {dag.py:3490} INFO - Setting next_dagrun for example_dynamic_task_mapping to 2022-03-04T00:00:00+00:00, run_after=2022-03-05T00:00:00+00:00
[2023-05-04T08:19:50.128+0000] {processor.py:178} INFO - Processing /home/airflow/.local/lib/python3.7/site-packages/airflow/example_dags/example_dynamic_task_mapping.py took 0.231 seconds
[2023-05-04T08:20:20.443+0000] {processor.py:156} INFO - Started process (PID=6886) to work on /home/airflow/.local/lib/python3.7/site-packages/airflow/example_dags/example_dynamic_task_mapping.py
[2023-05-04T08:20:20.444+0000] {processor.py:799} INFO - Processing file /home/airflow/.local/lib/python3.7/site-packages/airflow/example_dags/example_dynamic_task_mapping.py for tasks to queue
[2023-05-04T08:20:20.445+0000] {logging_mixin.py:149} INFO - [2023-05-04T08:20:20.445+0000] {dagbag.py:541} INFO - Filling up the DagBag from /home/airflow/.local/lib/python3.7/site-packages/airflow/example_dags/example_dynamic_task_mapping.py
[2023-05-04T08:20:20.454+0000] {processor.py:809} INFO - DAG(s) dict_keys(['example_dynamic_task_mapping']) retrieved from /home/airflow/.local/lib/python3.7/site-packages/airflow/example_dags/example_dynamic_task_mapping.py
[2023-05-04T08:20:20.484+0000] {logging_mixin.py:149} INFO - [2023-05-04T08:20:20.484+0000] {dag.py:2726} INFO - Sync 1 DAGs
[2023-05-04T08:20:20.645+0000] {logging_mixin.py:149} INFO - [2023-05-04T08:20:20.645+0000] {dag.py:3490} INFO - Setting next_dagrun for example_dynamic_task_mapping to 2022-03-04T00:00:00+00:00, run_after=2022-03-05T00:00:00+00:00
[2023-05-04T08:20:20.675+0000] {processor.py:178} INFO - Processing /home/airflow/.local/lib/python3.7/site-packages/airflow/example_dags/example_dynamic_task_mapping.py took 0.236 seconds
[2023-05-04T08:20:51.438+0000] {processor.py:156} INFO - Started process (PID=7127) to work on /home/airflow/.local/lib/python3.7/site-packages/airflow/example_dags/example_dynamic_task_mapping.py
[2023-05-04T08:20:51.498+0000] {processor.py:799} INFO - Processing file /home/airflow/.local/lib/python3.7/site-packages/airflow/example_dags/example_dynamic_task_mapping.py for tasks to queue
[2023-05-04T08:20:51.512+0000] {logging_mixin.py:149} INFO - [2023-05-04T08:20:51.511+0000] {dagbag.py:541} INFO - Filling up the DagBag from /home/airflow/.local/lib/python3.7/site-packages/airflow/example_dags/example_dynamic_task_mapping.py
[2023-05-04T08:20:52.169+0000] {processor.py:809} INFO - DAG(s) dict_keys(['example_dynamic_task_mapping']) retrieved from /home/airflow/.local/lib/python3.7/site-packages/airflow/example_dags/example_dynamic_task_mapping.py
[2023-05-04T08:20:52.267+0000] {logging_mixin.py:149} INFO - [2023-05-04T08:20:52.266+0000] {dag.py:2726} INFO - Sync 1 DAGs
[2023-05-04T08:20:52.413+0000] {logging_mixin.py:149} INFO - [2023-05-04T08:20:52.413+0000] {dag.py:3490} INFO - Setting next_dagrun for example_dynamic_task_mapping to 2022-03-04T00:00:00+00:00, run_after=2022-03-05T00:00:00+00:00
[2023-05-04T08:20:52.505+0000] {processor.py:178} INFO - Processing /home/airflow/.local/lib/python3.7/site-packages/airflow/example_dags/example_dynamic_task_mapping.py took 1.076 seconds
[2023-05-04T08:21:22.678+0000] {processor.py:156} INFO - Started process (PID=7377) to work on /home/airflow/.local/lib/python3.7/site-packages/airflow/example_dags/example_dynamic_task_mapping.py
[2023-05-04T08:21:22.679+0000] {processor.py:799} INFO - Processing file /home/airflow/.local/lib/python3.7/site-packages/airflow/example_dags/example_dynamic_task_mapping.py for tasks to queue
[2023-05-04T08:21:22.681+0000] {logging_mixin.py:149} INFO - [2023-05-04T08:21:22.680+0000] {dagbag.py:541} INFO - Filling up the DagBag from /home/airflow/.local/lib/python3.7/site-packages/airflow/example_dags/example_dynamic_task_mapping.py
[2023-05-04T08:21:22.694+0000] {processor.py:809} INFO - DAG(s) dict_keys(['example_dynamic_task_mapping']) retrieved from /home/airflow/.local/lib/python3.7/site-packages/airflow/example_dags/example_dynamic_task_mapping.py
[2023-05-04T08:21:22.721+0000] {logging_mixin.py:149} INFO - [2023-05-04T08:21:22.721+0000] {dag.py:2726} INFO - Sync 1 DAGs
[2023-05-04T08:21:22.751+0000] {logging_mixin.py:149} INFO - [2023-05-04T08:21:22.751+0000] {dag.py:3490} INFO - Setting next_dagrun for example_dynamic_task_mapping to 2022-03-04T00:00:00+00:00, run_after=2022-03-05T00:00:00+00:00
[2023-05-04T08:21:22.775+0000] {processor.py:178} INFO - Processing /home/airflow/.local/lib/python3.7/site-packages/airflow/example_dags/example_dynamic_task_mapping.py took 0.101 seconds
[2023-05-04T08:21:53.711+0000] {processor.py:156} INFO - Started process (PID=7628) to work on /home/airflow/.local/lib/python3.7/site-packages/airflow/example_dags/example_dynamic_task_mapping.py
[2023-05-04T08:21:53.712+0000] {processor.py:799} INFO - Processing file /home/airflow/.local/lib/python3.7/site-packages/airflow/example_dags/example_dynamic_task_mapping.py for tasks to queue
[2023-05-04T08:21:53.713+0000] {logging_mixin.py:149} INFO - [2023-05-04T08:21:53.713+0000] {dagbag.py:541} INFO - Filling up the DagBag from /home/airflow/.local/lib/python3.7/site-packages/airflow/example_dags/example_dynamic_task_mapping.py
[2023-05-04T08:21:53.722+0000] {processor.py:809} INFO - DAG(s) dict_keys(['example_dynamic_task_mapping']) retrieved from /home/airflow/.local/lib/python3.7/site-packages/airflow/example_dags/example_dynamic_task_mapping.py
[2023-05-04T08:21:53.752+0000] {logging_mixin.py:149} INFO - [2023-05-04T08:21:53.752+0000] {dag.py:2726} INFO - Sync 1 DAGs
[2023-05-04T08:21:53.785+0000] {logging_mixin.py:149} INFO - [2023-05-04T08:21:53.784+0000] {dag.py:3490} INFO - Setting next_dagrun for example_dynamic_task_mapping to 2022-03-04T00:00:00+00:00, run_after=2022-03-05T00:00:00+00:00
[2023-05-04T08:21:53.811+0000] {processor.py:178} INFO - Processing /home/airflow/.local/lib/python3.7/site-packages/airflow/example_dags/example_dynamic_task_mapping.py took 0.105 seconds
[2023-05-04T08:22:24.278+0000] {processor.py:156} INFO - Started process (PID=7886) to work on /home/airflow/.local/lib/python3.7/site-packages/airflow/example_dags/example_dynamic_task_mapping.py
[2023-05-04T08:22:24.279+0000] {processor.py:799} INFO - Processing file /home/airflow/.local/lib/python3.7/site-packages/airflow/example_dags/example_dynamic_task_mapping.py for tasks to queue
[2023-05-04T08:22:24.280+0000] {logging_mixin.py:149} INFO - [2023-05-04T08:22:24.280+0000] {dagbag.py:541} INFO - Filling up the DagBag from /home/airflow/.local/lib/python3.7/site-packages/airflow/example_dags/example_dynamic_task_mapping.py
[2023-05-04T08:22:24.288+0000] {processor.py:809} INFO - DAG(s) dict_keys(['example_dynamic_task_mapping']) retrieved from /home/airflow/.local/lib/python3.7/site-packages/airflow/example_dags/example_dynamic_task_mapping.py
[2023-05-04T08:22:24.314+0000] {logging_mixin.py:149} INFO - [2023-05-04T08:22:24.314+0000] {dag.py:2726} INFO - Sync 1 DAGs
[2023-05-04T08:22:24.346+0000] {logging_mixin.py:149} INFO - [2023-05-04T08:22:24.345+0000] {dag.py:3490} INFO - Setting next_dagrun for example_dynamic_task_mapping to 2022-03-04T00:00:00+00:00, run_after=2022-03-05T00:00:00+00:00
[2023-05-04T08:22:24.369+0000] {processor.py:178} INFO - Processing /home/airflow/.local/lib/python3.7/site-packages/airflow/example_dags/example_dynamic_task_mapping.py took 0.094 seconds
[2023-05-04T08:22:54.963+0000] {processor.py:156} INFO - Started process (PID=8128) to work on /home/airflow/.local/lib/python3.7/site-packages/airflow/example_dags/example_dynamic_task_mapping.py
[2023-05-04T08:22:54.965+0000] {processor.py:799} INFO - Processing file /home/airflow/.local/lib/python3.7/site-packages/airflow/example_dags/example_dynamic_task_mapping.py for tasks to queue
[2023-05-04T08:22:54.967+0000] {logging_mixin.py:149} INFO - [2023-05-04T08:22:54.967+0000] {dagbag.py:541} INFO - Filling up the DagBag from /home/airflow/.local/lib/python3.7/site-packages/airflow/example_dags/example_dynamic_task_mapping.py
[2023-05-04T08:22:54.975+0000] {processor.py:809} INFO - DAG(s) dict_keys(['example_dynamic_task_mapping']) retrieved from /home/airflow/.local/lib/python3.7/site-packages/airflow/example_dags/example_dynamic_task_mapping.py
[2023-05-04T08:22:55.016+0000] {logging_mixin.py:149} INFO - [2023-05-04T08:22:55.015+0000] {dag.py:2726} INFO - Sync 1 DAGs
[2023-05-04T08:22:55.057+0000] {logging_mixin.py:149} INFO - [2023-05-04T08:22:55.057+0000] {dag.py:3490} INFO - Setting next_dagrun for example_dynamic_task_mapping to 2022-03-04T00:00:00+00:00, run_after=2022-03-05T00:00:00+00:00
[2023-05-04T08:22:55.095+0000] {processor.py:178} INFO - Processing /home/airflow/.local/lib/python3.7/site-packages/airflow/example_dags/example_dynamic_task_mapping.py took 0.137 seconds
[2023-05-04T08:23:25.267+0000] {processor.py:156} INFO - Started process (PID=8382) to work on /home/airflow/.local/lib/python3.7/site-packages/airflow/example_dags/example_dynamic_task_mapping.py
[2023-05-04T08:23:25.268+0000] {processor.py:799} INFO - Processing file /home/airflow/.local/lib/python3.7/site-packages/airflow/example_dags/example_dynamic_task_mapping.py for tasks to queue
[2023-05-04T08:23:25.269+0000] {logging_mixin.py:149} INFO - [2023-05-04T08:23:25.269+0000] {dagbag.py:541} INFO - Filling up the DagBag from /home/airflow/.local/lib/python3.7/site-packages/airflow/example_dags/example_dynamic_task_mapping.py
[2023-05-04T08:23:25.279+0000] {processor.py:809} INFO - DAG(s) dict_keys(['example_dynamic_task_mapping']) retrieved from /home/airflow/.local/lib/python3.7/site-packages/airflow/example_dags/example_dynamic_task_mapping.py
[2023-05-04T08:23:25.312+0000] {logging_mixin.py:149} INFO - [2023-05-04T08:23:25.312+0000] {dag.py:2726} INFO - Sync 1 DAGs
[2023-05-04T08:23:25.344+0000] {logging_mixin.py:149} INFO - [2023-05-04T08:23:25.344+0000] {dag.py:3490} INFO - Setting next_dagrun for example_dynamic_task_mapping to 2022-03-04T00:00:00+00:00, run_after=2022-03-05T00:00:00+00:00
[2023-05-04T08:23:25.378+0000] {processor.py:178} INFO - Processing /home/airflow/.local/lib/python3.7/site-packages/airflow/example_dags/example_dynamic_task_mapping.py took 0.115 seconds
