[2023-05-04T08:16:43.904+0000] {processor.py:156} INFO - Started process (PID=5099) to work on /home/airflow/.local/lib/python3.7/site-packages/airflow/example_dags/example_task_group_decorator.py
[2023-05-04T08:16:43.905+0000] {processor.py:799} INFO - Processing file /home/airflow/.local/lib/python3.7/site-packages/airflow/example_dags/example_task_group_decorator.py for tasks to queue
[2023-05-04T08:16:43.906+0000] {logging_mixin.py:149} INFO - [2023-05-04T08:16:43.906+0000] {dagbag.py:541} INFO - Filling up the DagBag from /home/airflow/.local/lib/python3.7/site-packages/airflow/example_dags/example_task_group_decorator.py
[2023-05-04T08:16:43.924+0000] {processor.py:809} INFO - DAG(s) dict_keys(['example_task_group_decorator']) retrieved from /home/airflow/.local/lib/python3.7/site-packages/airflow/example_dags/example_task_group_decorator.py
[2023-05-04T08:16:43.960+0000] {logging_mixin.py:149} INFO - [2023-05-04T08:16:43.960+0000] {dag.py:2726} INFO - Sync 1 DAGs
[2023-05-04T08:16:43.989+0000] {logging_mixin.py:149} INFO - [2023-05-04T08:16:43.989+0000] {dag.py:3490} INFO - Setting next_dagrun for example_task_group_decorator to 2023-05-03T08:16:43.989504+00:00, run_after=2023-05-04T08:16:43.989504+00:00
[2023-05-04T08:16:44.013+0000] {processor.py:178} INFO - Processing /home/airflow/.local/lib/python3.7/site-packages/airflow/example_dags/example_task_group_decorator.py took 0.113 seconds
[2023-05-04T08:17:14.560+0000] {processor.py:156} INFO - Started process (PID=5353) to work on /home/airflow/.local/lib/python3.7/site-packages/airflow/example_dags/example_task_group_decorator.py
[2023-05-04T08:17:14.561+0000] {processor.py:799} INFO - Processing file /home/airflow/.local/lib/python3.7/site-packages/airflow/example_dags/example_task_group_decorator.py for tasks to queue
[2023-05-04T08:17:14.563+0000] {logging_mixin.py:149} INFO - [2023-05-04T08:17:14.562+0000] {dagbag.py:541} INFO - Filling up the DagBag from /home/airflow/.local/lib/python3.7/site-packages/airflow/example_dags/example_task_group_decorator.py
[2023-05-04T08:17:14.586+0000] {processor.py:809} INFO - DAG(s) dict_keys(['example_task_group_decorator']) retrieved from /home/airflow/.local/lib/python3.7/site-packages/airflow/example_dags/example_task_group_decorator.py
[2023-05-04T08:17:14.631+0000] {logging_mixin.py:149} INFO - [2023-05-04T08:17:14.630+0000] {dag.py:2726} INFO - Sync 1 DAGs
[2023-05-04T08:17:14.769+0000] {logging_mixin.py:149} INFO - [2023-05-04T08:17:14.769+0000] {dag.py:3490} INFO - Setting next_dagrun for example_task_group_decorator to 2023-05-03T08:17:14.769514+00:00, run_after=2023-05-04T08:17:14.769514+00:00
[2023-05-04T08:17:14.794+0000] {processor.py:178} INFO - Processing /home/airflow/.local/lib/python3.7/site-packages/airflow/example_dags/example_task_group_decorator.py took 0.239 seconds
[2023-05-04T08:17:45.152+0000] {processor.py:156} INFO - Started process (PID=5604) to work on /home/airflow/.local/lib/python3.7/site-packages/airflow/example_dags/example_task_group_decorator.py
[2023-05-04T08:17:45.153+0000] {processor.py:799} INFO - Processing file /home/airflow/.local/lib/python3.7/site-packages/airflow/example_dags/example_task_group_decorator.py for tasks to queue
[2023-05-04T08:17:45.155+0000] {logging_mixin.py:149} INFO - [2023-05-04T08:17:45.154+0000] {dagbag.py:541} INFO - Filling up the DagBag from /home/airflow/.local/lib/python3.7/site-packages/airflow/example_dags/example_task_group_decorator.py
[2023-05-04T08:17:45.175+0000] {processor.py:809} INFO - DAG(s) dict_keys(['example_task_group_decorator']) retrieved from /home/airflow/.local/lib/python3.7/site-packages/airflow/example_dags/example_task_group_decorator.py
[2023-05-04T08:17:45.213+0000] {logging_mixin.py:149} INFO - [2023-05-04T08:17:45.213+0000] {dag.py:2726} INFO - Sync 1 DAGs
[2023-05-04T08:17:45.242+0000] {logging_mixin.py:149} INFO - [2023-05-04T08:17:45.242+0000] {dag.py:3490} INFO - Setting next_dagrun for example_task_group_decorator to 2023-05-03T08:17:45.242165+00:00, run_after=2023-05-04T08:17:45.242165+00:00
[2023-05-04T08:17:45.376+0000] {processor.py:178} INFO - Processing /home/airflow/.local/lib/python3.7/site-packages/airflow/example_dags/example_task_group_decorator.py took 0.228 seconds
[2023-05-04T08:18:15.707+0000] {processor.py:156} INFO - Started process (PID=5847) to work on /home/airflow/.local/lib/python3.7/site-packages/airflow/example_dags/example_task_group_decorator.py
[2023-05-04T08:18:15.708+0000] {processor.py:799} INFO - Processing file /home/airflow/.local/lib/python3.7/site-packages/airflow/example_dags/example_task_group_decorator.py for tasks to queue
[2023-05-04T08:18:15.709+0000] {logging_mixin.py:149} INFO - [2023-05-04T08:18:15.709+0000] {dagbag.py:541} INFO - Filling up the DagBag from /home/airflow/.local/lib/python3.7/site-packages/airflow/example_dags/example_task_group_decorator.py
[2023-05-04T08:18:15.736+0000] {processor.py:809} INFO - DAG(s) dict_keys(['example_task_group_decorator']) retrieved from /home/airflow/.local/lib/python3.7/site-packages/airflow/example_dags/example_task_group_decorator.py
[2023-05-04T08:18:15.825+0000] {logging_mixin.py:149} INFO - [2023-05-04T08:18:15.825+0000] {dag.py:2726} INFO - Sync 1 DAGs
[2023-05-04T08:18:15.894+0000] {logging_mixin.py:149} INFO - [2023-05-04T08:18:15.894+0000] {dag.py:3490} INFO - Setting next_dagrun for example_task_group_decorator to 2023-05-03T08:18:15.893814+00:00, run_after=2023-05-04T08:18:15.893814+00:00
[2023-05-04T08:18:15.923+0000] {processor.py:178} INFO - Processing /home/airflow/.local/lib/python3.7/site-packages/airflow/example_dags/example_task_group_decorator.py took 0.221 seconds
[2023-05-04T08:18:46.467+0000] {processor.py:156} INFO - Started process (PID=6101) to work on /home/airflow/.local/lib/python3.7/site-packages/airflow/example_dags/example_task_group_decorator.py
[2023-05-04T08:18:46.468+0000] {processor.py:799} INFO - Processing file /home/airflow/.local/lib/python3.7/site-packages/airflow/example_dags/example_task_group_decorator.py for tasks to queue
[2023-05-04T08:18:46.469+0000] {logging_mixin.py:149} INFO - [2023-05-04T08:18:46.468+0000] {dagbag.py:541} INFO - Filling up the DagBag from /home/airflow/.local/lib/python3.7/site-packages/airflow/example_dags/example_task_group_decorator.py
[2023-05-04T08:18:46.487+0000] {processor.py:809} INFO - DAG(s) dict_keys(['example_task_group_decorator']) retrieved from /home/airflow/.local/lib/python3.7/site-packages/airflow/example_dags/example_task_group_decorator.py
[2023-05-04T08:18:46.549+0000] {logging_mixin.py:149} INFO - [2023-05-04T08:18:46.548+0000] {dag.py:2726} INFO - Sync 1 DAGs
[2023-05-04T08:18:46.613+0000] {logging_mixin.py:149} INFO - [2023-05-04T08:18:46.613+0000] {dag.py:3490} INFO - Setting next_dagrun for example_task_group_decorator to 2023-05-03T08:18:46.612740+00:00, run_after=2023-05-04T08:18:46.612740+00:00
[2023-05-04T08:18:46.642+0000] {processor.py:178} INFO - Processing /home/airflow/.local/lib/python3.7/site-packages/airflow/example_dags/example_task_group_decorator.py took 0.179 seconds
[2023-05-04T08:19:17.256+0000] {processor.py:156} INFO - Started process (PID=6354) to work on /home/airflow/.local/lib/python3.7/site-packages/airflow/example_dags/example_task_group_decorator.py
[2023-05-04T08:19:17.257+0000] {processor.py:799} INFO - Processing file /home/airflow/.local/lib/python3.7/site-packages/airflow/example_dags/example_task_group_decorator.py for tasks to queue
[2023-05-04T08:19:17.258+0000] {logging_mixin.py:149} INFO - [2023-05-04T08:19:17.258+0000] {dagbag.py:541} INFO - Filling up the DagBag from /home/airflow/.local/lib/python3.7/site-packages/airflow/example_dags/example_task_group_decorator.py
[2023-05-04T08:19:17.276+0000] {processor.py:809} INFO - DAG(s) dict_keys(['example_task_group_decorator']) retrieved from /home/airflow/.local/lib/python3.7/site-packages/airflow/example_dags/example_task_group_decorator.py
[2023-05-04T08:19:17.312+0000] {logging_mixin.py:149} INFO - [2023-05-04T08:19:17.311+0000] {dag.py:2726} INFO - Sync 1 DAGs
[2023-05-04T08:19:17.474+0000] {logging_mixin.py:149} INFO - [2023-05-04T08:19:17.473+0000] {dag.py:3490} INFO - Setting next_dagrun for example_task_group_decorator to 2023-05-03T08:19:17.473583+00:00, run_after=2023-05-04T08:19:17.473583+00:00
[2023-05-04T08:19:17.496+0000] {processor.py:178} INFO - Processing /home/airflow/.local/lib/python3.7/site-packages/airflow/example_dags/example_task_group_decorator.py took 0.244 seconds
[2023-05-04T08:19:47.609+0000] {processor.py:156} INFO - Started process (PID=6607) to work on /home/airflow/.local/lib/python3.7/site-packages/airflow/example_dags/example_task_group_decorator.py
[2023-05-04T08:19:47.610+0000] {processor.py:799} INFO - Processing file /home/airflow/.local/lib/python3.7/site-packages/airflow/example_dags/example_task_group_decorator.py for tasks to queue
[2023-05-04T08:19:47.611+0000] {logging_mixin.py:149} INFO - [2023-05-04T08:19:47.611+0000] {dagbag.py:541} INFO - Filling up the DagBag from /home/airflow/.local/lib/python3.7/site-packages/airflow/example_dags/example_task_group_decorator.py
[2023-05-04T08:19:47.628+0000] {processor.py:809} INFO - DAG(s) dict_keys(['example_task_group_decorator']) retrieved from /home/airflow/.local/lib/python3.7/site-packages/airflow/example_dags/example_task_group_decorator.py
[2023-05-04T08:19:47.663+0000] {logging_mixin.py:149} INFO - [2023-05-04T08:19:47.663+0000] {dag.py:2726} INFO - Sync 1 DAGs
[2023-05-04T08:19:47.821+0000] {logging_mixin.py:149} INFO - [2023-05-04T08:19:47.820+0000] {dag.py:3490} INFO - Setting next_dagrun for example_task_group_decorator to 2023-05-03T08:19:47.820710+00:00, run_after=2023-05-04T08:19:47.820710+00:00
[2023-05-04T08:19:47.845+0000] {processor.py:178} INFO - Processing /home/airflow/.local/lib/python3.7/site-packages/airflow/example_dags/example_task_group_decorator.py took 0.241 seconds
[2023-05-04T08:20:18.494+0000] {processor.py:156} INFO - Started process (PID=6860) to work on /home/airflow/.local/lib/python3.7/site-packages/airflow/example_dags/example_task_group_decorator.py
[2023-05-04T08:20:18.496+0000] {processor.py:799} INFO - Processing file /home/airflow/.local/lib/python3.7/site-packages/airflow/example_dags/example_task_group_decorator.py for tasks to queue
[2023-05-04T08:20:18.497+0000] {logging_mixin.py:149} INFO - [2023-05-04T08:20:18.497+0000] {dagbag.py:541} INFO - Filling up the DagBag from /home/airflow/.local/lib/python3.7/site-packages/airflow/example_dags/example_task_group_decorator.py
[2023-05-04T08:20:18.514+0000] {processor.py:809} INFO - DAG(s) dict_keys(['example_task_group_decorator']) retrieved from /home/airflow/.local/lib/python3.7/site-packages/airflow/example_dags/example_task_group_decorator.py
[2023-05-04T08:20:18.549+0000] {logging_mixin.py:149} INFO - [2023-05-04T08:20:18.549+0000] {dag.py:2726} INFO - Sync 1 DAGs
[2023-05-04T08:20:18.579+0000] {logging_mixin.py:149} INFO - [2023-05-04T08:20:18.579+0000] {dag.py:3490} INFO - Setting next_dagrun for example_task_group_decorator to 2023-05-03T08:20:18.579106+00:00, run_after=2023-05-04T08:20:18.579106+00:00
[2023-05-04T08:20:18.733+0000] {processor.py:178} INFO - Processing /home/airflow/.local/lib/python3.7/site-packages/airflow/example_dags/example_task_group_decorator.py took 0.242 seconds
[2023-05-04T08:20:48.833+0000] {processor.py:156} INFO - Started process (PID=7112) to work on /home/airflow/.local/lib/python3.7/site-packages/airflow/example_dags/example_task_group_decorator.py
[2023-05-04T08:20:48.834+0000] {processor.py:799} INFO - Processing file /home/airflow/.local/lib/python3.7/site-packages/airflow/example_dags/example_task_group_decorator.py for tasks to queue
[2023-05-04T08:20:48.836+0000] {logging_mixin.py:149} INFO - [2023-05-04T08:20:48.836+0000] {dagbag.py:541} INFO - Filling up the DagBag from /home/airflow/.local/lib/python3.7/site-packages/airflow/example_dags/example_task_group_decorator.py
[2023-05-04T08:20:49.012+0000] {processor.py:809} INFO - DAG(s) dict_keys(['example_task_group_decorator']) retrieved from /home/airflow/.local/lib/python3.7/site-packages/airflow/example_dags/example_task_group_decorator.py
[2023-05-04T08:20:49.065+0000] {logging_mixin.py:149} INFO - [2023-05-04T08:20:49.064+0000] {dag.py:2726} INFO - Sync 1 DAGs
[2023-05-04T08:20:49.118+0000] {logging_mixin.py:149} INFO - [2023-05-04T08:20:49.118+0000] {dag.py:3490} INFO - Setting next_dagrun for example_task_group_decorator to 2023-05-03T08:20:49.117702+00:00, run_after=2023-05-04T08:20:49.117702+00:00
[2023-05-04T08:20:49.167+0000] {processor.py:178} INFO - Processing /home/airflow/.local/lib/python3.7/site-packages/airflow/example_dags/example_task_group_decorator.py took 0.340 seconds
[2023-05-04T08:21:19.351+0000] {processor.py:156} INFO - Started process (PID=7364) to work on /home/airflow/.local/lib/python3.7/site-packages/airflow/example_dags/example_task_group_decorator.py
[2023-05-04T08:21:19.353+0000] {processor.py:799} INFO - Processing file /home/airflow/.local/lib/python3.7/site-packages/airflow/example_dags/example_task_group_decorator.py for tasks to queue
[2023-05-04T08:21:19.354+0000] {logging_mixin.py:149} INFO - [2023-05-04T08:21:19.354+0000] {dagbag.py:541} INFO - Filling up the DagBag from /home/airflow/.local/lib/python3.7/site-packages/airflow/example_dags/example_task_group_decorator.py
[2023-05-04T08:21:19.381+0000] {processor.py:809} INFO - DAG(s) dict_keys(['example_task_group_decorator']) retrieved from /home/airflow/.local/lib/python3.7/site-packages/airflow/example_dags/example_task_group_decorator.py
[2023-05-04T08:21:19.430+0000] {logging_mixin.py:149} INFO - [2023-05-04T08:21:19.430+0000] {dag.py:2726} INFO - Sync 1 DAGs
[2023-05-04T08:21:19.473+0000] {logging_mixin.py:149} INFO - [2023-05-04T08:21:19.472+0000] {dag.py:3490} INFO - Setting next_dagrun for example_task_group_decorator to 2023-05-03T08:21:19.472613+00:00, run_after=2023-05-04T08:21:19.472613+00:00
[2023-05-04T08:21:19.499+0000] {processor.py:178} INFO - Processing /home/airflow/.local/lib/python3.7/site-packages/airflow/example_dags/example_task_group_decorator.py took 0.155 seconds
[2023-05-04T08:21:50.516+0000] {processor.py:156} INFO - Started process (PID=7607) to work on /home/airflow/.local/lib/python3.7/site-packages/airflow/example_dags/example_task_group_decorator.py
[2023-05-04T08:21:50.517+0000] {processor.py:799} INFO - Processing file /home/airflow/.local/lib/python3.7/site-packages/airflow/example_dags/example_task_group_decorator.py for tasks to queue
[2023-05-04T08:21:50.518+0000] {logging_mixin.py:149} INFO - [2023-05-04T08:21:50.518+0000] {dagbag.py:541} INFO - Filling up the DagBag from /home/airflow/.local/lib/python3.7/site-packages/airflow/example_dags/example_task_group_decorator.py
[2023-05-04T08:21:50.536+0000] {processor.py:809} INFO - DAG(s) dict_keys(['example_task_group_decorator']) retrieved from /home/airflow/.local/lib/python3.7/site-packages/airflow/example_dags/example_task_group_decorator.py
[2023-05-04T08:21:50.572+0000] {logging_mixin.py:149} INFO - [2023-05-04T08:21:50.571+0000] {dag.py:2726} INFO - Sync 1 DAGs
[2023-05-04T08:21:50.609+0000] {logging_mixin.py:149} INFO - [2023-05-04T08:21:50.608+0000] {dag.py:3490} INFO - Setting next_dagrun for example_task_group_decorator to 2023-05-03T08:21:50.608492+00:00, run_after=2023-05-04T08:21:50.608492+00:00
[2023-05-04T08:21:50.636+0000] {processor.py:178} INFO - Processing /home/airflow/.local/lib/python3.7/site-packages/airflow/example_dags/example_task_group_decorator.py took 0.124 seconds
[2023-05-04T08:22:20.846+0000] {processor.py:156} INFO - Started process (PID=7861) to work on /home/airflow/.local/lib/python3.7/site-packages/airflow/example_dags/example_task_group_decorator.py
[2023-05-04T08:22:20.847+0000] {processor.py:799} INFO - Processing file /home/airflow/.local/lib/python3.7/site-packages/airflow/example_dags/example_task_group_decorator.py for tasks to queue
[2023-05-04T08:22:20.849+0000] {logging_mixin.py:149} INFO - [2023-05-04T08:22:20.848+0000] {dagbag.py:541} INFO - Filling up the DagBag from /home/airflow/.local/lib/python3.7/site-packages/airflow/example_dags/example_task_group_decorator.py
[2023-05-04T08:22:20.867+0000] {processor.py:809} INFO - DAG(s) dict_keys(['example_task_group_decorator']) retrieved from /home/airflow/.local/lib/python3.7/site-packages/airflow/example_dags/example_task_group_decorator.py
[2023-05-04T08:22:20.926+0000] {logging_mixin.py:149} INFO - [2023-05-04T08:22:20.925+0000] {dag.py:2726} INFO - Sync 1 DAGs
[2023-05-04T08:22:20.969+0000] {logging_mixin.py:149} INFO - [2023-05-04T08:22:20.968+0000] {dag.py:3490} INFO - Setting next_dagrun for example_task_group_decorator to 2023-05-03T08:22:20.968473+00:00, run_after=2023-05-04T08:22:20.968473+00:00
[2023-05-04T08:22:21.004+0000] {processor.py:178} INFO - Processing /home/airflow/.local/lib/python3.7/site-packages/airflow/example_dags/example_task_group_decorator.py took 0.161 seconds
[2023-05-04T08:22:51.803+0000] {processor.py:156} INFO - Started process (PID=8115) to work on /home/airflow/.local/lib/python3.7/site-packages/airflow/example_dags/example_task_group_decorator.py
[2023-05-04T08:22:51.805+0000] {processor.py:799} INFO - Processing file /home/airflow/.local/lib/python3.7/site-packages/airflow/example_dags/example_task_group_decorator.py for tasks to queue
[2023-05-04T08:22:51.806+0000] {logging_mixin.py:149} INFO - [2023-05-04T08:22:51.806+0000] {dagbag.py:541} INFO - Filling up the DagBag from /home/airflow/.local/lib/python3.7/site-packages/airflow/example_dags/example_task_group_decorator.py
[2023-05-04T08:22:51.823+0000] {processor.py:809} INFO - DAG(s) dict_keys(['example_task_group_decorator']) retrieved from /home/airflow/.local/lib/python3.7/site-packages/airflow/example_dags/example_task_group_decorator.py
[2023-05-04T08:22:51.856+0000] {logging_mixin.py:149} INFO - [2023-05-04T08:22:51.856+0000] {dag.py:2726} INFO - Sync 1 DAGs
[2023-05-04T08:22:51.885+0000] {logging_mixin.py:149} INFO - [2023-05-04T08:22:51.885+0000] {dag.py:3490} INFO - Setting next_dagrun for example_task_group_decorator to 2023-05-03T08:22:51.885383+00:00, run_after=2023-05-04T08:22:51.885383+00:00
[2023-05-04T08:22:51.911+0000] {processor.py:178} INFO - Processing /home/airflow/.local/lib/python3.7/site-packages/airflow/example_dags/example_task_group_decorator.py took 0.111 seconds
[2023-05-04T08:23:22.103+0000] {processor.py:156} INFO - Started process (PID=8369) to work on /home/airflow/.local/lib/python3.7/site-packages/airflow/example_dags/example_task_group_decorator.py
[2023-05-04T08:23:22.105+0000] {processor.py:799} INFO - Processing file /home/airflow/.local/lib/python3.7/site-packages/airflow/example_dags/example_task_group_decorator.py for tasks to queue
[2023-05-04T08:23:22.107+0000] {logging_mixin.py:149} INFO - [2023-05-04T08:23:22.107+0000] {dagbag.py:541} INFO - Filling up the DagBag from /home/airflow/.local/lib/python3.7/site-packages/airflow/example_dags/example_task_group_decorator.py
[2023-05-04T08:23:22.125+0000] {processor.py:809} INFO - DAG(s) dict_keys(['example_task_group_decorator']) retrieved from /home/airflow/.local/lib/python3.7/site-packages/airflow/example_dags/example_task_group_decorator.py
[2023-05-04T08:23:22.165+0000] {logging_mixin.py:149} INFO - [2023-05-04T08:23:22.165+0000] {dag.py:2726} INFO - Sync 1 DAGs
[2023-05-04T08:23:22.195+0000] {logging_mixin.py:149} INFO - [2023-05-04T08:23:22.194+0000] {dag.py:3490} INFO - Setting next_dagrun for example_task_group_decorator to 2023-05-03T08:23:22.194637+00:00, run_after=2023-05-04T08:23:22.194637+00:00
[2023-05-04T08:23:22.220+0000] {processor.py:178} INFO - Processing /home/airflow/.local/lib/python3.7/site-packages/airflow/example_dags/example_task_group_decorator.py took 0.120 seconds
[2023-05-04T08:23:52.521+0000] {processor.py:156} INFO - Started process (PID=8623) to work on /home/airflow/.local/lib/python3.7/site-packages/airflow/example_dags/example_task_group_decorator.py
[2023-05-04T08:23:52.522+0000] {processor.py:799} INFO - Processing file /home/airflow/.local/lib/python3.7/site-packages/airflow/example_dags/example_task_group_decorator.py for tasks to queue
[2023-05-04T08:23:52.523+0000] {logging_mixin.py:149} INFO - [2023-05-04T08:23:52.523+0000] {dagbag.py:541} INFO - Filling up the DagBag from /home/airflow/.local/lib/python3.7/site-packages/airflow/example_dags/example_task_group_decorator.py
[2023-05-04T08:23:52.544+0000] {processor.py:809} INFO - DAG(s) dict_keys(['example_task_group_decorator']) retrieved from /home/airflow/.local/lib/python3.7/site-packages/airflow/example_dags/example_task_group_decorator.py
[2023-05-04T08:23:52.589+0000] {logging_mixin.py:149} INFO - [2023-05-04T08:23:52.589+0000] {dag.py:2726} INFO - Sync 1 DAGs
[2023-05-04T08:23:52.628+0000] {logging_mixin.py:149} INFO - [2023-05-04T08:23:52.628+0000] {dag.py:3490} INFO - Setting next_dagrun for example_task_group_decorator to 2023-05-03T08:23:52.628257+00:00, run_after=2023-05-04T08:23:52.628257+00:00
[2023-05-04T08:23:52.661+0000] {processor.py:178} INFO - Processing /home/airflow/.local/lib/python3.7/site-packages/airflow/example_dags/example_task_group_decorator.py took 0.144 seconds
[2023-05-04T08:24:23.461+0000] {processor.py:156} INFO - Started process (PID=8876) to work on /home/airflow/.local/lib/python3.7/site-packages/airflow/example_dags/example_task_group_decorator.py
[2023-05-04T08:24:23.463+0000] {processor.py:799} INFO - Processing file /home/airflow/.local/lib/python3.7/site-packages/airflow/example_dags/example_task_group_decorator.py for tasks to queue
[2023-05-04T08:24:23.464+0000] {logging_mixin.py:149} INFO - [2023-05-04T08:24:23.464+0000] {dagbag.py:541} INFO - Filling up the DagBag from /home/airflow/.local/lib/python3.7/site-packages/airflow/example_dags/example_task_group_decorator.py
[2023-05-04T08:24:23.482+0000] {processor.py:809} INFO - DAG(s) dict_keys(['example_task_group_decorator']) retrieved from /home/airflow/.local/lib/python3.7/site-packages/airflow/example_dags/example_task_group_decorator.py
[2023-05-04T08:24:23.518+0000] {logging_mixin.py:149} INFO - [2023-05-04T08:24:23.517+0000] {dag.py:2726} INFO - Sync 1 DAGs
[2023-05-04T08:24:23.549+0000] {logging_mixin.py:149} INFO - [2023-05-04T08:24:23.548+0000] {dag.py:3490} INFO - Setting next_dagrun for example_task_group_decorator to 2023-05-03T08:24:23.548591+00:00, run_after=2023-05-04T08:24:23.548591+00:00
[2023-05-04T08:24:23.575+0000] {processor.py:178} INFO - Processing /home/airflow/.local/lib/python3.7/site-packages/airflow/example_dags/example_task_group_decorator.py took 0.117 seconds
[2023-05-04T08:24:53.771+0000] {processor.py:156} INFO - Started process (PID=9130) to work on /home/airflow/.local/lib/python3.7/site-packages/airflow/example_dags/example_task_group_decorator.py
[2023-05-04T08:24:53.773+0000] {processor.py:799} INFO - Processing file /home/airflow/.local/lib/python3.7/site-packages/airflow/example_dags/example_task_group_decorator.py for tasks to queue
[2023-05-04T08:24:53.774+0000] {logging_mixin.py:149} INFO - [2023-05-04T08:24:53.774+0000] {dagbag.py:541} INFO - Filling up the DagBag from /home/airflow/.local/lib/python3.7/site-packages/airflow/example_dags/example_task_group_decorator.py
[2023-05-04T08:24:53.796+0000] {processor.py:809} INFO - DAG(s) dict_keys(['example_task_group_decorator']) retrieved from /home/airflow/.local/lib/python3.7/site-packages/airflow/example_dags/example_task_group_decorator.py
[2023-05-04T08:24:53.848+0000] {logging_mixin.py:149} INFO - [2023-05-04T08:24:53.848+0000] {dag.py:2726} INFO - Sync 1 DAGs
[2023-05-04T08:24:53.896+0000] {logging_mixin.py:149} INFO - [2023-05-04T08:24:53.896+0000] {dag.py:3490} INFO - Setting next_dagrun for example_task_group_decorator to 2023-05-03T08:24:53.895813+00:00, run_after=2023-05-04T08:24:53.895813+00:00
[2023-05-04T08:24:53.928+0000] {processor.py:178} INFO - Processing /home/airflow/.local/lib/python3.7/site-packages/airflow/example_dags/example_task_group_decorator.py took 0.163 seconds
[2023-05-04T08:25:24.264+0000] {processor.py:156} INFO - Started process (PID=9387) to work on /home/airflow/.local/lib/python3.7/site-packages/airflow/example_dags/example_task_group_decorator.py
[2023-05-04T08:25:24.268+0000] {processor.py:799} INFO - Processing file /home/airflow/.local/lib/python3.7/site-packages/airflow/example_dags/example_task_group_decorator.py for tasks to queue
[2023-05-04T08:25:24.272+0000] {logging_mixin.py:149} INFO - [2023-05-04T08:25:24.271+0000] {dagbag.py:541} INFO - Filling up the DagBag from /home/airflow/.local/lib/python3.7/site-packages/airflow/example_dags/example_task_group_decorator.py
[2023-05-04T08:25:24.305+0000] {processor.py:809} INFO - DAG(s) dict_keys(['example_task_group_decorator']) retrieved from /home/airflow/.local/lib/python3.7/site-packages/airflow/example_dags/example_task_group_decorator.py
[2023-05-04T08:25:24.373+0000] {logging_mixin.py:149} INFO - [2023-05-04T08:25:24.373+0000] {dag.py:2726} INFO - Sync 1 DAGs
[2023-05-04T08:25:24.433+0000] {logging_mixin.py:149} INFO - [2023-05-04T08:25:24.433+0000] {dag.py:3490} INFO - Setting next_dagrun for example_task_group_decorator to 2023-05-03T08:25:24.432177+00:00, run_after=2023-05-04T08:25:24.432177+00:00
[2023-05-04T08:25:24.521+0000] {processor.py:178} INFO - Processing /home/airflow/.local/lib/python3.7/site-packages/airflow/example_dags/example_task_group_decorator.py took 0.272 seconds
