[2023-05-04T08:16:49.143+0000] {processor.py:156} INFO - Started process (PID=5119) to work on /home/airflow/.local/lib/python3.7/site-packages/airflow/example_dags/example_latest_only_with_trigger.py
[2023-05-04T08:16:49.144+0000] {processor.py:799} INFO - Processing file /home/airflow/.local/lib/python3.7/site-packages/airflow/example_dags/example_latest_only_with_trigger.py for tasks to queue
[2023-05-04T08:16:49.146+0000] {logging_mixin.py:149} INFO - [2023-05-04T08:16:49.146+0000] {dagbag.py:541} INFO - Filling up the DagBag from /home/airflow/.local/lib/python3.7/site-packages/airflow/example_dags/example_latest_only_with_trigger.py
[2023-05-04T08:16:49.154+0000] {processor.py:809} INFO - DAG(s) dict_keys(['latest_only_with_trigger']) retrieved from /home/airflow/.local/lib/python3.7/site-packages/airflow/example_dags/example_latest_only_with_trigger.py
[2023-05-04T08:16:49.189+0000] {logging_mixin.py:149} INFO - [2023-05-04T08:16:49.188+0000] {dag.py:2726} INFO - Sync 1 DAGs
[2023-05-04T08:16:49.225+0000] {logging_mixin.py:149} INFO - [2023-05-04T08:16:49.225+0000] {dag.py:3490} INFO - Setting next_dagrun for latest_only_with_trigger to 2023-05-04T04:16:49.225304+00:00, run_after=2023-05-04T08:16:49.225304+00:00
[2023-05-04T08:16:49.255+0000] {processor.py:178} INFO - Processing /home/airflow/.local/lib/python3.7/site-packages/airflow/example_dags/example_latest_only_with_trigger.py took 0.116 seconds
[2023-05-04T08:17:19.919+0000] {processor.py:156} INFO - Started process (PID=5373) to work on /home/airflow/.local/lib/python3.7/site-packages/airflow/example_dags/example_latest_only_with_trigger.py
[2023-05-04T08:17:19.920+0000] {processor.py:799} INFO - Processing file /home/airflow/.local/lib/python3.7/site-packages/airflow/example_dags/example_latest_only_with_trigger.py for tasks to queue
[2023-05-04T08:17:19.922+0000] {logging_mixin.py:149} INFO - [2023-05-04T08:17:19.922+0000] {dagbag.py:541} INFO - Filling up the DagBag from /home/airflow/.local/lib/python3.7/site-packages/airflow/example_dags/example_latest_only_with_trigger.py
[2023-05-04T08:17:19.929+0000] {processor.py:809} INFO - DAG(s) dict_keys(['latest_only_with_trigger']) retrieved from /home/airflow/.local/lib/python3.7/site-packages/airflow/example_dags/example_latest_only_with_trigger.py
[2023-05-04T08:17:19.960+0000] {logging_mixin.py:149} INFO - [2023-05-04T08:17:19.960+0000] {dag.py:2726} INFO - Sync 1 DAGs
[2023-05-04T08:17:19.992+0000] {logging_mixin.py:149} INFO - [2023-05-04T08:17:19.992+0000] {dag.py:3490} INFO - Setting next_dagrun for latest_only_with_trigger to 2023-05-04T04:17:19.991861+00:00, run_after=2023-05-04T08:17:19.991861+00:00
[2023-05-04T08:17:20.019+0000] {processor.py:178} INFO - Processing /home/airflow/.local/lib/python3.7/site-packages/airflow/example_dags/example_latest_only_with_trigger.py took 0.104 seconds
[2023-05-04T08:17:50.744+0000] {processor.py:156} INFO - Started process (PID=5626) to work on /home/airflow/.local/lib/python3.7/site-packages/airflow/example_dags/example_latest_only_with_trigger.py
[2023-05-04T08:17:50.745+0000] {processor.py:799} INFO - Processing file /home/airflow/.local/lib/python3.7/site-packages/airflow/example_dags/example_latest_only_with_trigger.py for tasks to queue
[2023-05-04T08:17:50.746+0000] {logging_mixin.py:149} INFO - [2023-05-04T08:17:50.746+0000] {dagbag.py:541} INFO - Filling up the DagBag from /home/airflow/.local/lib/python3.7/site-packages/airflow/example_dags/example_latest_only_with_trigger.py
[2023-05-04T08:17:50.757+0000] {processor.py:809} INFO - DAG(s) dict_keys(['latest_only_with_trigger']) retrieved from /home/airflow/.local/lib/python3.7/site-packages/airflow/example_dags/example_latest_only_with_trigger.py
[2023-05-04T08:17:50.787+0000] {logging_mixin.py:149} INFO - [2023-05-04T08:17:50.787+0000] {dag.py:2726} INFO - Sync 1 DAGs
[2023-05-04T08:17:50.823+0000] {logging_mixin.py:149} INFO - [2023-05-04T08:17:50.823+0000] {dag.py:3490} INFO - Setting next_dagrun for latest_only_with_trigger to 2023-05-04T04:17:50.822890+00:00, run_after=2023-05-04T08:17:50.822890+00:00
[2023-05-04T08:17:50.968+0000] {processor.py:178} INFO - Processing /home/airflow/.local/lib/python3.7/site-packages/airflow/example_dags/example_latest_only_with_trigger.py took 0.227 seconds
[2023-05-04T08:18:21.167+0000] {processor.py:156} INFO - Started process (PID=5880) to work on /home/airflow/.local/lib/python3.7/site-packages/airflow/example_dags/example_latest_only_with_trigger.py
[2023-05-04T08:18:21.168+0000] {processor.py:799} INFO - Processing file /home/airflow/.local/lib/python3.7/site-packages/airflow/example_dags/example_latest_only_with_trigger.py for tasks to queue
[2023-05-04T08:18:21.169+0000] {logging_mixin.py:149} INFO - [2023-05-04T08:18:21.169+0000] {dagbag.py:541} INFO - Filling up the DagBag from /home/airflow/.local/lib/python3.7/site-packages/airflow/example_dags/example_latest_only_with_trigger.py
[2023-05-04T08:18:21.176+0000] {processor.py:809} INFO - DAG(s) dict_keys(['latest_only_with_trigger']) retrieved from /home/airflow/.local/lib/python3.7/site-packages/airflow/example_dags/example_latest_only_with_trigger.py
[2023-05-04T08:18:21.205+0000] {logging_mixin.py:149} INFO - [2023-05-04T08:18:21.204+0000] {dag.py:2726} INFO - Sync 1 DAGs
[2023-05-04T08:18:21.232+0000] {logging_mixin.py:149} INFO - [2023-05-04T08:18:21.232+0000] {dag.py:3490} INFO - Setting next_dagrun for latest_only_with_trigger to 2023-05-04T04:18:21.232230+00:00, run_after=2023-05-04T08:18:21.232230+00:00
[2023-05-04T08:18:21.255+0000] {processor.py:178} INFO - Processing /home/airflow/.local/lib/python3.7/site-packages/airflow/example_dags/example_latest_only_with_trigger.py took 0.092 seconds
[2023-05-04T08:18:51.330+0000] {processor.py:156} INFO - Started process (PID=6134) to work on /home/airflow/.local/lib/python3.7/site-packages/airflow/example_dags/example_latest_only_with_trigger.py
[2023-05-04T08:18:51.331+0000] {processor.py:799} INFO - Processing file /home/airflow/.local/lib/python3.7/site-packages/airflow/example_dags/example_latest_only_with_trigger.py for tasks to queue
[2023-05-04T08:18:51.332+0000] {logging_mixin.py:149} INFO - [2023-05-04T08:18:51.332+0000] {dagbag.py:541} INFO - Filling up the DagBag from /home/airflow/.local/lib/python3.7/site-packages/airflow/example_dags/example_latest_only_with_trigger.py
[2023-05-04T08:18:51.340+0000] {processor.py:809} INFO - DAG(s) dict_keys(['latest_only_with_trigger']) retrieved from /home/airflow/.local/lib/python3.7/site-packages/airflow/example_dags/example_latest_only_with_trigger.py
[2023-05-04T08:18:51.368+0000] {logging_mixin.py:149} INFO - [2023-05-04T08:18:51.368+0000] {dag.py:2726} INFO - Sync 1 DAGs
[2023-05-04T08:18:51.397+0000] {logging_mixin.py:149} INFO - [2023-05-04T08:18:51.397+0000] {dag.py:3490} INFO - Setting next_dagrun for latest_only_with_trigger to 2023-05-04T04:18:51.397352+00:00, run_after=2023-05-04T08:18:51.397352+00:00
[2023-05-04T08:18:51.423+0000] {processor.py:178} INFO - Processing /home/airflow/.local/lib/python3.7/site-packages/airflow/example_dags/example_latest_only_with_trigger.py took 0.096 seconds
[2023-05-04T08:19:21.600+0000] {processor.py:156} INFO - Started process (PID=6387) to work on /home/airflow/.local/lib/python3.7/site-packages/airflow/example_dags/example_latest_only_with_trigger.py
[2023-05-04T08:19:21.602+0000] {processor.py:799} INFO - Processing file /home/airflow/.local/lib/python3.7/site-packages/airflow/example_dags/example_latest_only_with_trigger.py for tasks to queue
[2023-05-04T08:19:21.602+0000] {logging_mixin.py:149} INFO - [2023-05-04T08:19:21.602+0000] {dagbag.py:541} INFO - Filling up the DagBag from /home/airflow/.local/lib/python3.7/site-packages/airflow/example_dags/example_latest_only_with_trigger.py
[2023-05-04T08:19:21.610+0000] {processor.py:809} INFO - DAG(s) dict_keys(['latest_only_with_trigger']) retrieved from /home/airflow/.local/lib/python3.7/site-packages/airflow/example_dags/example_latest_only_with_trigger.py
[2023-05-04T08:19:21.638+0000] {logging_mixin.py:149} INFO - [2023-05-04T08:19:21.638+0000] {dag.py:2726} INFO - Sync 1 DAGs
[2023-05-04T08:19:21.780+0000] {logging_mixin.py:149} INFO - [2023-05-04T08:19:21.780+0000] {dag.py:3490} INFO - Setting next_dagrun for latest_only_with_trigger to 2023-05-04T04:19:21.780529+00:00, run_after=2023-05-04T08:19:21.780529+00:00
[2023-05-04T08:19:21.805+0000] {processor.py:178} INFO - Processing /home/airflow/.local/lib/python3.7/site-packages/airflow/example_dags/example_latest_only_with_trigger.py took 0.209 seconds
[2023-05-04T08:19:51.949+0000] {processor.py:156} INFO - Started process (PID=6640) to work on /home/airflow/.local/lib/python3.7/site-packages/airflow/example_dags/example_latest_only_with_trigger.py
[2023-05-04T08:19:51.950+0000] {processor.py:799} INFO - Processing file /home/airflow/.local/lib/python3.7/site-packages/airflow/example_dags/example_latest_only_with_trigger.py for tasks to queue
[2023-05-04T08:19:51.951+0000] {logging_mixin.py:149} INFO - [2023-05-04T08:19:51.951+0000] {dagbag.py:541} INFO - Filling up the DagBag from /home/airflow/.local/lib/python3.7/site-packages/airflow/example_dags/example_latest_only_with_trigger.py
[2023-05-04T08:19:51.958+0000] {processor.py:809} INFO - DAG(s) dict_keys(['latest_only_with_trigger']) retrieved from /home/airflow/.local/lib/python3.7/site-packages/airflow/example_dags/example_latest_only_with_trigger.py
[2023-05-04T08:19:51.986+0000] {logging_mixin.py:149} INFO - [2023-05-04T08:19:51.986+0000] {dag.py:2726} INFO - Sync 1 DAGs
[2023-05-04T08:19:52.148+0000] {logging_mixin.py:149} INFO - [2023-05-04T08:19:52.148+0000] {dag.py:3490} INFO - Setting next_dagrun for latest_only_with_trigger to 2023-05-04T04:19:52.148484+00:00, run_after=2023-05-04T08:19:52.148484+00:00
[2023-05-04T08:19:52.178+0000] {processor.py:178} INFO - Processing /home/airflow/.local/lib/python3.7/site-packages/airflow/example_dags/example_latest_only_with_trigger.py took 0.233 seconds
[2023-05-04T08:20:22.471+0000] {processor.py:156} INFO - Started process (PID=6893) to work on /home/airflow/.local/lib/python3.7/site-packages/airflow/example_dags/example_latest_only_with_trigger.py
[2023-05-04T08:20:22.473+0000] {processor.py:799} INFO - Processing file /home/airflow/.local/lib/python3.7/site-packages/airflow/example_dags/example_latest_only_with_trigger.py for tasks to queue
[2023-05-04T08:20:22.474+0000] {logging_mixin.py:149} INFO - [2023-05-04T08:20:22.474+0000] {dagbag.py:541} INFO - Filling up the DagBag from /home/airflow/.local/lib/python3.7/site-packages/airflow/example_dags/example_latest_only_with_trigger.py
[2023-05-04T08:20:22.483+0000] {processor.py:809} INFO - DAG(s) dict_keys(['latest_only_with_trigger']) retrieved from /home/airflow/.local/lib/python3.7/site-packages/airflow/example_dags/example_latest_only_with_trigger.py
[2023-05-04T08:20:22.519+0000] {logging_mixin.py:149} INFO - [2023-05-04T08:20:22.518+0000] {dag.py:2726} INFO - Sync 1 DAGs
[2023-05-04T08:20:22.552+0000] {logging_mixin.py:149} INFO - [2023-05-04T08:20:22.551+0000] {dag.py:3490} INFO - Setting next_dagrun for latest_only_with_trigger to 2023-05-04T04:20:22.551664+00:00, run_after=2023-05-04T08:20:22.551664+00:00
[2023-05-04T08:20:22.730+0000] {processor.py:178} INFO - Processing /home/airflow/.local/lib/python3.7/site-packages/airflow/example_dags/example_latest_only_with_trigger.py took 0.264 seconds
[2023-05-04T08:20:53.497+0000] {processor.py:156} INFO - Started process (PID=7144) to work on /home/airflow/.local/lib/python3.7/site-packages/airflow/example_dags/example_latest_only_with_trigger.py
[2023-05-04T08:20:53.500+0000] {processor.py:799} INFO - Processing file /home/airflow/.local/lib/python3.7/site-packages/airflow/example_dags/example_latest_only_with_trigger.py for tasks to queue
[2023-05-04T08:20:53.503+0000] {logging_mixin.py:149} INFO - [2023-05-04T08:20:53.502+0000] {dagbag.py:541} INFO - Filling up the DagBag from /home/airflow/.local/lib/python3.7/site-packages/airflow/example_dags/example_latest_only_with_trigger.py
[2023-05-04T08:20:53.552+0000] {processor.py:809} INFO - DAG(s) dict_keys(['latest_only_with_trigger']) retrieved from /home/airflow/.local/lib/python3.7/site-packages/airflow/example_dags/example_latest_only_with_trigger.py
[2023-05-04T08:20:53.683+0000] {logging_mixin.py:149} INFO - [2023-05-04T08:20:53.683+0000] {dag.py:2726} INFO - Sync 1 DAGs
[2023-05-04T08:20:53.822+0000] {logging_mixin.py:149} INFO - [2023-05-04T08:20:53.821+0000] {dag.py:3490} INFO - Setting next_dagrun for latest_only_with_trigger to 2023-05-04T04:20:53.821339+00:00, run_after=2023-05-04T08:20:53.821339+00:00
[2023-05-04T08:20:53.940+0000] {processor.py:178} INFO - Processing /home/airflow/.local/lib/python3.7/site-packages/airflow/example_dags/example_latest_only_with_trigger.py took 0.460 seconds
[2023-05-04T08:21:24.840+0000] {processor.py:156} INFO - Started process (PID=7387) to work on /home/airflow/.local/lib/python3.7/site-packages/airflow/example_dags/example_latest_only_with_trigger.py
[2023-05-04T08:21:24.841+0000] {processor.py:799} INFO - Processing file /home/airflow/.local/lib/python3.7/site-packages/airflow/example_dags/example_latest_only_with_trigger.py for tasks to queue
[2023-05-04T08:21:24.842+0000] {logging_mixin.py:149} INFO - [2023-05-04T08:21:24.842+0000] {dagbag.py:541} INFO - Filling up the DagBag from /home/airflow/.local/lib/python3.7/site-packages/airflow/example_dags/example_latest_only_with_trigger.py
[2023-05-04T08:21:24.849+0000] {processor.py:809} INFO - DAG(s) dict_keys(['latest_only_with_trigger']) retrieved from /home/airflow/.local/lib/python3.7/site-packages/airflow/example_dags/example_latest_only_with_trigger.py
[2023-05-04T08:21:24.893+0000] {logging_mixin.py:149} INFO - [2023-05-04T08:21:24.893+0000] {dag.py:2726} INFO - Sync 1 DAGs
[2023-05-04T08:21:24.991+0000] {logging_mixin.py:149} INFO - [2023-05-04T08:21:24.991+0000] {dag.py:3490} INFO - Setting next_dagrun for latest_only_with_trigger to 2023-05-04T04:21:24.990513+00:00, run_after=2023-05-04T08:21:24.990513+00:00
[2023-05-04T08:21:25.020+0000] {processor.py:178} INFO - Processing /home/airflow/.local/lib/python3.7/site-packages/airflow/example_dags/example_latest_only_with_trigger.py took 0.184 seconds
[2023-05-04T08:21:55.967+0000] {processor.py:156} INFO - Started process (PID=7640) to work on /home/airflow/.local/lib/python3.7/site-packages/airflow/example_dags/example_latest_only_with_trigger.py
[2023-05-04T08:21:55.968+0000] {processor.py:799} INFO - Processing file /home/airflow/.local/lib/python3.7/site-packages/airflow/example_dags/example_latest_only_with_trigger.py for tasks to queue
[2023-05-04T08:21:55.969+0000] {logging_mixin.py:149} INFO - [2023-05-04T08:21:55.969+0000] {dagbag.py:541} INFO - Filling up the DagBag from /home/airflow/.local/lib/python3.7/site-packages/airflow/example_dags/example_latest_only_with_trigger.py
[2023-05-04T08:21:55.976+0000] {processor.py:809} INFO - DAG(s) dict_keys(['latest_only_with_trigger']) retrieved from /home/airflow/.local/lib/python3.7/site-packages/airflow/example_dags/example_latest_only_with_trigger.py
[2023-05-04T08:21:56.043+0000] {logging_mixin.py:149} INFO - [2023-05-04T08:21:56.042+0000] {dag.py:2726} INFO - Sync 1 DAGs
[2023-05-04T08:21:56.111+0000] {logging_mixin.py:149} INFO - [2023-05-04T08:21:56.111+0000] {dag.py:3490} INFO - Setting next_dagrun for latest_only_with_trigger to 2023-05-04T04:21:56.110914+00:00, run_after=2023-05-04T08:21:56.110914+00:00
[2023-05-04T08:21:56.158+0000] {processor.py:178} INFO - Processing /home/airflow/.local/lib/python3.7/site-packages/airflow/example_dags/example_latest_only_with_trigger.py took 0.197 seconds
[2023-05-04T08:22:26.269+0000] {processor.py:156} INFO - Started process (PID=7894) to work on /home/airflow/.local/lib/python3.7/site-packages/airflow/example_dags/example_latest_only_with_trigger.py
[2023-05-04T08:22:26.270+0000] {processor.py:799} INFO - Processing file /home/airflow/.local/lib/python3.7/site-packages/airflow/example_dags/example_latest_only_with_trigger.py for tasks to queue
[2023-05-04T08:22:26.271+0000] {logging_mixin.py:149} INFO - [2023-05-04T08:22:26.271+0000] {dagbag.py:541} INFO - Filling up the DagBag from /home/airflow/.local/lib/python3.7/site-packages/airflow/example_dags/example_latest_only_with_trigger.py
[2023-05-04T08:22:26.278+0000] {processor.py:809} INFO - DAG(s) dict_keys(['latest_only_with_trigger']) retrieved from /home/airflow/.local/lib/python3.7/site-packages/airflow/example_dags/example_latest_only_with_trigger.py
[2023-05-04T08:22:26.308+0000] {logging_mixin.py:149} INFO - [2023-05-04T08:22:26.308+0000] {dag.py:2726} INFO - Sync 1 DAGs
[2023-05-04T08:22:26.342+0000] {logging_mixin.py:149} INFO - [2023-05-04T08:22:26.342+0000] {dag.py:3490} INFO - Setting next_dagrun for latest_only_with_trigger to 2023-05-04T04:22:26.341855+00:00, run_after=2023-05-04T08:22:26.341855+00:00
[2023-05-04T08:22:26.363+0000] {processor.py:178} INFO - Processing /home/airflow/.local/lib/python3.7/site-packages/airflow/example_dags/example_latest_only_with_trigger.py took 0.098 seconds
[2023-05-04T08:22:57.177+0000] {processor.py:156} INFO - Started process (PID=8138) to work on /home/airflow/.local/lib/python3.7/site-packages/airflow/example_dags/example_latest_only_with_trigger.py
[2023-05-04T08:22:57.178+0000] {processor.py:799} INFO - Processing file /home/airflow/.local/lib/python3.7/site-packages/airflow/example_dags/example_latest_only_with_trigger.py for tasks to queue
[2023-05-04T08:22:57.180+0000] {logging_mixin.py:149} INFO - [2023-05-04T08:22:57.179+0000] {dagbag.py:541} INFO - Filling up the DagBag from /home/airflow/.local/lib/python3.7/site-packages/airflow/example_dags/example_latest_only_with_trigger.py
[2023-05-04T08:22:57.187+0000] {processor.py:809} INFO - DAG(s) dict_keys(['latest_only_with_trigger']) retrieved from /home/airflow/.local/lib/python3.7/site-packages/airflow/example_dags/example_latest_only_with_trigger.py
[2023-05-04T08:22:57.231+0000] {logging_mixin.py:149} INFO - [2023-05-04T08:22:57.231+0000] {dag.py:2726} INFO - Sync 1 DAGs
[2023-05-04T08:22:57.292+0000] {logging_mixin.py:149} INFO - [2023-05-04T08:22:57.292+0000] {dag.py:3490} INFO - Setting next_dagrun for latest_only_with_trigger to 2023-05-04T04:22:57.292160+00:00, run_after=2023-05-04T08:22:57.292160+00:00
[2023-05-04T08:22:57.348+0000] {processor.py:178} INFO - Processing /home/airflow/.local/lib/python3.7/site-packages/airflow/example_dags/example_latest_only_with_trigger.py took 0.175 seconds
[2023-05-04T08:23:27.438+0000] {processor.py:156} INFO - Started process (PID=8389) to work on /home/airflow/.local/lib/python3.7/site-packages/airflow/example_dags/example_latest_only_with_trigger.py
[2023-05-04T08:23:27.439+0000] {processor.py:799} INFO - Processing file /home/airflow/.local/lib/python3.7/site-packages/airflow/example_dags/example_latest_only_with_trigger.py for tasks to queue
[2023-05-04T08:23:27.440+0000] {logging_mixin.py:149} INFO - [2023-05-04T08:23:27.440+0000] {dagbag.py:541} INFO - Filling up the DagBag from /home/airflow/.local/lib/python3.7/site-packages/airflow/example_dags/example_latest_only_with_trigger.py
[2023-05-04T08:23:27.448+0000] {processor.py:809} INFO - DAG(s) dict_keys(['latest_only_with_trigger']) retrieved from /home/airflow/.local/lib/python3.7/site-packages/airflow/example_dags/example_latest_only_with_trigger.py
[2023-05-04T08:23:27.481+0000] {logging_mixin.py:149} INFO - [2023-05-04T08:23:27.481+0000] {dag.py:2726} INFO - Sync 1 DAGs
[2023-05-04T08:23:27.517+0000] {logging_mixin.py:149} INFO - [2023-05-04T08:23:27.517+0000] {dag.py:3490} INFO - Setting next_dagrun for latest_only_with_trigger to 2023-05-04T04:23:27.517362+00:00, run_after=2023-05-04T08:23:27.517362+00:00
[2023-05-04T08:23:27.544+0000] {processor.py:178} INFO - Processing /home/airflow/.local/lib/python3.7/site-packages/airflow/example_dags/example_latest_only_with_trigger.py took 0.110 seconds
[2023-05-04T08:23:57.877+0000] {processor.py:156} INFO - Started process (PID=8643) to work on /home/airflow/.local/lib/python3.7/site-packages/airflow/example_dags/example_latest_only_with_trigger.py
[2023-05-04T08:23:57.878+0000] {processor.py:799} INFO - Processing file /home/airflow/.local/lib/python3.7/site-packages/airflow/example_dags/example_latest_only_with_trigger.py for tasks to queue
[2023-05-04T08:23:57.880+0000] {logging_mixin.py:149} INFO - [2023-05-04T08:23:57.880+0000] {dagbag.py:541} INFO - Filling up the DagBag from /home/airflow/.local/lib/python3.7/site-packages/airflow/example_dags/example_latest_only_with_trigger.py
[2023-05-04T08:23:57.886+0000] {processor.py:809} INFO - DAG(s) dict_keys(['latest_only_with_trigger']) retrieved from /home/airflow/.local/lib/python3.7/site-packages/airflow/example_dags/example_latest_only_with_trigger.py
[2023-05-04T08:23:57.914+0000] {logging_mixin.py:149} INFO - [2023-05-04T08:23:57.914+0000] {dag.py:2726} INFO - Sync 1 DAGs
[2023-05-04T08:23:57.942+0000] {logging_mixin.py:149} INFO - [2023-05-04T08:23:57.942+0000] {dag.py:3490} INFO - Setting next_dagrun for latest_only_with_trigger to 2023-05-04T04:23:57.942033+00:00, run_after=2023-05-04T08:23:57.942033+00:00
[2023-05-04T08:23:57.966+0000] {processor.py:178} INFO - Processing /home/airflow/.local/lib/python3.7/site-packages/airflow/example_dags/example_latest_only_with_trigger.py took 0.092 seconds
[2023-05-04T08:24:28.827+0000] {processor.py:156} INFO - Started process (PID=8896) to work on /home/airflow/.local/lib/python3.7/site-packages/airflow/example_dags/example_latest_only_with_trigger.py
[2023-05-04T08:24:28.828+0000] {processor.py:799} INFO - Processing file /home/airflow/.local/lib/python3.7/site-packages/airflow/example_dags/example_latest_only_with_trigger.py for tasks to queue
[2023-05-04T08:24:28.829+0000] {logging_mixin.py:149} INFO - [2023-05-04T08:24:28.829+0000] {dagbag.py:541} INFO - Filling up the DagBag from /home/airflow/.local/lib/python3.7/site-packages/airflow/example_dags/example_latest_only_with_trigger.py
[2023-05-04T08:24:28.836+0000] {processor.py:809} INFO - DAG(s) dict_keys(['latest_only_with_trigger']) retrieved from /home/airflow/.local/lib/python3.7/site-packages/airflow/example_dags/example_latest_only_with_trigger.py
[2023-05-04T08:24:28.864+0000] {logging_mixin.py:149} INFO - [2023-05-04T08:24:28.864+0000] {dag.py:2726} INFO - Sync 1 DAGs
[2023-05-04T08:24:28.893+0000] {logging_mixin.py:149} INFO - [2023-05-04T08:24:28.893+0000] {dag.py:3490} INFO - Setting next_dagrun for latest_only_with_trigger to 2023-05-04T04:24:28.893266+00:00, run_after=2023-05-04T08:24:28.893266+00:00
[2023-05-04T08:24:28.915+0000] {processor.py:178} INFO - Processing /home/airflow/.local/lib/python3.7/site-packages/airflow/example_dags/example_latest_only_with_trigger.py took 0.091 seconds
[2023-05-04T08:24:59.019+0000] {processor.py:156} INFO - Started process (PID=9150) to work on /home/airflow/.local/lib/python3.7/site-packages/airflow/example_dags/example_latest_only_with_trigger.py
[2023-05-04T08:24:59.021+0000] {processor.py:799} INFO - Processing file /home/airflow/.local/lib/python3.7/site-packages/airflow/example_dags/example_latest_only_with_trigger.py for tasks to queue
[2023-05-04T08:24:59.023+0000] {logging_mixin.py:149} INFO - [2023-05-04T08:24:59.022+0000] {dagbag.py:541} INFO - Filling up the DagBag from /home/airflow/.local/lib/python3.7/site-packages/airflow/example_dags/example_latest_only_with_trigger.py
[2023-05-04T08:24:59.035+0000] {processor.py:809} INFO - DAG(s) dict_keys(['latest_only_with_trigger']) retrieved from /home/airflow/.local/lib/python3.7/site-packages/airflow/example_dags/example_latest_only_with_trigger.py
[2023-05-04T08:24:59.080+0000] {logging_mixin.py:149} INFO - [2023-05-04T08:24:59.079+0000] {dag.py:2726} INFO - Sync 1 DAGs
[2023-05-04T08:24:59.119+0000] {logging_mixin.py:149} INFO - [2023-05-04T08:24:59.119+0000] {dag.py:3490} INFO - Setting next_dagrun for latest_only_with_trigger to 2023-05-04T04:24:59.119131+00:00, run_after=2023-05-04T08:24:59.119131+00:00
[2023-05-04T08:24:59.152+0000] {processor.py:178} INFO - Processing /home/airflow/.local/lib/python3.7/site-packages/airflow/example_dags/example_latest_only_with_trigger.py took 0.139 seconds
[2023-05-04T08:25:29.578+0000] {processor.py:156} INFO - Started process (PID=9404) to work on /home/airflow/.local/lib/python3.7/site-packages/airflow/example_dags/example_latest_only_with_trigger.py
[2023-05-04T08:25:29.579+0000] {processor.py:799} INFO - Processing file /home/airflow/.local/lib/python3.7/site-packages/airflow/example_dags/example_latest_only_with_trigger.py for tasks to queue
[2023-05-04T08:25:29.580+0000] {logging_mixin.py:149} INFO - [2023-05-04T08:25:29.580+0000] {dagbag.py:541} INFO - Filling up the DagBag from /home/airflow/.local/lib/python3.7/site-packages/airflow/example_dags/example_latest_only_with_trigger.py
[2023-05-04T08:25:29.587+0000] {processor.py:809} INFO - DAG(s) dict_keys(['latest_only_with_trigger']) retrieved from /home/airflow/.local/lib/python3.7/site-packages/airflow/example_dags/example_latest_only_with_trigger.py
[2023-05-04T08:25:29.621+0000] {logging_mixin.py:149} INFO - [2023-05-04T08:25:29.621+0000] {dag.py:2726} INFO - Sync 1 DAGs
[2023-05-04T08:25:29.660+0000] {logging_mixin.py:149} INFO - [2023-05-04T08:25:29.660+0000] {dag.py:3490} INFO - Setting next_dagrun for latest_only_with_trigger to 2023-05-04T04:25:29.660056+00:00, run_after=2023-05-04T08:25:29.660056+00:00
[2023-05-04T08:25:29.685+0000] {processor.py:178} INFO - Processing /home/airflow/.local/lib/python3.7/site-packages/airflow/example_dags/example_latest_only_with_trigger.py took 0.113 seconds
