[2023-05-04T08:16:52.824+0000] {processor.py:156} INFO - Started process (PID=5167) to work on /home/airflow/.local/lib/python3.7/site-packages/airflow/example_dags/example_subdag_operator.py
[2023-05-04T08:16:52.825+0000] {processor.py:799} INFO - Processing file /home/airflow/.local/lib/python3.7/site-packages/airflow/example_dags/example_subdag_operator.py for tasks to queue
[2023-05-04T08:16:52.827+0000] {logging_mixin.py:149} INFO - [2023-05-04T08:16:52.826+0000] {dagbag.py:541} INFO - Filling up the DagBag from /home/airflow/.local/lib/python3.7/site-packages/airflow/example_dags/example_subdag_operator.py
[2023-05-04T08:16:52.859+0000] {processor.py:809} INFO - DAG(s) dict_keys(['example_subdag_operator.section-1', 'example_subdag_operator.section-2', 'example_subdag_operator']) retrieved from /home/airflow/.local/lib/python3.7/site-packages/airflow/example_dags/example_subdag_operator.py
[2023-05-04T08:16:52.886+0000] {logging_mixin.py:149} INFO - [2023-05-04T08:16:52.885+0000] {dag.py:2726} INFO - Sync 3 DAGs
[2023-05-04T08:16:52.924+0000] {logging_mixin.py:149} INFO - [2023-05-04T08:16:52.924+0000] {dag.py:3490} INFO - Setting next_dagrun for example_subdag_operator to 2022-01-01T00:00:00+00:00, run_after=2022-01-01T00:00:00+00:00
[2023-05-04T08:16:52.929+0000] {logging_mixin.py:149} INFO - [2023-05-04T08:16:52.928+0000] {dag.py:3490} INFO - Setting next_dagrun for example_subdag_operator.section-1 to None, run_after=None
[2023-05-04T08:16:52.931+0000] {logging_mixin.py:149} INFO - [2023-05-04T08:16:52.931+0000] {dag.py:3490} INFO - Setting next_dagrun for example_subdag_operator.section-2 to None, run_after=None
[2023-05-04T08:16:52.941+0000] {logging_mixin.py:149} INFO - [2023-05-04T08:16:52.941+0000] {dag.py:2726} INFO - Sync 2 DAGs
[2023-05-04T08:16:52.949+0000] {logging_mixin.py:149} INFO - [2023-05-04T08:16:52.949+0000] {dag.py:3490} INFO - Setting next_dagrun for example_subdag_operator.section-1 to None, run_after=None
[2023-05-04T08:16:52.950+0000] {logging_mixin.py:149} INFO - [2023-05-04T08:16:52.950+0000] {dag.py:3490} INFO - Setting next_dagrun for example_subdag_operator.section-2 to None, run_after=None
[2023-05-04T08:16:52.970+0000] {processor.py:178} INFO - Processing /home/airflow/.local/lib/python3.7/site-packages/airflow/example_dags/example_subdag_operator.py took 0.149 seconds
[2023-05-04T08:17:23.940+0000] {processor.py:156} INFO - Started process (PID=5421) to work on /home/airflow/.local/lib/python3.7/site-packages/airflow/example_dags/example_subdag_operator.py
[2023-05-04T08:17:23.941+0000] {processor.py:799} INFO - Processing file /home/airflow/.local/lib/python3.7/site-packages/airflow/example_dags/example_subdag_operator.py for tasks to queue
[2023-05-04T08:17:23.942+0000] {logging_mixin.py:149} INFO - [2023-05-04T08:17:23.942+0000] {dagbag.py:541} INFO - Filling up the DagBag from /home/airflow/.local/lib/python3.7/site-packages/airflow/example_dags/example_subdag_operator.py
[2023-05-04T08:17:23.977+0000] {processor.py:809} INFO - DAG(s) dict_keys(['example_subdag_operator.section-1', 'example_subdag_operator.section-2', 'example_subdag_operator']) retrieved from /home/airflow/.local/lib/python3.7/site-packages/airflow/example_dags/example_subdag_operator.py
[2023-05-04T08:17:24.006+0000] {logging_mixin.py:149} INFO - [2023-05-04T08:17:24.006+0000] {dag.py:2726} INFO - Sync 3 DAGs
[2023-05-04T08:17:24.044+0000] {logging_mixin.py:149} INFO - [2023-05-04T08:17:24.043+0000] {dag.py:3490} INFO - Setting next_dagrun for example_subdag_operator to 2022-01-01T00:00:00+00:00, run_after=2022-01-01T00:00:00+00:00
[2023-05-04T08:17:24.050+0000] {logging_mixin.py:149} INFO - [2023-05-04T08:17:24.049+0000] {dag.py:3490} INFO - Setting next_dagrun for example_subdag_operator.section-1 to None, run_after=None
[2023-05-04T08:17:24.052+0000] {logging_mixin.py:149} INFO - [2023-05-04T08:17:24.052+0000] {dag.py:3490} INFO - Setting next_dagrun for example_subdag_operator.section-2 to None, run_after=None
[2023-05-04T08:17:24.063+0000] {logging_mixin.py:149} INFO - [2023-05-04T08:17:24.063+0000] {dag.py:2726} INFO - Sync 2 DAGs
[2023-05-04T08:17:24.072+0000] {logging_mixin.py:149} INFO - [2023-05-04T08:17:24.072+0000] {dag.py:3490} INFO - Setting next_dagrun for example_subdag_operator.section-1 to None, run_after=None
[2023-05-04T08:17:24.073+0000] {logging_mixin.py:149} INFO - [2023-05-04T08:17:24.073+0000] {dag.py:3490} INFO - Setting next_dagrun for example_subdag_operator.section-2 to None, run_after=None
[2023-05-04T08:17:24.093+0000] {processor.py:178} INFO - Processing /home/airflow/.local/lib/python3.7/site-packages/airflow/example_dags/example_subdag_operator.py took 0.157 seconds
[2023-05-04T08:17:54.146+0000] {processor.py:156} INFO - Started process (PID=5669) to work on /home/airflow/.local/lib/python3.7/site-packages/airflow/example_dags/example_subdag_operator.py
[2023-05-04T08:17:54.148+0000] {processor.py:799} INFO - Processing file /home/airflow/.local/lib/python3.7/site-packages/airflow/example_dags/example_subdag_operator.py for tasks to queue
[2023-05-04T08:17:54.149+0000] {logging_mixin.py:149} INFO - [2023-05-04T08:17:54.149+0000] {dagbag.py:541} INFO - Filling up the DagBag from /home/airflow/.local/lib/python3.7/site-packages/airflow/example_dags/example_subdag_operator.py
[2023-05-04T08:17:54.187+0000] {processor.py:809} INFO - DAG(s) dict_keys(['example_subdag_operator.section-1', 'example_subdag_operator.section-2', 'example_subdag_operator']) retrieved from /home/airflow/.local/lib/python3.7/site-packages/airflow/example_dags/example_subdag_operator.py
[2023-05-04T08:17:54.221+0000] {logging_mixin.py:149} INFO - [2023-05-04T08:17:54.221+0000] {dag.py:2726} INFO - Sync 3 DAGs
[2023-05-04T08:17:54.402+0000] {logging_mixin.py:149} INFO - [2023-05-04T08:17:54.402+0000] {dag.py:3490} INFO - Setting next_dagrun for example_subdag_operator to 2022-01-01T00:00:00+00:00, run_after=2022-01-01T00:00:00+00:00
[2023-05-04T08:17:54.407+0000] {logging_mixin.py:149} INFO - [2023-05-04T08:17:54.407+0000] {dag.py:3490} INFO - Setting next_dagrun for example_subdag_operator.section-1 to None, run_after=None
[2023-05-04T08:17:54.410+0000] {logging_mixin.py:149} INFO - [2023-05-04T08:17:54.409+0000] {dag.py:3490} INFO - Setting next_dagrun for example_subdag_operator.section-2 to None, run_after=None
[2023-05-04T08:17:54.424+0000] {logging_mixin.py:149} INFO - [2023-05-04T08:17:54.423+0000] {dag.py:2726} INFO - Sync 2 DAGs
[2023-05-04T08:17:54.441+0000] {logging_mixin.py:149} INFO - [2023-05-04T08:17:54.440+0000] {dag.py:3490} INFO - Setting next_dagrun for example_subdag_operator.section-1 to None, run_after=None
[2023-05-04T08:17:54.442+0000] {logging_mixin.py:149} INFO - [2023-05-04T08:17:54.441+0000] {dag.py:3490} INFO - Setting next_dagrun for example_subdag_operator.section-2 to None, run_after=None
[2023-05-04T08:17:54.462+0000] {processor.py:178} INFO - Processing /home/airflow/.local/lib/python3.7/site-packages/airflow/example_dags/example_subdag_operator.py took 0.321 seconds
[2023-05-04T08:18:24.903+0000] {processor.py:156} INFO - Started process (PID=5918) to work on /home/airflow/.local/lib/python3.7/site-packages/airflow/example_dags/example_subdag_operator.py
[2023-05-04T08:18:24.905+0000] {processor.py:799} INFO - Processing file /home/airflow/.local/lib/python3.7/site-packages/airflow/example_dags/example_subdag_operator.py for tasks to queue
[2023-05-04T08:18:24.906+0000] {logging_mixin.py:149} INFO - [2023-05-04T08:18:24.906+0000] {dagbag.py:541} INFO - Filling up the DagBag from /home/airflow/.local/lib/python3.7/site-packages/airflow/example_dags/example_subdag_operator.py
[2023-05-04T08:18:24.938+0000] {processor.py:809} INFO - DAG(s) dict_keys(['example_subdag_operator.section-1', 'example_subdag_operator.section-2', 'example_subdag_operator']) retrieved from /home/airflow/.local/lib/python3.7/site-packages/airflow/example_dags/example_subdag_operator.py
[2023-05-04T08:18:24.964+0000] {logging_mixin.py:149} INFO - [2023-05-04T08:18:24.964+0000] {dag.py:2726} INFO - Sync 3 DAGs
[2023-05-04T08:18:24.998+0000] {logging_mixin.py:149} INFO - [2023-05-04T08:18:24.998+0000] {dag.py:3490} INFO - Setting next_dagrun for example_subdag_operator to 2022-01-01T00:00:00+00:00, run_after=2022-01-01T00:00:00+00:00
[2023-05-04T08:18:25.003+0000] {logging_mixin.py:149} INFO - [2023-05-04T08:18:25.002+0000] {dag.py:3490} INFO - Setting next_dagrun for example_subdag_operator.section-1 to None, run_after=None
[2023-05-04T08:18:25.004+0000] {logging_mixin.py:149} INFO - [2023-05-04T08:18:25.004+0000] {dag.py:3490} INFO - Setting next_dagrun for example_subdag_operator.section-2 to None, run_after=None
[2023-05-04T08:18:25.129+0000] {logging_mixin.py:149} INFO - [2023-05-04T08:18:25.129+0000] {dag.py:2726} INFO - Sync 2 DAGs
[2023-05-04T08:18:25.139+0000] {logging_mixin.py:149} INFO - [2023-05-04T08:18:25.139+0000] {dag.py:3490} INFO - Setting next_dagrun for example_subdag_operator.section-1 to None, run_after=None
[2023-05-04T08:18:25.140+0000] {logging_mixin.py:149} INFO - [2023-05-04T08:18:25.140+0000] {dag.py:3490} INFO - Setting next_dagrun for example_subdag_operator.section-2 to None, run_after=None
[2023-05-04T08:18:25.157+0000] {processor.py:178} INFO - Processing /home/airflow/.local/lib/python3.7/site-packages/airflow/example_dags/example_subdag_operator.py took 0.257 seconds
[2023-05-04T08:18:55.216+0000] {processor.py:156} INFO - Started process (PID=6179) to work on /home/airflow/.local/lib/python3.7/site-packages/airflow/example_dags/example_subdag_operator.py
[2023-05-04T08:18:55.217+0000] {processor.py:799} INFO - Processing file /home/airflow/.local/lib/python3.7/site-packages/airflow/example_dags/example_subdag_operator.py for tasks to queue
[2023-05-04T08:18:55.218+0000] {logging_mixin.py:149} INFO - [2023-05-04T08:18:55.218+0000] {dagbag.py:541} INFO - Filling up the DagBag from /home/airflow/.local/lib/python3.7/site-packages/airflow/example_dags/example_subdag_operator.py
[2023-05-04T08:18:55.250+0000] {processor.py:809} INFO - DAG(s) dict_keys(['example_subdag_operator.section-1', 'example_subdag_operator.section-2', 'example_subdag_operator']) retrieved from /home/airflow/.local/lib/python3.7/site-packages/airflow/example_dags/example_subdag_operator.py
[2023-05-04T08:18:55.274+0000] {logging_mixin.py:149} INFO - [2023-05-04T08:18:55.273+0000] {dag.py:2726} INFO - Sync 3 DAGs
[2023-05-04T08:18:55.303+0000] {logging_mixin.py:149} INFO - [2023-05-04T08:18:55.302+0000] {dag.py:3490} INFO - Setting next_dagrun for example_subdag_operator to 2022-01-01T00:00:00+00:00, run_after=2022-01-01T00:00:00+00:00
[2023-05-04T08:18:55.308+0000] {logging_mixin.py:149} INFO - [2023-05-04T08:18:55.308+0000] {dag.py:3490} INFO - Setting next_dagrun for example_subdag_operator.section-1 to None, run_after=None
[2023-05-04T08:18:55.309+0000] {logging_mixin.py:149} INFO - [2023-05-04T08:18:55.309+0000] {dag.py:3490} INFO - Setting next_dagrun for example_subdag_operator.section-2 to None, run_after=None
[2023-05-04T08:18:55.320+0000] {logging_mixin.py:149} INFO - [2023-05-04T08:18:55.320+0000] {dag.py:2726} INFO - Sync 2 DAGs
[2023-05-04T08:18:55.327+0000] {logging_mixin.py:149} INFO - [2023-05-04T08:18:55.327+0000] {dag.py:3490} INFO - Setting next_dagrun for example_subdag_operator.section-1 to None, run_after=None
[2023-05-04T08:18:55.328+0000] {logging_mixin.py:149} INFO - [2023-05-04T08:18:55.327+0000] {dag.py:3490} INFO - Setting next_dagrun for example_subdag_operator.section-2 to None, run_after=None
[2023-05-04T08:18:55.345+0000] {processor.py:178} INFO - Processing /home/airflow/.local/lib/python3.7/site-packages/airflow/example_dags/example_subdag_operator.py took 0.133 seconds
[2023-05-04T08:19:25.865+0000] {processor.py:156} INFO - Started process (PID=6425) to work on /home/airflow/.local/lib/python3.7/site-packages/airflow/example_dags/example_subdag_operator.py
[2023-05-04T08:19:25.867+0000] {processor.py:799} INFO - Processing file /home/airflow/.local/lib/python3.7/site-packages/airflow/example_dags/example_subdag_operator.py for tasks to queue
[2023-05-04T08:19:25.868+0000] {logging_mixin.py:149} INFO - [2023-05-04T08:19:25.867+0000] {dagbag.py:541} INFO - Filling up the DagBag from /home/airflow/.local/lib/python3.7/site-packages/airflow/example_dags/example_subdag_operator.py
[2023-05-04T08:19:25.904+0000] {processor.py:809} INFO - DAG(s) dict_keys(['example_subdag_operator.section-1', 'example_subdag_operator.section-2', 'example_subdag_operator']) retrieved from /home/airflow/.local/lib/python3.7/site-packages/airflow/example_dags/example_subdag_operator.py
[2023-05-04T08:19:25.932+0000] {logging_mixin.py:149} INFO - [2023-05-04T08:19:25.932+0000] {dag.py:2726} INFO - Sync 3 DAGs
[2023-05-04T08:19:25.967+0000] {logging_mixin.py:149} INFO - [2023-05-04T08:19:25.966+0000] {dag.py:3490} INFO - Setting next_dagrun for example_subdag_operator to 2022-01-01T00:00:00+00:00, run_after=2022-01-01T00:00:00+00:00
[2023-05-04T08:19:25.972+0000] {logging_mixin.py:149} INFO - [2023-05-04T08:19:25.972+0000] {dag.py:3490} INFO - Setting next_dagrun for example_subdag_operator.section-1 to None, run_after=None
[2023-05-04T08:19:25.974+0000] {logging_mixin.py:149} INFO - [2023-05-04T08:19:25.974+0000] {dag.py:3490} INFO - Setting next_dagrun for example_subdag_operator.section-2 to None, run_after=None
[2023-05-04T08:19:25.985+0000] {logging_mixin.py:149} INFO - [2023-05-04T08:19:25.984+0000] {dag.py:2726} INFO - Sync 2 DAGs
[2023-05-04T08:19:25.993+0000] {logging_mixin.py:149} INFO - [2023-05-04T08:19:25.993+0000] {dag.py:3490} INFO - Setting next_dagrun for example_subdag_operator.section-1 to None, run_after=None
[2023-05-04T08:19:25.993+0000] {logging_mixin.py:149} INFO - [2023-05-04T08:19:25.993+0000] {dag.py:3490} INFO - Setting next_dagrun for example_subdag_operator.section-2 to None, run_after=None
[2023-05-04T08:19:26.009+0000] {processor.py:178} INFO - Processing /home/airflow/.local/lib/python3.7/site-packages/airflow/example_dags/example_subdag_operator.py took 0.148 seconds
[2023-05-04T08:19:56.421+0000] {processor.py:156} INFO - Started process (PID=6680) to work on /home/airflow/.local/lib/python3.7/site-packages/airflow/example_dags/example_subdag_operator.py
[2023-05-04T08:19:56.423+0000] {processor.py:799} INFO - Processing file /home/airflow/.local/lib/python3.7/site-packages/airflow/example_dags/example_subdag_operator.py for tasks to queue
[2023-05-04T08:19:56.424+0000] {logging_mixin.py:149} INFO - [2023-05-04T08:19:56.424+0000] {dagbag.py:541} INFO - Filling up the DagBag from /home/airflow/.local/lib/python3.7/site-packages/airflow/example_dags/example_subdag_operator.py
[2023-05-04T08:19:56.456+0000] {processor.py:809} INFO - DAG(s) dict_keys(['example_subdag_operator.section-1', 'example_subdag_operator.section-2', 'example_subdag_operator']) retrieved from /home/airflow/.local/lib/python3.7/site-packages/airflow/example_dags/example_subdag_operator.py
[2023-05-04T08:19:56.608+0000] {logging_mixin.py:149} INFO - [2023-05-04T08:19:56.608+0000] {dag.py:2726} INFO - Sync 3 DAGs
[2023-05-04T08:19:56.641+0000] {logging_mixin.py:149} INFO - [2023-05-04T08:19:56.641+0000] {dag.py:3490} INFO - Setting next_dagrun for example_subdag_operator to 2022-01-01T00:00:00+00:00, run_after=2022-01-01T00:00:00+00:00
[2023-05-04T08:19:56.647+0000] {logging_mixin.py:149} INFO - [2023-05-04T08:19:56.647+0000] {dag.py:3490} INFO - Setting next_dagrun for example_subdag_operator.section-1 to None, run_after=None
[2023-05-04T08:19:56.649+0000] {logging_mixin.py:149} INFO - [2023-05-04T08:19:56.649+0000] {dag.py:3490} INFO - Setting next_dagrun for example_subdag_operator.section-2 to None, run_after=None
[2023-05-04T08:19:56.658+0000] {logging_mixin.py:149} INFO - [2023-05-04T08:19:56.658+0000] {dag.py:2726} INFO - Sync 2 DAGs
[2023-05-04T08:19:56.667+0000] {logging_mixin.py:149} INFO - [2023-05-04T08:19:56.666+0000] {dag.py:3490} INFO - Setting next_dagrun for example_subdag_operator.section-1 to None, run_after=None
[2023-05-04T08:19:56.667+0000] {logging_mixin.py:149} INFO - [2023-05-04T08:19:56.667+0000] {dag.py:3490} INFO - Setting next_dagrun for example_subdag_operator.section-2 to None, run_after=None
[2023-05-04T08:19:56.686+0000] {processor.py:178} INFO - Processing /home/airflow/.local/lib/python3.7/site-packages/airflow/example_dags/example_subdag_operator.py took 0.269 seconds
[2023-05-04T08:20:27.017+0000] {processor.py:156} INFO - Started process (PID=6933) to work on /home/airflow/.local/lib/python3.7/site-packages/airflow/example_dags/example_subdag_operator.py
[2023-05-04T08:20:27.019+0000] {processor.py:799} INFO - Processing file /home/airflow/.local/lib/python3.7/site-packages/airflow/example_dags/example_subdag_operator.py for tasks to queue
[2023-05-04T08:20:27.020+0000] {logging_mixin.py:149} INFO - [2023-05-04T08:20:27.020+0000] {dagbag.py:541} INFO - Filling up the DagBag from /home/airflow/.local/lib/python3.7/site-packages/airflow/example_dags/example_subdag_operator.py
[2023-05-04T08:20:27.061+0000] {processor.py:809} INFO - DAG(s) dict_keys(['example_subdag_operator.section-1', 'example_subdag_operator.section-2', 'example_subdag_operator']) retrieved from /home/airflow/.local/lib/python3.7/site-packages/airflow/example_dags/example_subdag_operator.py
[2023-05-04T08:20:27.094+0000] {logging_mixin.py:149} INFO - [2023-05-04T08:20:27.093+0000] {dag.py:2726} INFO - Sync 3 DAGs
[2023-05-04T08:20:27.281+0000] {logging_mixin.py:149} INFO - [2023-05-04T08:20:27.280+0000] {dag.py:3490} INFO - Setting next_dagrun for example_subdag_operator to 2022-01-01T00:00:00+00:00, run_after=2022-01-01T00:00:00+00:00
[2023-05-04T08:20:27.286+0000] {logging_mixin.py:149} INFO - [2023-05-04T08:20:27.286+0000] {dag.py:3490} INFO - Setting next_dagrun for example_subdag_operator.section-1 to None, run_after=None
[2023-05-04T08:20:27.288+0000] {logging_mixin.py:149} INFO - [2023-05-04T08:20:27.288+0000] {dag.py:3490} INFO - Setting next_dagrun for example_subdag_operator.section-2 to None, run_after=None
[2023-05-04T08:20:27.298+0000] {logging_mixin.py:149} INFO - [2023-05-04T08:20:27.298+0000] {dag.py:2726} INFO - Sync 2 DAGs
[2023-05-04T08:20:27.307+0000] {logging_mixin.py:149} INFO - [2023-05-04T08:20:27.307+0000] {dag.py:3490} INFO - Setting next_dagrun for example_subdag_operator.section-1 to None, run_after=None
[2023-05-04T08:20:27.308+0000] {logging_mixin.py:149} INFO - [2023-05-04T08:20:27.308+0000] {dag.py:3490} INFO - Setting next_dagrun for example_subdag_operator.section-2 to None, run_after=None
[2023-05-04T08:20:27.328+0000] {processor.py:178} INFO - Processing /home/airflow/.local/lib/python3.7/site-packages/airflow/example_dags/example_subdag_operator.py took 0.316 seconds
[2023-05-04T08:20:58.161+0000] {processor.py:156} INFO - Started process (PID=7187) to work on /home/airflow/.local/lib/python3.7/site-packages/airflow/example_dags/example_subdag_operator.py
[2023-05-04T08:20:58.163+0000] {processor.py:799} INFO - Processing file /home/airflow/.local/lib/python3.7/site-packages/airflow/example_dags/example_subdag_operator.py for tasks to queue
[2023-05-04T08:20:58.164+0000] {logging_mixin.py:149} INFO - [2023-05-04T08:20:58.164+0000] {dagbag.py:541} INFO - Filling up the DagBag from /home/airflow/.local/lib/python3.7/site-packages/airflow/example_dags/example_subdag_operator.py
[2023-05-04T08:20:58.193+0000] {processor.py:809} INFO - DAG(s) dict_keys(['example_subdag_operator.section-1', 'example_subdag_operator.section-2', 'example_subdag_operator']) retrieved from /home/airflow/.local/lib/python3.7/site-packages/airflow/example_dags/example_subdag_operator.py
[2023-05-04T08:20:58.217+0000] {logging_mixin.py:149} INFO - [2023-05-04T08:20:58.217+0000] {dag.py:2726} INFO - Sync 3 DAGs
[2023-05-04T08:20:58.249+0000] {logging_mixin.py:149} INFO - [2023-05-04T08:20:58.249+0000] {dag.py:3490} INFO - Setting next_dagrun for example_subdag_operator to 2022-01-01T00:00:00+00:00, run_after=2022-01-01T00:00:00+00:00
[2023-05-04T08:20:58.253+0000] {logging_mixin.py:149} INFO - [2023-05-04T08:20:58.253+0000] {dag.py:3490} INFO - Setting next_dagrun for example_subdag_operator.section-1 to None, run_after=None
[2023-05-04T08:20:58.255+0000] {logging_mixin.py:149} INFO - [2023-05-04T08:20:58.255+0000] {dag.py:3490} INFO - Setting next_dagrun for example_subdag_operator.section-2 to None, run_after=None
[2023-05-04T08:20:58.264+0000] {logging_mixin.py:149} INFO - [2023-05-04T08:20:58.264+0000] {dag.py:2726} INFO - Sync 2 DAGs
[2023-05-04T08:20:58.273+0000] {logging_mixin.py:149} INFO - [2023-05-04T08:20:58.273+0000] {dag.py:3490} INFO - Setting next_dagrun for example_subdag_operator.section-1 to None, run_after=None
[2023-05-04T08:20:58.274+0000] {logging_mixin.py:149} INFO - [2023-05-04T08:20:58.274+0000] {dag.py:3490} INFO - Setting next_dagrun for example_subdag_operator.section-2 to None, run_after=None
[2023-05-04T08:20:58.289+0000] {processor.py:178} INFO - Processing /home/airflow/.local/lib/python3.7/site-packages/airflow/example_dags/example_subdag_operator.py took 0.132 seconds
[2023-05-04T08:21:29.080+0000] {processor.py:156} INFO - Started process (PID=7440) to work on /home/airflow/.local/lib/python3.7/site-packages/airflow/example_dags/example_subdag_operator.py
[2023-05-04T08:21:29.081+0000] {processor.py:799} INFO - Processing file /home/airflow/.local/lib/python3.7/site-packages/airflow/example_dags/example_subdag_operator.py for tasks to queue
[2023-05-04T08:21:29.083+0000] {logging_mixin.py:149} INFO - [2023-05-04T08:21:29.082+0000] {dagbag.py:541} INFO - Filling up the DagBag from /home/airflow/.local/lib/python3.7/site-packages/airflow/example_dags/example_subdag_operator.py
[2023-05-04T08:21:29.114+0000] {processor.py:809} INFO - DAG(s) dict_keys(['example_subdag_operator.section-1', 'example_subdag_operator.section-2', 'example_subdag_operator']) retrieved from /home/airflow/.local/lib/python3.7/site-packages/airflow/example_dags/example_subdag_operator.py
[2023-05-04T08:21:29.141+0000] {logging_mixin.py:149} INFO - [2023-05-04T08:21:29.141+0000] {dag.py:2726} INFO - Sync 3 DAGs
[2023-05-04T08:21:29.172+0000] {logging_mixin.py:149} INFO - [2023-05-04T08:21:29.172+0000] {dag.py:3490} INFO - Setting next_dagrun for example_subdag_operator to 2022-01-01T00:00:00+00:00, run_after=2022-01-01T00:00:00+00:00
[2023-05-04T08:21:29.177+0000] {logging_mixin.py:149} INFO - [2023-05-04T08:21:29.176+0000] {dag.py:3490} INFO - Setting next_dagrun for example_subdag_operator.section-1 to None, run_after=None
[2023-05-04T08:21:29.179+0000] {logging_mixin.py:149} INFO - [2023-05-04T08:21:29.179+0000] {dag.py:3490} INFO - Setting next_dagrun for example_subdag_operator.section-2 to None, run_after=None
[2023-05-04T08:21:29.191+0000] {logging_mixin.py:149} INFO - [2023-05-04T08:21:29.191+0000] {dag.py:2726} INFO - Sync 2 DAGs
[2023-05-04T08:21:29.201+0000] {logging_mixin.py:149} INFO - [2023-05-04T08:21:29.200+0000] {dag.py:3490} INFO - Setting next_dagrun for example_subdag_operator.section-1 to None, run_after=None
[2023-05-04T08:21:29.201+0000] {logging_mixin.py:149} INFO - [2023-05-04T08:21:29.201+0000] {dag.py:3490} INFO - Setting next_dagrun for example_subdag_operator.section-2 to None, run_after=None
[2023-05-04T08:21:29.219+0000] {processor.py:178} INFO - Processing /home/airflow/.local/lib/python3.7/site-packages/airflow/example_dags/example_subdag_operator.py took 0.142 seconds
[2023-05-04T08:22:00.056+0000] {processor.py:156} INFO - Started process (PID=7693) to work on /home/airflow/.local/lib/python3.7/site-packages/airflow/example_dags/example_subdag_operator.py
[2023-05-04T08:22:00.058+0000] {processor.py:799} INFO - Processing file /home/airflow/.local/lib/python3.7/site-packages/airflow/example_dags/example_subdag_operator.py for tasks to queue
[2023-05-04T08:22:00.059+0000] {logging_mixin.py:149} INFO - [2023-05-04T08:22:00.059+0000] {dagbag.py:541} INFO - Filling up the DagBag from /home/airflow/.local/lib/python3.7/site-packages/airflow/example_dags/example_subdag_operator.py
[2023-05-04T08:22:00.095+0000] {processor.py:809} INFO - DAG(s) dict_keys(['example_subdag_operator.section-1', 'example_subdag_operator.section-2', 'example_subdag_operator']) retrieved from /home/airflow/.local/lib/python3.7/site-packages/airflow/example_dags/example_subdag_operator.py
[2023-05-04T08:22:00.126+0000] {logging_mixin.py:149} INFO - [2023-05-04T08:22:00.126+0000] {dag.py:2726} INFO - Sync 3 DAGs
[2023-05-04T08:22:00.156+0000] {logging_mixin.py:149} INFO - [2023-05-04T08:22:00.155+0000] {dag.py:3490} INFO - Setting next_dagrun for example_subdag_operator to 2022-01-01T00:00:00+00:00, run_after=2022-01-01T00:00:00+00:00
[2023-05-04T08:22:00.160+0000] {logging_mixin.py:149} INFO - [2023-05-04T08:22:00.160+0000] {dag.py:3490} INFO - Setting next_dagrun for example_subdag_operator.section-1 to None, run_after=None
[2023-05-04T08:22:00.162+0000] {logging_mixin.py:149} INFO - [2023-05-04T08:22:00.162+0000] {dag.py:3490} INFO - Setting next_dagrun for example_subdag_operator.section-2 to None, run_after=None
[2023-05-04T08:22:00.170+0000] {logging_mixin.py:149} INFO - [2023-05-04T08:22:00.170+0000] {dag.py:2726} INFO - Sync 2 DAGs
[2023-05-04T08:22:00.178+0000] {logging_mixin.py:149} INFO - [2023-05-04T08:22:00.178+0000] {dag.py:3490} INFO - Setting next_dagrun for example_subdag_operator.section-1 to None, run_after=None
[2023-05-04T08:22:00.179+0000] {logging_mixin.py:149} INFO - [2023-05-04T08:22:00.179+0000] {dag.py:3490} INFO - Setting next_dagrun for example_subdag_operator.section-2 to None, run_after=None
[2023-05-04T08:22:00.194+0000] {processor.py:178} INFO - Processing /home/airflow/.local/lib/python3.7/site-packages/airflow/example_dags/example_subdag_operator.py took 0.142 seconds
[2023-05-04T08:22:30.294+0000] {processor.py:156} INFO - Started process (PID=7947) to work on /home/airflow/.local/lib/python3.7/site-packages/airflow/example_dags/example_subdag_operator.py
[2023-05-04T08:22:30.295+0000] {processor.py:799} INFO - Processing file /home/airflow/.local/lib/python3.7/site-packages/airflow/example_dags/example_subdag_operator.py for tasks to queue
[2023-05-04T08:22:30.297+0000] {logging_mixin.py:149} INFO - [2023-05-04T08:22:30.297+0000] {dagbag.py:541} INFO - Filling up the DagBag from /home/airflow/.local/lib/python3.7/site-packages/airflow/example_dags/example_subdag_operator.py
[2023-05-04T08:22:30.327+0000] {processor.py:809} INFO - DAG(s) dict_keys(['example_subdag_operator.section-1', 'example_subdag_operator.section-2', 'example_subdag_operator']) retrieved from /home/airflow/.local/lib/python3.7/site-packages/airflow/example_dags/example_subdag_operator.py
[2023-05-04T08:22:30.352+0000] {logging_mixin.py:149} INFO - [2023-05-04T08:22:30.352+0000] {dag.py:2726} INFO - Sync 3 DAGs
[2023-05-04T08:22:30.382+0000] {logging_mixin.py:149} INFO - [2023-05-04T08:22:30.382+0000] {dag.py:3490} INFO - Setting next_dagrun for example_subdag_operator to 2022-01-01T00:00:00+00:00, run_after=2022-01-01T00:00:00+00:00
[2023-05-04T08:22:30.387+0000] {logging_mixin.py:149} INFO - [2023-05-04T08:22:30.387+0000] {dag.py:3490} INFO - Setting next_dagrun for example_subdag_operator.section-1 to None, run_after=None
[2023-05-04T08:22:30.389+0000] {logging_mixin.py:149} INFO - [2023-05-04T08:22:30.389+0000] {dag.py:3490} INFO - Setting next_dagrun for example_subdag_operator.section-2 to None, run_after=None
[2023-05-04T08:22:30.398+0000] {logging_mixin.py:149} INFO - [2023-05-04T08:22:30.398+0000] {dag.py:2726} INFO - Sync 2 DAGs
[2023-05-04T08:22:30.407+0000] {logging_mixin.py:149} INFO - [2023-05-04T08:22:30.407+0000] {dag.py:3490} INFO - Setting next_dagrun for example_subdag_operator.section-1 to None, run_after=None
[2023-05-04T08:22:30.407+0000] {logging_mixin.py:149} INFO - [2023-05-04T08:22:30.407+0000] {dag.py:3490} INFO - Setting next_dagrun for example_subdag_operator.section-2 to None, run_after=None
[2023-05-04T08:22:30.424+0000] {processor.py:178} INFO - Processing /home/airflow/.local/lib/python3.7/site-packages/airflow/example_dags/example_subdag_operator.py took 0.133 seconds
[2023-05-04T08:23:01.165+0000] {processor.py:156} INFO - Started process (PID=8201) to work on /home/airflow/.local/lib/python3.7/site-packages/airflow/example_dags/example_subdag_operator.py
[2023-05-04T08:23:01.166+0000] {processor.py:799} INFO - Processing file /home/airflow/.local/lib/python3.7/site-packages/airflow/example_dags/example_subdag_operator.py for tasks to queue
[2023-05-04T08:23:01.167+0000] {logging_mixin.py:149} INFO - [2023-05-04T08:23:01.167+0000] {dagbag.py:541} INFO - Filling up the DagBag from /home/airflow/.local/lib/python3.7/site-packages/airflow/example_dags/example_subdag_operator.py
[2023-05-04T08:23:01.200+0000] {processor.py:809} INFO - DAG(s) dict_keys(['example_subdag_operator.section-1', 'example_subdag_operator.section-2', 'example_subdag_operator']) retrieved from /home/airflow/.local/lib/python3.7/site-packages/airflow/example_dags/example_subdag_operator.py
[2023-05-04T08:23:01.229+0000] {logging_mixin.py:149} INFO - [2023-05-04T08:23:01.228+0000] {dag.py:2726} INFO - Sync 3 DAGs
[2023-05-04T08:23:01.273+0000] {logging_mixin.py:149} INFO - [2023-05-04T08:23:01.273+0000] {dag.py:3490} INFO - Setting next_dagrun for example_subdag_operator to 2022-01-01T00:00:00+00:00, run_after=2022-01-01T00:00:00+00:00
[2023-05-04T08:23:01.284+0000] {logging_mixin.py:149} INFO - [2023-05-04T08:23:01.283+0000] {dag.py:3490} INFO - Setting next_dagrun for example_subdag_operator.section-1 to None, run_after=None
[2023-05-04T08:23:01.286+0000] {logging_mixin.py:149} INFO - [2023-05-04T08:23:01.286+0000] {dag.py:3490} INFO - Setting next_dagrun for example_subdag_operator.section-2 to None, run_after=None
[2023-05-04T08:23:01.301+0000] {logging_mixin.py:149} INFO - [2023-05-04T08:23:01.301+0000] {dag.py:2726} INFO - Sync 2 DAGs
[2023-05-04T08:23:01.312+0000] {logging_mixin.py:149} INFO - [2023-05-04T08:23:01.312+0000] {dag.py:3490} INFO - Setting next_dagrun for example_subdag_operator.section-1 to None, run_after=None
[2023-05-04T08:23:01.313+0000] {logging_mixin.py:149} INFO - [2023-05-04T08:23:01.313+0000] {dag.py:3490} INFO - Setting next_dagrun for example_subdag_operator.section-2 to None, run_after=None
[2023-05-04T08:23:01.346+0000] {processor.py:178} INFO - Processing /home/airflow/.local/lib/python3.7/site-packages/airflow/example_dags/example_subdag_operator.py took 0.187 seconds
[2023-05-04T08:23:31.961+0000] {processor.py:156} INFO - Started process (PID=8453) to work on /home/airflow/.local/lib/python3.7/site-packages/airflow/example_dags/example_subdag_operator.py
[2023-05-04T08:23:31.962+0000] {processor.py:799} INFO - Processing file /home/airflow/.local/lib/python3.7/site-packages/airflow/example_dags/example_subdag_operator.py for tasks to queue
[2023-05-04T08:23:31.964+0000] {logging_mixin.py:149} INFO - [2023-05-04T08:23:31.964+0000] {dagbag.py:541} INFO - Filling up the DagBag from /home/airflow/.local/lib/python3.7/site-packages/airflow/example_dags/example_subdag_operator.py
[2023-05-04T08:23:32.008+0000] {processor.py:809} INFO - DAG(s) dict_keys(['example_subdag_operator.section-1', 'example_subdag_operator.section-2', 'example_subdag_operator']) retrieved from /home/airflow/.local/lib/python3.7/site-packages/airflow/example_dags/example_subdag_operator.py
[2023-05-04T08:23:32.053+0000] {logging_mixin.py:149} INFO - [2023-05-04T08:23:32.053+0000] {dag.py:2726} INFO - Sync 3 DAGs
[2023-05-04T08:23:32.099+0000] {logging_mixin.py:149} INFO - [2023-05-04T08:23:32.099+0000] {dag.py:3490} INFO - Setting next_dagrun for example_subdag_operator to 2022-01-01T00:00:00+00:00, run_after=2022-01-01T00:00:00+00:00
[2023-05-04T08:23:32.105+0000] {logging_mixin.py:149} INFO - [2023-05-04T08:23:32.105+0000] {dag.py:3490} INFO - Setting next_dagrun for example_subdag_operator.section-1 to None, run_after=None
[2023-05-04T08:23:32.108+0000] {logging_mixin.py:149} INFO - [2023-05-04T08:23:32.108+0000] {dag.py:3490} INFO - Setting next_dagrun for example_subdag_operator.section-2 to None, run_after=None
[2023-05-04T08:23:32.122+0000] {logging_mixin.py:149} INFO - [2023-05-04T08:23:32.121+0000] {dag.py:2726} INFO - Sync 2 DAGs
[2023-05-04T08:23:32.132+0000] {logging_mixin.py:149} INFO - [2023-05-04T08:23:32.132+0000] {dag.py:3490} INFO - Setting next_dagrun for example_subdag_operator.section-1 to None, run_after=None
[2023-05-04T08:23:32.133+0000] {logging_mixin.py:149} INFO - [2023-05-04T08:23:32.133+0000] {dag.py:3490} INFO - Setting next_dagrun for example_subdag_operator.section-2 to None, run_after=None
[2023-05-04T08:23:32.153+0000] {processor.py:178} INFO - Processing /home/airflow/.local/lib/python3.7/site-packages/airflow/example_dags/example_subdag_operator.py took 0.198 seconds
