[2023-05-04T08:16:44.930+0000] {processor.py:156} INFO - Started process (PID=5104) to work on /home/airflow/.local/lib/python3.7/site-packages/airflow/example_dags/example_trigger_controller_dag.py
[2023-05-04T08:16:44.931+0000] {processor.py:799} INFO - Processing file /home/airflow/.local/lib/python3.7/site-packages/airflow/example_dags/example_trigger_controller_dag.py for tasks to queue
[2023-05-04T08:16:44.932+0000] {logging_mixin.py:149} INFO - [2023-05-04T08:16:44.932+0000] {dagbag.py:541} INFO - Filling up the DagBag from /home/airflow/.local/lib/python3.7/site-packages/airflow/example_dags/example_trigger_controller_dag.py
[2023-05-04T08:16:44.938+0000] {processor.py:809} INFO - DAG(s) dict_keys(['example_trigger_controller_dag']) retrieved from /home/airflow/.local/lib/python3.7/site-packages/airflow/example_dags/example_trigger_controller_dag.py
[2023-05-04T08:16:44.966+0000] {logging_mixin.py:149} INFO - [2023-05-04T08:16:44.965+0000] {dag.py:2726} INFO - Sync 1 DAGs
[2023-05-04T08:16:44.995+0000] {logging_mixin.py:149} INFO - [2023-05-04T08:16:44.995+0000] {dag.py:3490} INFO - Setting next_dagrun for example_trigger_controller_dag to 2021-01-01T00:00:00+00:00, run_after=2021-01-01T00:00:00+00:00
[2023-05-04T08:16:45.019+0000] {processor.py:178} INFO - Processing /home/airflow/.local/lib/python3.7/site-packages/airflow/example_dags/example_trigger_controller_dag.py took 0.093 seconds
[2023-05-04T08:17:15.641+0000] {processor.py:156} INFO - Started process (PID=5358) to work on /home/airflow/.local/lib/python3.7/site-packages/airflow/example_dags/example_trigger_controller_dag.py
[2023-05-04T08:17:15.643+0000] {processor.py:799} INFO - Processing file /home/airflow/.local/lib/python3.7/site-packages/airflow/example_dags/example_trigger_controller_dag.py for tasks to queue
[2023-05-04T08:17:15.644+0000] {logging_mixin.py:149} INFO - [2023-05-04T08:17:15.643+0000] {dagbag.py:541} INFO - Filling up the DagBag from /home/airflow/.local/lib/python3.7/site-packages/airflow/example_dags/example_trigger_controller_dag.py
[2023-05-04T08:17:15.649+0000] {processor.py:809} INFO - DAG(s) dict_keys(['example_trigger_controller_dag']) retrieved from /home/airflow/.local/lib/python3.7/site-packages/airflow/example_dags/example_trigger_controller_dag.py
[2023-05-04T08:17:15.683+0000] {logging_mixin.py:149} INFO - [2023-05-04T08:17:15.683+0000] {dag.py:2726} INFO - Sync 1 DAGs
[2023-05-04T08:17:15.828+0000] {logging_mixin.py:149} INFO - [2023-05-04T08:17:15.828+0000] {dag.py:3490} INFO - Setting next_dagrun for example_trigger_controller_dag to 2021-01-01T00:00:00+00:00, run_after=2021-01-01T00:00:00+00:00
[2023-05-04T08:17:15.852+0000] {processor.py:178} INFO - Processing /home/airflow/.local/lib/python3.7/site-packages/airflow/example_dags/example_trigger_controller_dag.py took 0.214 seconds
[2023-05-04T08:17:46.201+0000] {processor.py:156} INFO - Started process (PID=5611) to work on /home/airflow/.local/lib/python3.7/site-packages/airflow/example_dags/example_trigger_controller_dag.py
[2023-05-04T08:17:46.202+0000] {processor.py:799} INFO - Processing file /home/airflow/.local/lib/python3.7/site-packages/airflow/example_dags/example_trigger_controller_dag.py for tasks to queue
[2023-05-04T08:17:46.203+0000] {logging_mixin.py:149} INFO - [2023-05-04T08:17:46.203+0000] {dagbag.py:541} INFO - Filling up the DagBag from /home/airflow/.local/lib/python3.7/site-packages/airflow/example_dags/example_trigger_controller_dag.py
[2023-05-04T08:17:46.209+0000] {processor.py:809} INFO - DAG(s) dict_keys(['example_trigger_controller_dag']) retrieved from /home/airflow/.local/lib/python3.7/site-packages/airflow/example_dags/example_trigger_controller_dag.py
[2023-05-04T08:17:46.241+0000] {logging_mixin.py:149} INFO - [2023-05-04T08:17:46.241+0000] {dag.py:2726} INFO - Sync 1 DAGs
[2023-05-04T08:17:46.275+0000] {logging_mixin.py:149} INFO - [2023-05-04T08:17:46.275+0000] {dag.py:3490} INFO - Setting next_dagrun for example_trigger_controller_dag to 2021-01-01T00:00:00+00:00, run_after=2021-01-01T00:00:00+00:00
[2023-05-04T08:17:46.430+0000] {processor.py:178} INFO - Processing /home/airflow/.local/lib/python3.7/site-packages/airflow/example_dags/example_trigger_controller_dag.py took 0.233 seconds
[2023-05-04T08:18:16.968+0000] {processor.py:156} INFO - Started process (PID=5865) to work on /home/airflow/.local/lib/python3.7/site-packages/airflow/example_dags/example_trigger_controller_dag.py
[2023-05-04T08:18:16.969+0000] {processor.py:799} INFO - Processing file /home/airflow/.local/lib/python3.7/site-packages/airflow/example_dags/example_trigger_controller_dag.py for tasks to queue
[2023-05-04T08:18:16.970+0000] {logging_mixin.py:149} INFO - [2023-05-04T08:18:16.970+0000] {dagbag.py:541} INFO - Filling up the DagBag from /home/airflow/.local/lib/python3.7/site-packages/airflow/example_dags/example_trigger_controller_dag.py
[2023-05-04T08:18:16.975+0000] {processor.py:809} INFO - DAG(s) dict_keys(['example_trigger_controller_dag']) retrieved from /home/airflow/.local/lib/python3.7/site-packages/airflow/example_dags/example_trigger_controller_dag.py
[2023-05-04T08:18:17.002+0000] {logging_mixin.py:149} INFO - [2023-05-04T08:18:17.002+0000] {dag.py:2726} INFO - Sync 1 DAGs
[2023-05-04T08:18:17.030+0000] {logging_mixin.py:149} INFO - [2023-05-04T08:18:17.030+0000] {dag.py:3490} INFO - Setting next_dagrun for example_trigger_controller_dag to 2021-01-01T00:00:00+00:00, run_after=2021-01-01T00:00:00+00:00
[2023-05-04T08:18:17.054+0000] {processor.py:178} INFO - Processing /home/airflow/.local/lib/python3.7/site-packages/airflow/example_dags/example_trigger_controller_dag.py took 0.089 seconds
[2023-05-04T08:18:47.109+0000] {processor.py:156} INFO - Started process (PID=6119) to work on /home/airflow/.local/lib/python3.7/site-packages/airflow/example_dags/example_trigger_controller_dag.py
[2023-05-04T08:18:47.110+0000] {processor.py:799} INFO - Processing file /home/airflow/.local/lib/python3.7/site-packages/airflow/example_dags/example_trigger_controller_dag.py for tasks to queue
[2023-05-04T08:18:47.111+0000] {logging_mixin.py:149} INFO - [2023-05-04T08:18:47.111+0000] {dagbag.py:541} INFO - Filling up the DagBag from /home/airflow/.local/lib/python3.7/site-packages/airflow/example_dags/example_trigger_controller_dag.py
[2023-05-04T08:18:47.116+0000] {processor.py:809} INFO - DAG(s) dict_keys(['example_trigger_controller_dag']) retrieved from /home/airflow/.local/lib/python3.7/site-packages/airflow/example_dags/example_trigger_controller_dag.py
[2023-05-04T08:18:47.143+0000] {logging_mixin.py:149} INFO - [2023-05-04T08:18:47.143+0000] {dag.py:2726} INFO - Sync 1 DAGs
[2023-05-04T08:18:47.175+0000] {logging_mixin.py:149} INFO - [2023-05-04T08:18:47.175+0000] {dag.py:3490} INFO - Setting next_dagrun for example_trigger_controller_dag to 2021-01-01T00:00:00+00:00, run_after=2021-01-01T00:00:00+00:00
[2023-05-04T08:18:47.199+0000] {processor.py:178} INFO - Processing /home/airflow/.local/lib/python3.7/site-packages/airflow/example_dags/example_trigger_controller_dag.py took 0.094 seconds
[2023-05-04T08:19:17.256+0000] {processor.py:156} INFO - Started process (PID=6357) to work on /home/airflow/.local/lib/python3.7/site-packages/airflow/example_dags/example_trigger_controller_dag.py
[2023-05-04T08:19:17.257+0000] {processor.py:799} INFO - Processing file /home/airflow/.local/lib/python3.7/site-packages/airflow/example_dags/example_trigger_controller_dag.py for tasks to queue
[2023-05-04T08:19:17.258+0000] {logging_mixin.py:149} INFO - [2023-05-04T08:19:17.258+0000] {dagbag.py:541} INFO - Filling up the DagBag from /home/airflow/.local/lib/python3.7/site-packages/airflow/example_dags/example_trigger_controller_dag.py
[2023-05-04T08:19:17.262+0000] {processor.py:809} INFO - DAG(s) dict_keys(['example_trigger_controller_dag']) retrieved from /home/airflow/.local/lib/python3.7/site-packages/airflow/example_dags/example_trigger_controller_dag.py
[2023-05-04T08:19:17.292+0000] {logging_mixin.py:149} INFO - [2023-05-04T08:19:17.292+0000] {dag.py:2726} INFO - Sync 1 DAGs
[2023-05-04T08:19:17.454+0000] {logging_mixin.py:149} INFO - [2023-05-04T08:19:17.454+0000] {dag.py:3490} INFO - Setting next_dagrun for example_trigger_controller_dag to 2021-01-01T00:00:00+00:00, run_after=2021-01-01T00:00:00+00:00
[2023-05-04T08:19:17.480+0000] {processor.py:178} INFO - Processing /home/airflow/.local/lib/python3.7/site-packages/airflow/example_dags/example_trigger_controller_dag.py took 0.228 seconds
[2023-05-04T08:19:47.609+0000] {processor.py:156} INFO - Started process (PID=6610) to work on /home/airflow/.local/lib/python3.7/site-packages/airflow/example_dags/example_trigger_controller_dag.py
[2023-05-04T08:19:47.610+0000] {processor.py:799} INFO - Processing file /home/airflow/.local/lib/python3.7/site-packages/airflow/example_dags/example_trigger_controller_dag.py for tasks to queue
[2023-05-04T08:19:47.611+0000] {logging_mixin.py:149} INFO - [2023-05-04T08:19:47.611+0000] {dagbag.py:541} INFO - Filling up the DagBag from /home/airflow/.local/lib/python3.7/site-packages/airflow/example_dags/example_trigger_controller_dag.py
[2023-05-04T08:19:47.615+0000] {processor.py:809} INFO - DAG(s) dict_keys(['example_trigger_controller_dag']) retrieved from /home/airflow/.local/lib/python3.7/site-packages/airflow/example_dags/example_trigger_controller_dag.py
[2023-05-04T08:19:47.645+0000] {logging_mixin.py:149} INFO - [2023-05-04T08:19:47.645+0000] {dag.py:2726} INFO - Sync 1 DAGs
[2023-05-04T08:19:47.804+0000] {logging_mixin.py:149} INFO - [2023-05-04T08:19:47.803+0000] {dag.py:3490} INFO - Setting next_dagrun for example_trigger_controller_dag to 2021-01-01T00:00:00+00:00, run_after=2021-01-01T00:00:00+00:00
[2023-05-04T08:19:47.830+0000] {processor.py:178} INFO - Processing /home/airflow/.local/lib/python3.7/site-packages/airflow/example_dags/example_trigger_controller_dag.py took 0.225 seconds
[2023-05-04T08:20:18.494+0000] {processor.py:156} INFO - Started process (PID=6863) to work on /home/airflow/.local/lib/python3.7/site-packages/airflow/example_dags/example_trigger_controller_dag.py
[2023-05-04T08:20:18.496+0000] {processor.py:799} INFO - Processing file /home/airflow/.local/lib/python3.7/site-packages/airflow/example_dags/example_trigger_controller_dag.py for tasks to queue
[2023-05-04T08:20:18.497+0000] {logging_mixin.py:149} INFO - [2023-05-04T08:20:18.497+0000] {dagbag.py:541} INFO - Filling up the DagBag from /home/airflow/.local/lib/python3.7/site-packages/airflow/example_dags/example_trigger_controller_dag.py
[2023-05-04T08:20:18.501+0000] {processor.py:809} INFO - DAG(s) dict_keys(['example_trigger_controller_dag']) retrieved from /home/airflow/.local/lib/python3.7/site-packages/airflow/example_dags/example_trigger_controller_dag.py
[2023-05-04T08:20:18.531+0000] {logging_mixin.py:149} INFO - [2023-05-04T08:20:18.531+0000] {dag.py:2726} INFO - Sync 1 DAGs
[2023-05-04T08:20:18.561+0000] {logging_mixin.py:149} INFO - [2023-05-04T08:20:18.561+0000] {dag.py:3490} INFO - Setting next_dagrun for example_trigger_controller_dag to 2021-01-01T00:00:00+00:00, run_after=2021-01-01T00:00:00+00:00
[2023-05-04T08:20:18.722+0000] {processor.py:178} INFO - Processing /home/airflow/.local/lib/python3.7/site-packages/airflow/example_dags/example_trigger_controller_dag.py took 0.231 seconds
[2023-05-04T08:20:48.994+0000] {processor.py:156} INFO - Started process (PID=7117) to work on /home/airflow/.local/lib/python3.7/site-packages/airflow/example_dags/example_trigger_controller_dag.py
[2023-05-04T08:20:48.995+0000] {processor.py:799} INFO - Processing file /home/airflow/.local/lib/python3.7/site-packages/airflow/example_dags/example_trigger_controller_dag.py for tasks to queue
[2023-05-04T08:20:48.997+0000] {logging_mixin.py:149} INFO - [2023-05-04T08:20:48.997+0000] {dagbag.py:541} INFO - Filling up the DagBag from /home/airflow/.local/lib/python3.7/site-packages/airflow/example_dags/example_trigger_controller_dag.py
[2023-05-04T08:20:49.188+0000] {processor.py:809} INFO - DAG(s) dict_keys(['example_trigger_controller_dag']) retrieved from /home/airflow/.local/lib/python3.7/site-packages/airflow/example_dags/example_trigger_controller_dag.py
[2023-05-04T08:20:49.231+0000] {logging_mixin.py:149} INFO - [2023-05-04T08:20:49.231+0000] {dag.py:2726} INFO - Sync 1 DAGs
[2023-05-04T08:20:49.273+0000] {logging_mixin.py:149} INFO - [2023-05-04T08:20:49.272+0000] {dag.py:3490} INFO - Setting next_dagrun for example_trigger_controller_dag to 2021-01-01T00:00:00+00:00, run_after=2021-01-01T00:00:00+00:00
[2023-05-04T08:20:49.304+0000] {processor.py:178} INFO - Processing /home/airflow/.local/lib/python3.7/site-packages/airflow/example_dags/example_trigger_controller_dag.py took 0.315 seconds
[2023-05-04T08:21:19.544+0000] {processor.py:156} INFO - Started process (PID=7370) to work on /home/airflow/.local/lib/python3.7/site-packages/airflow/example_dags/example_trigger_controller_dag.py
[2023-05-04T08:21:19.545+0000] {processor.py:799} INFO - Processing file /home/airflow/.local/lib/python3.7/site-packages/airflow/example_dags/example_trigger_controller_dag.py for tasks to queue
[2023-05-04T08:21:19.546+0000] {logging_mixin.py:149} INFO - [2023-05-04T08:21:19.546+0000] {dagbag.py:541} INFO - Filling up the DagBag from /home/airflow/.local/lib/python3.7/site-packages/airflow/example_dags/example_trigger_controller_dag.py
[2023-05-04T08:21:19.552+0000] {processor.py:809} INFO - DAG(s) dict_keys(['example_trigger_controller_dag']) retrieved from /home/airflow/.local/lib/python3.7/site-packages/airflow/example_dags/example_trigger_controller_dag.py
[2023-05-04T08:21:19.588+0000] {logging_mixin.py:149} INFO - [2023-05-04T08:21:19.587+0000] {dag.py:2726} INFO - Sync 1 DAGs
[2023-05-04T08:21:19.629+0000] {logging_mixin.py:149} INFO - [2023-05-04T08:21:19.629+0000] {dag.py:3490} INFO - Setting next_dagrun for example_trigger_controller_dag to 2021-01-01T00:00:00+00:00, run_after=2021-01-01T00:00:00+00:00
[2023-05-04T08:21:19.658+0000] {processor.py:178} INFO - Processing /home/airflow/.local/lib/python3.7/site-packages/airflow/example_dags/example_trigger_controller_dag.py took 0.119 seconds
[2023-05-04T08:21:50.516+0000] {processor.py:156} INFO - Started process (PID=7610) to work on /home/airflow/.local/lib/python3.7/site-packages/airflow/example_dags/example_trigger_controller_dag.py
[2023-05-04T08:21:50.517+0000] {processor.py:799} INFO - Processing file /home/airflow/.local/lib/python3.7/site-packages/airflow/example_dags/example_trigger_controller_dag.py for tasks to queue
[2023-05-04T08:21:50.518+0000] {logging_mixin.py:149} INFO - [2023-05-04T08:21:50.518+0000] {dagbag.py:541} INFO - Filling up the DagBag from /home/airflow/.local/lib/python3.7/site-packages/airflow/example_dags/example_trigger_controller_dag.py
[2023-05-04T08:21:50.523+0000] {processor.py:809} INFO - DAG(s) dict_keys(['example_trigger_controller_dag']) retrieved from /home/airflow/.local/lib/python3.7/site-packages/airflow/example_dags/example_trigger_controller_dag.py
[2023-05-04T08:21:50.552+0000] {logging_mixin.py:149} INFO - [2023-05-04T08:21:50.552+0000] {dag.py:2726} INFO - Sync 1 DAGs
[2023-05-04T08:21:50.587+0000] {logging_mixin.py:149} INFO - [2023-05-04T08:21:50.587+0000] {dag.py:3490} INFO - Setting next_dagrun for example_trigger_controller_dag to 2021-01-01T00:00:00+00:00, run_after=2021-01-01T00:00:00+00:00
[2023-05-04T08:21:50.618+0000] {processor.py:178} INFO - Processing /home/airflow/.local/lib/python3.7/site-packages/airflow/example_dags/example_trigger_controller_dag.py took 0.106 seconds
[2023-05-04T08:22:20.846+0000] {processor.py:156} INFO - Started process (PID=7864) to work on /home/airflow/.local/lib/python3.7/site-packages/airflow/example_dags/example_trigger_controller_dag.py
[2023-05-04T08:22:20.847+0000] {processor.py:799} INFO - Processing file /home/airflow/.local/lib/python3.7/site-packages/airflow/example_dags/example_trigger_controller_dag.py for tasks to queue
[2023-05-04T08:22:20.849+0000] {logging_mixin.py:149} INFO - [2023-05-04T08:22:20.848+0000] {dagbag.py:541} INFO - Filling up the DagBag from /home/airflow/.local/lib/python3.7/site-packages/airflow/example_dags/example_trigger_controller_dag.py
[2023-05-04T08:22:20.855+0000] {processor.py:809} INFO - DAG(s) dict_keys(['example_trigger_controller_dag']) retrieved from /home/airflow/.local/lib/python3.7/site-packages/airflow/example_dags/example_trigger_controller_dag.py
[2023-05-04T08:22:20.894+0000] {logging_mixin.py:149} INFO - [2023-05-04T08:22:20.894+0000] {dag.py:2726} INFO - Sync 1 DAGs
[2023-05-04T08:22:20.944+0000] {logging_mixin.py:149} INFO - [2023-05-04T08:22:20.944+0000] {dag.py:3490} INFO - Setting next_dagrun for example_trigger_controller_dag to 2021-01-01T00:00:00+00:00, run_after=2021-01-01T00:00:00+00:00
[2023-05-04T08:22:20.978+0000] {processor.py:178} INFO - Processing /home/airflow/.local/lib/python3.7/site-packages/airflow/example_dags/example_trigger_controller_dag.py took 0.135 seconds
[2023-05-04T08:22:51.803+0000] {processor.py:156} INFO - Started process (PID=8118) to work on /home/airflow/.local/lib/python3.7/site-packages/airflow/example_dags/example_trigger_controller_dag.py
[2023-05-04T08:22:51.805+0000] {processor.py:799} INFO - Processing file /home/airflow/.local/lib/python3.7/site-packages/airflow/example_dags/example_trigger_controller_dag.py for tasks to queue
[2023-05-04T08:22:51.806+0000] {logging_mixin.py:149} INFO - [2023-05-04T08:22:51.806+0000] {dagbag.py:541} INFO - Filling up the DagBag from /home/airflow/.local/lib/python3.7/site-packages/airflow/example_dags/example_trigger_controller_dag.py
[2023-05-04T08:22:51.810+0000] {processor.py:809} INFO - DAG(s) dict_keys(['example_trigger_controller_dag']) retrieved from /home/airflow/.local/lib/python3.7/site-packages/airflow/example_dags/example_trigger_controller_dag.py
[2023-05-04T08:22:51.840+0000] {logging_mixin.py:149} INFO - [2023-05-04T08:22:51.840+0000] {dag.py:2726} INFO - Sync 1 DAGs
[2023-05-04T08:22:51.870+0000] {logging_mixin.py:149} INFO - [2023-05-04T08:22:51.870+0000] {dag.py:3490} INFO - Setting next_dagrun for example_trigger_controller_dag to 2021-01-01T00:00:00+00:00, run_after=2021-01-01T00:00:00+00:00
[2023-05-04T08:22:51.895+0000] {processor.py:178} INFO - Processing /home/airflow/.local/lib/python3.7/site-packages/airflow/example_dags/example_trigger_controller_dag.py took 0.095 seconds
[2023-05-04T08:23:22.106+0000] {processor.py:156} INFO - Started process (PID=8372) to work on /home/airflow/.local/lib/python3.7/site-packages/airflow/example_dags/example_trigger_controller_dag.py
[2023-05-04T08:23:22.107+0000] {processor.py:799} INFO - Processing file /home/airflow/.local/lib/python3.7/site-packages/airflow/example_dags/example_trigger_controller_dag.py for tasks to queue
[2023-05-04T08:23:22.109+0000] {logging_mixin.py:149} INFO - [2023-05-04T08:23:22.108+0000] {dagbag.py:541} INFO - Filling up the DagBag from /home/airflow/.local/lib/python3.7/site-packages/airflow/example_dags/example_trigger_controller_dag.py
[2023-05-04T08:23:22.113+0000] {processor.py:809} INFO - DAG(s) dict_keys(['example_trigger_controller_dag']) retrieved from /home/airflow/.local/lib/python3.7/site-packages/airflow/example_dags/example_trigger_controller_dag.py
[2023-05-04T08:23:22.143+0000] {logging_mixin.py:149} INFO - [2023-05-04T08:23:22.143+0000] {dag.py:2726} INFO - Sync 1 DAGs
[2023-05-04T08:23:22.177+0000] {logging_mixin.py:149} INFO - [2023-05-04T08:23:22.177+0000] {dag.py:3490} INFO - Setting next_dagrun for example_trigger_controller_dag to 2021-01-01T00:00:00+00:00, run_after=2021-01-01T00:00:00+00:00
[2023-05-04T08:23:22.201+0000] {processor.py:178} INFO - Processing /home/airflow/.local/lib/python3.7/site-packages/airflow/example_dags/example_trigger_controller_dag.py took 0.100 seconds
[2023-05-04T08:23:52.521+0000] {processor.py:156} INFO - Started process (PID=8626) to work on /home/airflow/.local/lib/python3.7/site-packages/airflow/example_dags/example_trigger_controller_dag.py
[2023-05-04T08:23:52.522+0000] {processor.py:799} INFO - Processing file /home/airflow/.local/lib/python3.7/site-packages/airflow/example_dags/example_trigger_controller_dag.py for tasks to queue
[2023-05-04T08:23:52.524+0000] {logging_mixin.py:149} INFO - [2023-05-04T08:23:52.523+0000] {dagbag.py:541} INFO - Filling up the DagBag from /home/airflow/.local/lib/python3.7/site-packages/airflow/example_dags/example_trigger_controller_dag.py
[2023-05-04T08:23:52.529+0000] {processor.py:809} INFO - DAG(s) dict_keys(['example_trigger_controller_dag']) retrieved from /home/airflow/.local/lib/python3.7/site-packages/airflow/example_dags/example_trigger_controller_dag.py
[2023-05-04T08:23:52.567+0000] {logging_mixin.py:149} INFO - [2023-05-04T08:23:52.567+0000] {dag.py:2726} INFO - Sync 1 DAGs
[2023-05-04T08:23:52.607+0000] {logging_mixin.py:149} INFO - [2023-05-04T08:23:52.607+0000] {dag.py:3490} INFO - Setting next_dagrun for example_trigger_controller_dag to 2021-01-01T00:00:00+00:00, run_after=2021-01-01T00:00:00+00:00
[2023-05-04T08:23:52.638+0000] {processor.py:178} INFO - Processing /home/airflow/.local/lib/python3.7/site-packages/airflow/example_dags/example_trigger_controller_dag.py took 0.120 seconds
[2023-05-04T08:24:23.461+0000] {processor.py:156} INFO - Started process (PID=8879) to work on /home/airflow/.local/lib/python3.7/site-packages/airflow/example_dags/example_trigger_controller_dag.py
[2023-05-04T08:24:23.463+0000] {processor.py:799} INFO - Processing file /home/airflow/.local/lib/python3.7/site-packages/airflow/example_dags/example_trigger_controller_dag.py for tasks to queue
[2023-05-04T08:24:23.464+0000] {logging_mixin.py:149} INFO - [2023-05-04T08:24:23.464+0000] {dagbag.py:541} INFO - Filling up the DagBag from /home/airflow/.local/lib/python3.7/site-packages/airflow/example_dags/example_trigger_controller_dag.py
[2023-05-04T08:24:23.469+0000] {processor.py:809} INFO - DAG(s) dict_keys(['example_trigger_controller_dag']) retrieved from /home/airflow/.local/lib/python3.7/site-packages/airflow/example_dags/example_trigger_controller_dag.py
[2023-05-04T08:24:23.498+0000] {logging_mixin.py:149} INFO - [2023-05-04T08:24:23.498+0000] {dag.py:2726} INFO - Sync 1 DAGs
[2023-05-04T08:24:23.528+0000] {logging_mixin.py:149} INFO - [2023-05-04T08:24:23.528+0000] {dag.py:3490} INFO - Setting next_dagrun for example_trigger_controller_dag to 2021-01-01T00:00:00+00:00, run_after=2021-01-01T00:00:00+00:00
[2023-05-04T08:24:23.553+0000] {processor.py:178} INFO - Processing /home/airflow/.local/lib/python3.7/site-packages/airflow/example_dags/example_trigger_controller_dag.py took 0.095 seconds
[2023-05-04T08:24:53.770+0000] {processor.py:156} INFO - Started process (PID=9133) to work on /home/airflow/.local/lib/python3.7/site-packages/airflow/example_dags/example_trigger_controller_dag.py
[2023-05-04T08:24:53.772+0000] {processor.py:799} INFO - Processing file /home/airflow/.local/lib/python3.7/site-packages/airflow/example_dags/example_trigger_controller_dag.py for tasks to queue
[2023-05-04T08:24:53.774+0000] {logging_mixin.py:149} INFO - [2023-05-04T08:24:53.773+0000] {dagbag.py:541} INFO - Filling up the DagBag from /home/airflow/.local/lib/python3.7/site-packages/airflow/example_dags/example_trigger_controller_dag.py
[2023-05-04T08:24:53.779+0000] {processor.py:809} INFO - DAG(s) dict_keys(['example_trigger_controller_dag']) retrieved from /home/airflow/.local/lib/python3.7/site-packages/airflow/example_dags/example_trigger_controller_dag.py
[2023-05-04T08:24:53.814+0000] {logging_mixin.py:149} INFO - [2023-05-04T08:24:53.814+0000] {dag.py:2726} INFO - Sync 1 DAGs
[2023-05-04T08:24:53.862+0000] {logging_mixin.py:149} INFO - [2023-05-04T08:24:53.861+0000] {dag.py:3490} INFO - Setting next_dagrun for example_trigger_controller_dag to 2021-01-01T00:00:00+00:00, run_after=2021-01-01T00:00:00+00:00
[2023-05-04T08:24:53.894+0000] {processor.py:178} INFO - Processing /home/airflow/.local/lib/python3.7/site-packages/airflow/example_dags/example_trigger_controller_dag.py took 0.128 seconds
[2023-05-04T08:25:24.000+0000] {processor.py:156} INFO - Started process (PID=9384) to work on /home/airflow/.local/lib/python3.7/site-packages/airflow/example_dags/example_trigger_controller_dag.py
[2023-05-04T08:25:24.004+0000] {processor.py:799} INFO - Processing file /home/airflow/.local/lib/python3.7/site-packages/airflow/example_dags/example_trigger_controller_dag.py for tasks to queue
[2023-05-04T08:25:24.006+0000] {logging_mixin.py:149} INFO - [2023-05-04T08:25:24.006+0000] {dagbag.py:541} INFO - Filling up the DagBag from /home/airflow/.local/lib/python3.7/site-packages/airflow/example_dags/example_trigger_controller_dag.py
[2023-05-04T08:25:24.030+0000] {processor.py:809} INFO - DAG(s) dict_keys(['example_trigger_controller_dag']) retrieved from /home/airflow/.local/lib/python3.7/site-packages/airflow/example_dags/example_trigger_controller_dag.py
[2023-05-04T08:25:24.096+0000] {logging_mixin.py:149} INFO - [2023-05-04T08:25:24.094+0000] {dag.py:2726} INFO - Sync 1 DAGs
[2023-05-04T08:25:24.172+0000] {logging_mixin.py:149} INFO - [2023-05-04T08:25:24.171+0000] {dag.py:3490} INFO - Setting next_dagrun for example_trigger_controller_dag to 2021-01-01T00:00:00+00:00, run_after=2021-01-01T00:00:00+00:00
[2023-05-04T08:25:24.230+0000] {processor.py:178} INFO - Processing /home/airflow/.local/lib/python3.7/site-packages/airflow/example_dags/example_trigger_controller_dag.py took 0.239 seconds
