[2023-05-04T08:16:46.957+0000] {processor.py:156} INFO - Started process (PID=5109) to work on /home/airflow/.local/lib/python3.7/site-packages/airflow/example_dags/example_branch_python_dop_operator_3.py
[2023-05-04T08:16:46.958+0000] {processor.py:799} INFO - Processing file /home/airflow/.local/lib/python3.7/site-packages/airflow/example_dags/example_branch_python_dop_operator_3.py for tasks to queue
[2023-05-04T08:16:46.959+0000] {logging_mixin.py:149} INFO - [2023-05-04T08:16:46.959+0000] {dagbag.py:541} INFO - Filling up the DagBag from /home/airflow/.local/lib/python3.7/site-packages/airflow/example_dags/example_branch_python_dop_operator_3.py
[2023-05-04T08:16:46.971+0000] {processor.py:809} INFO - DAG(s) dict_keys(['example_branch_dop_operator_v3']) retrieved from /home/airflow/.local/lib/python3.7/site-packages/airflow/example_dags/example_branch_python_dop_operator_3.py
[2023-05-04T08:16:47.004+0000] {logging_mixin.py:149} INFO - [2023-05-04T08:16:47.004+0000] {dag.py:2726} INFO - Sync 1 DAGs
[2023-05-04T08:16:47.043+0000] {logging_mixin.py:149} INFO - [2023-05-04T08:16:47.043+0000] {dag.py:3490} INFO - Setting next_dagrun for example_branch_dop_operator_v3 to 2023-05-04T08:15:00+00:00, run_after=2023-05-04T08:16:00+00:00
[2023-05-04T08:16:47.079+0000] {processor.py:178} INFO - Processing /home/airflow/.local/lib/python3.7/site-packages/airflow/example_dags/example_branch_python_dop_operator_3.py took 0.126 seconds
[2023-05-04T08:17:17.858+0000] {processor.py:156} INFO - Started process (PID=5363) to work on /home/airflow/.local/lib/python3.7/site-packages/airflow/example_dags/example_branch_python_dop_operator_3.py
[2023-05-04T08:17:17.859+0000] {processor.py:799} INFO - Processing file /home/airflow/.local/lib/python3.7/site-packages/airflow/example_dags/example_branch_python_dop_operator_3.py for tasks to queue
[2023-05-04T08:17:17.861+0000] {logging_mixin.py:149} INFO - [2023-05-04T08:17:17.860+0000] {dagbag.py:541} INFO - Filling up the DagBag from /home/airflow/.local/lib/python3.7/site-packages/airflow/example_dags/example_branch_python_dop_operator_3.py
[2023-05-04T08:17:17.871+0000] {processor.py:809} INFO - DAG(s) dict_keys(['example_branch_dop_operator_v3']) retrieved from /home/airflow/.local/lib/python3.7/site-packages/airflow/example_dags/example_branch_python_dop_operator_3.py
[2023-05-04T08:17:17.901+0000] {logging_mixin.py:149} INFO - [2023-05-04T08:17:17.901+0000] {dag.py:2726} INFO - Sync 1 DAGs
[2023-05-04T08:17:18.065+0000] {logging_mixin.py:149} INFO - [2023-05-04T08:17:18.064+0000] {dag.py:3490} INFO - Setting next_dagrun for example_branch_dop_operator_v3 to 2023-05-04T08:16:00+00:00, run_after=2023-05-04T08:17:00+00:00
[2023-05-04T08:17:18.091+0000] {processor.py:178} INFO - Processing /home/airflow/.local/lib/python3.7/site-packages/airflow/example_dags/example_branch_python_dop_operator_3.py took 0.236 seconds
[2023-05-04T08:17:48.457+0000] {processor.py:156} INFO - Started process (PID=5616) to work on /home/airflow/.local/lib/python3.7/site-packages/airflow/example_dags/example_branch_python_dop_operator_3.py
[2023-05-04T08:17:48.458+0000] {processor.py:799} INFO - Processing file /home/airflow/.local/lib/python3.7/site-packages/airflow/example_dags/example_branch_python_dop_operator_3.py for tasks to queue
[2023-05-04T08:17:48.459+0000] {logging_mixin.py:149} INFO - [2023-05-04T08:17:48.459+0000] {dagbag.py:541} INFO - Filling up the DagBag from /home/airflow/.local/lib/python3.7/site-packages/airflow/example_dags/example_branch_python_dop_operator_3.py
[2023-05-04T08:17:48.468+0000] {processor.py:809} INFO - DAG(s) dict_keys(['example_branch_dop_operator_v3']) retrieved from /home/airflow/.local/lib/python3.7/site-packages/airflow/example_dags/example_branch_python_dop_operator_3.py
[2023-05-04T08:17:48.497+0000] {logging_mixin.py:149} INFO - [2023-05-04T08:17:48.497+0000] {dag.py:2726} INFO - Sync 1 DAGs
[2023-05-04T08:17:48.533+0000] {logging_mixin.py:149} INFO - [2023-05-04T08:17:48.533+0000] {dag.py:3490} INFO - Setting next_dagrun for example_branch_dop_operator_v3 to 2023-05-04T08:16:00+00:00, run_after=2023-05-04T08:17:00+00:00
[2023-05-04T08:17:48.685+0000] {processor.py:178} INFO - Processing /home/airflow/.local/lib/python3.7/site-packages/airflow/example_dags/example_branch_python_dop_operator_3.py took 0.232 seconds
[2023-05-04T08:18:18.991+0000] {processor.py:156} INFO - Started process (PID=5870) to work on /home/airflow/.local/lib/python3.7/site-packages/airflow/example_dags/example_branch_python_dop_operator_3.py
[2023-05-04T08:18:18.992+0000] {processor.py:799} INFO - Processing file /home/airflow/.local/lib/python3.7/site-packages/airflow/example_dags/example_branch_python_dop_operator_3.py for tasks to queue
[2023-05-04T08:18:18.994+0000] {logging_mixin.py:149} INFO - [2023-05-04T08:18:18.993+0000] {dagbag.py:541} INFO - Filling up the DagBag from /home/airflow/.local/lib/python3.7/site-packages/airflow/example_dags/example_branch_python_dop_operator_3.py
[2023-05-04T08:18:19.004+0000] {processor.py:809} INFO - DAG(s) dict_keys(['example_branch_dop_operator_v3']) retrieved from /home/airflow/.local/lib/python3.7/site-packages/airflow/example_dags/example_branch_python_dop_operator_3.py
[2023-05-04T08:18:19.035+0000] {logging_mixin.py:149} INFO - [2023-05-04T08:18:19.035+0000] {dag.py:2726} INFO - Sync 1 DAGs
[2023-05-04T08:18:19.069+0000] {logging_mixin.py:149} INFO - [2023-05-04T08:18:19.069+0000] {dag.py:3490} INFO - Setting next_dagrun for example_branch_dop_operator_v3 to 2023-05-04T08:17:00+00:00, run_after=2023-05-04T08:18:00+00:00
[2023-05-04T08:18:19.092+0000] {processor.py:178} INFO - Processing /home/airflow/.local/lib/python3.7/site-packages/airflow/example_dags/example_branch_python_dop_operator_3.py took 0.105 seconds
[2023-05-04T08:18:49.153+0000] {processor.py:156} INFO - Started process (PID=6124) to work on /home/airflow/.local/lib/python3.7/site-packages/airflow/example_dags/example_branch_python_dop_operator_3.py
[2023-05-04T08:18:49.154+0000] {processor.py:799} INFO - Processing file /home/airflow/.local/lib/python3.7/site-packages/airflow/example_dags/example_branch_python_dop_operator_3.py for tasks to queue
[2023-05-04T08:18:49.156+0000] {logging_mixin.py:149} INFO - [2023-05-04T08:18:49.156+0000] {dagbag.py:541} INFO - Filling up the DagBag from /home/airflow/.local/lib/python3.7/site-packages/airflow/example_dags/example_branch_python_dop_operator_3.py
[2023-05-04T08:18:49.165+0000] {processor.py:809} INFO - DAG(s) dict_keys(['example_branch_dop_operator_v3']) retrieved from /home/airflow/.local/lib/python3.7/site-packages/airflow/example_dags/example_branch_python_dop_operator_3.py
[2023-05-04T08:18:49.195+0000] {logging_mixin.py:149} INFO - [2023-05-04T08:18:49.195+0000] {dag.py:2726} INFO - Sync 1 DAGs
[2023-05-04T08:18:49.230+0000] {logging_mixin.py:149} INFO - [2023-05-04T08:18:49.230+0000] {dag.py:3490} INFO - Setting next_dagrun for example_branch_dop_operator_v3 to 2023-05-04T08:17:00+00:00, run_after=2023-05-04T08:18:00+00:00
[2023-05-04T08:18:49.255+0000] {processor.py:178} INFO - Processing /home/airflow/.local/lib/python3.7/site-packages/airflow/example_dags/example_branch_python_dop_operator_3.py took 0.106 seconds
[2023-05-04T08:19:19.574+0000] {processor.py:156} INFO - Started process (PID=6377) to work on /home/airflow/.local/lib/python3.7/site-packages/airflow/example_dags/example_branch_python_dop_operator_3.py
[2023-05-04T08:19:19.576+0000] {processor.py:799} INFO - Processing file /home/airflow/.local/lib/python3.7/site-packages/airflow/example_dags/example_branch_python_dop_operator_3.py for tasks to queue
[2023-05-04T08:19:19.577+0000] {logging_mixin.py:149} INFO - [2023-05-04T08:19:19.576+0000] {dagbag.py:541} INFO - Filling up the DagBag from /home/airflow/.local/lib/python3.7/site-packages/airflow/example_dags/example_branch_python_dop_operator_3.py
[2023-05-04T08:19:19.586+0000] {processor.py:809} INFO - DAG(s) dict_keys(['example_branch_dop_operator_v3']) retrieved from /home/airflow/.local/lib/python3.7/site-packages/airflow/example_dags/example_branch_python_dop_operator_3.py
[2023-05-04T08:19:19.619+0000] {logging_mixin.py:149} INFO - [2023-05-04T08:19:19.618+0000] {dag.py:2726} INFO - Sync 1 DAGs
[2023-05-04T08:19:19.781+0000] {logging_mixin.py:149} INFO - [2023-05-04T08:19:19.781+0000] {dag.py:3490} INFO - Setting next_dagrun for example_branch_dop_operator_v3 to 2023-05-04T08:18:00+00:00, run_after=2023-05-04T08:19:00+00:00
[2023-05-04T08:19:19.805+0000] {processor.py:178} INFO - Processing /home/airflow/.local/lib/python3.7/site-packages/airflow/example_dags/example_branch_python_dop_operator_3.py took 0.235 seconds
[2023-05-04T08:19:49.901+0000] {processor.py:156} INFO - Started process (PID=6630) to work on /home/airflow/.local/lib/python3.7/site-packages/airflow/example_dags/example_branch_python_dop_operator_3.py
[2023-05-04T08:19:49.902+0000] {processor.py:799} INFO - Processing file /home/airflow/.local/lib/python3.7/site-packages/airflow/example_dags/example_branch_python_dop_operator_3.py for tasks to queue
[2023-05-04T08:19:49.903+0000] {logging_mixin.py:149} INFO - [2023-05-04T08:19:49.903+0000] {dagbag.py:541} INFO - Filling up the DagBag from /home/airflow/.local/lib/python3.7/site-packages/airflow/example_dags/example_branch_python_dop_operator_3.py
[2023-05-04T08:19:49.913+0000] {processor.py:809} INFO - DAG(s) dict_keys(['example_branch_dop_operator_v3']) retrieved from /home/airflow/.local/lib/python3.7/site-packages/airflow/example_dags/example_branch_python_dop_operator_3.py
[2023-05-04T08:19:49.944+0000] {logging_mixin.py:149} INFO - [2023-05-04T08:19:49.943+0000] {dag.py:2726} INFO - Sync 1 DAGs
[2023-05-04T08:19:50.107+0000] {logging_mixin.py:149} INFO - [2023-05-04T08:19:50.106+0000] {dag.py:3490} INFO - Setting next_dagrun for example_branch_dop_operator_v3 to 2023-05-04T08:18:00+00:00, run_after=2023-05-04T08:19:00+00:00
[2023-05-04T08:19:50.130+0000] {processor.py:178} INFO - Processing /home/airflow/.local/lib/python3.7/site-packages/airflow/example_dags/example_branch_python_dop_operator_3.py took 0.232 seconds
[2023-05-04T08:20:20.443+0000] {processor.py:156} INFO - Started process (PID=6883) to work on /home/airflow/.local/lib/python3.7/site-packages/airflow/example_dags/example_branch_python_dop_operator_3.py
[2023-05-04T08:20:20.444+0000] {processor.py:799} INFO - Processing file /home/airflow/.local/lib/python3.7/site-packages/airflow/example_dags/example_branch_python_dop_operator_3.py for tasks to queue
[2023-05-04T08:20:20.445+0000] {logging_mixin.py:149} INFO - [2023-05-04T08:20:20.445+0000] {dagbag.py:541} INFO - Filling up the DagBag from /home/airflow/.local/lib/python3.7/site-packages/airflow/example_dags/example_branch_python_dop_operator_3.py
[2023-05-04T08:20:20.455+0000] {processor.py:809} INFO - DAG(s) dict_keys(['example_branch_dop_operator_v3']) retrieved from /home/airflow/.local/lib/python3.7/site-packages/airflow/example_dags/example_branch_python_dop_operator_3.py
[2023-05-04T08:20:20.485+0000] {logging_mixin.py:149} INFO - [2023-05-04T08:20:20.485+0000] {dag.py:2726} INFO - Sync 1 DAGs
[2023-05-04T08:20:20.522+0000] {logging_mixin.py:149} INFO - [2023-05-04T08:20:20.521+0000] {dag.py:3490} INFO - Setting next_dagrun for example_branch_dop_operator_v3 to 2023-05-04T08:19:00+00:00, run_after=2023-05-04T08:20:00+00:00
[2023-05-04T08:20:20.672+0000] {processor.py:178} INFO - Processing /home/airflow/.local/lib/python3.7/site-packages/airflow/example_dags/example_branch_python_dop_operator_3.py took 0.233 seconds
[2023-05-04T08:20:51.446+0000] {processor.py:156} INFO - Started process (PID=7124) to work on /home/airflow/.local/lib/python3.7/site-packages/airflow/example_dags/example_branch_python_dop_operator_3.py
[2023-05-04T08:20:51.500+0000] {processor.py:799} INFO - Processing file /home/airflow/.local/lib/python3.7/site-packages/airflow/example_dags/example_branch_python_dop_operator_3.py for tasks to queue
[2023-05-04T08:20:51.504+0000] {logging_mixin.py:149} INFO - [2023-05-04T08:20:51.504+0000] {dagbag.py:541} INFO - Filling up the DagBag from /home/airflow/.local/lib/python3.7/site-packages/airflow/example_dags/example_branch_python_dop_operator_3.py
[2023-05-04T08:20:52.012+0000] {processor.py:809} INFO - DAG(s) dict_keys(['example_branch_dop_operator_v3']) retrieved from /home/airflow/.local/lib/python3.7/site-packages/airflow/example_dags/example_branch_python_dop_operator_3.py
[2023-05-04T08:20:52.123+0000] {logging_mixin.py:149} INFO - [2023-05-04T08:20:52.122+0000] {dag.py:2726} INFO - Sync 1 DAGs
[2023-05-04T08:20:52.435+0000] {logging_mixin.py:149} INFO - [2023-05-04T08:20:52.434+0000] {dag.py:3490} INFO - Setting next_dagrun for example_branch_dop_operator_v3 to 2023-05-04T08:19:00+00:00, run_after=2023-05-04T08:20:00+00:00
[2023-05-04T08:20:52.559+0000] {processor.py:178} INFO - Processing /home/airflow/.local/lib/python3.7/site-packages/airflow/example_dags/example_branch_python_dop_operator_3.py took 1.130 seconds
[2023-05-04T08:21:23.690+0000] {processor.py:156} INFO - Started process (PID=7382) to work on /home/airflow/.local/lib/python3.7/site-packages/airflow/example_dags/example_branch_python_dop_operator_3.py
[2023-05-04T08:21:23.691+0000] {processor.py:799} INFO - Processing file /home/airflow/.local/lib/python3.7/site-packages/airflow/example_dags/example_branch_python_dop_operator_3.py for tasks to queue
[2023-05-04T08:21:23.692+0000] {logging_mixin.py:149} INFO - [2023-05-04T08:21:23.692+0000] {dagbag.py:541} INFO - Filling up the DagBag from /home/airflow/.local/lib/python3.7/site-packages/airflow/example_dags/example_branch_python_dop_operator_3.py
[2023-05-04T08:21:23.703+0000] {processor.py:809} INFO - DAG(s) dict_keys(['example_branch_dop_operator_v3']) retrieved from /home/airflow/.local/lib/python3.7/site-packages/airflow/example_dags/example_branch_python_dop_operator_3.py
[2023-05-04T08:21:23.732+0000] {logging_mixin.py:149} INFO - [2023-05-04T08:21:23.731+0000] {dag.py:2726} INFO - Sync 1 DAGs
[2023-05-04T08:21:23.767+0000] {logging_mixin.py:149} INFO - [2023-05-04T08:21:23.767+0000] {dag.py:3490} INFO - Setting next_dagrun for example_branch_dop_operator_v3 to 2023-05-04T08:20:00+00:00, run_after=2023-05-04T08:21:00+00:00
[2023-05-04T08:21:23.792+0000] {processor.py:178} INFO - Processing /home/airflow/.local/lib/python3.7/site-packages/airflow/example_dags/example_branch_python_dop_operator_3.py took 0.105 seconds
[2023-05-04T08:21:53.852+0000] {processor.py:156} INFO - Started process (PID=7633) to work on /home/airflow/.local/lib/python3.7/site-packages/airflow/example_dags/example_branch_python_dop_operator_3.py
[2023-05-04T08:21:53.853+0000] {processor.py:799} INFO - Processing file /home/airflow/.local/lib/python3.7/site-packages/airflow/example_dags/example_branch_python_dop_operator_3.py for tasks to queue
[2023-05-04T08:21:53.855+0000] {logging_mixin.py:149} INFO - [2023-05-04T08:21:53.855+0000] {dagbag.py:541} INFO - Filling up the DagBag from /home/airflow/.local/lib/python3.7/site-packages/airflow/example_dags/example_branch_python_dop_operator_3.py
[2023-05-04T08:21:53.865+0000] {processor.py:809} INFO - DAG(s) dict_keys(['example_branch_dop_operator_v3']) retrieved from /home/airflow/.local/lib/python3.7/site-packages/airflow/example_dags/example_branch_python_dop_operator_3.py
[2023-05-04T08:21:53.894+0000] {logging_mixin.py:149} INFO - [2023-05-04T08:21:53.894+0000] {dag.py:2726} INFO - Sync 1 DAGs
[2023-05-04T08:21:53.933+0000] {logging_mixin.py:149} INFO - [2023-05-04T08:21:53.933+0000] {dag.py:3490} INFO - Setting next_dagrun for example_branch_dop_operator_v3 to 2023-05-04T08:20:00+00:00, run_after=2023-05-04T08:21:00+00:00
[2023-05-04T08:21:53.958+0000] {processor.py:178} INFO - Processing /home/airflow/.local/lib/python3.7/site-packages/airflow/example_dags/example_branch_python_dop_operator_3.py took 0.110 seconds
[2023-05-04T08:22:24.090+0000] {processor.py:156} INFO - Started process (PID=7874) to work on /home/airflow/.local/lib/python3.7/site-packages/airflow/example_dags/example_branch_python_dop_operator_3.py
[2023-05-04T08:22:24.091+0000] {processor.py:799} INFO - Processing file /home/airflow/.local/lib/python3.7/site-packages/airflow/example_dags/example_branch_python_dop_operator_3.py for tasks to queue
[2023-05-04T08:22:24.092+0000] {logging_mixin.py:149} INFO - [2023-05-04T08:22:24.092+0000] {dagbag.py:541} INFO - Filling up the DagBag from /home/airflow/.local/lib/python3.7/site-packages/airflow/example_dags/example_branch_python_dop_operator_3.py
[2023-05-04T08:22:24.101+0000] {processor.py:809} INFO - DAG(s) dict_keys(['example_branch_dop_operator_v3']) retrieved from /home/airflow/.local/lib/python3.7/site-packages/airflow/example_dags/example_branch_python_dop_operator_3.py
[2023-05-04T08:22:24.144+0000] {logging_mixin.py:149} INFO - [2023-05-04T08:22:24.144+0000] {dag.py:2726} INFO - Sync 1 DAGs
[2023-05-04T08:22:24.211+0000] {logging_mixin.py:149} INFO - [2023-05-04T08:22:24.211+0000] {dag.py:3490} INFO - Setting next_dagrun for example_branch_dop_operator_v3 to 2023-05-04T08:21:00+00:00, run_after=2023-05-04T08:22:00+00:00
[2023-05-04T08:22:24.247+0000] {processor.py:178} INFO - Processing /home/airflow/.local/lib/python3.7/site-packages/airflow/example_dags/example_branch_python_dop_operator_3.py took 0.160 seconds
[2023-05-04T08:22:54.960+0000] {processor.py:156} INFO - Started process (PID=8125) to work on /home/airflow/.local/lib/python3.7/site-packages/airflow/example_dags/example_branch_python_dop_operator_3.py
[2023-05-04T08:22:54.962+0000] {processor.py:799} INFO - Processing file /home/airflow/.local/lib/python3.7/site-packages/airflow/example_dags/example_branch_python_dop_operator_3.py for tasks to queue
[2023-05-04T08:22:54.965+0000] {logging_mixin.py:149} INFO - [2023-05-04T08:22:54.965+0000] {dagbag.py:541} INFO - Filling up the DagBag from /home/airflow/.local/lib/python3.7/site-packages/airflow/example_dags/example_branch_python_dop_operator_3.py
[2023-05-04T08:22:54.976+0000] {processor.py:809} INFO - DAG(s) dict_keys(['example_branch_dop_operator_v3']) retrieved from /home/airflow/.local/lib/python3.7/site-packages/airflow/example_dags/example_branch_python_dop_operator_3.py
[2023-05-04T08:22:55.017+0000] {logging_mixin.py:149} INFO - [2023-05-04T08:22:55.016+0000] {dag.py:2726} INFO - Sync 1 DAGs
[2023-05-04T08:22:55.079+0000] {logging_mixin.py:149} INFO - [2023-05-04T08:22:55.078+0000] {dag.py:3490} INFO - Setting next_dagrun for example_branch_dop_operator_v3 to 2023-05-04T08:21:00+00:00, run_after=2023-05-04T08:22:00+00:00
[2023-05-04T08:22:55.119+0000] {processor.py:178} INFO - Processing /home/airflow/.local/lib/python3.7/site-packages/airflow/example_dags/example_branch_python_dop_operator_3.py took 0.164 seconds
[2023-05-04T08:23:25.267+0000] {processor.py:156} INFO - Started process (PID=8379) to work on /home/airflow/.local/lib/python3.7/site-packages/airflow/example_dags/example_branch_python_dop_operator_3.py
[2023-05-04T08:23:25.268+0000] {processor.py:799} INFO - Processing file /home/airflow/.local/lib/python3.7/site-packages/airflow/example_dags/example_branch_python_dop_operator_3.py for tasks to queue
[2023-05-04T08:23:25.269+0000] {logging_mixin.py:149} INFO - [2023-05-04T08:23:25.269+0000] {dagbag.py:541} INFO - Filling up the DagBag from /home/airflow/.local/lib/python3.7/site-packages/airflow/example_dags/example_branch_python_dop_operator_3.py
[2023-05-04T08:23:25.282+0000] {processor.py:809} INFO - DAG(s) dict_keys(['example_branch_dop_operator_v3']) retrieved from /home/airflow/.local/lib/python3.7/site-packages/airflow/example_dags/example_branch_python_dop_operator_3.py
[2023-05-04T08:23:25.314+0000] {logging_mixin.py:149} INFO - [2023-05-04T08:23:25.314+0000] {dag.py:2726} INFO - Sync 1 DAGs
[2023-05-04T08:23:25.355+0000] {logging_mixin.py:149} INFO - [2023-05-04T08:23:25.355+0000] {dag.py:3490} INFO - Setting next_dagrun for example_branch_dop_operator_v3 to 2023-05-04T08:22:00+00:00, run_after=2023-05-04T08:23:00+00:00
[2023-05-04T08:23:25.388+0000] {processor.py:178} INFO - Processing /home/airflow/.local/lib/python3.7/site-packages/airflow/example_dags/example_branch_python_dop_operator_3.py took 0.127 seconds
