[2023-05-04T08:16:59.559+0000] {processor.py:156} INFO - Started process (PID=5222) to work on /home/airflow/.local/lib/python3.7/site-packages/airflow/example_dags/example_short_circuit_operator.py
[2023-05-04T08:16:59.560+0000] {processor.py:799} INFO - Processing file /home/airflow/.local/lib/python3.7/site-packages/airflow/example_dags/example_short_circuit_operator.py for tasks to queue
[2023-05-04T08:16:59.561+0000] {logging_mixin.py:149} INFO - [2023-05-04T08:16:59.561+0000] {dagbag.py:541} INFO - Filling up the DagBag from /home/airflow/.local/lib/python3.7/site-packages/airflow/example_dags/example_short_circuit_operator.py
[2023-05-04T08:16:59.574+0000] {processor.py:809} INFO - DAG(s) dict_keys(['example_short_circuit_operator']) retrieved from /home/airflow/.local/lib/python3.7/site-packages/airflow/example_dags/example_short_circuit_operator.py
[2023-05-04T08:16:59.617+0000] {logging_mixin.py:149} INFO - [2023-05-04T08:16:59.617+0000] {dag.py:2726} INFO - Sync 1 DAGs
[2023-05-04T08:16:59.659+0000] {logging_mixin.py:149} INFO - [2023-05-04T08:16:59.659+0000] {dag.py:3490} INFO - Setting next_dagrun for example_short_circuit_operator to 2023-05-03T08:16:59.659281+00:00, run_after=2023-05-04T08:16:59.659281+00:00
[2023-05-04T08:16:59.686+0000] {processor.py:178} INFO - Processing /home/airflow/.local/lib/python3.7/site-packages/airflow/example_dags/example_short_circuit_operator.py took 0.132 seconds
[2023-05-04T08:17:30.259+0000] {processor.py:156} INFO - Started process (PID=5476) to work on /home/airflow/.local/lib/python3.7/site-packages/airflow/example_dags/example_short_circuit_operator.py
[2023-05-04T08:17:30.260+0000] {processor.py:799} INFO - Processing file /home/airflow/.local/lib/python3.7/site-packages/airflow/example_dags/example_short_circuit_operator.py for tasks to queue
[2023-05-04T08:17:30.261+0000] {logging_mixin.py:149} INFO - [2023-05-04T08:17:30.261+0000] {dagbag.py:541} INFO - Filling up the DagBag from /home/airflow/.local/lib/python3.7/site-packages/airflow/example_dags/example_short_circuit_operator.py
[2023-05-04T08:17:30.271+0000] {processor.py:809} INFO - DAG(s) dict_keys(['example_short_circuit_operator']) retrieved from /home/airflow/.local/lib/python3.7/site-packages/airflow/example_dags/example_short_circuit_operator.py
[2023-05-04T08:17:30.307+0000] {logging_mixin.py:149} INFO - [2023-05-04T08:17:30.307+0000] {dag.py:2726} INFO - Sync 1 DAGs
[2023-05-04T08:17:30.338+0000] {logging_mixin.py:149} INFO - [2023-05-04T08:17:30.338+0000] {dag.py:3490} INFO - Setting next_dagrun for example_short_circuit_operator to 2023-05-03T08:17:30.338353+00:00, run_after=2023-05-04T08:17:30.338353+00:00
[2023-05-04T08:17:30.363+0000] {processor.py:178} INFO - Processing /home/airflow/.local/lib/python3.7/site-packages/airflow/example_dags/example_short_circuit_operator.py took 0.109 seconds
[2023-05-04T08:18:00.757+0000] {processor.py:156} INFO - Started process (PID=5727) to work on /home/airflow/.local/lib/python3.7/site-packages/airflow/example_dags/example_short_circuit_operator.py
[2023-05-04T08:18:00.759+0000] {processor.py:799} INFO - Processing file /home/airflow/.local/lib/python3.7/site-packages/airflow/example_dags/example_short_circuit_operator.py for tasks to queue
[2023-05-04T08:18:00.761+0000] {logging_mixin.py:149} INFO - [2023-05-04T08:18:00.760+0000] {dagbag.py:541} INFO - Filling up the DagBag from /home/airflow/.local/lib/python3.7/site-packages/airflow/example_dags/example_short_circuit_operator.py
[2023-05-04T08:18:00.787+0000] {processor.py:809} INFO - DAG(s) dict_keys(['example_short_circuit_operator']) retrieved from /home/airflow/.local/lib/python3.7/site-packages/airflow/example_dags/example_short_circuit_operator.py
[2023-05-04T08:18:00.878+0000] {logging_mixin.py:149} INFO - [2023-05-04T08:18:00.877+0000] {dag.py:2726} INFO - Sync 1 DAGs
[2023-05-04T08:18:00.963+0000] {logging_mixin.py:149} INFO - [2023-05-04T08:18:00.963+0000] {dag.py:3490} INFO - Setting next_dagrun for example_short_circuit_operator to 2023-05-03T08:18:00.962544+00:00, run_after=2023-05-04T08:18:00.962544+00:00
[2023-05-04T08:18:01.023+0000] {processor.py:178} INFO - Processing /home/airflow/.local/lib/python3.7/site-packages/airflow/example_dags/example_short_circuit_operator.py took 0.273 seconds
[2023-05-04T08:18:31.524+0000] {processor.py:156} INFO - Started process (PID=5970) to work on /home/airflow/.local/lib/python3.7/site-packages/airflow/example_dags/example_short_circuit_operator.py
[2023-05-04T08:18:31.526+0000] {processor.py:799} INFO - Processing file /home/airflow/.local/lib/python3.7/site-packages/airflow/example_dags/example_short_circuit_operator.py for tasks to queue
[2023-05-04T08:18:31.527+0000] {logging_mixin.py:149} INFO - [2023-05-04T08:18:31.527+0000] {dagbag.py:541} INFO - Filling up the DagBag from /home/airflow/.local/lib/python3.7/site-packages/airflow/example_dags/example_short_circuit_operator.py
[2023-05-04T08:18:31.538+0000] {processor.py:809} INFO - DAG(s) dict_keys(['example_short_circuit_operator']) retrieved from /home/airflow/.local/lib/python3.7/site-packages/airflow/example_dags/example_short_circuit_operator.py
[2023-05-04T08:18:31.576+0000] {logging_mixin.py:149} INFO - [2023-05-04T08:18:31.576+0000] {dag.py:2726} INFO - Sync 1 DAGs
[2023-05-04T08:18:31.617+0000] {logging_mixin.py:149} INFO - [2023-05-04T08:18:31.617+0000] {dag.py:3490} INFO - Setting next_dagrun for example_short_circuit_operator to 2023-05-03T08:18:31.617087+00:00, run_after=2023-05-04T08:18:31.617087+00:00
[2023-05-04T08:18:31.802+0000] {processor.py:178} INFO - Processing /home/airflow/.local/lib/python3.7/site-packages/airflow/example_dags/example_short_circuit_operator.py took 0.282 seconds
[2023-05-04T08:19:01.969+0000] {processor.py:156} INFO - Started process (PID=6224) to work on /home/airflow/.local/lib/python3.7/site-packages/airflow/example_dags/example_short_circuit_operator.py
[2023-05-04T08:19:01.970+0000] {processor.py:799} INFO - Processing file /home/airflow/.local/lib/python3.7/site-packages/airflow/example_dags/example_short_circuit_operator.py for tasks to queue
[2023-05-04T08:19:01.971+0000] {logging_mixin.py:149} INFO - [2023-05-04T08:19:01.971+0000] {dagbag.py:541} INFO - Filling up the DagBag from /home/airflow/.local/lib/python3.7/site-packages/airflow/example_dags/example_short_circuit_operator.py
[2023-05-04T08:19:01.981+0000] {processor.py:809} INFO - DAG(s) dict_keys(['example_short_circuit_operator']) retrieved from /home/airflow/.local/lib/python3.7/site-packages/airflow/example_dags/example_short_circuit_operator.py
[2023-05-04T08:19:02.017+0000] {logging_mixin.py:149} INFO - [2023-05-04T08:19:02.017+0000] {dag.py:2726} INFO - Sync 1 DAGs
[2023-05-04T08:19:02.052+0000] {logging_mixin.py:149} INFO - [2023-05-04T08:19:02.052+0000] {dag.py:3490} INFO - Setting next_dagrun for example_short_circuit_operator to 2023-05-03T08:19:02.052221+00:00, run_after=2023-05-04T08:19:02.052221+00:00
[2023-05-04T08:19:02.079+0000] {processor.py:178} INFO - Processing /home/airflow/.local/lib/python3.7/site-packages/airflow/example_dags/example_short_circuit_operator.py took 0.114 seconds
[2023-05-04T08:19:32.474+0000] {processor.py:156} INFO - Started process (PID=6477) to work on /home/airflow/.local/lib/python3.7/site-packages/airflow/example_dags/example_short_circuit_operator.py
[2023-05-04T08:19:32.476+0000] {processor.py:799} INFO - Processing file /home/airflow/.local/lib/python3.7/site-packages/airflow/example_dags/example_short_circuit_operator.py for tasks to queue
[2023-05-04T08:19:32.477+0000] {logging_mixin.py:149} INFO - [2023-05-04T08:19:32.477+0000] {dagbag.py:541} INFO - Filling up the DagBag from /home/airflow/.local/lib/python3.7/site-packages/airflow/example_dags/example_short_circuit_operator.py
[2023-05-04T08:19:32.487+0000] {processor.py:809} INFO - DAG(s) dict_keys(['example_short_circuit_operator']) retrieved from /home/airflow/.local/lib/python3.7/site-packages/airflow/example_dags/example_short_circuit_operator.py
[2023-05-04T08:19:32.520+0000] {logging_mixin.py:149} INFO - [2023-05-04T08:19:32.519+0000] {dag.py:2726} INFO - Sync 1 DAGs
[2023-05-04T08:19:32.548+0000] {logging_mixin.py:149} INFO - [2023-05-04T08:19:32.548+0000] {dag.py:3490} INFO - Setting next_dagrun for example_short_circuit_operator to 2023-05-03T08:19:32.548305+00:00, run_after=2023-05-04T08:19:32.548305+00:00
[2023-05-04T08:19:32.573+0000] {processor.py:178} INFO - Processing /home/airflow/.local/lib/python3.7/site-packages/airflow/example_dags/example_short_circuit_operator.py took 0.102 seconds
[2023-05-04T08:20:02.797+0000] {processor.py:156} INFO - Started process (PID=6730) to work on /home/airflow/.local/lib/python3.7/site-packages/airflow/example_dags/example_short_circuit_operator.py
[2023-05-04T08:20:02.798+0000] {processor.py:799} INFO - Processing file /home/airflow/.local/lib/python3.7/site-packages/airflow/example_dags/example_short_circuit_operator.py for tasks to queue
[2023-05-04T08:20:02.799+0000] {logging_mixin.py:149} INFO - [2023-05-04T08:20:02.799+0000] {dagbag.py:541} INFO - Filling up the DagBag from /home/airflow/.local/lib/python3.7/site-packages/airflow/example_dags/example_short_circuit_operator.py
[2023-05-04T08:20:02.809+0000] {processor.py:809} INFO - DAG(s) dict_keys(['example_short_circuit_operator']) retrieved from /home/airflow/.local/lib/python3.7/site-packages/airflow/example_dags/example_short_circuit_operator.py
[2023-05-04T08:20:02.969+0000] {logging_mixin.py:149} INFO - [2023-05-04T08:20:02.968+0000] {dag.py:2726} INFO - Sync 1 DAGs
[2023-05-04T08:20:02.998+0000] {logging_mixin.py:149} INFO - [2023-05-04T08:20:02.998+0000] {dag.py:3490} INFO - Setting next_dagrun for example_short_circuit_operator to 2023-05-03T08:20:02.998232+00:00, run_after=2023-05-04T08:20:02.998232+00:00
[2023-05-04T08:20:03.032+0000] {processor.py:178} INFO - Processing /home/airflow/.local/lib/python3.7/site-packages/airflow/example_dags/example_short_circuit_operator.py took 0.239 seconds
[2023-05-04T08:20:33.294+0000] {processor.py:156} INFO - Started process (PID=6983) to work on /home/airflow/.local/lib/python3.7/site-packages/airflow/example_dags/example_short_circuit_operator.py
[2023-05-04T08:20:33.296+0000] {processor.py:799} INFO - Processing file /home/airflow/.local/lib/python3.7/site-packages/airflow/example_dags/example_short_circuit_operator.py for tasks to queue
[2023-05-04T08:20:33.297+0000] {logging_mixin.py:149} INFO - [2023-05-04T08:20:33.297+0000] {dagbag.py:541} INFO - Filling up the DagBag from /home/airflow/.local/lib/python3.7/site-packages/airflow/example_dags/example_short_circuit_operator.py
[2023-05-04T08:20:33.307+0000] {processor.py:809} INFO - DAG(s) dict_keys(['example_short_circuit_operator']) retrieved from /home/airflow/.local/lib/python3.7/site-packages/airflow/example_dags/example_short_circuit_operator.py
[2023-05-04T08:20:33.339+0000] {logging_mixin.py:149} INFO - [2023-05-04T08:20:33.339+0000] {dag.py:2726} INFO - Sync 1 DAGs
[2023-05-04T08:20:33.514+0000] {logging_mixin.py:149} INFO - [2023-05-04T08:20:33.514+0000] {dag.py:3490} INFO - Setting next_dagrun for example_short_circuit_operator to 2023-05-03T08:20:33.513881+00:00, run_after=2023-05-04T08:20:33.513881+00:00
[2023-05-04T08:20:33.537+0000] {processor.py:178} INFO - Processing /home/airflow/.local/lib/python3.7/site-packages/airflow/example_dags/example_short_circuit_operator.py took 0.246 seconds
[2023-05-04T08:21:04.002+0000] {processor.py:156} INFO - Started process (PID=7237) to work on /home/airflow/.local/lib/python3.7/site-packages/airflow/example_dags/example_short_circuit_operator.py
[2023-05-04T08:21:04.007+0000] {processor.py:799} INFO - Processing file /home/airflow/.local/lib/python3.7/site-packages/airflow/example_dags/example_short_circuit_operator.py for tasks to queue
[2023-05-04T08:21:04.017+0000] {logging_mixin.py:149} INFO - [2023-05-04T08:21:04.016+0000] {dagbag.py:541} INFO - Filling up the DagBag from /home/airflow/.local/lib/python3.7/site-packages/airflow/example_dags/example_short_circuit_operator.py
[2023-05-04T08:21:04.085+0000] {processor.py:809} INFO - DAG(s) dict_keys(['example_short_circuit_operator']) retrieved from /home/airflow/.local/lib/python3.7/site-packages/airflow/example_dags/example_short_circuit_operator.py
[2023-05-04T08:21:04.230+0000] {logging_mixin.py:149} INFO - [2023-05-04T08:21:04.230+0000] {dag.py:2726} INFO - Sync 1 DAGs
[2023-05-04T08:21:04.404+0000] {logging_mixin.py:149} INFO - [2023-05-04T08:21:04.403+0000] {dag.py:3490} INFO - Setting next_dagrun for example_short_circuit_operator to 2023-05-03T08:21:04.403227+00:00, run_after=2023-05-04T08:21:04.403227+00:00
[2023-05-04T08:21:04.549+0000] {processor.py:178} INFO - Processing /home/airflow/.local/lib/python3.7/site-packages/airflow/example_dags/example_short_circuit_operator.py took 0.570 seconds
[2023-05-04T08:21:34.698+0000] {processor.py:156} INFO - Started process (PID=7490) to work on /home/airflow/.local/lib/python3.7/site-packages/airflow/example_dags/example_short_circuit_operator.py
[2023-05-04T08:21:34.699+0000] {processor.py:799} INFO - Processing file /home/airflow/.local/lib/python3.7/site-packages/airflow/example_dags/example_short_circuit_operator.py for tasks to queue
[2023-05-04T08:21:34.700+0000] {logging_mixin.py:149} INFO - [2023-05-04T08:21:34.700+0000] {dagbag.py:541} INFO - Filling up the DagBag from /home/airflow/.local/lib/python3.7/site-packages/airflow/example_dags/example_short_circuit_operator.py
[2023-05-04T08:21:34.710+0000] {processor.py:809} INFO - DAG(s) dict_keys(['example_short_circuit_operator']) retrieved from /home/airflow/.local/lib/python3.7/site-packages/airflow/example_dags/example_short_circuit_operator.py
[2023-05-04T08:21:34.742+0000] {logging_mixin.py:149} INFO - [2023-05-04T08:21:34.742+0000] {dag.py:2726} INFO - Sync 1 DAGs
[2023-05-04T08:21:34.772+0000] {logging_mixin.py:149} INFO - [2023-05-04T08:21:34.772+0000] {dag.py:3490} INFO - Setting next_dagrun for example_short_circuit_operator to 2023-05-03T08:21:34.772042+00:00, run_after=2023-05-04T08:21:34.772042+00:00
[2023-05-04T08:21:34.797+0000] {processor.py:178} INFO - Processing /home/airflow/.local/lib/python3.7/site-packages/airflow/example_dags/example_short_circuit_operator.py took 0.103 seconds
[2023-05-04T08:22:04.975+0000] {processor.py:156} INFO - Started process (PID=7748) to work on /home/airflow/.local/lib/python3.7/site-packages/airflow/example_dags/example_short_circuit_operator.py
[2023-05-04T08:22:04.977+0000] {processor.py:799} INFO - Processing file /home/airflow/.local/lib/python3.7/site-packages/airflow/example_dags/example_short_circuit_operator.py for tasks to queue
[2023-05-04T08:22:04.978+0000] {logging_mixin.py:149} INFO - [2023-05-04T08:22:04.977+0000] {dagbag.py:541} INFO - Filling up the DagBag from /home/airflow/.local/lib/python3.7/site-packages/airflow/example_dags/example_short_circuit_operator.py
[2023-05-04T08:22:04.988+0000] {processor.py:809} INFO - DAG(s) dict_keys(['example_short_circuit_operator']) retrieved from /home/airflow/.local/lib/python3.7/site-packages/airflow/example_dags/example_short_circuit_operator.py
[2023-05-04T08:22:05.021+0000] {logging_mixin.py:149} INFO - [2023-05-04T08:22:05.021+0000] {dag.py:2726} INFO - Sync 1 DAGs
[2023-05-04T08:22:05.049+0000] {logging_mixin.py:149} INFO - [2023-05-04T08:22:05.049+0000] {dag.py:3490} INFO - Setting next_dagrun for example_short_circuit_operator to 2023-05-03T08:22:05.049173+00:00, run_after=2023-05-04T08:22:05.049173+00:00
[2023-05-04T08:22:05.071+0000] {processor.py:178} INFO - Processing /home/airflow/.local/lib/python3.7/site-packages/airflow/example_dags/example_short_circuit_operator.py took 0.100 seconds
[2023-05-04T08:22:35.158+0000] {processor.py:156} INFO - Started process (PID=8002) to work on /home/airflow/.local/lib/python3.7/site-packages/airflow/example_dags/example_short_circuit_operator.py
[2023-05-04T08:22:35.159+0000] {processor.py:799} INFO - Processing file /home/airflow/.local/lib/python3.7/site-packages/airflow/example_dags/example_short_circuit_operator.py for tasks to queue
[2023-05-04T08:22:35.160+0000] {logging_mixin.py:149} INFO - [2023-05-04T08:22:35.160+0000] {dagbag.py:541} INFO - Filling up the DagBag from /home/airflow/.local/lib/python3.7/site-packages/airflow/example_dags/example_short_circuit_operator.py
[2023-05-04T08:22:35.171+0000] {processor.py:809} INFO - DAG(s) dict_keys(['example_short_circuit_operator']) retrieved from /home/airflow/.local/lib/python3.7/site-packages/airflow/example_dags/example_short_circuit_operator.py
[2023-05-04T08:22:35.205+0000] {logging_mixin.py:149} INFO - [2023-05-04T08:22:35.205+0000] {dag.py:2726} INFO - Sync 1 DAGs
[2023-05-04T08:22:35.236+0000] {logging_mixin.py:149} INFO - [2023-05-04T08:22:35.236+0000] {dag.py:3490} INFO - Setting next_dagrun for example_short_circuit_operator to 2023-05-03T08:22:35.235975+00:00, run_after=2023-05-04T08:22:35.235975+00:00
[2023-05-04T08:22:35.260+0000] {processor.py:178} INFO - Processing /home/airflow/.local/lib/python3.7/site-packages/airflow/example_dags/example_short_circuit_operator.py took 0.106 seconds
[2023-05-04T08:23:05.309+0000] {processor.py:156} INFO - Started process (PID=8256) to work on /home/airflow/.local/lib/python3.7/site-packages/airflow/example_dags/example_short_circuit_operator.py
[2023-05-04T08:23:05.310+0000] {processor.py:799} INFO - Processing file /home/airflow/.local/lib/python3.7/site-packages/airflow/example_dags/example_short_circuit_operator.py for tasks to queue
[2023-05-04T08:23:05.312+0000] {logging_mixin.py:149} INFO - [2023-05-04T08:23:05.311+0000] {dagbag.py:541} INFO - Filling up the DagBag from /home/airflow/.local/lib/python3.7/site-packages/airflow/example_dags/example_short_circuit_operator.py
[2023-05-04T08:23:05.323+0000] {processor.py:809} INFO - DAG(s) dict_keys(['example_short_circuit_operator']) retrieved from /home/airflow/.local/lib/python3.7/site-packages/airflow/example_dags/example_short_circuit_operator.py
[2023-05-04T08:23:05.358+0000] {logging_mixin.py:149} INFO - [2023-05-04T08:23:05.357+0000] {dag.py:2726} INFO - Sync 1 DAGs
[2023-05-04T08:23:05.390+0000] {logging_mixin.py:149} INFO - [2023-05-04T08:23:05.390+0000] {dag.py:3490} INFO - Setting next_dagrun for example_short_circuit_operator to 2023-05-03T08:23:05.390487+00:00, run_after=2023-05-04T08:23:05.390487+00:00
[2023-05-04T08:23:05.414+0000] {processor.py:178} INFO - Processing /home/airflow/.local/lib/python3.7/site-packages/airflow/example_dags/example_short_circuit_operator.py took 0.110 seconds
[2023-05-04T08:23:36.157+0000] {processor.py:156} INFO - Started process (PID=8505) to work on /home/airflow/.local/lib/python3.7/site-packages/airflow/example_dags/example_short_circuit_operator.py
[2023-05-04T08:23:36.159+0000] {processor.py:799} INFO - Processing file /home/airflow/.local/lib/python3.7/site-packages/airflow/example_dags/example_short_circuit_operator.py for tasks to queue
[2023-05-04T08:23:36.162+0000] {logging_mixin.py:149} INFO - [2023-05-04T08:23:36.162+0000] {dagbag.py:541} INFO - Filling up the DagBag from /home/airflow/.local/lib/python3.7/site-packages/airflow/example_dags/example_short_circuit_operator.py
[2023-05-04T08:23:36.184+0000] {processor.py:809} INFO - DAG(s) dict_keys(['example_short_circuit_operator']) retrieved from /home/airflow/.local/lib/python3.7/site-packages/airflow/example_dags/example_short_circuit_operator.py
[2023-05-04T08:23:36.252+0000] {logging_mixin.py:149} INFO - [2023-05-04T08:23:36.252+0000] {dag.py:2726} INFO - Sync 1 DAGs
[2023-05-04T08:23:36.322+0000] {logging_mixin.py:149} INFO - [2023-05-04T08:23:36.321+0000] {dag.py:3490} INFO - Setting next_dagrun for example_short_circuit_operator to 2023-05-03T08:23:36.321117+00:00, run_after=2023-05-04T08:23:36.321117+00:00
[2023-05-04T08:23:36.409+0000] {processor.py:178} INFO - Processing /home/airflow/.local/lib/python3.7/site-packages/airflow/example_dags/example_short_circuit_operator.py took 0.258 seconds
