[2023-05-04T08:16:54.461+0000] {processor.py:156} INFO - Started process (PID=5190) to work on /home/airflow/.local/lib/python3.7/site-packages/airflow/example_dags/example_xcom.py
[2023-05-04T08:16:54.462+0000] {processor.py:799} INFO - Processing file /home/airflow/.local/lib/python3.7/site-packages/airflow/example_dags/example_xcom.py for tasks to queue
[2023-05-04T08:16:54.464+0000] {logging_mixin.py:149} INFO - [2023-05-04T08:16:54.463+0000] {dagbag.py:541} INFO - Filling up the DagBag from /home/airflow/.local/lib/python3.7/site-packages/airflow/example_dags/example_xcom.py
[2023-05-04T08:16:54.474+0000] {processor.py:809} INFO - DAG(s) dict_keys(['example_xcom']) retrieved from /home/airflow/.local/lib/python3.7/site-packages/airflow/example_dags/example_xcom.py
[2023-05-04T08:16:54.514+0000] {logging_mixin.py:149} INFO - [2023-05-04T08:16:54.514+0000] {dag.py:2726} INFO - Sync 1 DAGs
[2023-05-04T08:16:54.565+0000] {logging_mixin.py:149} INFO - [2023-05-04T08:16:54.565+0000] {dag.py:3490} INFO - Setting next_dagrun for example_xcom to 2021-01-01T00:00:00+00:00, run_after=2021-01-01T00:00:00+00:00
[2023-05-04T08:16:54.596+0000] {processor.py:178} INFO - Processing /home/airflow/.local/lib/python3.7/site-packages/airflow/example_dags/example_xcom.py took 0.140 seconds
[2023-05-04T08:17:25.319+0000] {processor.py:156} INFO - Started process (PID=5433) to work on /home/airflow/.local/lib/python3.7/site-packages/airflow/example_dags/example_xcom.py
[2023-05-04T08:17:25.321+0000] {processor.py:799} INFO - Processing file /home/airflow/.local/lib/python3.7/site-packages/airflow/example_dags/example_xcom.py for tasks to queue
[2023-05-04T08:17:25.322+0000] {logging_mixin.py:149} INFO - [2023-05-04T08:17:25.322+0000] {dagbag.py:541} INFO - Filling up the DagBag from /home/airflow/.local/lib/python3.7/site-packages/airflow/example_dags/example_xcom.py
[2023-05-04T08:17:25.333+0000] {processor.py:809} INFO - DAG(s) dict_keys(['example_xcom']) retrieved from /home/airflow/.local/lib/python3.7/site-packages/airflow/example_dags/example_xcom.py
[2023-05-04T08:17:25.369+0000] {logging_mixin.py:149} INFO - [2023-05-04T08:17:25.368+0000] {dag.py:2726} INFO - Sync 1 DAGs
[2023-05-04T08:17:25.403+0000] {logging_mixin.py:149} INFO - [2023-05-04T08:17:25.403+0000] {dag.py:3490} INFO - Setting next_dagrun for example_xcom to 2021-01-01T00:00:00+00:00, run_after=2021-01-01T00:00:00+00:00
[2023-05-04T08:17:25.432+0000] {processor.py:178} INFO - Processing /home/airflow/.local/lib/python3.7/site-packages/airflow/example_dags/example_xcom.py took 0.117 seconds
[2023-05-04T08:17:55.540+0000] {processor.py:156} INFO - Started process (PID=5684) to work on /home/airflow/.local/lib/python3.7/site-packages/airflow/example_dags/example_xcom.py
[2023-05-04T08:17:55.542+0000] {processor.py:799} INFO - Processing file /home/airflow/.local/lib/python3.7/site-packages/airflow/example_dags/example_xcom.py for tasks to queue
[2023-05-04T08:17:55.547+0000] {logging_mixin.py:149} INFO - [2023-05-04T08:17:55.546+0000] {dagbag.py:541} INFO - Filling up the DagBag from /home/airflow/.local/lib/python3.7/site-packages/airflow/example_dags/example_xcom.py
[2023-05-04T08:17:55.564+0000] {processor.py:809} INFO - DAG(s) dict_keys(['example_xcom']) retrieved from /home/airflow/.local/lib/python3.7/site-packages/airflow/example_dags/example_xcom.py
[2023-05-04T08:17:55.620+0000] {logging_mixin.py:149} INFO - [2023-05-04T08:17:55.620+0000] {dag.py:2726} INFO - Sync 1 DAGs
[2023-05-04T08:17:55.917+0000] {logging_mixin.py:149} INFO - [2023-05-04T08:17:55.916+0000] {dag.py:3490} INFO - Setting next_dagrun for example_xcom to 2021-01-01T00:00:00+00:00, run_after=2021-01-01T00:00:00+00:00
[2023-05-04T08:17:55.970+0000] {processor.py:178} INFO - Processing /home/airflow/.local/lib/python3.7/site-packages/airflow/example_dags/example_xcom.py took 0.439 seconds
[2023-05-04T08:18:26.232+0000] {processor.py:156} INFO - Started process (PID=5935) to work on /home/airflow/.local/lib/python3.7/site-packages/airflow/example_dags/example_xcom.py
[2023-05-04T08:18:26.233+0000] {processor.py:799} INFO - Processing file /home/airflow/.local/lib/python3.7/site-packages/airflow/example_dags/example_xcom.py for tasks to queue
[2023-05-04T08:18:26.234+0000] {logging_mixin.py:149} INFO - [2023-05-04T08:18:26.234+0000] {dagbag.py:541} INFO - Filling up the DagBag from /home/airflow/.local/lib/python3.7/site-packages/airflow/example_dags/example_xcom.py
[2023-05-04T08:18:26.242+0000] {processor.py:809} INFO - DAG(s) dict_keys(['example_xcom']) retrieved from /home/airflow/.local/lib/python3.7/site-packages/airflow/example_dags/example_xcom.py
[2023-05-04T08:18:26.273+0000] {logging_mixin.py:149} INFO - [2023-05-04T08:18:26.272+0000] {dag.py:2726} INFO - Sync 1 DAGs
[2023-05-04T08:18:26.301+0000] {logging_mixin.py:149} INFO - [2023-05-04T08:18:26.301+0000] {dag.py:3490} INFO - Setting next_dagrun for example_xcom to 2021-01-01T00:00:00+00:00, run_after=2021-01-01T00:00:00+00:00
[2023-05-04T08:18:26.450+0000] {processor.py:178} INFO - Processing /home/airflow/.local/lib/python3.7/site-packages/airflow/example_dags/example_xcom.py took 0.224 seconds
[2023-05-04T08:18:56.553+0000] {processor.py:156} INFO - Started process (PID=6189) to work on /home/airflow/.local/lib/python3.7/site-packages/airflow/example_dags/example_xcom.py
[2023-05-04T08:18:56.554+0000] {processor.py:799} INFO - Processing file /home/airflow/.local/lib/python3.7/site-packages/airflow/example_dags/example_xcom.py for tasks to queue
[2023-05-04T08:18:56.556+0000] {logging_mixin.py:149} INFO - [2023-05-04T08:18:56.555+0000] {dagbag.py:541} INFO - Filling up the DagBag from /home/airflow/.local/lib/python3.7/site-packages/airflow/example_dags/example_xcom.py
[2023-05-04T08:18:56.564+0000] {processor.py:809} INFO - DAG(s) dict_keys(['example_xcom']) retrieved from /home/airflow/.local/lib/python3.7/site-packages/airflow/example_dags/example_xcom.py
[2023-05-04T08:18:56.596+0000] {logging_mixin.py:149} INFO - [2023-05-04T08:18:56.595+0000] {dag.py:2726} INFO - Sync 1 DAGs
[2023-05-04T08:18:56.630+0000] {logging_mixin.py:149} INFO - [2023-05-04T08:18:56.629+0000] {dag.py:3490} INFO - Setting next_dagrun for example_xcom to 2021-01-01T00:00:00+00:00, run_after=2021-01-01T00:00:00+00:00
[2023-05-04T08:18:56.655+0000] {processor.py:178} INFO - Processing /home/airflow/.local/lib/python3.7/site-packages/airflow/example_dags/example_xcom.py took 0.106 seconds
[2023-05-04T08:19:27.097+0000] {processor.py:156} INFO - Started process (PID=6442) to work on /home/airflow/.local/lib/python3.7/site-packages/airflow/example_dags/example_xcom.py
[2023-05-04T08:19:27.098+0000] {processor.py:799} INFO - Processing file /home/airflow/.local/lib/python3.7/site-packages/airflow/example_dags/example_xcom.py for tasks to queue
[2023-05-04T08:19:27.100+0000] {logging_mixin.py:149} INFO - [2023-05-04T08:19:27.099+0000] {dagbag.py:541} INFO - Filling up the DagBag from /home/airflow/.local/lib/python3.7/site-packages/airflow/example_dags/example_xcom.py
[2023-05-04T08:19:27.108+0000] {processor.py:809} INFO - DAG(s) dict_keys(['example_xcom']) retrieved from /home/airflow/.local/lib/python3.7/site-packages/airflow/example_dags/example_xcom.py
[2023-05-04T08:19:27.138+0000] {logging_mixin.py:149} INFO - [2023-05-04T08:19:27.138+0000] {dag.py:2726} INFO - Sync 1 DAGs
[2023-05-04T08:19:27.166+0000] {logging_mixin.py:149} INFO - [2023-05-04T08:19:27.166+0000] {dag.py:3490} INFO - Setting next_dagrun for example_xcom to 2021-01-01T00:00:00+00:00, run_after=2021-01-01T00:00:00+00:00
[2023-05-04T08:19:27.190+0000] {processor.py:178} INFO - Processing /home/airflow/.local/lib/python3.7/site-packages/airflow/example_dags/example_xcom.py took 0.098 seconds
[2023-05-04T08:19:57.827+0000] {processor.py:156} INFO - Started process (PID=6695) to work on /home/airflow/.local/lib/python3.7/site-packages/airflow/example_dags/example_xcom.py
[2023-05-04T08:19:57.828+0000] {processor.py:799} INFO - Processing file /home/airflow/.local/lib/python3.7/site-packages/airflow/example_dags/example_xcom.py for tasks to queue
[2023-05-04T08:19:57.829+0000] {logging_mixin.py:149} INFO - [2023-05-04T08:19:57.829+0000] {dagbag.py:541} INFO - Filling up the DagBag from /home/airflow/.local/lib/python3.7/site-packages/airflow/example_dags/example_xcom.py
[2023-05-04T08:19:57.838+0000] {processor.py:809} INFO - DAG(s) dict_keys(['example_xcom']) retrieved from /home/airflow/.local/lib/python3.7/site-packages/airflow/example_dags/example_xcom.py
[2023-05-04T08:19:58.010+0000] {logging_mixin.py:149} INFO - [2023-05-04T08:19:58.010+0000] {dag.py:2726} INFO - Sync 1 DAGs
[2023-05-04T08:19:58.043+0000] {logging_mixin.py:149} INFO - [2023-05-04T08:19:58.043+0000] {dag.py:3490} INFO - Setting next_dagrun for example_xcom to 2021-01-01T00:00:00+00:00, run_after=2021-01-01T00:00:00+00:00
[2023-05-04T08:19:58.069+0000] {processor.py:178} INFO - Processing /home/airflow/.local/lib/python3.7/site-packages/airflow/example_dags/example_xcom.py took 0.246 seconds
[2023-05-04T08:20:28.410+0000] {processor.py:156} INFO - Started process (PID=6948) to work on /home/airflow/.local/lib/python3.7/site-packages/airflow/example_dags/example_xcom.py
[2023-05-04T08:20:28.411+0000] {processor.py:799} INFO - Processing file /home/airflow/.local/lib/python3.7/site-packages/airflow/example_dags/example_xcom.py for tasks to queue
[2023-05-04T08:20:28.412+0000] {logging_mixin.py:149} INFO - [2023-05-04T08:20:28.412+0000] {dagbag.py:541} INFO - Filling up the DagBag from /home/airflow/.local/lib/python3.7/site-packages/airflow/example_dags/example_xcom.py
[2023-05-04T08:20:28.424+0000] {processor.py:809} INFO - DAG(s) dict_keys(['example_xcom']) retrieved from /home/airflow/.local/lib/python3.7/site-packages/airflow/example_dags/example_xcom.py
[2023-05-04T08:20:28.455+0000] {logging_mixin.py:149} INFO - [2023-05-04T08:20:28.454+0000] {dag.py:2726} INFO - Sync 1 DAGs
[2023-05-04T08:20:28.608+0000] {logging_mixin.py:149} INFO - [2023-05-04T08:20:28.607+0000] {dag.py:3490} INFO - Setting next_dagrun for example_xcom to 2021-01-01T00:00:00+00:00, run_after=2021-01-01T00:00:00+00:00
[2023-05-04T08:20:28.631+0000] {processor.py:178} INFO - Processing /home/airflow/.local/lib/python3.7/site-packages/airflow/example_dags/example_xcom.py took 0.225 seconds
[2023-05-04T08:20:59.362+0000] {processor.py:156} INFO - Started process (PID=7202) to work on /home/airflow/.local/lib/python3.7/site-packages/airflow/example_dags/example_xcom.py
[2023-05-04T08:20:59.363+0000] {processor.py:799} INFO - Processing file /home/airflow/.local/lib/python3.7/site-packages/airflow/example_dags/example_xcom.py for tasks to queue
[2023-05-04T08:20:59.365+0000] {logging_mixin.py:149} INFO - [2023-05-04T08:20:59.364+0000] {dagbag.py:541} INFO - Filling up the DagBag from /home/airflow/.local/lib/python3.7/site-packages/airflow/example_dags/example_xcom.py
[2023-05-04T08:20:59.374+0000] {processor.py:809} INFO - DAG(s) dict_keys(['example_xcom']) retrieved from /home/airflow/.local/lib/python3.7/site-packages/airflow/example_dags/example_xcom.py
[2023-05-04T08:20:59.404+0000] {logging_mixin.py:149} INFO - [2023-05-04T08:20:59.404+0000] {dag.py:2726} INFO - Sync 1 DAGs
[2023-05-04T08:20:59.433+0000] {logging_mixin.py:149} INFO - [2023-05-04T08:20:59.433+0000] {dag.py:3490} INFO - Setting next_dagrun for example_xcom to 2021-01-01T00:00:00+00:00, run_after=2021-01-01T00:00:00+00:00
[2023-05-04T08:20:59.457+0000] {processor.py:178} INFO - Processing /home/airflow/.local/lib/python3.7/site-packages/airflow/example_dags/example_xcom.py took 0.098 seconds
[2023-05-04T08:21:30.292+0000] {processor.py:156} INFO - Started process (PID=7455) to work on /home/airflow/.local/lib/python3.7/site-packages/airflow/example_dags/example_xcom.py
[2023-05-04T08:21:30.293+0000] {processor.py:799} INFO - Processing file /home/airflow/.local/lib/python3.7/site-packages/airflow/example_dags/example_xcom.py for tasks to queue
[2023-05-04T08:21:30.294+0000] {logging_mixin.py:149} INFO - [2023-05-04T08:21:30.294+0000] {dagbag.py:541} INFO - Filling up the DagBag from /home/airflow/.local/lib/python3.7/site-packages/airflow/example_dags/example_xcom.py
[2023-05-04T08:21:30.304+0000] {processor.py:809} INFO - DAG(s) dict_keys(['example_xcom']) retrieved from /home/airflow/.local/lib/python3.7/site-packages/airflow/example_dags/example_xcom.py
[2023-05-04T08:21:30.340+0000] {logging_mixin.py:149} INFO - [2023-05-04T08:21:30.340+0000] {dag.py:2726} INFO - Sync 1 DAGs
[2023-05-04T08:21:30.373+0000] {logging_mixin.py:149} INFO - [2023-05-04T08:21:30.373+0000] {dag.py:3490} INFO - Setting next_dagrun for example_xcom to 2021-01-01T00:00:00+00:00, run_after=2021-01-01T00:00:00+00:00
[2023-05-04T08:21:30.402+0000] {processor.py:178} INFO - Processing /home/airflow/.local/lib/python3.7/site-packages/airflow/example_dags/example_xcom.py took 0.114 seconds
[2023-05-04T08:22:01.309+0000] {processor.py:156} INFO - Started process (PID=7708) to work on /home/airflow/.local/lib/python3.7/site-packages/airflow/example_dags/example_xcom.py
[2023-05-04T08:22:01.310+0000] {processor.py:799} INFO - Processing file /home/airflow/.local/lib/python3.7/site-packages/airflow/example_dags/example_xcom.py for tasks to queue
[2023-05-04T08:22:01.311+0000] {logging_mixin.py:149} INFO - [2023-05-04T08:22:01.311+0000] {dagbag.py:541} INFO - Filling up the DagBag from /home/airflow/.local/lib/python3.7/site-packages/airflow/example_dags/example_xcom.py
[2023-05-04T08:22:01.319+0000] {processor.py:809} INFO - DAG(s) dict_keys(['example_xcom']) retrieved from /home/airflow/.local/lib/python3.7/site-packages/airflow/example_dags/example_xcom.py
[2023-05-04T08:22:01.348+0000] {logging_mixin.py:149} INFO - [2023-05-04T08:22:01.348+0000] {dag.py:2726} INFO - Sync 1 DAGs
[2023-05-04T08:22:01.379+0000] {logging_mixin.py:149} INFO - [2023-05-04T08:22:01.379+0000] {dag.py:3490} INFO - Setting next_dagrun for example_xcom to 2021-01-01T00:00:00+00:00, run_after=2021-01-01T00:00:00+00:00
[2023-05-04T08:22:01.402+0000] {processor.py:178} INFO - Processing /home/airflow/.local/lib/python3.7/site-packages/airflow/example_dags/example_xcom.py took 0.097 seconds
[2023-05-04T08:22:31.472+0000] {processor.py:156} INFO - Started process (PID=7962) to work on /home/airflow/.local/lib/python3.7/site-packages/airflow/example_dags/example_xcom.py
[2023-05-04T08:22:31.473+0000] {processor.py:799} INFO - Processing file /home/airflow/.local/lib/python3.7/site-packages/airflow/example_dags/example_xcom.py for tasks to queue
[2023-05-04T08:22:31.475+0000] {logging_mixin.py:149} INFO - [2023-05-04T08:22:31.474+0000] {dagbag.py:541} INFO - Filling up the DagBag from /home/airflow/.local/lib/python3.7/site-packages/airflow/example_dags/example_xcom.py
[2023-05-04T08:22:31.489+0000] {processor.py:809} INFO - DAG(s) dict_keys(['example_xcom']) retrieved from /home/airflow/.local/lib/python3.7/site-packages/airflow/example_dags/example_xcom.py
[2023-05-04T08:22:31.523+0000] {logging_mixin.py:149} INFO - [2023-05-04T08:22:31.522+0000] {dag.py:2726} INFO - Sync 1 DAGs
[2023-05-04T08:22:31.552+0000] {logging_mixin.py:149} INFO - [2023-05-04T08:22:31.552+0000] {dag.py:3490} INFO - Setting next_dagrun for example_xcom to 2021-01-01T00:00:00+00:00, run_after=2021-01-01T00:00:00+00:00
[2023-05-04T08:22:31.574+0000] {processor.py:178} INFO - Processing /home/airflow/.local/lib/python3.7/site-packages/airflow/example_dags/example_xcom.py took 0.107 seconds
[2023-05-04T08:23:02.452+0000] {processor.py:156} INFO - Started process (PID=8216) to work on /home/airflow/.local/lib/python3.7/site-packages/airflow/example_dags/example_xcom.py
[2023-05-04T08:23:02.454+0000] {processor.py:799} INFO - Processing file /home/airflow/.local/lib/python3.7/site-packages/airflow/example_dags/example_xcom.py for tasks to queue
[2023-05-04T08:23:02.455+0000] {logging_mixin.py:149} INFO - [2023-05-04T08:23:02.455+0000] {dagbag.py:541} INFO - Filling up the DagBag from /home/airflow/.local/lib/python3.7/site-packages/airflow/example_dags/example_xcom.py
[2023-05-04T08:23:02.466+0000] {processor.py:809} INFO - DAG(s) dict_keys(['example_xcom']) retrieved from /home/airflow/.local/lib/python3.7/site-packages/airflow/example_dags/example_xcom.py
[2023-05-04T08:23:02.498+0000] {logging_mixin.py:149} INFO - [2023-05-04T08:23:02.497+0000] {dag.py:2726} INFO - Sync 1 DAGs
[2023-05-04T08:23:02.534+0000] {logging_mixin.py:149} INFO - [2023-05-04T08:23:02.534+0000] {dag.py:3490} INFO - Setting next_dagrun for example_xcom to 2021-01-01T00:00:00+00:00, run_after=2021-01-01T00:00:00+00:00
[2023-05-04T08:23:02.562+0000] {processor.py:178} INFO - Processing /home/airflow/.local/lib/python3.7/site-packages/airflow/example_dags/example_xcom.py took 0.115 seconds
[2023-05-04T08:23:33.407+0000] {processor.py:156} INFO - Started process (PID=8468) to work on /home/airflow/.local/lib/python3.7/site-packages/airflow/example_dags/example_xcom.py
[2023-05-04T08:23:33.408+0000] {processor.py:799} INFO - Processing file /home/airflow/.local/lib/python3.7/site-packages/airflow/example_dags/example_xcom.py for tasks to queue
[2023-05-04T08:23:33.409+0000] {logging_mixin.py:149} INFO - [2023-05-04T08:23:33.409+0000] {dagbag.py:541} INFO - Filling up the DagBag from /home/airflow/.local/lib/python3.7/site-packages/airflow/example_dags/example_xcom.py
[2023-05-04T08:23:33.419+0000] {processor.py:809} INFO - DAG(s) dict_keys(['example_xcom']) retrieved from /home/airflow/.local/lib/python3.7/site-packages/airflow/example_dags/example_xcom.py
[2023-05-04T08:23:33.456+0000] {logging_mixin.py:149} INFO - [2023-05-04T08:23:33.455+0000] {dag.py:2726} INFO - Sync 1 DAGs
[2023-05-04T08:23:33.496+0000] {logging_mixin.py:149} INFO - [2023-05-04T08:23:33.496+0000] {dag.py:3490} INFO - Setting next_dagrun for example_xcom to 2021-01-01T00:00:00+00:00, run_after=2021-01-01T00:00:00+00:00
[2023-05-04T08:23:33.528+0000] {processor.py:178} INFO - Processing /home/airflow/.local/lib/python3.7/site-packages/airflow/example_dags/example_xcom.py took 0.125 seconds
[2023-05-04T08:24:03.871+0000] {processor.py:156} INFO - Started process (PID=8714) to work on /home/airflow/.local/lib/python3.7/site-packages/airflow/example_dags/example_xcom.py
[2023-05-04T08:24:03.872+0000] {processor.py:799} INFO - Processing file /home/airflow/.local/lib/python3.7/site-packages/airflow/example_dags/example_xcom.py for tasks to queue
[2023-05-04T08:24:03.873+0000] {logging_mixin.py:149} INFO - [2023-05-04T08:24:03.873+0000] {dagbag.py:541} INFO - Filling up the DagBag from /home/airflow/.local/lib/python3.7/site-packages/airflow/example_dags/example_xcom.py
[2023-05-04T08:24:03.882+0000] {processor.py:809} INFO - DAG(s) dict_keys(['example_xcom']) retrieved from /home/airflow/.local/lib/python3.7/site-packages/airflow/example_dags/example_xcom.py
[2023-05-04T08:24:03.928+0000] {logging_mixin.py:149} INFO - [2023-05-04T08:24:03.928+0000] {dag.py:2726} INFO - Sync 1 DAGs
[2023-05-04T08:24:04.028+0000] {logging_mixin.py:149} INFO - [2023-05-04T08:24:04.028+0000] {dag.py:3490} INFO - Setting next_dagrun for example_xcom to 2021-01-01T00:00:00+00:00, run_after=2021-01-01T00:00:00+00:00
[2023-05-04T08:24:04.059+0000] {processor.py:178} INFO - Processing /home/airflow/.local/lib/python3.7/site-packages/airflow/example_dags/example_xcom.py took 0.192 seconds
[2023-05-04T08:24:34.142+0000] {processor.py:156} INFO - Started process (PID=8951) to work on /home/airflow/.local/lib/python3.7/site-packages/airflow/example_dags/example_xcom.py
[2023-05-04T08:24:34.144+0000] {processor.py:799} INFO - Processing file /home/airflow/.local/lib/python3.7/site-packages/airflow/example_dags/example_xcom.py for tasks to queue
[2023-05-04T08:24:34.148+0000] {logging_mixin.py:149} INFO - [2023-05-04T08:24:34.146+0000] {dagbag.py:541} INFO - Filling up the DagBag from /home/airflow/.local/lib/python3.7/site-packages/airflow/example_dags/example_xcom.py
[2023-05-04T08:24:34.166+0000] {processor.py:809} INFO - DAG(s) dict_keys(['example_xcom']) retrieved from /home/airflow/.local/lib/python3.7/site-packages/airflow/example_dags/example_xcom.py
[2023-05-04T08:24:34.310+0000] {logging_mixin.py:149} INFO - [2023-05-04T08:24:34.310+0000] {dag.py:2726} INFO - Sync 1 DAGs
[2023-05-04T08:24:34.373+0000] {logging_mixin.py:149} INFO - [2023-05-04T08:24:34.373+0000] {dag.py:3490} INFO - Setting next_dagrun for example_xcom to 2021-01-01T00:00:00+00:00, run_after=2021-01-01T00:00:00+00:00
[2023-05-04T08:24:34.412+0000] {processor.py:178} INFO - Processing /home/airflow/.local/lib/python3.7/site-packages/airflow/example_dags/example_xcom.py took 0.279 seconds
[2023-05-04T08:25:05.043+0000] {processor.py:156} INFO - Started process (PID=9205) to work on /home/airflow/.local/lib/python3.7/site-packages/airflow/example_dags/example_xcom.py
[2023-05-04T08:25:05.044+0000] {processor.py:799} INFO - Processing file /home/airflow/.local/lib/python3.7/site-packages/airflow/example_dags/example_xcom.py for tasks to queue
[2023-05-04T08:25:05.046+0000] {logging_mixin.py:149} INFO - [2023-05-04T08:25:05.045+0000] {dagbag.py:541} INFO - Filling up the DagBag from /home/airflow/.local/lib/python3.7/site-packages/airflow/example_dags/example_xcom.py
[2023-05-04T08:25:05.056+0000] {processor.py:809} INFO - DAG(s) dict_keys(['example_xcom']) retrieved from /home/airflow/.local/lib/python3.7/site-packages/airflow/example_dags/example_xcom.py
[2023-05-04T08:25:05.092+0000] {logging_mixin.py:149} INFO - [2023-05-04T08:25:05.092+0000] {dag.py:2726} INFO - Sync 1 DAGs
[2023-05-04T08:25:05.139+0000] {logging_mixin.py:149} INFO - [2023-05-04T08:25:05.139+0000] {dag.py:3490} INFO - Setting next_dagrun for example_xcom to 2021-01-01T00:00:00+00:00, run_after=2021-01-01T00:00:00+00:00
[2023-05-04T08:25:05.178+0000] {processor.py:178} INFO - Processing /home/airflow/.local/lib/python3.7/site-packages/airflow/example_dags/example_xcom.py took 0.139 seconds
[2023-05-04T08:25:35.374+0000] {processor.py:156} INFO - Started process (PID=9459) to work on /home/airflow/.local/lib/python3.7/site-packages/airflow/example_dags/example_xcom.py
[2023-05-04T08:25:35.375+0000] {processor.py:799} INFO - Processing file /home/airflow/.local/lib/python3.7/site-packages/airflow/example_dags/example_xcom.py for tasks to queue
[2023-05-04T08:25:35.376+0000] {logging_mixin.py:149} INFO - [2023-05-04T08:25:35.376+0000] {dagbag.py:541} INFO - Filling up the DagBag from /home/airflow/.local/lib/python3.7/site-packages/airflow/example_dags/example_xcom.py
[2023-05-04T08:25:35.384+0000] {processor.py:809} INFO - DAG(s) dict_keys(['example_xcom']) retrieved from /home/airflow/.local/lib/python3.7/site-packages/airflow/example_dags/example_xcom.py
[2023-05-04T08:25:35.414+0000] {logging_mixin.py:149} INFO - [2023-05-04T08:25:35.414+0000] {dag.py:2726} INFO - Sync 1 DAGs
[2023-05-04T08:25:35.443+0000] {logging_mixin.py:149} INFO - [2023-05-04T08:25:35.443+0000] {dag.py:3490} INFO - Setting next_dagrun for example_xcom to 2021-01-01T00:00:00+00:00, run_after=2021-01-01T00:00:00+00:00
[2023-05-04T08:25:35.471+0000] {processor.py:178} INFO - Processing /home/airflow/.local/lib/python3.7/site-packages/airflow/example_dags/example_xcom.py took 0.101 seconds
