[2023-05-04T08:16:39.704+0000] {processor.py:156} INFO - Started process (PID=5069) to work on /home/airflow/.local/lib/python3.7/site-packages/airflow/example_dags/example_branch_day_of_week_operator.py
[2023-05-04T08:16:39.706+0000] {processor.py:799} INFO - Processing file /home/airflow/.local/lib/python3.7/site-packages/airflow/example_dags/example_branch_day_of_week_operator.py for tasks to queue
[2023-05-04T08:16:39.707+0000] {logging_mixin.py:149} INFO - [2023-05-04T08:16:39.707+0000] {dagbag.py:541} INFO - Filling up the DagBag from /home/airflow/.local/lib/python3.7/site-packages/airflow/example_dags/example_branch_day_of_week_operator.py
[2023-05-04T08:16:39.717+0000] {processor.py:809} INFO - DAG(s) dict_keys(['example_weekday_branch_operator']) retrieved from /home/airflow/.local/lib/python3.7/site-packages/airflow/example_dags/example_branch_day_of_week_operator.py
[2023-05-04T08:16:39.747+0000] {logging_mixin.py:149} INFO - [2023-05-04T08:16:39.747+0000] {dag.py:2726} INFO - Sync 1 DAGs
[2023-05-04T08:16:39.782+0000] {logging_mixin.py:149} INFO - [2023-05-04T08:16:39.781+0000] {dag.py:3490} INFO - Setting next_dagrun for example_weekday_branch_operator to 2023-05-03T00:00:00+00:00, run_after=2023-05-04T00:00:00+00:00
[2023-05-04T08:16:39.806+0000] {processor.py:178} INFO - Processing /home/airflow/.local/lib/python3.7/site-packages/airflow/example_dags/example_branch_day_of_week_operator.py took 0.106 seconds
[2023-05-04T08:17:10.331+0000] {processor.py:156} INFO - Started process (PID=5323) to work on /home/airflow/.local/lib/python3.7/site-packages/airflow/example_dags/example_branch_day_of_week_operator.py
[2023-05-04T08:17:10.332+0000] {processor.py:799} INFO - Processing file /home/airflow/.local/lib/python3.7/site-packages/airflow/example_dags/example_branch_day_of_week_operator.py for tasks to queue
[2023-05-04T08:17:10.334+0000] {logging_mixin.py:149} INFO - [2023-05-04T08:17:10.334+0000] {dagbag.py:541} INFO - Filling up the DagBag from /home/airflow/.local/lib/python3.7/site-packages/airflow/example_dags/example_branch_day_of_week_operator.py
[2023-05-04T08:17:10.344+0000] {processor.py:809} INFO - DAG(s) dict_keys(['example_weekday_branch_operator']) retrieved from /home/airflow/.local/lib/python3.7/site-packages/airflow/example_dags/example_branch_day_of_week_operator.py
[2023-05-04T08:17:10.379+0000] {logging_mixin.py:149} INFO - [2023-05-04T08:17:10.378+0000] {dag.py:2726} INFO - Sync 1 DAGs
[2023-05-04T08:17:10.593+0000] {logging_mixin.py:149} INFO - [2023-05-04T08:17:10.593+0000] {dag.py:3490} INFO - Setting next_dagrun for example_weekday_branch_operator to 2023-05-03T00:00:00+00:00, run_after=2023-05-04T00:00:00+00:00
[2023-05-04T08:17:10.627+0000] {processor.py:178} INFO - Processing /home/airflow/.local/lib/python3.7/site-packages/airflow/example_dags/example_branch_day_of_week_operator.py took 0.301 seconds
[2023-05-04T08:17:40.905+0000] {processor.py:156} INFO - Started process (PID=5576) to work on /home/airflow/.local/lib/python3.7/site-packages/airflow/example_dags/example_branch_day_of_week_operator.py
[2023-05-04T08:17:40.908+0000] {processor.py:799} INFO - Processing file /home/airflow/.local/lib/python3.7/site-packages/airflow/example_dags/example_branch_day_of_week_operator.py for tasks to queue
[2023-05-04T08:17:40.912+0000] {logging_mixin.py:149} INFO - [2023-05-04T08:17:40.912+0000] {dagbag.py:541} INFO - Filling up the DagBag from /home/airflow/.local/lib/python3.7/site-packages/airflow/example_dags/example_branch_day_of_week_operator.py
[2023-05-04T08:17:40.923+0000] {processor.py:809} INFO - DAG(s) dict_keys(['example_weekday_branch_operator']) retrieved from /home/airflow/.local/lib/python3.7/site-packages/airflow/example_dags/example_branch_day_of_week_operator.py
[2023-05-04T08:17:40.958+0000] {logging_mixin.py:149} INFO - [2023-05-04T08:17:40.958+0000] {dag.py:2726} INFO - Sync 1 DAGs
[2023-05-04T08:17:41.008+0000] {logging_mixin.py:149} INFO - [2023-05-04T08:17:41.007+0000] {dag.py:3490} INFO - Setting next_dagrun for example_weekday_branch_operator to 2023-05-03T00:00:00+00:00, run_after=2023-05-04T00:00:00+00:00
[2023-05-04T08:17:41.040+0000] {processor.py:178} INFO - Processing /home/airflow/.local/lib/python3.7/site-packages/airflow/example_dags/example_branch_day_of_week_operator.py took 0.142 seconds
[2023-05-04T08:18:11.518+0000] {processor.py:156} INFO - Started process (PID=5830) to work on /home/airflow/.local/lib/python3.7/site-packages/airflow/example_dags/example_branch_day_of_week_operator.py
[2023-05-04T08:18:11.520+0000] {processor.py:799} INFO - Processing file /home/airflow/.local/lib/python3.7/site-packages/airflow/example_dags/example_branch_day_of_week_operator.py for tasks to queue
[2023-05-04T08:18:11.521+0000] {logging_mixin.py:149} INFO - [2023-05-04T08:18:11.521+0000] {dagbag.py:541} INFO - Filling up the DagBag from /home/airflow/.local/lib/python3.7/site-packages/airflow/example_dags/example_branch_day_of_week_operator.py
[2023-05-04T08:18:11.530+0000] {processor.py:809} INFO - DAG(s) dict_keys(['example_weekday_branch_operator']) retrieved from /home/airflow/.local/lib/python3.7/site-packages/airflow/example_dags/example_branch_day_of_week_operator.py
[2023-05-04T08:18:11.560+0000] {logging_mixin.py:149} INFO - [2023-05-04T08:18:11.560+0000] {dag.py:2726} INFO - Sync 1 DAGs
[2023-05-04T08:18:11.592+0000] {logging_mixin.py:149} INFO - [2023-05-04T08:18:11.592+0000] {dag.py:3490} INFO - Setting next_dagrun for example_weekday_branch_operator to 2023-05-03T00:00:00+00:00, run_after=2023-05-04T00:00:00+00:00
[2023-05-04T08:18:11.618+0000] {processor.py:178} INFO - Processing /home/airflow/.local/lib/python3.7/site-packages/airflow/example_dags/example_branch_day_of_week_operator.py took 0.104 seconds
[2023-05-04T08:18:42.196+0000] {processor.py:156} INFO - Started process (PID=6084) to work on /home/airflow/.local/lib/python3.7/site-packages/airflow/example_dags/example_branch_day_of_week_operator.py
[2023-05-04T08:18:42.197+0000] {processor.py:799} INFO - Processing file /home/airflow/.local/lib/python3.7/site-packages/airflow/example_dags/example_branch_day_of_week_operator.py for tasks to queue
[2023-05-04T08:18:42.198+0000] {logging_mixin.py:149} INFO - [2023-05-04T08:18:42.198+0000] {dagbag.py:541} INFO - Filling up the DagBag from /home/airflow/.local/lib/python3.7/site-packages/airflow/example_dags/example_branch_day_of_week_operator.py
[2023-05-04T08:18:42.208+0000] {processor.py:809} INFO - DAG(s) dict_keys(['example_weekday_branch_operator']) retrieved from /home/airflow/.local/lib/python3.7/site-packages/airflow/example_dags/example_branch_day_of_week_operator.py
[2023-05-04T08:18:42.238+0000] {logging_mixin.py:149} INFO - [2023-05-04T08:18:42.238+0000] {dag.py:2726} INFO - Sync 1 DAGs
[2023-05-04T08:18:42.270+0000] {logging_mixin.py:149} INFO - [2023-05-04T08:18:42.269+0000] {dag.py:3490} INFO - Setting next_dagrun for example_weekday_branch_operator to 2023-05-03T00:00:00+00:00, run_after=2023-05-04T00:00:00+00:00
[2023-05-04T08:18:42.296+0000] {processor.py:178} INFO - Processing /home/airflow/.local/lib/python3.7/site-packages/airflow/example_dags/example_branch_day_of_week_operator.py took 0.104 seconds
[2023-05-04T08:19:12.781+0000] {processor.py:156} INFO - Started process (PID=6337) to work on /home/airflow/.local/lib/python3.7/site-packages/airflow/example_dags/example_branch_day_of_week_operator.py
[2023-05-04T08:19:12.783+0000] {processor.py:799} INFO - Processing file /home/airflow/.local/lib/python3.7/site-packages/airflow/example_dags/example_branch_day_of_week_operator.py for tasks to queue
[2023-05-04T08:19:12.785+0000] {logging_mixin.py:149} INFO - [2023-05-04T08:19:12.784+0000] {dagbag.py:541} INFO - Filling up the DagBag from /home/airflow/.local/lib/python3.7/site-packages/airflow/example_dags/example_branch_day_of_week_operator.py
[2023-05-04T08:19:12.808+0000] {processor.py:809} INFO - DAG(s) dict_keys(['example_weekday_branch_operator']) retrieved from /home/airflow/.local/lib/python3.7/site-packages/airflow/example_dags/example_branch_day_of_week_operator.py
[2023-05-04T08:19:12.860+0000] {logging_mixin.py:149} INFO - [2023-05-04T08:19:12.860+0000] {dag.py:2726} INFO - Sync 1 DAGs
[2023-05-04T08:19:13.115+0000] {logging_mixin.py:149} INFO - [2023-05-04T08:19:13.115+0000] {dag.py:3490} INFO - Setting next_dagrun for example_weekday_branch_operator to 2023-05-03T00:00:00+00:00, run_after=2023-05-04T00:00:00+00:00
[2023-05-04T08:19:13.161+0000] {processor.py:178} INFO - Processing /home/airflow/.local/lib/python3.7/site-packages/airflow/example_dags/example_branch_day_of_week_operator.py took 0.385 seconds
[2023-05-04T08:19:43.285+0000] {processor.py:156} INFO - Started process (PID=6590) to work on /home/airflow/.local/lib/python3.7/site-packages/airflow/example_dags/example_branch_day_of_week_operator.py
[2023-05-04T08:19:43.286+0000] {processor.py:799} INFO - Processing file /home/airflow/.local/lib/python3.7/site-packages/airflow/example_dags/example_branch_day_of_week_operator.py for tasks to queue
[2023-05-04T08:19:43.287+0000] {logging_mixin.py:149} INFO - [2023-05-04T08:19:43.287+0000] {dagbag.py:541} INFO - Filling up the DagBag from /home/airflow/.local/lib/python3.7/site-packages/airflow/example_dags/example_branch_day_of_week_operator.py
[2023-05-04T08:19:43.296+0000] {processor.py:809} INFO - DAG(s) dict_keys(['example_weekday_branch_operator']) retrieved from /home/airflow/.local/lib/python3.7/site-packages/airflow/example_dags/example_branch_day_of_week_operator.py
[2023-05-04T08:19:43.329+0000] {logging_mixin.py:149} INFO - [2023-05-04T08:19:43.328+0000] {dag.py:2726} INFO - Sync 1 DAGs
[2023-05-04T08:19:43.473+0000] {logging_mixin.py:149} INFO - [2023-05-04T08:19:43.472+0000] {dag.py:3490} INFO - Setting next_dagrun for example_weekday_branch_operator to 2023-05-03T00:00:00+00:00, run_after=2023-05-04T00:00:00+00:00
[2023-05-04T08:19:43.497+0000] {processor.py:178} INFO - Processing /home/airflow/.local/lib/python3.7/site-packages/airflow/example_dags/example_branch_day_of_week_operator.py took 0.216 seconds
[2023-05-04T08:20:14.864+0000] {processor.py:156} INFO - Started process (PID=6843) to work on /home/airflow/.local/lib/python3.7/site-packages/airflow/example_dags/example_branch_day_of_week_operator.py
[2023-05-04T08:20:14.866+0000] {processor.py:799} INFO - Processing file /home/airflow/.local/lib/python3.7/site-packages/airflow/example_dags/example_branch_day_of_week_operator.py for tasks to queue
[2023-05-04T08:20:14.867+0000] {logging_mixin.py:149} INFO - [2023-05-04T08:20:14.867+0000] {dagbag.py:541} INFO - Filling up the DagBag from /home/airflow/.local/lib/python3.7/site-packages/airflow/example_dags/example_branch_day_of_week_operator.py
[2023-05-04T08:20:14.878+0000] {processor.py:809} INFO - DAG(s) dict_keys(['example_weekday_branch_operator']) retrieved from /home/airflow/.local/lib/python3.7/site-packages/airflow/example_dags/example_branch_day_of_week_operator.py
[2023-05-04T08:20:14.916+0000] {logging_mixin.py:149} INFO - [2023-05-04T08:20:14.915+0000] {dag.py:2726} INFO - Sync 1 DAGs
[2023-05-04T08:20:14.956+0000] {logging_mixin.py:149} INFO - [2023-05-04T08:20:14.956+0000] {dag.py:3490} INFO - Setting next_dagrun for example_weekday_branch_operator to 2023-05-03T00:00:00+00:00, run_after=2023-05-04T00:00:00+00:00
[2023-05-04T08:20:15.121+0000] {processor.py:178} INFO - Processing /home/airflow/.local/lib/python3.7/site-packages/airflow/example_dags/example_branch_day_of_week_operator.py took 0.262 seconds
[2023-05-04T08:20:45.401+0000] {processor.py:156} INFO - Started process (PID=7089) to work on /home/airflow/.local/lib/python3.7/site-packages/airflow/example_dags/example_branch_day_of_week_operator.py
[2023-05-04T08:20:45.402+0000] {processor.py:799} INFO - Processing file /home/airflow/.local/lib/python3.7/site-packages/airflow/example_dags/example_branch_day_of_week_operator.py for tasks to queue
[2023-05-04T08:20:45.403+0000] {logging_mixin.py:149} INFO - [2023-05-04T08:20:45.403+0000] {dagbag.py:541} INFO - Filling up the DagBag from /home/airflow/.local/lib/python3.7/site-packages/airflow/example_dags/example_branch_day_of_week_operator.py
[2023-05-04T08:20:45.414+0000] {processor.py:809} INFO - DAG(s) dict_keys(['example_weekday_branch_operator']) retrieved from /home/airflow/.local/lib/python3.7/site-packages/airflow/example_dags/example_branch_day_of_week_operator.py
[2023-05-04T08:20:45.781+0000] {logging_mixin.py:149} INFO - [2023-05-04T08:20:45.779+0000] {dag.py:2726} INFO - Sync 1 DAGs
[2023-05-04T08:20:45.858+0000] {logging_mixin.py:149} INFO - [2023-05-04T08:20:45.858+0000] {dag.py:3490} INFO - Setting next_dagrun for example_weekday_branch_operator to 2023-05-03T00:00:00+00:00, run_after=2023-05-04T00:00:00+00:00
[2023-05-04T08:20:45.901+0000] {processor.py:178} INFO - Processing /home/airflow/.local/lib/python3.7/site-packages/airflow/example_dags/example_branch_day_of_week_operator.py took 0.505 seconds
[2023-05-04T08:21:16.740+0000] {processor.py:156} INFO - Started process (PID=7337) to work on /home/airflow/.local/lib/python3.7/site-packages/airflow/example_dags/example_branch_day_of_week_operator.py
[2023-05-04T08:21:16.742+0000] {processor.py:799} INFO - Processing file /home/airflow/.local/lib/python3.7/site-packages/airflow/example_dags/example_branch_day_of_week_operator.py for tasks to queue
[2023-05-04T08:21:16.745+0000] {logging_mixin.py:149} INFO - [2023-05-04T08:21:16.744+0000] {dagbag.py:541} INFO - Filling up the DagBag from /home/airflow/.local/lib/python3.7/site-packages/airflow/example_dags/example_branch_day_of_week_operator.py
[2023-05-04T08:21:16.766+0000] {processor.py:809} INFO - DAG(s) dict_keys(['example_weekday_branch_operator']) retrieved from /home/airflow/.local/lib/python3.7/site-packages/airflow/example_dags/example_branch_day_of_week_operator.py
[2023-05-04T08:21:16.824+0000] {logging_mixin.py:149} INFO - [2023-05-04T08:21:16.824+0000] {dag.py:2726} INFO - Sync 1 DAGs
[2023-05-04T08:21:16.885+0000] {logging_mixin.py:149} INFO - [2023-05-04T08:21:16.885+0000] {dag.py:3490} INFO - Setting next_dagrun for example_weekday_branch_operator to 2023-05-03T00:00:00+00:00, run_after=2023-05-04T00:00:00+00:00
[2023-05-04T08:21:16.919+0000] {processor.py:178} INFO - Processing /home/airflow/.local/lib/python3.7/site-packages/airflow/example_dags/example_branch_day_of_week_operator.py took 0.194 seconds
[2023-05-04T08:21:47.306+0000] {processor.py:156} INFO - Started process (PID=7590) to work on /home/airflow/.local/lib/python3.7/site-packages/airflow/example_dags/example_branch_day_of_week_operator.py
[2023-05-04T08:21:47.307+0000] {processor.py:799} INFO - Processing file /home/airflow/.local/lib/python3.7/site-packages/airflow/example_dags/example_branch_day_of_week_operator.py for tasks to queue
[2023-05-04T08:21:47.308+0000] {logging_mixin.py:149} INFO - [2023-05-04T08:21:47.308+0000] {dagbag.py:541} INFO - Filling up the DagBag from /home/airflow/.local/lib/python3.7/site-packages/airflow/example_dags/example_branch_day_of_week_operator.py
[2023-05-04T08:21:47.317+0000] {processor.py:809} INFO - DAG(s) dict_keys(['example_weekday_branch_operator']) retrieved from /home/airflow/.local/lib/python3.7/site-packages/airflow/example_dags/example_branch_day_of_week_operator.py
[2023-05-04T08:21:47.353+0000] {logging_mixin.py:149} INFO - [2023-05-04T08:21:47.352+0000] {dag.py:2726} INFO - Sync 1 DAGs
[2023-05-04T08:21:47.385+0000] {logging_mixin.py:149} INFO - [2023-05-04T08:21:47.385+0000] {dag.py:3490} INFO - Setting next_dagrun for example_weekday_branch_operator to 2023-05-03T00:00:00+00:00, run_after=2023-05-04T00:00:00+00:00
[2023-05-04T08:21:47.409+0000] {processor.py:178} INFO - Processing /home/airflow/.local/lib/python3.7/site-packages/airflow/example_dags/example_branch_day_of_week_operator.py took 0.107 seconds
[2023-05-04T08:22:17.502+0000] {processor.py:156} INFO - Started process (PID=7844) to work on /home/airflow/.local/lib/python3.7/site-packages/airflow/example_dags/example_branch_day_of_week_operator.py
[2023-05-04T08:22:17.503+0000] {processor.py:799} INFO - Processing file /home/airflow/.local/lib/python3.7/site-packages/airflow/example_dags/example_branch_day_of_week_operator.py for tasks to queue
[2023-05-04T08:22:17.505+0000] {logging_mixin.py:149} INFO - [2023-05-04T08:22:17.504+0000] {dagbag.py:541} INFO - Filling up the DagBag from /home/airflow/.local/lib/python3.7/site-packages/airflow/example_dags/example_branch_day_of_week_operator.py
[2023-05-04T08:22:17.515+0000] {processor.py:809} INFO - DAG(s) dict_keys(['example_weekday_branch_operator']) retrieved from /home/airflow/.local/lib/python3.7/site-packages/airflow/example_dags/example_branch_day_of_week_operator.py
[2023-05-04T08:22:17.548+0000] {logging_mixin.py:149} INFO - [2023-05-04T08:22:17.548+0000] {dag.py:2726} INFO - Sync 1 DAGs
[2023-05-04T08:22:17.580+0000] {logging_mixin.py:149} INFO - [2023-05-04T08:22:17.580+0000] {dag.py:3490} INFO - Setting next_dagrun for example_weekday_branch_operator to 2023-05-03T00:00:00+00:00, run_after=2023-05-04T00:00:00+00:00
[2023-05-04T08:22:17.605+0000] {processor.py:178} INFO - Processing /home/airflow/.local/lib/python3.7/site-packages/airflow/example_dags/example_branch_day_of_week_operator.py took 0.107 seconds
[2023-05-04T08:22:48.512+0000] {processor.py:156} INFO - Started process (PID=8098) to work on /home/airflow/.local/lib/python3.7/site-packages/airflow/example_dags/example_branch_day_of_week_operator.py
[2023-05-04T08:22:48.514+0000] {processor.py:799} INFO - Processing file /home/airflow/.local/lib/python3.7/site-packages/airflow/example_dags/example_branch_day_of_week_operator.py for tasks to queue
[2023-05-04T08:22:48.516+0000] {logging_mixin.py:149} INFO - [2023-05-04T08:22:48.515+0000] {dagbag.py:541} INFO - Filling up the DagBag from /home/airflow/.local/lib/python3.7/site-packages/airflow/example_dags/example_branch_day_of_week_operator.py
[2023-05-04T08:22:48.528+0000] {processor.py:809} INFO - DAG(s) dict_keys(['example_weekday_branch_operator']) retrieved from /home/airflow/.local/lib/python3.7/site-packages/airflow/example_dags/example_branch_day_of_week_operator.py
[2023-05-04T08:22:48.567+0000] {logging_mixin.py:149} INFO - [2023-05-04T08:22:48.567+0000] {dag.py:2726} INFO - Sync 1 DAGs
[2023-05-04T08:22:48.604+0000] {logging_mixin.py:149} INFO - [2023-05-04T08:22:48.604+0000] {dag.py:3490} INFO - Setting next_dagrun for example_weekday_branch_operator to 2023-05-03T00:00:00+00:00, run_after=2023-05-04T00:00:00+00:00
[2023-05-04T08:22:48.635+0000] {processor.py:178} INFO - Processing /home/airflow/.local/lib/python3.7/site-packages/airflow/example_dags/example_branch_day_of_week_operator.py took 0.127 seconds
[2023-05-04T08:23:18.752+0000] {processor.py:156} INFO - Started process (PID=8352) to work on /home/airflow/.local/lib/python3.7/site-packages/airflow/example_dags/example_branch_day_of_week_operator.py
[2023-05-04T08:23:18.753+0000] {processor.py:799} INFO - Processing file /home/airflow/.local/lib/python3.7/site-packages/airflow/example_dags/example_branch_day_of_week_operator.py for tasks to queue
[2023-05-04T08:23:18.754+0000] {logging_mixin.py:149} INFO - [2023-05-04T08:23:18.754+0000] {dagbag.py:541} INFO - Filling up the DagBag from /home/airflow/.local/lib/python3.7/site-packages/airflow/example_dags/example_branch_day_of_week_operator.py
[2023-05-04T08:23:18.766+0000] {processor.py:809} INFO - DAG(s) dict_keys(['example_weekday_branch_operator']) retrieved from /home/airflow/.local/lib/python3.7/site-packages/airflow/example_dags/example_branch_day_of_week_operator.py
[2023-05-04T08:23:18.797+0000] {logging_mixin.py:149} INFO - [2023-05-04T08:23:18.797+0000] {dag.py:2726} INFO - Sync 1 DAGs
[2023-05-04T08:23:18.828+0000] {logging_mixin.py:149} INFO - [2023-05-04T08:23:18.828+0000] {dag.py:3490} INFO - Setting next_dagrun for example_weekday_branch_operator to 2023-05-03T00:00:00+00:00, run_after=2023-05-04T00:00:00+00:00
[2023-05-04T08:23:18.852+0000] {processor.py:178} INFO - Processing /home/airflow/.local/lib/python3.7/site-packages/airflow/example_dags/example_branch_day_of_week_operator.py took 0.104 seconds
