[2023-05-04T08:16:42.880+0000] {processor.py:156} INFO - Started process (PID=5092) to work on /home/airflow/.local/lib/python3.7/site-packages/airflow/example_dags/example_branch_datetime_operator.py
[2023-05-04T08:16:42.882+0000] {processor.py:799} INFO - Processing file /home/airflow/.local/lib/python3.7/site-packages/airflow/example_dags/example_branch_datetime_operator.py for tasks to queue
[2023-05-04T08:16:42.883+0000] {logging_mixin.py:149} INFO - [2023-05-04T08:16:42.883+0000] {dagbag.py:541} INFO - Filling up the DagBag from /home/airflow/.local/lib/python3.7/site-packages/airflow/example_dags/example_branch_datetime_operator.py
[2023-05-04T08:16:42.897+0000] {processor.py:809} INFO - DAG(s) dict_keys(['example_branch_datetime_operator', 'example_branch_datetime_operator_3', 'example_branch_datetime_operator_2']) retrieved from /home/airflow/.local/lib/python3.7/site-packages/airflow/example_dags/example_branch_datetime_operator.py
[2023-05-04T08:16:42.956+0000] {logging_mixin.py:149} INFO - [2023-05-04T08:16:42.956+0000] {dag.py:2726} INFO - Sync 3 DAGs
[2023-05-04T08:16:42.990+0000] {logging_mixin.py:149} INFO - [2023-05-04T08:16:42.990+0000] {dag.py:3490} INFO - Setting next_dagrun for example_branch_datetime_operator to 2023-05-03T00:00:00+00:00, run_after=2023-05-04T00:00:00+00:00
[2023-05-04T08:16:42.997+0000] {logging_mixin.py:149} INFO - [2023-05-04T08:16:42.997+0000] {dag.py:3490} INFO - Setting next_dagrun for example_branch_datetime_operator_2 to 2023-05-03T00:00:00+00:00, run_after=2023-05-04T00:00:00+00:00
[2023-05-04T08:16:43.001+0000] {logging_mixin.py:149} INFO - [2023-05-04T08:16:43.001+0000] {dag.py:3490} INFO - Setting next_dagrun for example_branch_datetime_operator_3 to 2023-05-03T00:00:00+00:00, run_after=2023-05-04T00:00:00+00:00
[2023-05-04T08:16:43.023+0000] {processor.py:178} INFO - Processing /home/airflow/.local/lib/python3.7/site-packages/airflow/example_dags/example_branch_datetime_operator.py took 0.147 seconds
[2023-05-04T08:17:13.351+0000] {processor.py:156} INFO - Started process (PID=5346) to work on /home/airflow/.local/lib/python3.7/site-packages/airflow/example_dags/example_branch_datetime_operator.py
[2023-05-04T08:17:13.352+0000] {processor.py:799} INFO - Processing file /home/airflow/.local/lib/python3.7/site-packages/airflow/example_dags/example_branch_datetime_operator.py for tasks to queue
[2023-05-04T08:17:13.353+0000] {logging_mixin.py:149} INFO - [2023-05-04T08:17:13.353+0000] {dagbag.py:541} INFO - Filling up the DagBag from /home/airflow/.local/lib/python3.7/site-packages/airflow/example_dags/example_branch_datetime_operator.py
[2023-05-04T08:17:13.365+0000] {processor.py:809} INFO - DAG(s) dict_keys(['example_branch_datetime_operator', 'example_branch_datetime_operator_3', 'example_branch_datetime_operator_2']) retrieved from /home/airflow/.local/lib/python3.7/site-packages/airflow/example_dags/example_branch_datetime_operator.py
[2023-05-04T08:17:13.405+0000] {logging_mixin.py:149} INFO - [2023-05-04T08:17:13.405+0000] {dag.py:2726} INFO - Sync 3 DAGs
[2023-05-04T08:17:13.556+0000] {logging_mixin.py:149} INFO - [2023-05-04T08:17:13.556+0000] {dag.py:3490} INFO - Setting next_dagrun for example_branch_datetime_operator to 2023-05-03T00:00:00+00:00, run_after=2023-05-04T00:00:00+00:00
[2023-05-04T08:17:13.562+0000] {logging_mixin.py:149} INFO - [2023-05-04T08:17:13.562+0000] {dag.py:3490} INFO - Setting next_dagrun for example_branch_datetime_operator_2 to 2023-05-03T00:00:00+00:00, run_after=2023-05-04T00:00:00+00:00
[2023-05-04T08:17:13.566+0000] {logging_mixin.py:149} INFO - [2023-05-04T08:17:13.566+0000] {dag.py:3490} INFO - Setting next_dagrun for example_branch_datetime_operator_3 to 2023-05-03T00:00:00+00:00, run_after=2023-05-04T00:00:00+00:00
[2023-05-04T08:17:13.588+0000] {processor.py:178} INFO - Processing /home/airflow/.local/lib/python3.7/site-packages/airflow/example_dags/example_branch_datetime_operator.py took 0.241 seconds
[2023-05-04T08:17:43.964+0000] {processor.py:156} INFO - Started process (PID=5586) to work on /home/airflow/.local/lib/python3.7/site-packages/airflow/example_dags/example_branch_datetime_operator.py
[2023-05-04T08:17:43.966+0000] {processor.py:799} INFO - Processing file /home/airflow/.local/lib/python3.7/site-packages/airflow/example_dags/example_branch_datetime_operator.py for tasks to queue
[2023-05-04T08:17:43.967+0000] {logging_mixin.py:149} INFO - [2023-05-04T08:17:43.967+0000] {dagbag.py:541} INFO - Filling up the DagBag from /home/airflow/.local/lib/python3.7/site-packages/airflow/example_dags/example_branch_datetime_operator.py
[2023-05-04T08:17:43.981+0000] {processor.py:809} INFO - DAG(s) dict_keys(['example_branch_datetime_operator_2', 'example_branch_datetime_operator_3', 'example_branch_datetime_operator']) retrieved from /home/airflow/.local/lib/python3.7/site-packages/airflow/example_dags/example_branch_datetime_operator.py
[2023-05-04T08:17:44.025+0000] {logging_mixin.py:149} INFO - [2023-05-04T08:17:44.025+0000] {dag.py:2726} INFO - Sync 3 DAGs
[2023-05-04T08:17:44.061+0000] {logging_mixin.py:149} INFO - [2023-05-04T08:17:44.061+0000] {dag.py:3490} INFO - Setting next_dagrun for example_branch_datetime_operator to 2023-05-03T00:00:00+00:00, run_after=2023-05-04T00:00:00+00:00
[2023-05-04T08:17:44.068+0000] {logging_mixin.py:149} INFO - [2023-05-04T08:17:44.068+0000] {dag.py:3490} INFO - Setting next_dagrun for example_branch_datetime_operator_2 to 2023-05-03T00:00:00+00:00, run_after=2023-05-04T00:00:00+00:00
[2023-05-04T08:17:44.073+0000] {logging_mixin.py:149} INFO - [2023-05-04T08:17:44.073+0000] {dag.py:3490} INFO - Setting next_dagrun for example_branch_datetime_operator_3 to 2023-05-03T00:00:00+00:00, run_after=2023-05-04T00:00:00+00:00
[2023-05-04T08:17:44.332+0000] {processor.py:178} INFO - Processing /home/airflow/.local/lib/python3.7/site-packages/airflow/example_dags/example_branch_datetime_operator.py took 0.373 seconds
[2023-05-04T08:18:14.584+0000] {processor.py:156} INFO - Started process (PID=5840) to work on /home/airflow/.local/lib/python3.7/site-packages/airflow/example_dags/example_branch_datetime_operator.py
[2023-05-04T08:18:14.585+0000] {processor.py:799} INFO - Processing file /home/airflow/.local/lib/python3.7/site-packages/airflow/example_dags/example_branch_datetime_operator.py for tasks to queue
[2023-05-04T08:18:14.586+0000] {logging_mixin.py:149} INFO - [2023-05-04T08:18:14.586+0000] {dagbag.py:541} INFO - Filling up the DagBag from /home/airflow/.local/lib/python3.7/site-packages/airflow/example_dags/example_branch_datetime_operator.py
[2023-05-04T08:18:14.599+0000] {processor.py:809} INFO - DAG(s) dict_keys(['example_branch_datetime_operator_2', 'example_branch_datetime_operator', 'example_branch_datetime_operator_3']) retrieved from /home/airflow/.local/lib/python3.7/site-packages/airflow/example_dags/example_branch_datetime_operator.py
[2023-05-04T08:18:14.640+0000] {logging_mixin.py:149} INFO - [2023-05-04T08:18:14.640+0000] {dag.py:2726} INFO - Sync 3 DAGs
[2023-05-04T08:18:14.673+0000] {logging_mixin.py:149} INFO - [2023-05-04T08:18:14.672+0000] {dag.py:3490} INFO - Setting next_dagrun for example_branch_datetime_operator to 2023-05-03T00:00:00+00:00, run_after=2023-05-04T00:00:00+00:00
[2023-05-04T08:18:14.679+0000] {logging_mixin.py:149} INFO - [2023-05-04T08:18:14.679+0000] {dag.py:3490} INFO - Setting next_dagrun for example_branch_datetime_operator_2 to 2023-05-03T00:00:00+00:00, run_after=2023-05-04T00:00:00+00:00
[2023-05-04T08:18:14.683+0000] {logging_mixin.py:149} INFO - [2023-05-04T08:18:14.682+0000] {dag.py:3490} INFO - Setting next_dagrun for example_branch_datetime_operator_3 to 2023-05-03T00:00:00+00:00, run_after=2023-05-04T00:00:00+00:00
[2023-05-04T08:18:14.707+0000] {processor.py:178} INFO - Processing /home/airflow/.local/lib/python3.7/site-packages/airflow/example_dags/example_branch_datetime_operator.py took 0.128 seconds
[2023-05-04T08:18:45.263+0000] {processor.py:156} INFO - Started process (PID=6094) to work on /home/airflow/.local/lib/python3.7/site-packages/airflow/example_dags/example_branch_datetime_operator.py
[2023-05-04T08:18:45.264+0000] {processor.py:799} INFO - Processing file /home/airflow/.local/lib/python3.7/site-packages/airflow/example_dags/example_branch_datetime_operator.py for tasks to queue
[2023-05-04T08:18:45.265+0000] {logging_mixin.py:149} INFO - [2023-05-04T08:18:45.265+0000] {dagbag.py:541} INFO - Filling up the DagBag from /home/airflow/.local/lib/python3.7/site-packages/airflow/example_dags/example_branch_datetime_operator.py
[2023-05-04T08:18:45.279+0000] {processor.py:809} INFO - DAG(s) dict_keys(['example_branch_datetime_operator', 'example_branch_datetime_operator_3', 'example_branch_datetime_operator_2']) retrieved from /home/airflow/.local/lib/python3.7/site-packages/airflow/example_dags/example_branch_datetime_operator.py
[2023-05-04T08:18:45.323+0000] {logging_mixin.py:149} INFO - [2023-05-04T08:18:45.323+0000] {dag.py:2726} INFO - Sync 3 DAGs
[2023-05-04T08:18:45.359+0000] {logging_mixin.py:149} INFO - [2023-05-04T08:18:45.359+0000] {dag.py:3490} INFO - Setting next_dagrun for example_branch_datetime_operator to 2023-05-03T00:00:00+00:00, run_after=2023-05-04T00:00:00+00:00
[2023-05-04T08:18:45.366+0000] {logging_mixin.py:149} INFO - [2023-05-04T08:18:45.366+0000] {dag.py:3490} INFO - Setting next_dagrun for example_branch_datetime_operator_2 to 2023-05-03T00:00:00+00:00, run_after=2023-05-04T00:00:00+00:00
[2023-05-04T08:18:45.370+0000] {logging_mixin.py:149} INFO - [2023-05-04T08:18:45.370+0000] {dag.py:3490} INFO - Setting next_dagrun for example_branch_datetime_operator_3 to 2023-05-03T00:00:00+00:00, run_after=2023-05-04T00:00:00+00:00
[2023-05-04T08:18:45.393+0000] {processor.py:178} INFO - Processing /home/airflow/.local/lib/python3.7/site-packages/airflow/example_dags/example_branch_datetime_operator.py took 0.134 seconds
[2023-05-04T08:19:16.017+0000] {processor.py:156} INFO - Started process (PID=6347) to work on /home/airflow/.local/lib/python3.7/site-packages/airflow/example_dags/example_branch_datetime_operator.py
[2023-05-04T08:19:16.018+0000] {processor.py:799} INFO - Processing file /home/airflow/.local/lib/python3.7/site-packages/airflow/example_dags/example_branch_datetime_operator.py for tasks to queue
[2023-05-04T08:19:16.020+0000] {logging_mixin.py:149} INFO - [2023-05-04T08:19:16.019+0000] {dagbag.py:541} INFO - Filling up the DagBag from /home/airflow/.local/lib/python3.7/site-packages/airflow/example_dags/example_branch_datetime_operator.py
[2023-05-04T08:19:16.031+0000] {processor.py:809} INFO - DAG(s) dict_keys(['example_branch_datetime_operator', 'example_branch_datetime_operator_2', 'example_branch_datetime_operator_3']) retrieved from /home/airflow/.local/lib/python3.7/site-packages/airflow/example_dags/example_branch_datetime_operator.py
[2023-05-04T08:19:16.071+0000] {logging_mixin.py:149} INFO - [2023-05-04T08:19:16.070+0000] {dag.py:2726} INFO - Sync 3 DAGs
[2023-05-04T08:19:16.235+0000] {logging_mixin.py:149} INFO - [2023-05-04T08:19:16.235+0000] {dag.py:3490} INFO - Setting next_dagrun for example_branch_datetime_operator to 2023-05-03T00:00:00+00:00, run_after=2023-05-04T00:00:00+00:00
[2023-05-04T08:19:16.242+0000] {logging_mixin.py:149} INFO - [2023-05-04T08:19:16.242+0000] {dag.py:3490} INFO - Setting next_dagrun for example_branch_datetime_operator_2 to 2023-05-03T00:00:00+00:00, run_after=2023-05-04T00:00:00+00:00
[2023-05-04T08:19:16.246+0000] {logging_mixin.py:149} INFO - [2023-05-04T08:19:16.246+0000] {dag.py:3490} INFO - Setting next_dagrun for example_branch_datetime_operator_3 to 2023-05-03T00:00:00+00:00, run_after=2023-05-04T00:00:00+00:00
[2023-05-04T08:19:16.269+0000] {processor.py:178} INFO - Processing /home/airflow/.local/lib/python3.7/site-packages/airflow/example_dags/example_branch_datetime_operator.py took 0.256 seconds
[2023-05-04T08:19:46.510+0000] {processor.py:156} INFO - Started process (PID=6600) to work on /home/airflow/.local/lib/python3.7/site-packages/airflow/example_dags/example_branch_datetime_operator.py
[2023-05-04T08:19:46.511+0000] {processor.py:799} INFO - Processing file /home/airflow/.local/lib/python3.7/site-packages/airflow/example_dags/example_branch_datetime_operator.py for tasks to queue
[2023-05-04T08:19:46.512+0000] {logging_mixin.py:149} INFO - [2023-05-04T08:19:46.512+0000] {dagbag.py:541} INFO - Filling up the DagBag from /home/airflow/.local/lib/python3.7/site-packages/airflow/example_dags/example_branch_datetime_operator.py
[2023-05-04T08:19:46.524+0000] {processor.py:809} INFO - DAG(s) dict_keys(['example_branch_datetime_operator', 'example_branch_datetime_operator_3', 'example_branch_datetime_operator_2']) retrieved from /home/airflow/.local/lib/python3.7/site-packages/airflow/example_dags/example_branch_datetime_operator.py
[2023-05-04T08:19:46.563+0000] {logging_mixin.py:149} INFO - [2023-05-04T08:19:46.563+0000] {dag.py:2726} INFO - Sync 3 DAGs
[2023-05-04T08:19:46.718+0000] {logging_mixin.py:149} INFO - [2023-05-04T08:19:46.718+0000] {dag.py:3490} INFO - Setting next_dagrun for example_branch_datetime_operator to 2023-05-03T00:00:00+00:00, run_after=2023-05-04T00:00:00+00:00
[2023-05-04T08:19:46.725+0000] {logging_mixin.py:149} INFO - [2023-05-04T08:19:46.725+0000] {dag.py:3490} INFO - Setting next_dagrun for example_branch_datetime_operator_2 to 2023-05-03T00:00:00+00:00, run_after=2023-05-04T00:00:00+00:00
[2023-05-04T08:19:46.729+0000] {logging_mixin.py:149} INFO - [2023-05-04T08:19:46.729+0000] {dag.py:3490} INFO - Setting next_dagrun for example_branch_datetime_operator_3 to 2023-05-03T00:00:00+00:00, run_after=2023-05-04T00:00:00+00:00
[2023-05-04T08:19:46.752+0000] {processor.py:178} INFO - Processing /home/airflow/.local/lib/python3.7/site-packages/airflow/example_dags/example_branch_datetime_operator.py took 0.246 seconds
[2023-05-04T08:20:17.196+0000] {processor.py:156} INFO - Started process (PID=6853) to work on /home/airflow/.local/lib/python3.7/site-packages/airflow/example_dags/example_branch_datetime_operator.py
[2023-05-04T08:20:17.197+0000] {processor.py:799} INFO - Processing file /home/airflow/.local/lib/python3.7/site-packages/airflow/example_dags/example_branch_datetime_operator.py for tasks to queue
[2023-05-04T08:20:17.198+0000] {logging_mixin.py:149} INFO - [2023-05-04T08:20:17.198+0000] {dagbag.py:541} INFO - Filling up the DagBag from /home/airflow/.local/lib/python3.7/site-packages/airflow/example_dags/example_branch_datetime_operator.py
[2023-05-04T08:20:17.211+0000] {processor.py:809} INFO - DAG(s) dict_keys(['example_branch_datetime_operator_3', 'example_branch_datetime_operator_2', 'example_branch_datetime_operator']) retrieved from /home/airflow/.local/lib/python3.7/site-packages/airflow/example_dags/example_branch_datetime_operator.py
[2023-05-04T08:20:17.251+0000] {logging_mixin.py:149} INFO - [2023-05-04T08:20:17.250+0000] {dag.py:2726} INFO - Sync 3 DAGs
[2023-05-04T08:20:17.283+0000] {logging_mixin.py:149} INFO - [2023-05-04T08:20:17.283+0000] {dag.py:3490} INFO - Setting next_dagrun for example_branch_datetime_operator to 2023-05-03T00:00:00+00:00, run_after=2023-05-04T00:00:00+00:00
[2023-05-04T08:20:17.291+0000] {logging_mixin.py:149} INFO - [2023-05-04T08:20:17.290+0000] {dag.py:3490} INFO - Setting next_dagrun for example_branch_datetime_operator_2 to 2023-05-03T00:00:00+00:00, run_after=2023-05-04T00:00:00+00:00
[2023-05-04T08:20:17.294+0000] {logging_mixin.py:149} INFO - [2023-05-04T08:20:17.294+0000] {dag.py:3490} INFO - Setting next_dagrun for example_branch_datetime_operator_3 to 2023-05-03T00:00:00+00:00, run_after=2023-05-04T00:00:00+00:00
[2023-05-04T08:20:17.446+0000] {processor.py:178} INFO - Processing /home/airflow/.local/lib/python3.7/site-packages/airflow/example_dags/example_branch_datetime_operator.py took 0.254 seconds
[2023-05-04T08:20:48.578+0000] {processor.py:156} INFO - Started process (PID=7107) to work on /home/airflow/.local/lib/python3.7/site-packages/airflow/example_dags/example_branch_datetime_operator.py
[2023-05-04T08:20:48.580+0000] {processor.py:799} INFO - Processing file /home/airflow/.local/lib/python3.7/site-packages/airflow/example_dags/example_branch_datetime_operator.py for tasks to queue
[2023-05-04T08:20:48.581+0000] {logging_mixin.py:149} INFO - [2023-05-04T08:20:48.581+0000] {dagbag.py:541} INFO - Filling up the DagBag from /home/airflow/.local/lib/python3.7/site-packages/airflow/example_dags/example_branch_datetime_operator.py
[2023-05-04T08:20:48.768+0000] {processor.py:809} INFO - DAG(s) dict_keys(['example_branch_datetime_operator_2', 'example_branch_datetime_operator', 'example_branch_datetime_operator_3']) retrieved from /home/airflow/.local/lib/python3.7/site-packages/airflow/example_dags/example_branch_datetime_operator.py
[2023-05-04T08:20:48.826+0000] {logging_mixin.py:149} INFO - [2023-05-04T08:20:48.825+0000] {dag.py:2726} INFO - Sync 3 DAGs
[2023-05-04T08:20:48.874+0000] {logging_mixin.py:149} INFO - [2023-05-04T08:20:48.874+0000] {dag.py:3490} INFO - Setting next_dagrun for example_branch_datetime_operator to 2023-05-03T00:00:00+00:00, run_after=2023-05-04T00:00:00+00:00
[2023-05-04T08:20:48.884+0000] {logging_mixin.py:149} INFO - [2023-05-04T08:20:48.884+0000] {dag.py:3490} INFO - Setting next_dagrun for example_branch_datetime_operator_2 to 2023-05-03T00:00:00+00:00, run_after=2023-05-04T00:00:00+00:00
[2023-05-04T08:20:48.891+0000] {logging_mixin.py:149} INFO - [2023-05-04T08:20:48.890+0000] {dag.py:3490} INFO - Setting next_dagrun for example_branch_datetime_operator_3 to 2023-05-03T00:00:00+00:00, run_after=2023-05-04T00:00:00+00:00
[2023-05-04T08:20:48.918+0000] {processor.py:178} INFO - Processing /home/airflow/.local/lib/python3.7/site-packages/airflow/example_dags/example_branch_datetime_operator.py took 0.348 seconds
[2023-05-04T08:21:18.996+0000] {processor.py:156} INFO - Started process (PID=7352) to work on /home/airflow/.local/lib/python3.7/site-packages/airflow/example_dags/example_branch_datetime_operator.py
[2023-05-04T08:21:18.997+0000] {processor.py:799} INFO - Processing file /home/airflow/.local/lib/python3.7/site-packages/airflow/example_dags/example_branch_datetime_operator.py for tasks to queue
[2023-05-04T08:21:18.998+0000] {logging_mixin.py:149} INFO - [2023-05-04T08:21:18.998+0000] {dagbag.py:541} INFO - Filling up the DagBag from /home/airflow/.local/lib/python3.7/site-packages/airflow/example_dags/example_branch_datetime_operator.py
[2023-05-04T08:21:19.013+0000] {processor.py:809} INFO - DAG(s) dict_keys(['example_branch_datetime_operator', 'example_branch_datetime_operator_2', 'example_branch_datetime_operator_3']) retrieved from /home/airflow/.local/lib/python3.7/site-packages/airflow/example_dags/example_branch_datetime_operator.py
[2023-05-04T08:21:19.087+0000] {logging_mixin.py:149} INFO - [2023-05-04T08:21:19.087+0000] {dag.py:2726} INFO - Sync 3 DAGs
[2023-05-04T08:21:19.161+0000] {logging_mixin.py:149} INFO - [2023-05-04T08:21:19.161+0000] {dag.py:3490} INFO - Setting next_dagrun for example_branch_datetime_operator to 2023-05-03T00:00:00+00:00, run_after=2023-05-04T00:00:00+00:00
[2023-05-04T08:21:19.169+0000] {logging_mixin.py:149} INFO - [2023-05-04T08:21:19.169+0000] {dag.py:3490} INFO - Setting next_dagrun for example_branch_datetime_operator_2 to 2023-05-03T00:00:00+00:00, run_after=2023-05-04T00:00:00+00:00
[2023-05-04T08:21:19.174+0000] {logging_mixin.py:149} INFO - [2023-05-04T08:21:19.174+0000] {dag.py:3490} INFO - Setting next_dagrun for example_branch_datetime_operator_3 to 2023-05-03T00:00:00+00:00, run_after=2023-05-04T00:00:00+00:00
[2023-05-04T08:21:19.212+0000] {processor.py:178} INFO - Processing /home/airflow/.local/lib/python3.7/site-packages/airflow/example_dags/example_branch_datetime_operator.py took 0.223 seconds
[2023-05-04T08:21:49.339+0000] {processor.py:156} INFO - Started process (PID=7599) to work on /home/airflow/.local/lib/python3.7/site-packages/airflow/example_dags/example_branch_datetime_operator.py
[2023-05-04T08:21:49.340+0000] {processor.py:799} INFO - Processing file /home/airflow/.local/lib/python3.7/site-packages/airflow/example_dags/example_branch_datetime_operator.py for tasks to queue
[2023-05-04T08:21:49.342+0000] {logging_mixin.py:149} INFO - [2023-05-04T08:21:49.341+0000] {dagbag.py:541} INFO - Filling up the DagBag from /home/airflow/.local/lib/python3.7/site-packages/airflow/example_dags/example_branch_datetime_operator.py
[2023-05-04T08:21:49.354+0000] {processor.py:809} INFO - DAG(s) dict_keys(['example_branch_datetime_operator_2', 'example_branch_datetime_operator', 'example_branch_datetime_operator_3']) retrieved from /home/airflow/.local/lib/python3.7/site-packages/airflow/example_dags/example_branch_datetime_operator.py
[2023-05-04T08:21:49.396+0000] {logging_mixin.py:149} INFO - [2023-05-04T08:21:49.396+0000] {dag.py:2726} INFO - Sync 3 DAGs
[2023-05-04T08:21:49.433+0000] {logging_mixin.py:149} INFO - [2023-05-04T08:21:49.433+0000] {dag.py:3490} INFO - Setting next_dagrun for example_branch_datetime_operator to 2023-05-03T00:00:00+00:00, run_after=2023-05-04T00:00:00+00:00
[2023-05-04T08:21:49.440+0000] {logging_mixin.py:149} INFO - [2023-05-04T08:21:49.440+0000] {dag.py:3490} INFO - Setting next_dagrun for example_branch_datetime_operator_2 to 2023-05-03T00:00:00+00:00, run_after=2023-05-04T00:00:00+00:00
[2023-05-04T08:21:49.444+0000] {logging_mixin.py:149} INFO - [2023-05-04T08:21:49.444+0000] {dag.py:3490} INFO - Setting next_dagrun for example_branch_datetime_operator_3 to 2023-05-03T00:00:00+00:00, run_after=2023-05-04T00:00:00+00:00
[2023-05-04T08:21:49.468+0000] {processor.py:178} INFO - Processing /home/airflow/.local/lib/python3.7/site-packages/airflow/example_dags/example_branch_datetime_operator.py took 0.133 seconds
[2023-05-04T08:22:19.680+0000] {processor.py:156} INFO - Started process (PID=7854) to work on /home/airflow/.local/lib/python3.7/site-packages/airflow/example_dags/example_branch_datetime_operator.py
[2023-05-04T08:22:19.681+0000] {processor.py:799} INFO - Processing file /home/airflow/.local/lib/python3.7/site-packages/airflow/example_dags/example_branch_datetime_operator.py for tasks to queue
[2023-05-04T08:22:19.682+0000] {logging_mixin.py:149} INFO - [2023-05-04T08:22:19.682+0000] {dagbag.py:541} INFO - Filling up the DagBag from /home/airflow/.local/lib/python3.7/site-packages/airflow/example_dags/example_branch_datetime_operator.py
[2023-05-04T08:22:19.694+0000] {processor.py:809} INFO - DAG(s) dict_keys(['example_branch_datetime_operator_2', 'example_branch_datetime_operator_3', 'example_branch_datetime_operator']) retrieved from /home/airflow/.local/lib/python3.7/site-packages/airflow/example_dags/example_branch_datetime_operator.py
[2023-05-04T08:22:19.733+0000] {logging_mixin.py:149} INFO - [2023-05-04T08:22:19.733+0000] {dag.py:2726} INFO - Sync 3 DAGs
[2023-05-04T08:22:19.764+0000] {logging_mixin.py:149} INFO - [2023-05-04T08:22:19.764+0000] {dag.py:3490} INFO - Setting next_dagrun for example_branch_datetime_operator to 2023-05-03T00:00:00+00:00, run_after=2023-05-04T00:00:00+00:00
[2023-05-04T08:22:19.772+0000] {logging_mixin.py:149} INFO - [2023-05-04T08:22:19.771+0000] {dag.py:3490} INFO - Setting next_dagrun for example_branch_datetime_operator_2 to 2023-05-03T00:00:00+00:00, run_after=2023-05-04T00:00:00+00:00
[2023-05-04T08:22:19.775+0000] {logging_mixin.py:149} INFO - [2023-05-04T08:22:19.775+0000] {dag.py:3490} INFO - Setting next_dagrun for example_branch_datetime_operator_3 to 2023-05-03T00:00:00+00:00, run_after=2023-05-04T00:00:00+00:00
[2023-05-04T08:22:19.798+0000] {processor.py:178} INFO - Processing /home/airflow/.local/lib/python3.7/site-packages/airflow/example_dags/example_branch_datetime_operator.py took 0.121 seconds
[2023-05-04T08:22:50.620+0000] {processor.py:156} INFO - Started process (PID=8108) to work on /home/airflow/.local/lib/python3.7/site-packages/airflow/example_dags/example_branch_datetime_operator.py
[2023-05-04T08:22:50.622+0000] {processor.py:799} INFO - Processing file /home/airflow/.local/lib/python3.7/site-packages/airflow/example_dags/example_branch_datetime_operator.py for tasks to queue
[2023-05-04T08:22:50.623+0000] {logging_mixin.py:149} INFO - [2023-05-04T08:22:50.623+0000] {dagbag.py:541} INFO - Filling up the DagBag from /home/airflow/.local/lib/python3.7/site-packages/airflow/example_dags/example_branch_datetime_operator.py
[2023-05-04T08:22:50.635+0000] {processor.py:809} INFO - DAG(s) dict_keys(['example_branch_datetime_operator_3', 'example_branch_datetime_operator', 'example_branch_datetime_operator_2']) retrieved from /home/airflow/.local/lib/python3.7/site-packages/airflow/example_dags/example_branch_datetime_operator.py
[2023-05-04T08:22:50.677+0000] {logging_mixin.py:149} INFO - [2023-05-04T08:22:50.676+0000] {dag.py:2726} INFO - Sync 3 DAGs
[2023-05-04T08:22:50.716+0000] {logging_mixin.py:149} INFO - [2023-05-04T08:22:50.716+0000] {dag.py:3490} INFO - Setting next_dagrun for example_branch_datetime_operator to 2023-05-03T00:00:00+00:00, run_after=2023-05-04T00:00:00+00:00
[2023-05-04T08:22:50.722+0000] {logging_mixin.py:149} INFO - [2023-05-04T08:22:50.722+0000] {dag.py:3490} INFO - Setting next_dagrun for example_branch_datetime_operator_2 to 2023-05-03T00:00:00+00:00, run_after=2023-05-04T00:00:00+00:00
[2023-05-04T08:22:50.725+0000] {logging_mixin.py:149} INFO - [2023-05-04T08:22:50.725+0000] {dag.py:3490} INFO - Setting next_dagrun for example_branch_datetime_operator_3 to 2023-05-03T00:00:00+00:00, run_after=2023-05-04T00:00:00+00:00
[2023-05-04T08:22:50.748+0000] {processor.py:178} INFO - Processing /home/airflow/.local/lib/python3.7/site-packages/airflow/example_dags/example_branch_datetime_operator.py took 0.132 seconds
[2023-05-04T08:23:20.906+0000] {processor.py:156} INFO - Started process (PID=8362) to work on /home/airflow/.local/lib/python3.7/site-packages/airflow/example_dags/example_branch_datetime_operator.py
[2023-05-04T08:23:20.908+0000] {processor.py:799} INFO - Processing file /home/airflow/.local/lib/python3.7/site-packages/airflow/example_dags/example_branch_datetime_operator.py for tasks to queue
[2023-05-04T08:23:20.909+0000] {logging_mixin.py:149} INFO - [2023-05-04T08:23:20.909+0000] {dagbag.py:541} INFO - Filling up the DagBag from /home/airflow/.local/lib/python3.7/site-packages/airflow/example_dags/example_branch_datetime_operator.py
[2023-05-04T08:23:20.921+0000] {processor.py:809} INFO - DAG(s) dict_keys(['example_branch_datetime_operator_3', 'example_branch_datetime_operator', 'example_branch_datetime_operator_2']) retrieved from /home/airflow/.local/lib/python3.7/site-packages/airflow/example_dags/example_branch_datetime_operator.py
[2023-05-04T08:23:20.968+0000] {logging_mixin.py:149} INFO - [2023-05-04T08:23:20.967+0000] {dag.py:2726} INFO - Sync 3 DAGs
[2023-05-04T08:23:21.005+0000] {logging_mixin.py:149} INFO - [2023-05-04T08:23:21.004+0000] {dag.py:3490} INFO - Setting next_dagrun for example_branch_datetime_operator to 2023-05-03T00:00:00+00:00, run_after=2023-05-04T00:00:00+00:00
[2023-05-04T08:23:21.014+0000] {logging_mixin.py:149} INFO - [2023-05-04T08:23:21.014+0000] {dag.py:3490} INFO - Setting next_dagrun for example_branch_datetime_operator_2 to 2023-05-03T00:00:00+00:00, run_after=2023-05-04T00:00:00+00:00
[2023-05-04T08:23:21.018+0000] {logging_mixin.py:149} INFO - [2023-05-04T08:23:21.018+0000] {dag.py:3490} INFO - Setting next_dagrun for example_branch_datetime_operator_3 to 2023-05-03T00:00:00+00:00, run_after=2023-05-04T00:00:00+00:00
[2023-05-04T08:23:21.048+0000] {processor.py:178} INFO - Processing /home/airflow/.local/lib/python3.7/site-packages/airflow/example_dags/example_branch_datetime_operator.py took 0.145 seconds
[2023-05-04T08:23:51.272+0000] {processor.py:156} INFO - Started process (PID=8616) to work on /home/airflow/.local/lib/python3.7/site-packages/airflow/example_dags/example_branch_datetime_operator.py
[2023-05-04T08:23:51.273+0000] {processor.py:799} INFO - Processing file /home/airflow/.local/lib/python3.7/site-packages/airflow/example_dags/example_branch_datetime_operator.py for tasks to queue
[2023-05-04T08:23:51.275+0000] {logging_mixin.py:149} INFO - [2023-05-04T08:23:51.274+0000] {dagbag.py:541} INFO - Filling up the DagBag from /home/airflow/.local/lib/python3.7/site-packages/airflow/example_dags/example_branch_datetime_operator.py
[2023-05-04T08:23:51.290+0000] {processor.py:809} INFO - DAG(s) dict_keys(['example_branch_datetime_operator', 'example_branch_datetime_operator_3', 'example_branch_datetime_operator_2']) retrieved from /home/airflow/.local/lib/python3.7/site-packages/airflow/example_dags/example_branch_datetime_operator.py
[2023-05-04T08:23:51.350+0000] {logging_mixin.py:149} INFO - [2023-05-04T08:23:51.350+0000] {dag.py:2726} INFO - Sync 3 DAGs
[2023-05-04T08:23:51.411+0000] {logging_mixin.py:149} INFO - [2023-05-04T08:23:51.410+0000] {dag.py:3490} INFO - Setting next_dagrun for example_branch_datetime_operator to 2023-05-03T00:00:00+00:00, run_after=2023-05-04T00:00:00+00:00
[2023-05-04T08:23:51.420+0000] {logging_mixin.py:149} INFO - [2023-05-04T08:23:51.420+0000] {dag.py:3490} INFO - Setting next_dagrun for example_branch_datetime_operator_2 to 2023-05-03T00:00:00+00:00, run_after=2023-05-04T00:00:00+00:00
[2023-05-04T08:23:51.425+0000] {logging_mixin.py:149} INFO - [2023-05-04T08:23:51.424+0000] {dag.py:3490} INFO - Setting next_dagrun for example_branch_datetime_operator_3 to 2023-05-03T00:00:00+00:00, run_after=2023-05-04T00:00:00+00:00
[2023-05-04T08:23:51.457+0000] {processor.py:178} INFO - Processing /home/airflow/.local/lib/python3.7/site-packages/airflow/example_dags/example_branch_datetime_operator.py took 0.191 seconds
[2023-05-04T08:24:22.238+0000] {processor.py:156} INFO - Started process (PID=8869) to work on /home/airflow/.local/lib/python3.7/site-packages/airflow/example_dags/example_branch_datetime_operator.py
[2023-05-04T08:24:22.239+0000] {processor.py:799} INFO - Processing file /home/airflow/.local/lib/python3.7/site-packages/airflow/example_dags/example_branch_datetime_operator.py for tasks to queue
[2023-05-04T08:24:22.241+0000] {logging_mixin.py:149} INFO - [2023-05-04T08:24:22.241+0000] {dagbag.py:541} INFO - Filling up the DagBag from /home/airflow/.local/lib/python3.7/site-packages/airflow/example_dags/example_branch_datetime_operator.py
[2023-05-04T08:24:22.260+0000] {processor.py:809} INFO - DAG(s) dict_keys(['example_branch_datetime_operator_3', 'example_branch_datetime_operator_2', 'example_branch_datetime_operator']) retrieved from /home/airflow/.local/lib/python3.7/site-packages/airflow/example_dags/example_branch_datetime_operator.py
[2023-05-04T08:24:22.323+0000] {logging_mixin.py:149} INFO - [2023-05-04T08:24:22.323+0000] {dag.py:2726} INFO - Sync 3 DAGs
[2023-05-04T08:24:22.364+0000] {logging_mixin.py:149} INFO - [2023-05-04T08:24:22.363+0000] {dag.py:3490} INFO - Setting next_dagrun for example_branch_datetime_operator to 2023-05-03T00:00:00+00:00, run_after=2023-05-04T00:00:00+00:00
[2023-05-04T08:24:22.370+0000] {logging_mixin.py:149} INFO - [2023-05-04T08:24:22.370+0000] {dag.py:3490} INFO - Setting next_dagrun for example_branch_datetime_operator_2 to 2023-05-03T00:00:00+00:00, run_after=2023-05-04T00:00:00+00:00
[2023-05-04T08:24:22.373+0000] {logging_mixin.py:149} INFO - [2023-05-04T08:24:22.373+0000] {dag.py:3490} INFO - Setting next_dagrun for example_branch_datetime_operator_3 to 2023-05-03T00:00:00+00:00, run_after=2023-05-04T00:00:00+00:00
[2023-05-04T08:24:22.397+0000] {processor.py:178} INFO - Processing /home/airflow/.local/lib/python3.7/site-packages/airflow/example_dags/example_branch_datetime_operator.py took 0.165 seconds
[2023-05-04T08:24:52.518+0000] {processor.py:156} INFO - Started process (PID=9123) to work on /home/airflow/.local/lib/python3.7/site-packages/airflow/example_dags/example_branch_datetime_operator.py
[2023-05-04T08:24:52.520+0000] {processor.py:799} INFO - Processing file /home/airflow/.local/lib/python3.7/site-packages/airflow/example_dags/example_branch_datetime_operator.py for tasks to queue
[2023-05-04T08:24:52.522+0000] {logging_mixin.py:149} INFO - [2023-05-04T08:24:52.521+0000] {dagbag.py:541} INFO - Filling up the DagBag from /home/airflow/.local/lib/python3.7/site-packages/airflow/example_dags/example_branch_datetime_operator.py
[2023-05-04T08:24:52.548+0000] {processor.py:809} INFO - DAG(s) dict_keys(['example_branch_datetime_operator_2', 'example_branch_datetime_operator_3', 'example_branch_datetime_operator']) retrieved from /home/airflow/.local/lib/python3.7/site-packages/airflow/example_dags/example_branch_datetime_operator.py
[2023-05-04T08:24:52.636+0000] {logging_mixin.py:149} INFO - [2023-05-04T08:24:52.636+0000] {dag.py:2726} INFO - Sync 3 DAGs
[2023-05-04T08:24:52.684+0000] {logging_mixin.py:149} INFO - [2023-05-04T08:24:52.684+0000] {dag.py:3490} INFO - Setting next_dagrun for example_branch_datetime_operator to 2023-05-03T00:00:00+00:00, run_after=2023-05-04T00:00:00+00:00
[2023-05-04T08:24:52.690+0000] {logging_mixin.py:149} INFO - [2023-05-04T08:24:52.690+0000] {dag.py:3490} INFO - Setting next_dagrun for example_branch_datetime_operator_2 to 2023-05-03T00:00:00+00:00, run_after=2023-05-04T00:00:00+00:00
[2023-05-04T08:24:52.695+0000] {logging_mixin.py:149} INFO - [2023-05-04T08:24:52.695+0000] {dag.py:3490} INFO - Setting next_dagrun for example_branch_datetime_operator_3 to 2023-05-03T00:00:00+00:00, run_after=2023-05-04T00:00:00+00:00
[2023-05-04T08:24:52.717+0000] {processor.py:178} INFO - Processing /home/airflow/.local/lib/python3.7/site-packages/airflow/example_dags/example_branch_datetime_operator.py took 0.206 seconds
[2023-05-04T08:25:22.944+0000] {processor.py:156} INFO - Started process (PID=9377) to work on /home/airflow/.local/lib/python3.7/site-packages/airflow/example_dags/example_branch_datetime_operator.py
[2023-05-04T08:25:22.946+0000] {processor.py:799} INFO - Processing file /home/airflow/.local/lib/python3.7/site-packages/airflow/example_dags/example_branch_datetime_operator.py for tasks to queue
[2023-05-04T08:25:22.948+0000] {logging_mixin.py:149} INFO - [2023-05-04T08:25:22.948+0000] {dagbag.py:541} INFO - Filling up the DagBag from /home/airflow/.local/lib/python3.7/site-packages/airflow/example_dags/example_branch_datetime_operator.py
[2023-05-04T08:25:22.964+0000] {processor.py:809} INFO - DAG(s) dict_keys(['example_branch_datetime_operator', 'example_branch_datetime_operator_3', 'example_branch_datetime_operator_2']) retrieved from /home/airflow/.local/lib/python3.7/site-packages/airflow/example_dags/example_branch_datetime_operator.py
[2023-05-04T08:25:23.022+0000] {logging_mixin.py:149} INFO - [2023-05-04T08:25:23.022+0000] {dag.py:2726} INFO - Sync 3 DAGs
[2023-05-04T08:25:23.088+0000] {logging_mixin.py:149} INFO - [2023-05-04T08:25:23.087+0000] {dag.py:3490} INFO - Setting next_dagrun for example_branch_datetime_operator to 2023-05-03T00:00:00+00:00, run_after=2023-05-04T00:00:00+00:00
[2023-05-04T08:25:23.100+0000] {logging_mixin.py:149} INFO - [2023-05-04T08:25:23.100+0000] {dag.py:3490} INFO - Setting next_dagrun for example_branch_datetime_operator_2 to 2023-05-03T00:00:00+00:00, run_after=2023-05-04T00:00:00+00:00
[2023-05-04T08:25:23.106+0000] {logging_mixin.py:149} INFO - [2023-05-04T08:25:23.106+0000] {dag.py:3490} INFO - Setting next_dagrun for example_branch_datetime_operator_3 to 2023-05-03T00:00:00+00:00, run_after=2023-05-04T00:00:00+00:00
[2023-05-04T08:25:23.161+0000] {processor.py:178} INFO - Processing /home/airflow/.local/lib/python3.7/site-packages/airflow/example_dags/example_branch_datetime_operator.py took 0.222 seconds
