[2023-05-04T08:16:51.575+0000] {processor.py:156} INFO - Started process (PID=5142) to work on /home/airflow/.local/lib/python3.7/site-packages/airflow/example_dags/example_trigger_target_dag.py
[2023-05-04T08:16:51.576+0000] {processor.py:799} INFO - Processing file /home/airflow/.local/lib/python3.7/site-packages/airflow/example_dags/example_trigger_target_dag.py for tasks to queue
[2023-05-04T08:16:51.577+0000] {logging_mixin.py:149} INFO - [2023-05-04T08:16:51.577+0000] {dagbag.py:541} INFO - Filling up the DagBag from /home/airflow/.local/lib/python3.7/site-packages/airflow/example_dags/example_trigger_target_dag.py
[2023-05-04T08:16:51.585+0000] {processor.py:809} INFO - DAG(s) dict_keys(['example_trigger_target_dag']) retrieved from /home/airflow/.local/lib/python3.7/site-packages/airflow/example_dags/example_trigger_target_dag.py
[2023-05-04T08:16:51.614+0000] {logging_mixin.py:149} INFO - [2023-05-04T08:16:51.614+0000] {dag.py:2726} INFO - Sync 1 DAGs
[2023-05-04T08:16:51.646+0000] {logging_mixin.py:149} INFO - [2023-05-04T08:16:51.646+0000] {dag.py:3490} INFO - Setting next_dagrun for example_trigger_target_dag to None, run_after=None
[2023-05-04T08:16:51.672+0000] {processor.py:178} INFO - Processing /home/airflow/.local/lib/python3.7/site-packages/airflow/example_dags/example_trigger_target_dag.py took 0.101 seconds
[2023-05-04T08:17:22.729+0000] {processor.py:156} INFO - Started process (PID=5406) to work on /home/airflow/.local/lib/python3.7/site-packages/airflow/example_dags/example_trigger_target_dag.py
[2023-05-04T08:17:22.732+0000] {processor.py:799} INFO - Processing file /home/airflow/.local/lib/python3.7/site-packages/airflow/example_dags/example_trigger_target_dag.py for tasks to queue
[2023-05-04T08:17:22.735+0000] {logging_mixin.py:149} INFO - [2023-05-04T08:17:22.734+0000] {dagbag.py:541} INFO - Filling up the DagBag from /home/airflow/.local/lib/python3.7/site-packages/airflow/example_dags/example_trigger_target_dag.py
[2023-05-04T08:17:22.749+0000] {processor.py:809} INFO - DAG(s) dict_keys(['example_trigger_target_dag']) retrieved from /home/airflow/.local/lib/python3.7/site-packages/airflow/example_dags/example_trigger_target_dag.py
[2023-05-04T08:17:22.817+0000] {logging_mixin.py:149} INFO - [2023-05-04T08:17:22.817+0000] {dag.py:2726} INFO - Sync 1 DAGs
[2023-05-04T08:17:22.895+0000] {logging_mixin.py:149} INFO - [2023-05-04T08:17:22.894+0000] {dag.py:3490} INFO - Setting next_dagrun for example_trigger_target_dag to None, run_after=None
[2023-05-04T08:17:22.950+0000] {processor.py:178} INFO - Processing /home/airflow/.local/lib/python3.7/site-packages/airflow/example_dags/example_trigger_target_dag.py took 0.229 seconds
[2023-05-04T08:17:53.820+0000] {processor.py:156} INFO - Started process (PID=5659) to work on /home/airflow/.local/lib/python3.7/site-packages/airflow/example_dags/example_trigger_target_dag.py
[2023-05-04T08:17:53.821+0000] {processor.py:799} INFO - Processing file /home/airflow/.local/lib/python3.7/site-packages/airflow/example_dags/example_trigger_target_dag.py for tasks to queue
[2023-05-04T08:17:53.823+0000] {logging_mixin.py:149} INFO - [2023-05-04T08:17:53.822+0000] {dagbag.py:541} INFO - Filling up the DagBag from /home/airflow/.local/lib/python3.7/site-packages/airflow/example_dags/example_trigger_target_dag.py
[2023-05-04T08:17:53.829+0000] {processor.py:809} INFO - DAG(s) dict_keys(['example_trigger_target_dag']) retrieved from /home/airflow/.local/lib/python3.7/site-packages/airflow/example_dags/example_trigger_target_dag.py
[2023-05-04T08:17:53.863+0000] {logging_mixin.py:149} INFO - [2023-05-04T08:17:53.863+0000] {dag.py:2726} INFO - Sync 1 DAGs
[2023-05-04T08:17:54.035+0000] {logging_mixin.py:149} INFO - [2023-05-04T08:17:54.035+0000] {dag.py:3490} INFO - Setting next_dagrun for example_trigger_target_dag to None, run_after=None
[2023-05-04T08:17:54.064+0000] {processor.py:178} INFO - Processing /home/airflow/.local/lib/python3.7/site-packages/airflow/example_dags/example_trigger_target_dag.py took 0.248 seconds
[2023-05-04T08:18:24.722+0000] {processor.py:156} INFO - Started process (PID=5913) to work on /home/airflow/.local/lib/python3.7/site-packages/airflow/example_dags/example_trigger_target_dag.py
[2023-05-04T08:18:24.723+0000] {processor.py:799} INFO - Processing file /home/airflow/.local/lib/python3.7/site-packages/airflow/example_dags/example_trigger_target_dag.py for tasks to queue
[2023-05-04T08:18:24.724+0000] {logging_mixin.py:149} INFO - [2023-05-04T08:18:24.724+0000] {dagbag.py:541} INFO - Filling up the DagBag from /home/airflow/.local/lib/python3.7/site-packages/airflow/example_dags/example_trigger_target_dag.py
[2023-05-04T08:18:24.730+0000] {processor.py:809} INFO - DAG(s) dict_keys(['example_trigger_target_dag']) retrieved from /home/airflow/.local/lib/python3.7/site-packages/airflow/example_dags/example_trigger_target_dag.py
[2023-05-04T08:18:24.767+0000] {logging_mixin.py:149} INFO - [2023-05-04T08:18:24.767+0000] {dag.py:2726} INFO - Sync 1 DAGs
[2023-05-04T08:18:24.827+0000] {logging_mixin.py:149} INFO - [2023-05-04T08:18:24.826+0000] {dag.py:3490} INFO - Setting next_dagrun for example_trigger_target_dag to None, run_after=None
[2023-05-04T08:18:24.965+0000] {processor.py:178} INFO - Processing /home/airflow/.local/lib/python3.7/site-packages/airflow/example_dags/example_trigger_target_dag.py took 0.247 seconds
[2023-05-04T08:18:55.025+0000] {processor.py:156} INFO - Started process (PID=6167) to work on /home/airflow/.local/lib/python3.7/site-packages/airflow/example_dags/example_trigger_target_dag.py
[2023-05-04T08:18:55.026+0000] {processor.py:799} INFO - Processing file /home/airflow/.local/lib/python3.7/site-packages/airflow/example_dags/example_trigger_target_dag.py for tasks to queue
[2023-05-04T08:18:55.028+0000] {logging_mixin.py:149} INFO - [2023-05-04T08:18:55.027+0000] {dagbag.py:541} INFO - Filling up the DagBag from /home/airflow/.local/lib/python3.7/site-packages/airflow/example_dags/example_trigger_target_dag.py
[2023-05-04T08:18:55.035+0000] {processor.py:809} INFO - DAG(s) dict_keys(['example_trigger_target_dag']) retrieved from /home/airflow/.local/lib/python3.7/site-packages/airflow/example_dags/example_trigger_target_dag.py
[2023-05-04T08:18:55.064+0000] {logging_mixin.py:149} INFO - [2023-05-04T08:18:55.064+0000] {dag.py:2726} INFO - Sync 1 DAGs
[2023-05-04T08:18:55.096+0000] {logging_mixin.py:149} INFO - [2023-05-04T08:18:55.096+0000] {dag.py:3490} INFO - Setting next_dagrun for example_trigger_target_dag to None, run_after=None
[2023-05-04T08:18:55.128+0000] {processor.py:178} INFO - Processing /home/airflow/.local/lib/python3.7/site-packages/airflow/example_dags/example_trigger_target_dag.py took 0.108 seconds
[2023-05-04T08:19:25.743+0000] {processor.py:156} INFO - Started process (PID=6420) to work on /home/airflow/.local/lib/python3.7/site-packages/airflow/example_dags/example_trigger_target_dag.py
[2023-05-04T08:19:25.745+0000] {processor.py:799} INFO - Processing file /home/airflow/.local/lib/python3.7/site-packages/airflow/example_dags/example_trigger_target_dag.py for tasks to queue
[2023-05-04T08:19:25.747+0000] {logging_mixin.py:149} INFO - [2023-05-04T08:19:25.747+0000] {dagbag.py:541} INFO - Filling up the DagBag from /home/airflow/.local/lib/python3.7/site-packages/airflow/example_dags/example_trigger_target_dag.py
[2023-05-04T08:19:25.758+0000] {processor.py:809} INFO - DAG(s) dict_keys(['example_trigger_target_dag']) retrieved from /home/airflow/.local/lib/python3.7/site-packages/airflow/example_dags/example_trigger_target_dag.py
[2023-05-04T08:19:25.798+0000] {logging_mixin.py:149} INFO - [2023-05-04T08:19:25.798+0000] {dag.py:2726} INFO - Sync 1 DAGs
[2023-05-04T08:19:25.840+0000] {logging_mixin.py:149} INFO - [2023-05-04T08:19:25.840+0000] {dag.py:3490} INFO - Setting next_dagrun for example_trigger_target_dag to None, run_after=None
[2023-05-04T08:19:25.870+0000] {processor.py:178} INFO - Processing /home/airflow/.local/lib/python3.7/site-packages/airflow/example_dags/example_trigger_target_dag.py took 0.132 seconds
[2023-05-04T08:19:56.135+0000] {processor.py:156} INFO - Started process (PID=6673) to work on /home/airflow/.local/lib/python3.7/site-packages/airflow/example_dags/example_trigger_target_dag.py
[2023-05-04T08:19:56.137+0000] {processor.py:799} INFO - Processing file /home/airflow/.local/lib/python3.7/site-packages/airflow/example_dags/example_trigger_target_dag.py for tasks to queue
[2023-05-04T08:19:56.138+0000] {logging_mixin.py:149} INFO - [2023-05-04T08:19:56.138+0000] {dagbag.py:541} INFO - Filling up the DagBag from /home/airflow/.local/lib/python3.7/site-packages/airflow/example_dags/example_trigger_target_dag.py
[2023-05-04T08:19:56.148+0000] {processor.py:809} INFO - DAG(s) dict_keys(['example_trigger_target_dag']) retrieved from /home/airflow/.local/lib/python3.7/site-packages/airflow/example_dags/example_trigger_target_dag.py
[2023-05-04T08:19:56.316+0000] {logging_mixin.py:149} INFO - [2023-05-04T08:19:56.315+0000] {dag.py:2726} INFO - Sync 1 DAGs
[2023-05-04T08:19:56.350+0000] {logging_mixin.py:149} INFO - [2023-05-04T08:19:56.350+0000] {dag.py:3490} INFO - Setting next_dagrun for example_trigger_target_dag to None, run_after=None
[2023-05-04T08:19:56.378+0000] {processor.py:178} INFO - Processing /home/airflow/.local/lib/python3.7/site-packages/airflow/example_dags/example_trigger_target_dag.py took 0.249 seconds
[2023-05-04T08:20:26.750+0000] {processor.py:156} INFO - Started process (PID=6928) to work on /home/airflow/.local/lib/python3.7/site-packages/airflow/example_dags/example_trigger_target_dag.py
[2023-05-04T08:20:26.751+0000] {processor.py:799} INFO - Processing file /home/airflow/.local/lib/python3.7/site-packages/airflow/example_dags/example_trigger_target_dag.py for tasks to queue
[2023-05-04T08:20:26.752+0000] {logging_mixin.py:149} INFO - [2023-05-04T08:20:26.752+0000] {dagbag.py:541} INFO - Filling up the DagBag from /home/airflow/.local/lib/python3.7/site-packages/airflow/example_dags/example_trigger_target_dag.py
[2023-05-04T08:20:26.761+0000] {processor.py:809} INFO - DAG(s) dict_keys(['example_trigger_target_dag']) retrieved from /home/airflow/.local/lib/python3.7/site-packages/airflow/example_dags/example_trigger_target_dag.py
[2023-05-04T08:20:26.790+0000] {logging_mixin.py:149} INFO - [2023-05-04T08:20:26.790+0000] {dag.py:2726} INFO - Sync 1 DAGs
[2023-05-04T08:20:26.942+0000] {logging_mixin.py:149} INFO - [2023-05-04T08:20:26.942+0000] {dag.py:3490} INFO - Setting next_dagrun for example_trigger_target_dag to None, run_after=None
[2023-05-04T08:20:26.968+0000] {processor.py:178} INFO - Processing /home/airflow/.local/lib/python3.7/site-packages/airflow/example_dags/example_trigger_target_dag.py took 0.223 seconds
[2023-05-04T08:20:57.155+0000] {processor.py:156} INFO - Started process (PID=7182) to work on /home/airflow/.local/lib/python3.7/site-packages/airflow/example_dags/example_trigger_target_dag.py
[2023-05-04T08:20:57.157+0000] {processor.py:799} INFO - Processing file /home/airflow/.local/lib/python3.7/site-packages/airflow/example_dags/example_trigger_target_dag.py for tasks to queue
[2023-05-04T08:20:57.158+0000] {logging_mixin.py:149} INFO - [2023-05-04T08:20:57.158+0000] {dagbag.py:541} INFO - Filling up the DagBag from /home/airflow/.local/lib/python3.7/site-packages/airflow/example_dags/example_trigger_target_dag.py
[2023-05-04T08:20:57.166+0000] {processor.py:809} INFO - DAG(s) dict_keys(['example_trigger_target_dag']) retrieved from /home/airflow/.local/lib/python3.7/site-packages/airflow/example_dags/example_trigger_target_dag.py
[2023-05-04T08:20:57.201+0000] {logging_mixin.py:149} INFO - [2023-05-04T08:20:57.200+0000] {dag.py:2726} INFO - Sync 1 DAGs
[2023-05-04T08:20:57.237+0000] {logging_mixin.py:149} INFO - [2023-05-04T08:20:57.237+0000] {dag.py:3490} INFO - Setting next_dagrun for example_trigger_target_dag to None, run_after=None
[2023-05-04T08:20:57.265+0000] {processor.py:178} INFO - Processing /home/airflow/.local/lib/python3.7/site-packages/airflow/example_dags/example_trigger_target_dag.py took 0.115 seconds
[2023-05-04T08:21:27.861+0000] {processor.py:156} INFO - Started process (PID=7433) to work on /home/airflow/.local/lib/python3.7/site-packages/airflow/example_dags/example_trigger_target_dag.py
[2023-05-04T08:21:27.863+0000] {processor.py:799} INFO - Processing file /home/airflow/.local/lib/python3.7/site-packages/airflow/example_dags/example_trigger_target_dag.py for tasks to queue
[2023-05-04T08:21:27.864+0000] {logging_mixin.py:149} INFO - [2023-05-04T08:21:27.864+0000] {dagbag.py:541} INFO - Filling up the DagBag from /home/airflow/.local/lib/python3.7/site-packages/airflow/example_dags/example_trigger_target_dag.py
[2023-05-04T08:21:27.877+0000] {processor.py:809} INFO - DAG(s) dict_keys(['example_trigger_target_dag']) retrieved from /home/airflow/.local/lib/python3.7/site-packages/airflow/example_dags/example_trigger_target_dag.py
[2023-05-04T08:21:27.919+0000] {logging_mixin.py:149} INFO - [2023-05-04T08:21:27.918+0000] {dag.py:2726} INFO - Sync 1 DAGs
[2023-05-04T08:21:27.961+0000] {logging_mixin.py:149} INFO - [2023-05-04T08:21:27.961+0000] {dag.py:3490} INFO - Setting next_dagrun for example_trigger_target_dag to None, run_after=None
[2023-05-04T08:21:27.995+0000] {processor.py:178} INFO - Processing /home/airflow/.local/lib/python3.7/site-packages/airflow/example_dags/example_trigger_target_dag.py took 0.140 seconds
[2023-05-04T08:21:58.908+0000] {processor.py:156} INFO - Started process (PID=7686) to work on /home/airflow/.local/lib/python3.7/site-packages/airflow/example_dags/example_trigger_target_dag.py
[2023-05-04T08:21:58.910+0000] {processor.py:799} INFO - Processing file /home/airflow/.local/lib/python3.7/site-packages/airflow/example_dags/example_trigger_target_dag.py for tasks to queue
[2023-05-04T08:21:58.911+0000] {logging_mixin.py:149} INFO - [2023-05-04T08:21:58.911+0000] {dagbag.py:541} INFO - Filling up the DagBag from /home/airflow/.local/lib/python3.7/site-packages/airflow/example_dags/example_trigger_target_dag.py
[2023-05-04T08:21:58.917+0000] {processor.py:809} INFO - DAG(s) dict_keys(['example_trigger_target_dag']) retrieved from /home/airflow/.local/lib/python3.7/site-packages/airflow/example_dags/example_trigger_target_dag.py
[2023-05-04T08:21:58.946+0000] {logging_mixin.py:149} INFO - [2023-05-04T08:21:58.946+0000] {dag.py:2726} INFO - Sync 1 DAGs
[2023-05-04T08:21:58.975+0000] {logging_mixin.py:149} INFO - [2023-05-04T08:21:58.975+0000] {dag.py:3490} INFO - Setting next_dagrun for example_trigger_target_dag to None, run_after=None
[2023-05-04T08:21:59.000+0000] {processor.py:178} INFO - Processing /home/airflow/.local/lib/python3.7/site-packages/airflow/example_dags/example_trigger_target_dag.py took 0.095 seconds
[2023-05-04T08:22:29.127+0000] {processor.py:156} INFO - Started process (PID=7940) to work on /home/airflow/.local/lib/python3.7/site-packages/airflow/example_dags/example_trigger_target_dag.py
[2023-05-04T08:22:29.128+0000] {processor.py:799} INFO - Processing file /home/airflow/.local/lib/python3.7/site-packages/airflow/example_dags/example_trigger_target_dag.py for tasks to queue
[2023-05-04T08:22:29.129+0000] {logging_mixin.py:149} INFO - [2023-05-04T08:22:29.129+0000] {dagbag.py:541} INFO - Filling up the DagBag from /home/airflow/.local/lib/python3.7/site-packages/airflow/example_dags/example_trigger_target_dag.py
[2023-05-04T08:22:29.135+0000] {processor.py:809} INFO - DAG(s) dict_keys(['example_trigger_target_dag']) retrieved from /home/airflow/.local/lib/python3.7/site-packages/airflow/example_dags/example_trigger_target_dag.py
[2023-05-04T08:22:29.166+0000] {logging_mixin.py:149} INFO - [2023-05-04T08:22:29.166+0000] {dag.py:2726} INFO - Sync 1 DAGs
[2023-05-04T08:22:29.196+0000] {logging_mixin.py:149} INFO - [2023-05-04T08:22:29.196+0000] {dag.py:3490} INFO - Setting next_dagrun for example_trigger_target_dag to None, run_after=None
[2023-05-04T08:22:29.220+0000] {processor.py:178} INFO - Processing /home/airflow/.local/lib/python3.7/site-packages/airflow/example_dags/example_trigger_target_dag.py took 0.097 seconds
[2023-05-04T08:23:00.008+0000] {processor.py:156} INFO - Started process (PID=8194) to work on /home/airflow/.local/lib/python3.7/site-packages/airflow/example_dags/example_trigger_target_dag.py
[2023-05-04T08:23:00.009+0000] {processor.py:799} INFO - Processing file /home/airflow/.local/lib/python3.7/site-packages/airflow/example_dags/example_trigger_target_dag.py for tasks to queue
[2023-05-04T08:23:00.011+0000] {logging_mixin.py:149} INFO - [2023-05-04T08:23:00.010+0000] {dagbag.py:541} INFO - Filling up the DagBag from /home/airflow/.local/lib/python3.7/site-packages/airflow/example_dags/example_trigger_target_dag.py
[2023-05-04T08:23:00.023+0000] {processor.py:809} INFO - DAG(s) dict_keys(['example_trigger_target_dag']) retrieved from /home/airflow/.local/lib/python3.7/site-packages/airflow/example_dags/example_trigger_target_dag.py
[2023-05-04T08:23:00.065+0000] {logging_mixin.py:149} INFO - [2023-05-04T08:23:00.064+0000] {dag.py:2726} INFO - Sync 1 DAGs
[2023-05-04T08:23:00.112+0000] {logging_mixin.py:149} INFO - [2023-05-04T08:23:00.111+0000] {dag.py:3490} INFO - Setting next_dagrun for example_trigger_target_dag to None, run_after=None
[2023-05-04T08:23:00.143+0000] {processor.py:178} INFO - Processing /home/airflow/.local/lib/python3.7/site-packages/airflow/example_dags/example_trigger_target_dag.py took 0.140 seconds
[2023-05-04T08:23:30.707+0000] {processor.py:156} INFO - Started process (PID=8435) to work on /home/airflow/.local/lib/python3.7/site-packages/airflow/example_dags/example_trigger_target_dag.py
[2023-05-04T08:23:30.709+0000] {processor.py:799} INFO - Processing file /home/airflow/.local/lib/python3.7/site-packages/airflow/example_dags/example_trigger_target_dag.py for tasks to queue
[2023-05-04T08:23:30.711+0000] {logging_mixin.py:149} INFO - [2023-05-04T08:23:30.710+0000] {dagbag.py:541} INFO - Filling up the DagBag from /home/airflow/.local/lib/python3.7/site-packages/airflow/example_dags/example_trigger_target_dag.py
[2023-05-04T08:23:30.720+0000] {processor.py:809} INFO - DAG(s) dict_keys(['example_trigger_target_dag']) retrieved from /home/airflow/.local/lib/python3.7/site-packages/airflow/example_dags/example_trigger_target_dag.py
[2023-05-04T08:23:30.761+0000] {logging_mixin.py:149} INFO - [2023-05-04T08:23:30.761+0000] {dag.py:2726} INFO - Sync 1 DAGs
[2023-05-04T08:23:30.812+0000] {logging_mixin.py:149} INFO - [2023-05-04T08:23:30.812+0000] {dag.py:3490} INFO - Setting next_dagrun for example_trigger_target_dag to None, run_after=None
[2023-05-04T08:23:30.843+0000] {processor.py:178} INFO - Processing /home/airflow/.local/lib/python3.7/site-packages/airflow/example_dags/example_trigger_target_dag.py took 0.141 seconds
