[2023-05-04T08:16:51.475+0000] {processor.py:156} INFO - Started process (PID=5137) to work on /home/airflow/.local/lib/python3.7/site-packages/airflow/example_dags/tutorial_taskflow_api.py
[2023-05-04T08:16:51.476+0000] {processor.py:799} INFO - Processing file /home/airflow/.local/lib/python3.7/site-packages/airflow/example_dags/tutorial_taskflow_api.py for tasks to queue
[2023-05-04T08:16:51.477+0000] {logging_mixin.py:149} INFO - [2023-05-04T08:16:51.477+0000] {dagbag.py:541} INFO - Filling up the DagBag from /home/airflow/.local/lib/python3.7/site-packages/airflow/example_dags/tutorial_taskflow_api.py
[2023-05-04T08:16:51.485+0000] {processor.py:809} INFO - DAG(s) dict_keys(['tutorial_taskflow_api']) retrieved from /home/airflow/.local/lib/python3.7/site-packages/airflow/example_dags/tutorial_taskflow_api.py
[2023-05-04T08:16:51.515+0000] {logging_mixin.py:149} INFO - [2023-05-04T08:16:51.515+0000] {dag.py:2726} INFO - Sync 1 DAGs
[2023-05-04T08:16:51.547+0000] {logging_mixin.py:149} INFO - [2023-05-04T08:16:51.547+0000] {dag.py:3490} INFO - Setting next_dagrun for tutorial_taskflow_api to None, run_after=None
[2023-05-04T08:16:51.574+0000] {processor.py:178} INFO - Processing /home/airflow/.local/lib/python3.7/site-packages/airflow/example_dags/tutorial_taskflow_api.py took 0.103 seconds
[2023-05-04T08:17:22.288+0000] {processor.py:156} INFO - Started process (PID=5391) to work on /home/airflow/.local/lib/python3.7/site-packages/airflow/example_dags/tutorial_taskflow_api.py
[2023-05-04T08:17:22.289+0000] {processor.py:799} INFO - Processing file /home/airflow/.local/lib/python3.7/site-packages/airflow/example_dags/tutorial_taskflow_api.py for tasks to queue
[2023-05-04T08:17:22.291+0000] {logging_mixin.py:149} INFO - [2023-05-04T08:17:22.290+0000] {dagbag.py:541} INFO - Filling up the DagBag from /home/airflow/.local/lib/python3.7/site-packages/airflow/example_dags/tutorial_taskflow_api.py
[2023-05-04T08:17:22.306+0000] {processor.py:809} INFO - DAG(s) dict_keys(['tutorial_taskflow_api']) retrieved from /home/airflow/.local/lib/python3.7/site-packages/airflow/example_dags/tutorial_taskflow_api.py
[2023-05-04T08:17:22.365+0000] {logging_mixin.py:149} INFO - [2023-05-04T08:17:22.365+0000] {dag.py:2726} INFO - Sync 1 DAGs
[2023-05-04T08:17:22.425+0000] {logging_mixin.py:149} INFO - [2023-05-04T08:17:22.425+0000] {dag.py:3490} INFO - Setting next_dagrun for tutorial_taskflow_api to None, run_after=None
[2023-05-04T08:17:22.476+0000] {processor.py:178} INFO - Processing /home/airflow/.local/lib/python3.7/site-packages/airflow/example_dags/tutorial_taskflow_api.py took 0.195 seconds
[2023-05-04T08:17:53.123+0000] {processor.py:156} INFO - Started process (PID=5644) to work on /home/airflow/.local/lib/python3.7/site-packages/airflow/example_dags/tutorial_taskflow_api.py
[2023-05-04T08:17:53.124+0000] {processor.py:799} INFO - Processing file /home/airflow/.local/lib/python3.7/site-packages/airflow/example_dags/tutorial_taskflow_api.py for tasks to queue
[2023-05-04T08:17:53.125+0000] {logging_mixin.py:149} INFO - [2023-05-04T08:17:53.125+0000] {dagbag.py:541} INFO - Filling up the DagBag from /home/airflow/.local/lib/python3.7/site-packages/airflow/example_dags/tutorial_taskflow_api.py
[2023-05-04T08:17:53.133+0000] {processor.py:809} INFO - DAG(s) dict_keys(['tutorial_taskflow_api']) retrieved from /home/airflow/.local/lib/python3.7/site-packages/airflow/example_dags/tutorial_taskflow_api.py
[2023-05-04T08:17:53.167+0000] {logging_mixin.py:149} INFO - [2023-05-04T08:17:53.167+0000] {dag.py:2726} INFO - Sync 1 DAGs
[2023-05-04T08:17:53.336+0000] {logging_mixin.py:149} INFO - [2023-05-04T08:17:53.335+0000] {dag.py:3490} INFO - Setting next_dagrun for tutorial_taskflow_api to None, run_after=None
[2023-05-04T08:17:53.362+0000] {processor.py:178} INFO - Processing /home/airflow/.local/lib/python3.7/site-packages/airflow/example_dags/tutorial_taskflow_api.py took 0.243 seconds
[2023-05-04T08:18:23.551+0000] {processor.py:156} INFO - Started process (PID=5898) to work on /home/airflow/.local/lib/python3.7/site-packages/airflow/example_dags/tutorial_taskflow_api.py
[2023-05-04T08:18:23.552+0000] {processor.py:799} INFO - Processing file /home/airflow/.local/lib/python3.7/site-packages/airflow/example_dags/tutorial_taskflow_api.py for tasks to queue
[2023-05-04T08:18:23.553+0000] {logging_mixin.py:149} INFO - [2023-05-04T08:18:23.553+0000] {dagbag.py:541} INFO - Filling up the DagBag from /home/airflow/.local/lib/python3.7/site-packages/airflow/example_dags/tutorial_taskflow_api.py
[2023-05-04T08:18:23.560+0000] {processor.py:809} INFO - DAG(s) dict_keys(['tutorial_taskflow_api']) retrieved from /home/airflow/.local/lib/python3.7/site-packages/airflow/example_dags/tutorial_taskflow_api.py
[2023-05-04T08:18:23.591+0000] {logging_mixin.py:149} INFO - [2023-05-04T08:18:23.591+0000] {dag.py:2726} INFO - Sync 1 DAGs
[2023-05-04T08:18:23.622+0000] {logging_mixin.py:149} INFO - [2023-05-04T08:18:23.622+0000] {dag.py:3490} INFO - Setting next_dagrun for tutorial_taskflow_api to None, run_after=None
[2023-05-04T08:18:23.650+0000] {processor.py:178} INFO - Processing /home/airflow/.local/lib/python3.7/site-packages/airflow/example_dags/tutorial_taskflow_api.py took 0.103 seconds
[2023-05-04T08:18:53.849+0000] {processor.py:156} INFO - Started process (PID=6152) to work on /home/airflow/.local/lib/python3.7/site-packages/airflow/example_dags/tutorial_taskflow_api.py
[2023-05-04T08:18:53.851+0000] {processor.py:799} INFO - Processing file /home/airflow/.local/lib/python3.7/site-packages/airflow/example_dags/tutorial_taskflow_api.py for tasks to queue
[2023-05-04T08:18:53.852+0000] {logging_mixin.py:149} INFO - [2023-05-04T08:18:53.852+0000] {dagbag.py:541} INFO - Filling up the DagBag from /home/airflow/.local/lib/python3.7/site-packages/airflow/example_dags/tutorial_taskflow_api.py
[2023-05-04T08:18:53.860+0000] {processor.py:809} INFO - DAG(s) dict_keys(['tutorial_taskflow_api']) retrieved from /home/airflow/.local/lib/python3.7/site-packages/airflow/example_dags/tutorial_taskflow_api.py
[2023-05-04T08:18:53.889+0000] {logging_mixin.py:149} INFO - [2023-05-04T08:18:53.888+0000] {dag.py:2726} INFO - Sync 1 DAGs
[2023-05-04T08:18:53.922+0000] {logging_mixin.py:149} INFO - [2023-05-04T08:18:53.922+0000] {dag.py:3490} INFO - Setting next_dagrun for tutorial_taskflow_api to None, run_after=None
[2023-05-04T08:18:53.946+0000] {processor.py:178} INFO - Processing /home/airflow/.local/lib/python3.7/site-packages/airflow/example_dags/tutorial_taskflow_api.py took 0.102 seconds
[2023-05-04T08:19:24.234+0000] {processor.py:156} INFO - Started process (PID=6405) to work on /home/airflow/.local/lib/python3.7/site-packages/airflow/example_dags/tutorial_taskflow_api.py
[2023-05-04T08:19:24.236+0000] {processor.py:799} INFO - Processing file /home/airflow/.local/lib/python3.7/site-packages/airflow/example_dags/tutorial_taskflow_api.py for tasks to queue
[2023-05-04T08:19:24.238+0000] {logging_mixin.py:149} INFO - [2023-05-04T08:19:24.237+0000] {dagbag.py:541} INFO - Filling up the DagBag from /home/airflow/.local/lib/python3.7/site-packages/airflow/example_dags/tutorial_taskflow_api.py
[2023-05-04T08:19:24.245+0000] {processor.py:809} INFO - DAG(s) dict_keys(['tutorial_taskflow_api']) retrieved from /home/airflow/.local/lib/python3.7/site-packages/airflow/example_dags/tutorial_taskflow_api.py
[2023-05-04T08:19:24.441+0000] {logging_mixin.py:149} INFO - [2023-05-04T08:19:24.441+0000] {dag.py:2726} INFO - Sync 1 DAGs
[2023-05-04T08:19:24.485+0000] {logging_mixin.py:149} INFO - [2023-05-04T08:19:24.485+0000] {dag.py:3490} INFO - Setting next_dagrun for tutorial_taskflow_api to None, run_after=None
[2023-05-04T08:19:24.512+0000] {processor.py:178} INFO - Processing /home/airflow/.local/lib/python3.7/site-packages/airflow/example_dags/tutorial_taskflow_api.py took 0.282 seconds
[2023-05-04T08:19:54.819+0000] {processor.py:156} INFO - Started process (PID=6658) to work on /home/airflow/.local/lib/python3.7/site-packages/airflow/example_dags/tutorial_taskflow_api.py
[2023-05-04T08:19:54.822+0000] {processor.py:799} INFO - Processing file /home/airflow/.local/lib/python3.7/site-packages/airflow/example_dags/tutorial_taskflow_api.py for tasks to queue
[2023-05-04T08:19:54.823+0000] {logging_mixin.py:149} INFO - [2023-05-04T08:19:54.823+0000] {dagbag.py:541} INFO - Filling up the DagBag from /home/airflow/.local/lib/python3.7/site-packages/airflow/example_dags/tutorial_taskflow_api.py
[2023-05-04T08:19:54.833+0000] {processor.py:809} INFO - DAG(s) dict_keys(['tutorial_taskflow_api']) retrieved from /home/airflow/.local/lib/python3.7/site-packages/airflow/example_dags/tutorial_taskflow_api.py
[2023-05-04T08:19:54.864+0000] {logging_mixin.py:149} INFO - [2023-05-04T08:19:54.864+0000] {dag.py:2726} INFO - Sync 1 DAGs
[2023-05-04T08:19:55.147+0000] {logging_mixin.py:149} INFO - [2023-05-04T08:19:55.147+0000] {dag.py:3490} INFO - Setting next_dagrun for tutorial_taskflow_api to None, run_after=None
[2023-05-04T08:19:55.182+0000] {processor.py:178} INFO - Processing /home/airflow/.local/lib/python3.7/site-packages/airflow/example_dags/tutorial_taskflow_api.py took 0.368 seconds
[2023-05-04T08:20:25.438+0000] {processor.py:156} INFO - Started process (PID=6911) to work on /home/airflow/.local/lib/python3.7/site-packages/airflow/example_dags/tutorial_taskflow_api.py
[2023-05-04T08:20:25.439+0000] {processor.py:799} INFO - Processing file /home/airflow/.local/lib/python3.7/site-packages/airflow/example_dags/tutorial_taskflow_api.py for tasks to queue
[2023-05-04T08:20:25.440+0000] {logging_mixin.py:149} INFO - [2023-05-04T08:20:25.440+0000] {dagbag.py:541} INFO - Filling up the DagBag from /home/airflow/.local/lib/python3.7/site-packages/airflow/example_dags/tutorial_taskflow_api.py
[2023-05-04T08:20:25.447+0000] {processor.py:809} INFO - DAG(s) dict_keys(['tutorial_taskflow_api']) retrieved from /home/airflow/.local/lib/python3.7/site-packages/airflow/example_dags/tutorial_taskflow_api.py
[2023-05-04T08:20:25.476+0000] {logging_mixin.py:149} INFO - [2023-05-04T08:20:25.476+0000] {dag.py:2726} INFO - Sync 1 DAGs
[2023-05-04T08:20:25.630+0000] {logging_mixin.py:149} INFO - [2023-05-04T08:20:25.630+0000] {dag.py:3490} INFO - Setting next_dagrun for tutorial_taskflow_api to None, run_after=None
[2023-05-04T08:20:25.658+0000] {processor.py:178} INFO - Processing /home/airflow/.local/lib/python3.7/site-packages/airflow/example_dags/tutorial_taskflow_api.py took 0.224 seconds
[2023-05-04T08:20:56.651+0000] {processor.py:156} INFO - Started process (PID=7165) to work on /home/airflow/.local/lib/python3.7/site-packages/airflow/example_dags/tutorial_taskflow_api.py
[2023-05-04T08:20:56.652+0000] {processor.py:799} INFO - Processing file /home/airflow/.local/lib/python3.7/site-packages/airflow/example_dags/tutorial_taskflow_api.py for tasks to queue
[2023-05-04T08:20:56.653+0000] {logging_mixin.py:149} INFO - [2023-05-04T08:20:56.653+0000] {dagbag.py:541} INFO - Filling up the DagBag from /home/airflow/.local/lib/python3.7/site-packages/airflow/example_dags/tutorial_taskflow_api.py
[2023-05-04T08:20:56.663+0000] {processor.py:809} INFO - DAG(s) dict_keys(['tutorial_taskflow_api']) retrieved from /home/airflow/.local/lib/python3.7/site-packages/airflow/example_dags/tutorial_taskflow_api.py
[2023-05-04T08:20:56.701+0000] {logging_mixin.py:149} INFO - [2023-05-04T08:20:56.701+0000] {dag.py:2726} INFO - Sync 1 DAGs
[2023-05-04T08:20:56.740+0000] {logging_mixin.py:149} INFO - [2023-05-04T08:20:56.740+0000] {dag.py:3490} INFO - Setting next_dagrun for tutorial_taskflow_api to None, run_after=None
[2023-05-04T08:20:56.766+0000] {processor.py:178} INFO - Processing /home/airflow/.local/lib/python3.7/site-packages/airflow/example_dags/tutorial_taskflow_api.py took 0.119 seconds
[2023-05-04T08:21:27.514+0000] {processor.py:156} INFO - Started process (PID=7418) to work on /home/airflow/.local/lib/python3.7/site-packages/airflow/example_dags/tutorial_taskflow_api.py
[2023-05-04T08:21:27.516+0000] {processor.py:799} INFO - Processing file /home/airflow/.local/lib/python3.7/site-packages/airflow/example_dags/tutorial_taskflow_api.py for tasks to queue
[2023-05-04T08:21:27.518+0000] {logging_mixin.py:149} INFO - [2023-05-04T08:21:27.517+0000] {dagbag.py:541} INFO - Filling up the DagBag from /home/airflow/.local/lib/python3.7/site-packages/airflow/example_dags/tutorial_taskflow_api.py
[2023-05-04T08:21:27.528+0000] {processor.py:809} INFO - DAG(s) dict_keys(['tutorial_taskflow_api']) retrieved from /home/airflow/.local/lib/python3.7/site-packages/airflow/example_dags/tutorial_taskflow_api.py
[2023-05-04T08:21:27.562+0000] {logging_mixin.py:149} INFO - [2023-05-04T08:21:27.562+0000] {dag.py:2726} INFO - Sync 1 DAGs
[2023-05-04T08:21:27.600+0000] {logging_mixin.py:149} INFO - [2023-05-04T08:21:27.599+0000] {dag.py:3490} INFO - Setting next_dagrun for tutorial_taskflow_api to None, run_after=None
[2023-05-04T08:21:27.632+0000] {processor.py:178} INFO - Processing /home/airflow/.local/lib/python3.7/site-packages/airflow/example_dags/tutorial_taskflow_api.py took 0.121 seconds
[2023-05-04T08:21:57.742+0000] {processor.py:156} INFO - Started process (PID=7671) to work on /home/airflow/.local/lib/python3.7/site-packages/airflow/example_dags/tutorial_taskflow_api.py
[2023-05-04T08:21:57.743+0000] {processor.py:799} INFO - Processing file /home/airflow/.local/lib/python3.7/site-packages/airflow/example_dags/tutorial_taskflow_api.py for tasks to queue
[2023-05-04T08:21:57.744+0000] {logging_mixin.py:149} INFO - [2023-05-04T08:21:57.744+0000] {dagbag.py:541} INFO - Filling up the DagBag from /home/airflow/.local/lib/python3.7/site-packages/airflow/example_dags/tutorial_taskflow_api.py
[2023-05-04T08:21:57.753+0000] {processor.py:809} INFO - DAG(s) dict_keys(['tutorial_taskflow_api']) retrieved from /home/airflow/.local/lib/python3.7/site-packages/airflow/example_dags/tutorial_taskflow_api.py
[2023-05-04T08:21:57.782+0000] {logging_mixin.py:149} INFO - [2023-05-04T08:21:57.782+0000] {dag.py:2726} INFO - Sync 1 DAGs
[2023-05-04T08:21:57.812+0000] {logging_mixin.py:149} INFO - [2023-05-04T08:21:57.812+0000] {dag.py:3490} INFO - Setting next_dagrun for tutorial_taskflow_api to None, run_after=None
[2023-05-04T08:21:57.836+0000] {processor.py:178} INFO - Processing /home/airflow/.local/lib/python3.7/site-packages/airflow/example_dags/tutorial_taskflow_api.py took 0.098 seconds
[2023-05-04T08:22:27.949+0000] {processor.py:156} INFO - Started process (PID=7925) to work on /home/airflow/.local/lib/python3.7/site-packages/airflow/example_dags/tutorial_taskflow_api.py
[2023-05-04T08:22:27.950+0000] {processor.py:799} INFO - Processing file /home/airflow/.local/lib/python3.7/site-packages/airflow/example_dags/tutorial_taskflow_api.py for tasks to queue
[2023-05-04T08:22:27.952+0000] {logging_mixin.py:149} INFO - [2023-05-04T08:22:27.951+0000] {dagbag.py:541} INFO - Filling up the DagBag from /home/airflow/.local/lib/python3.7/site-packages/airflow/example_dags/tutorial_taskflow_api.py
[2023-05-04T08:22:27.959+0000] {processor.py:809} INFO - DAG(s) dict_keys(['tutorial_taskflow_api']) retrieved from /home/airflow/.local/lib/python3.7/site-packages/airflow/example_dags/tutorial_taskflow_api.py
[2023-05-04T08:22:27.988+0000] {logging_mixin.py:149} INFO - [2023-05-04T08:22:27.988+0000] {dag.py:2726} INFO - Sync 1 DAGs
[2023-05-04T08:22:28.020+0000] {logging_mixin.py:149} INFO - [2023-05-04T08:22:28.019+0000] {dag.py:3490} INFO - Setting next_dagrun for tutorial_taskflow_api to None, run_after=None
[2023-05-04T08:22:28.046+0000] {processor.py:178} INFO - Processing /home/airflow/.local/lib/python3.7/site-packages/airflow/example_dags/tutorial_taskflow_api.py took 0.101 seconds
[2023-05-04T08:22:58.754+0000] {processor.py:156} INFO - Started process (PID=8166) to work on /home/airflow/.local/lib/python3.7/site-packages/airflow/example_dags/tutorial_taskflow_api.py
[2023-05-04T08:22:58.756+0000] {processor.py:799} INFO - Processing file /home/airflow/.local/lib/python3.7/site-packages/airflow/example_dags/tutorial_taskflow_api.py for tasks to queue
[2023-05-04T08:22:58.757+0000] {logging_mixin.py:149} INFO - [2023-05-04T08:22:58.757+0000] {dagbag.py:541} INFO - Filling up the DagBag from /home/airflow/.local/lib/python3.7/site-packages/airflow/example_dags/tutorial_taskflow_api.py
[2023-05-04T08:22:58.766+0000] {processor.py:809} INFO - DAG(s) dict_keys(['tutorial_taskflow_api']) retrieved from /home/airflow/.local/lib/python3.7/site-packages/airflow/example_dags/tutorial_taskflow_api.py
[2023-05-04T08:22:58.802+0000] {logging_mixin.py:149} INFO - [2023-05-04T08:22:58.802+0000] {dag.py:2726} INFO - Sync 1 DAGs
[2023-05-04T08:22:58.848+0000] {logging_mixin.py:149} INFO - [2023-05-04T08:22:58.848+0000] {dag.py:3490} INFO - Setting next_dagrun for tutorial_taskflow_api to None, run_after=None
[2023-05-04T08:22:58.877+0000] {processor.py:178} INFO - Processing /home/airflow/.local/lib/python3.7/site-packages/airflow/example_dags/tutorial_taskflow_api.py took 0.128 seconds
[2023-05-04T08:23:28.986+0000] {processor.py:156} INFO - Started process (PID=8407) to work on /home/airflow/.local/lib/python3.7/site-packages/airflow/example_dags/tutorial_taskflow_api.py
[2023-05-04T08:23:28.988+0000] {processor.py:799} INFO - Processing file /home/airflow/.local/lib/python3.7/site-packages/airflow/example_dags/tutorial_taskflow_api.py for tasks to queue
[2023-05-04T08:23:28.990+0000] {logging_mixin.py:149} INFO - [2023-05-04T08:23:28.990+0000] {dagbag.py:541} INFO - Filling up the DagBag from /home/airflow/.local/lib/python3.7/site-packages/airflow/example_dags/tutorial_taskflow_api.py
[2023-05-04T08:23:29.004+0000] {processor.py:809} INFO - DAG(s) dict_keys(['tutorial_taskflow_api']) retrieved from /home/airflow/.local/lib/python3.7/site-packages/airflow/example_dags/tutorial_taskflow_api.py
[2023-05-04T08:23:29.058+0000] {logging_mixin.py:149} INFO - [2023-05-04T08:23:29.057+0000] {dag.py:2726} INFO - Sync 1 DAGs
[2023-05-04T08:23:29.119+0000] {logging_mixin.py:149} INFO - [2023-05-04T08:23:29.118+0000] {dag.py:3490} INFO - Setting next_dagrun for tutorial_taskflow_api to None, run_after=None
[2023-05-04T08:23:29.156+0000] {processor.py:178} INFO - Processing /home/airflow/.local/lib/python3.7/site-packages/airflow/example_dags/tutorial_taskflow_api.py took 0.177 seconds
