[2023-05-04T08:16:38.450+0000] {processor.py:156} INFO - Started process (PID=5054) to work on /home/airflow/.local/lib/python3.7/site-packages/airflow/example_dags/tutorial_dag.py
[2023-05-04T08:16:38.451+0000] {processor.py:799} INFO - Processing file /home/airflow/.local/lib/python3.7/site-packages/airflow/example_dags/tutorial_dag.py for tasks to queue
[2023-05-04T08:16:38.453+0000] {logging_mixin.py:149} INFO - [2023-05-04T08:16:38.452+0000] {dagbag.py:541} INFO - Filling up the DagBag from /home/airflow/.local/lib/python3.7/site-packages/airflow/example_dags/tutorial_dag.py
[2023-05-04T08:16:38.462+0000] {processor.py:809} INFO - DAG(s) dict_keys(['tutorial_dag']) retrieved from /home/airflow/.local/lib/python3.7/site-packages/airflow/example_dags/tutorial_dag.py
[2023-05-04T08:16:38.502+0000] {logging_mixin.py:149} INFO - [2023-05-04T08:16:38.502+0000] {dag.py:2726} INFO - Sync 1 DAGs
[2023-05-04T08:16:38.552+0000] {logging_mixin.py:149} INFO - [2023-05-04T08:16:38.552+0000] {dag.py:3490} INFO - Setting next_dagrun for tutorial_dag to None, run_after=None
[2023-05-04T08:16:38.606+0000] {processor.py:178} INFO - Processing /home/airflow/.local/lib/python3.7/site-packages/airflow/example_dags/tutorial_dag.py took 0.161 seconds
[2023-05-04T08:17:08.987+0000] {processor.py:156} INFO - Started process (PID=5308) to work on /home/airflow/.local/lib/python3.7/site-packages/airflow/example_dags/tutorial_dag.py
[2023-05-04T08:17:08.989+0000] {processor.py:799} INFO - Processing file /home/airflow/.local/lib/python3.7/site-packages/airflow/example_dags/tutorial_dag.py for tasks to queue
[2023-05-04T08:17:08.990+0000] {logging_mixin.py:149} INFO - [2023-05-04T08:17:08.990+0000] {dagbag.py:541} INFO - Filling up the DagBag from /home/airflow/.local/lib/python3.7/site-packages/airflow/example_dags/tutorial_dag.py
[2023-05-04T08:17:08.999+0000] {processor.py:809} INFO - DAG(s) dict_keys(['tutorial_dag']) retrieved from /home/airflow/.local/lib/python3.7/site-packages/airflow/example_dags/tutorial_dag.py
[2023-05-04T08:17:09.034+0000] {logging_mixin.py:149} INFO - [2023-05-04T08:17:09.034+0000] {dag.py:2726} INFO - Sync 1 DAGs
[2023-05-04T08:17:09.233+0000] {logging_mixin.py:149} INFO - [2023-05-04T08:17:09.233+0000] {dag.py:3490} INFO - Setting next_dagrun for tutorial_dag to None, run_after=None
[2023-05-04T08:17:09.274+0000] {processor.py:178} INFO - Processing /home/airflow/.local/lib/python3.7/site-packages/airflow/example_dags/tutorial_dag.py took 0.292 seconds
[2023-05-04T08:17:39.735+0000] {processor.py:156} INFO - Started process (PID=5561) to work on /home/airflow/.local/lib/python3.7/site-packages/airflow/example_dags/tutorial_dag.py
[2023-05-04T08:17:39.737+0000] {processor.py:799} INFO - Processing file /home/airflow/.local/lib/python3.7/site-packages/airflow/example_dags/tutorial_dag.py for tasks to queue
[2023-05-04T08:17:39.738+0000] {logging_mixin.py:149} INFO - [2023-05-04T08:17:39.738+0000] {dagbag.py:541} INFO - Filling up the DagBag from /home/airflow/.local/lib/python3.7/site-packages/airflow/example_dags/tutorial_dag.py
[2023-05-04T08:17:39.744+0000] {processor.py:809} INFO - DAG(s) dict_keys(['tutorial_dag']) retrieved from /home/airflow/.local/lib/python3.7/site-packages/airflow/example_dags/tutorial_dag.py
[2023-05-04T08:17:39.777+0000] {logging_mixin.py:149} INFO - [2023-05-04T08:17:39.777+0000] {dag.py:2726} INFO - Sync 1 DAGs
[2023-05-04T08:17:39.813+0000] {logging_mixin.py:149} INFO - [2023-05-04T08:17:39.813+0000] {dag.py:3490} INFO - Setting next_dagrun for tutorial_dag to None, run_after=None
[2023-05-04T08:17:39.842+0000] {processor.py:178} INFO - Processing /home/airflow/.local/lib/python3.7/site-packages/airflow/example_dags/tutorial_dag.py took 0.110 seconds
[2023-05-04T08:18:10.337+0000] {processor.py:156} INFO - Started process (PID=5815) to work on /home/airflow/.local/lib/python3.7/site-packages/airflow/example_dags/tutorial_dag.py
[2023-05-04T08:18:10.338+0000] {processor.py:799} INFO - Processing file /home/airflow/.local/lib/python3.7/site-packages/airflow/example_dags/tutorial_dag.py for tasks to queue
[2023-05-04T08:18:10.339+0000] {logging_mixin.py:149} INFO - [2023-05-04T08:18:10.339+0000] {dagbag.py:541} INFO - Filling up the DagBag from /home/airflow/.local/lib/python3.7/site-packages/airflow/example_dags/tutorial_dag.py
[2023-05-04T08:18:10.346+0000] {processor.py:809} INFO - DAG(s) dict_keys(['tutorial_dag']) retrieved from /home/airflow/.local/lib/python3.7/site-packages/airflow/example_dags/tutorial_dag.py
[2023-05-04T08:18:10.380+0000] {logging_mixin.py:149} INFO - [2023-05-04T08:18:10.380+0000] {dag.py:2726} INFO - Sync 1 DAGs
[2023-05-04T08:18:10.413+0000] {logging_mixin.py:149} INFO - [2023-05-04T08:18:10.413+0000] {dag.py:3490} INFO - Setting next_dagrun for tutorial_dag to None, run_after=None
[2023-05-04T08:18:10.443+0000] {processor.py:178} INFO - Processing /home/airflow/.local/lib/python3.7/site-packages/airflow/example_dags/tutorial_dag.py took 0.112 seconds
[2023-05-04T08:18:41.062+0000] {processor.py:156} INFO - Started process (PID=6069) to work on /home/airflow/.local/lib/python3.7/site-packages/airflow/example_dags/tutorial_dag.py
[2023-05-04T08:18:41.064+0000] {processor.py:799} INFO - Processing file /home/airflow/.local/lib/python3.7/site-packages/airflow/example_dags/tutorial_dag.py for tasks to queue
[2023-05-04T08:18:41.065+0000] {logging_mixin.py:149} INFO - [2023-05-04T08:18:41.064+0000] {dagbag.py:541} INFO - Filling up the DagBag from /home/airflow/.local/lib/python3.7/site-packages/airflow/example_dags/tutorial_dag.py
[2023-05-04T08:18:41.070+0000] {processor.py:809} INFO - DAG(s) dict_keys(['tutorial_dag']) retrieved from /home/airflow/.local/lib/python3.7/site-packages/airflow/example_dags/tutorial_dag.py
[2023-05-04T08:18:41.098+0000] {logging_mixin.py:149} INFO - [2023-05-04T08:18:41.098+0000] {dag.py:2726} INFO - Sync 1 DAGs
[2023-05-04T08:18:41.139+0000] {logging_mixin.py:149} INFO - [2023-05-04T08:18:41.138+0000] {dag.py:3490} INFO - Setting next_dagrun for tutorial_dag to None, run_after=None
[2023-05-04T08:18:41.163+0000] {processor.py:178} INFO - Processing /home/airflow/.local/lib/python3.7/site-packages/airflow/example_dags/tutorial_dag.py took 0.105 seconds
[2023-05-04T08:19:12.359+0000] {processor.py:156} INFO - Started process (PID=6322) to work on /home/airflow/.local/lib/python3.7/site-packages/airflow/example_dags/tutorial_dag.py
[2023-05-04T08:19:12.361+0000] {processor.py:799} INFO - Processing file /home/airflow/.local/lib/python3.7/site-packages/airflow/example_dags/tutorial_dag.py for tasks to queue
[2023-05-04T08:19:12.362+0000] {logging_mixin.py:149} INFO - [2023-05-04T08:19:12.362+0000] {dagbag.py:541} INFO - Filling up the DagBag from /home/airflow/.local/lib/python3.7/site-packages/airflow/example_dags/tutorial_dag.py
[2023-05-04T08:19:12.377+0000] {processor.py:809} INFO - DAG(s) dict_keys(['tutorial_dag']) retrieved from /home/airflow/.local/lib/python3.7/site-packages/airflow/example_dags/tutorial_dag.py
[2023-05-04T08:19:12.436+0000] {logging_mixin.py:149} INFO - [2023-05-04T08:19:12.436+0000] {dag.py:2726} INFO - Sync 1 DAGs
[2023-05-04T08:19:12.701+0000] {logging_mixin.py:149} INFO - [2023-05-04T08:19:12.700+0000] {dag.py:3490} INFO - Setting next_dagrun for tutorial_dag to None, run_after=None
[2023-05-04T08:19:12.735+0000] {processor.py:178} INFO - Processing /home/airflow/.local/lib/python3.7/site-packages/airflow/example_dags/tutorial_dag.py took 0.392 seconds
[2023-05-04T08:19:43.039+0000] {processor.py:156} INFO - Started process (PID=6575) to work on /home/airflow/.local/lib/python3.7/site-packages/airflow/example_dags/tutorial_dag.py
[2023-05-04T08:19:43.040+0000] {processor.py:799} INFO - Processing file /home/airflow/.local/lib/python3.7/site-packages/airflow/example_dags/tutorial_dag.py for tasks to queue
[2023-05-04T08:19:43.041+0000] {logging_mixin.py:149} INFO - [2023-05-04T08:19:43.041+0000] {dagbag.py:541} INFO - Filling up the DagBag from /home/airflow/.local/lib/python3.7/site-packages/airflow/example_dags/tutorial_dag.py
[2023-05-04T08:19:43.048+0000] {processor.py:809} INFO - DAG(s) dict_keys(['tutorial_dag']) retrieved from /home/airflow/.local/lib/python3.7/site-packages/airflow/example_dags/tutorial_dag.py
[2023-05-04T08:19:43.081+0000] {logging_mixin.py:149} INFO - [2023-05-04T08:19:43.080+0000] {dag.py:2726} INFO - Sync 1 DAGs
[2023-05-04T08:19:43.228+0000] {logging_mixin.py:149} INFO - [2023-05-04T08:19:43.227+0000] {dag.py:3490} INFO - Setting next_dagrun for tutorial_dag to None, run_after=None
[2023-05-04T08:19:43.250+0000] {processor.py:178} INFO - Processing /home/airflow/.local/lib/python3.7/site-packages/airflow/example_dags/tutorial_dag.py took 0.215 seconds
[2023-05-04T08:20:14.329+0000] {processor.py:156} INFO - Started process (PID=6828) to work on /home/airflow/.local/lib/python3.7/site-packages/airflow/example_dags/tutorial_dag.py
[2023-05-04T08:20:14.331+0000] {processor.py:799} INFO - Processing file /home/airflow/.local/lib/python3.7/site-packages/airflow/example_dags/tutorial_dag.py for tasks to queue
[2023-05-04T08:20:14.332+0000] {logging_mixin.py:149} INFO - [2023-05-04T08:20:14.332+0000] {dagbag.py:541} INFO - Filling up the DagBag from /home/airflow/.local/lib/python3.7/site-packages/airflow/example_dags/tutorial_dag.py
[2023-05-04T08:20:14.339+0000] {processor.py:809} INFO - DAG(s) dict_keys(['tutorial_dag']) retrieved from /home/airflow/.local/lib/python3.7/site-packages/airflow/example_dags/tutorial_dag.py
[2023-05-04T08:20:14.373+0000] {logging_mixin.py:149} INFO - [2023-05-04T08:20:14.373+0000] {dag.py:2726} INFO - Sync 1 DAGs
[2023-05-04T08:20:14.409+0000] {logging_mixin.py:149} INFO - [2023-05-04T08:20:14.408+0000] {dag.py:3490} INFO - Setting next_dagrun for tutorial_dag to None, run_after=None
[2023-05-04T08:20:14.437+0000] {processor.py:178} INFO - Processing /home/airflow/.local/lib/python3.7/site-packages/airflow/example_dags/tutorial_dag.py took 0.112 seconds
[2023-05-04T08:20:44.682+0000] {processor.py:156} INFO - Started process (PID=7069) to work on /home/airflow/.local/lib/python3.7/site-packages/airflow/example_dags/tutorial_dag.py
[2023-05-04T08:20:44.684+0000] {processor.py:799} INFO - Processing file /home/airflow/.local/lib/python3.7/site-packages/airflow/example_dags/tutorial_dag.py for tasks to queue
[2023-05-04T08:20:44.685+0000] {logging_mixin.py:149} INFO - [2023-05-04T08:20:44.685+0000] {dagbag.py:541} INFO - Filling up the DagBag from /home/airflow/.local/lib/python3.7/site-packages/airflow/example_dags/tutorial_dag.py
[2023-05-04T08:20:44.691+0000] {processor.py:809} INFO - DAG(s) dict_keys(['tutorial_dag']) retrieved from /home/airflow/.local/lib/python3.7/site-packages/airflow/example_dags/tutorial_dag.py
[2023-05-04T08:20:44.902+0000] {logging_mixin.py:149} INFO - [2023-05-04T08:20:44.902+0000] {dag.py:2726} INFO - Sync 1 DAGs
[2023-05-04T08:20:44.945+0000] {logging_mixin.py:149} INFO - [2023-05-04T08:20:44.945+0000] {dag.py:3490} INFO - Setting next_dagrun for tutorial_dag to None, run_after=None
[2023-05-04T08:20:44.979+0000] {processor.py:178} INFO - Processing /home/airflow/.local/lib/python3.7/site-packages/airflow/example_dags/tutorial_dag.py took 0.301 seconds
[2023-05-04T08:21:15.863+0000] {processor.py:156} INFO - Started process (PID=7322) to work on /home/airflow/.local/lib/python3.7/site-packages/airflow/example_dags/tutorial_dag.py
[2023-05-04T08:21:15.865+0000] {processor.py:799} INFO - Processing file /home/airflow/.local/lib/python3.7/site-packages/airflow/example_dags/tutorial_dag.py for tasks to queue
[2023-05-04T08:21:15.867+0000] {logging_mixin.py:149} INFO - [2023-05-04T08:21:15.866+0000] {dagbag.py:541} INFO - Filling up the DagBag from /home/airflow/.local/lib/python3.7/site-packages/airflow/example_dags/tutorial_dag.py
[2023-05-04T08:21:15.883+0000] {processor.py:809} INFO - DAG(s) dict_keys(['tutorial_dag']) retrieved from /home/airflow/.local/lib/python3.7/site-packages/airflow/example_dags/tutorial_dag.py
[2023-05-04T08:21:16.021+0000] {logging_mixin.py:149} INFO - [2023-05-04T08:21:16.020+0000] {dag.py:2726} INFO - Sync 1 DAGs
[2023-05-04T08:21:16.139+0000] {logging_mixin.py:149} INFO - [2023-05-04T08:21:16.138+0000] {dag.py:3490} INFO - Setting next_dagrun for tutorial_dag to None, run_after=None
[2023-05-04T08:21:16.210+0000] {processor.py:178} INFO - Processing /home/airflow/.local/lib/python3.7/site-packages/airflow/example_dags/tutorial_dag.py took 0.364 seconds
[2023-05-04T08:21:46.975+0000] {processor.py:156} INFO - Started process (PID=7575) to work on /home/airflow/.local/lib/python3.7/site-packages/airflow/example_dags/tutorial_dag.py
[2023-05-04T08:21:46.976+0000] {processor.py:799} INFO - Processing file /home/airflow/.local/lib/python3.7/site-packages/airflow/example_dags/tutorial_dag.py for tasks to queue
[2023-05-04T08:21:46.977+0000] {logging_mixin.py:149} INFO - [2023-05-04T08:21:46.977+0000] {dagbag.py:541} INFO - Filling up the DagBag from /home/airflow/.local/lib/python3.7/site-packages/airflow/example_dags/tutorial_dag.py
[2023-05-04T08:21:46.983+0000] {processor.py:809} INFO - DAG(s) dict_keys(['tutorial_dag']) retrieved from /home/airflow/.local/lib/python3.7/site-packages/airflow/example_dags/tutorial_dag.py
[2023-05-04T08:21:47.014+0000] {logging_mixin.py:149} INFO - [2023-05-04T08:21:47.014+0000] {dag.py:2726} INFO - Sync 1 DAGs
[2023-05-04T08:21:47.044+0000] {logging_mixin.py:149} INFO - [2023-05-04T08:21:47.044+0000] {dag.py:3490} INFO - Setting next_dagrun for tutorial_dag to None, run_after=None
[2023-05-04T08:21:47.068+0000] {processor.py:178} INFO - Processing /home/airflow/.local/lib/python3.7/site-packages/airflow/example_dags/tutorial_dag.py took 0.097 seconds
[2023-05-04T08:22:17.251+0000] {processor.py:156} INFO - Started process (PID=7826) to work on /home/airflow/.local/lib/python3.7/site-packages/airflow/example_dags/tutorial_dag.py
[2023-05-04T08:22:17.253+0000] {processor.py:799} INFO - Processing file /home/airflow/.local/lib/python3.7/site-packages/airflow/example_dags/tutorial_dag.py for tasks to queue
[2023-05-04T08:22:17.254+0000] {logging_mixin.py:149} INFO - [2023-05-04T08:22:17.254+0000] {dagbag.py:541} INFO - Filling up the DagBag from /home/airflow/.local/lib/python3.7/site-packages/airflow/example_dags/tutorial_dag.py
[2023-05-04T08:22:17.266+0000] {processor.py:809} INFO - DAG(s) dict_keys(['tutorial_dag']) retrieved from /home/airflow/.local/lib/python3.7/site-packages/airflow/example_dags/tutorial_dag.py
[2023-05-04T08:22:17.317+0000] {logging_mixin.py:149} INFO - [2023-05-04T08:22:17.317+0000] {dag.py:2726} INFO - Sync 1 DAGs
[2023-05-04T08:22:17.372+0000] {logging_mixin.py:149} INFO - [2023-05-04T08:22:17.372+0000] {dag.py:3490} INFO - Setting next_dagrun for tutorial_dag to None, run_after=None
[2023-05-04T08:22:17.397+0000] {processor.py:178} INFO - Processing /home/airflow/.local/lib/python3.7/site-packages/airflow/example_dags/tutorial_dag.py took 0.150 seconds
[2023-05-04T08:22:48.170+0000] {processor.py:156} INFO - Started process (PID=8083) to work on /home/airflow/.local/lib/python3.7/site-packages/airflow/example_dags/tutorial_dag.py
[2023-05-04T08:22:48.171+0000] {processor.py:799} INFO - Processing file /home/airflow/.local/lib/python3.7/site-packages/airflow/example_dags/tutorial_dag.py for tasks to queue
[2023-05-04T08:22:48.172+0000] {logging_mixin.py:149} INFO - [2023-05-04T08:22:48.172+0000] {dagbag.py:541} INFO - Filling up the DagBag from /home/airflow/.local/lib/python3.7/site-packages/airflow/example_dags/tutorial_dag.py
[2023-05-04T08:22:48.179+0000] {processor.py:809} INFO - DAG(s) dict_keys(['tutorial_dag']) retrieved from /home/airflow/.local/lib/python3.7/site-packages/airflow/example_dags/tutorial_dag.py
[2023-05-04T08:22:48.214+0000] {logging_mixin.py:149} INFO - [2023-05-04T08:22:48.214+0000] {dag.py:2726} INFO - Sync 1 DAGs
[2023-05-04T08:22:48.247+0000] {logging_mixin.py:149} INFO - [2023-05-04T08:22:48.247+0000] {dag.py:3490} INFO - Setting next_dagrun for tutorial_dag to None, run_after=None
[2023-05-04T08:22:48.272+0000] {processor.py:178} INFO - Processing /home/airflow/.local/lib/python3.7/site-packages/airflow/example_dags/tutorial_dag.py took 0.107 seconds
[2023-05-04T08:23:18.548+0000] {processor.py:156} INFO - Started process (PID=8334) to work on /home/airflow/.local/lib/python3.7/site-packages/airflow/example_dags/tutorial_dag.py
[2023-05-04T08:23:18.549+0000] {processor.py:799} INFO - Processing file /home/airflow/.local/lib/python3.7/site-packages/airflow/example_dags/tutorial_dag.py for tasks to queue
[2023-05-04T08:23:18.550+0000] {logging_mixin.py:149} INFO - [2023-05-04T08:23:18.550+0000] {dagbag.py:541} INFO - Filling up the DagBag from /home/airflow/.local/lib/python3.7/site-packages/airflow/example_dags/tutorial_dag.py
[2023-05-04T08:23:18.556+0000] {processor.py:809} INFO - DAG(s) dict_keys(['tutorial_dag']) retrieved from /home/airflow/.local/lib/python3.7/site-packages/airflow/example_dags/tutorial_dag.py
[2023-05-04T08:23:18.587+0000] {logging_mixin.py:149} INFO - [2023-05-04T08:23:18.587+0000] {dag.py:2726} INFO - Sync 1 DAGs
[2023-05-04T08:23:18.618+0000] {logging_mixin.py:149} INFO - [2023-05-04T08:23:18.618+0000] {dag.py:3490} INFO - Setting next_dagrun for tutorial_dag to None, run_after=None
[2023-05-04T08:23:18.644+0000] {processor.py:178} INFO - Processing /home/airflow/.local/lib/python3.7/site-packages/airflow/example_dags/tutorial_dag.py took 0.100 seconds
[2023-05-04T08:23:48.889+0000] {processor.py:156} INFO - Started process (PID=8588) to work on /home/airflow/.local/lib/python3.7/site-packages/airflow/example_dags/tutorial_dag.py
[2023-05-04T08:23:48.891+0000] {processor.py:799} INFO - Processing file /home/airflow/.local/lib/python3.7/site-packages/airflow/example_dags/tutorial_dag.py for tasks to queue
[2023-05-04T08:23:48.892+0000] {logging_mixin.py:149} INFO - [2023-05-04T08:23:48.892+0000] {dagbag.py:541} INFO - Filling up the DagBag from /home/airflow/.local/lib/python3.7/site-packages/airflow/example_dags/tutorial_dag.py
[2023-05-04T08:23:48.901+0000] {processor.py:809} INFO - DAG(s) dict_keys(['tutorial_dag']) retrieved from /home/airflow/.local/lib/python3.7/site-packages/airflow/example_dags/tutorial_dag.py
[2023-05-04T08:23:48.938+0000] {logging_mixin.py:149} INFO - [2023-05-04T08:23:48.938+0000] {dag.py:2726} INFO - Sync 1 DAGs
[2023-05-04T08:23:48.982+0000] {logging_mixin.py:149} INFO - [2023-05-04T08:23:48.981+0000] {dag.py:3490} INFO - Setting next_dagrun for tutorial_dag to None, run_after=None
[2023-05-04T08:23:49.012+0000] {processor.py:178} INFO - Processing /home/airflow/.local/lib/python3.7/site-packages/airflow/example_dags/tutorial_dag.py took 0.128 seconds
[2023-05-04T08:24:19.770+0000] {processor.py:156} INFO - Started process (PID=8844) to work on /home/airflow/.local/lib/python3.7/site-packages/airflow/example_dags/tutorial_dag.py
[2023-05-04T08:24:19.771+0000] {processor.py:799} INFO - Processing file /home/airflow/.local/lib/python3.7/site-packages/airflow/example_dags/tutorial_dag.py for tasks to queue
[2023-05-04T08:24:19.772+0000] {logging_mixin.py:149} INFO - [2023-05-04T08:24:19.772+0000] {dagbag.py:541} INFO - Filling up the DagBag from /home/airflow/.local/lib/python3.7/site-packages/airflow/example_dags/tutorial_dag.py
[2023-05-04T08:24:19.778+0000] {processor.py:809} INFO - DAG(s) dict_keys(['tutorial_dag']) retrieved from /home/airflow/.local/lib/python3.7/site-packages/airflow/example_dags/tutorial_dag.py
[2023-05-04T08:24:19.808+0000] {logging_mixin.py:149} INFO - [2023-05-04T08:24:19.808+0000] {dag.py:2726} INFO - Sync 1 DAGs
[2023-05-04T08:24:19.837+0000] {logging_mixin.py:149} INFO - [2023-05-04T08:24:19.837+0000] {dag.py:3490} INFO - Setting next_dagrun for tutorial_dag to None, run_after=None
[2023-05-04T08:24:19.862+0000] {processor.py:178} INFO - Processing /home/airflow/.local/lib/python3.7/site-packages/airflow/example_dags/tutorial_dag.py took 0.096 seconds
[2023-05-04T08:24:50.032+0000] {processor.py:156} INFO - Started process (PID=9095) to work on /home/airflow/.local/lib/python3.7/site-packages/airflow/example_dags/tutorial_dag.py
[2023-05-04T08:24:50.034+0000] {processor.py:799} INFO - Processing file /home/airflow/.local/lib/python3.7/site-packages/airflow/example_dags/tutorial_dag.py for tasks to queue
[2023-05-04T08:24:50.036+0000] {logging_mixin.py:149} INFO - [2023-05-04T08:24:50.036+0000] {dagbag.py:541} INFO - Filling up the DagBag from /home/airflow/.local/lib/python3.7/site-packages/airflow/example_dags/tutorial_dag.py
[2023-05-04T08:24:50.043+0000] {processor.py:809} INFO - DAG(s) dict_keys(['tutorial_dag']) retrieved from /home/airflow/.local/lib/python3.7/site-packages/airflow/example_dags/tutorial_dag.py
[2023-05-04T08:24:50.079+0000] {logging_mixin.py:149} INFO - [2023-05-04T08:24:50.078+0000] {dag.py:2726} INFO - Sync 1 DAGs
[2023-05-04T08:24:50.122+0000] {logging_mixin.py:149} INFO - [2023-05-04T08:24:50.122+0000] {dag.py:3490} INFO - Setting next_dagrun for tutorial_dag to None, run_after=None
[2023-05-04T08:24:50.152+0000] {processor.py:178} INFO - Processing /home/airflow/.local/lib/python3.7/site-packages/airflow/example_dags/tutorial_dag.py took 0.124 seconds
[2023-05-04T08:25:20.341+0000] {processor.py:156} INFO - Started process (PID=9349) to work on /home/airflow/.local/lib/python3.7/site-packages/airflow/example_dags/tutorial_dag.py
[2023-05-04T08:25:20.342+0000] {processor.py:799} INFO - Processing file /home/airflow/.local/lib/python3.7/site-packages/airflow/example_dags/tutorial_dag.py for tasks to queue
[2023-05-04T08:25:20.343+0000] {logging_mixin.py:149} INFO - [2023-05-04T08:25:20.343+0000] {dagbag.py:541} INFO - Filling up the DagBag from /home/airflow/.local/lib/python3.7/site-packages/airflow/example_dags/tutorial_dag.py
[2023-05-04T08:25:20.350+0000] {processor.py:809} INFO - DAG(s) dict_keys(['tutorial_dag']) retrieved from /home/airflow/.local/lib/python3.7/site-packages/airflow/example_dags/tutorial_dag.py
[2023-05-04T08:25:20.382+0000] {logging_mixin.py:149} INFO - [2023-05-04T08:25:20.382+0000] {dag.py:2726} INFO - Sync 1 DAGs
[2023-05-04T08:25:20.415+0000] {logging_mixin.py:149} INFO - [2023-05-04T08:25:20.415+0000] {dag.py:3490} INFO - Setting next_dagrun for tutorial_dag to None, run_after=None
[2023-05-04T08:25:20.440+0000] {processor.py:178} INFO - Processing /home/airflow/.local/lib/python3.7/site-packages/airflow/example_dags/tutorial_dag.py took 0.103 seconds
