[2023-05-04T08:16:59.560+0000] {processor.py:156} INFO - Started process (PID=5225) to work on /home/airflow/.local/lib/python3.7/site-packages/airflow/example_dags/tutorial_taskflow_api_virtualenv.py
[2023-05-04T08:16:59.561+0000] {processor.py:799} INFO - Processing file /home/airflow/.local/lib/python3.7/site-packages/airflow/example_dags/tutorial_taskflow_api_virtualenv.py for tasks to queue
[2023-05-04T08:16:59.562+0000] {logging_mixin.py:149} INFO - [2023-05-04T08:16:59.562+0000] {dagbag.py:541} INFO - Filling up the DagBag from /home/airflow/.local/lib/python3.7/site-packages/airflow/example_dags/tutorial_taskflow_api_virtualenv.py
[2023-05-04T08:16:59.572+0000] {processor.py:809} INFO - DAG(s) dict_keys(['tutorial_taskflow_api_virtualenv']) retrieved from /home/airflow/.local/lib/python3.7/site-packages/airflow/example_dags/tutorial_taskflow_api_virtualenv.py
[2023-05-04T08:16:59.609+0000] {logging_mixin.py:149} INFO - [2023-05-04T08:16:59.609+0000] {dag.py:2726} INFO - Sync 1 DAGs
[2023-05-04T08:16:59.652+0000] {logging_mixin.py:149} INFO - [2023-05-04T08:16:59.652+0000] {dag.py:3490} INFO - Setting next_dagrun for tutorial_taskflow_api_virtualenv to None, run_after=None
[2023-05-04T08:16:59.680+0000] {processor.py:178} INFO - Processing /home/airflow/.local/lib/python3.7/site-packages/airflow/example_dags/tutorial_taskflow_api_virtualenv.py took 0.124 seconds
[2023-05-04T08:17:30.259+0000] {processor.py:156} INFO - Started process (PID=5479) to work on /home/airflow/.local/lib/python3.7/site-packages/airflow/example_dags/tutorial_taskflow_api_virtualenv.py
[2023-05-04T08:17:30.260+0000] {processor.py:799} INFO - Processing file /home/airflow/.local/lib/python3.7/site-packages/airflow/example_dags/tutorial_taskflow_api_virtualenv.py for tasks to queue
[2023-05-04T08:17:30.261+0000] {logging_mixin.py:149} INFO - [2023-05-04T08:17:30.261+0000] {dagbag.py:541} INFO - Filling up the DagBag from /home/airflow/.local/lib/python3.7/site-packages/airflow/example_dags/tutorial_taskflow_api_virtualenv.py
[2023-05-04T08:17:30.269+0000] {processor.py:809} INFO - DAG(s) dict_keys(['tutorial_taskflow_api_virtualenv']) retrieved from /home/airflow/.local/lib/python3.7/site-packages/airflow/example_dags/tutorial_taskflow_api_virtualenv.py
[2023-05-04T08:17:30.300+0000] {logging_mixin.py:149} INFO - [2023-05-04T08:17:30.300+0000] {dag.py:2726} INFO - Sync 1 DAGs
[2023-05-04T08:17:30.332+0000] {logging_mixin.py:149} INFO - [2023-05-04T08:17:30.332+0000] {dag.py:3490} INFO - Setting next_dagrun for tutorial_taskflow_api_virtualenv to None, run_after=None
[2023-05-04T08:17:30.358+0000] {processor.py:178} INFO - Processing /home/airflow/.local/lib/python3.7/site-packages/airflow/example_dags/tutorial_taskflow_api_virtualenv.py took 0.104 seconds
[2023-05-04T08:18:01.092+0000] {processor.py:156} INFO - Started process (PID=5732) to work on /home/airflow/.local/lib/python3.7/site-packages/airflow/example_dags/tutorial_taskflow_api_virtualenv.py
[2023-05-04T08:18:01.094+0000] {processor.py:799} INFO - Processing file /home/airflow/.local/lib/python3.7/site-packages/airflow/example_dags/tutorial_taskflow_api_virtualenv.py for tasks to queue
[2023-05-04T08:18:01.097+0000] {logging_mixin.py:149} INFO - [2023-05-04T08:18:01.096+0000] {dagbag.py:541} INFO - Filling up the DagBag from /home/airflow/.local/lib/python3.7/site-packages/airflow/example_dags/tutorial_taskflow_api_virtualenv.py
[2023-05-04T08:18:01.119+0000] {processor.py:809} INFO - DAG(s) dict_keys(['tutorial_taskflow_api_virtualenv']) retrieved from /home/airflow/.local/lib/python3.7/site-packages/airflow/example_dags/tutorial_taskflow_api_virtualenv.py
[2023-05-04T08:18:01.188+0000] {logging_mixin.py:149} INFO - [2023-05-04T08:18:01.187+0000] {dag.py:2726} INFO - Sync 1 DAGs
[2023-05-04T08:18:01.262+0000] {logging_mixin.py:149} INFO - [2023-05-04T08:18:01.262+0000] {dag.py:3490} INFO - Setting next_dagrun for tutorial_taskflow_api_virtualenv to None, run_after=None
[2023-05-04T08:18:01.323+0000] {processor.py:178} INFO - Processing /home/airflow/.local/lib/python3.7/site-packages/airflow/example_dags/tutorial_taskflow_api_virtualenv.py took 0.239 seconds
[2023-05-04T08:18:31.524+0000] {processor.py:156} INFO - Started process (PID=5973) to work on /home/airflow/.local/lib/python3.7/site-packages/airflow/example_dags/tutorial_taskflow_api_virtualenv.py
[2023-05-04T08:18:31.526+0000] {processor.py:799} INFO - Processing file /home/airflow/.local/lib/python3.7/site-packages/airflow/example_dags/tutorial_taskflow_api_virtualenv.py for tasks to queue
[2023-05-04T08:18:31.527+0000] {logging_mixin.py:149} INFO - [2023-05-04T08:18:31.527+0000] {dagbag.py:541} INFO - Filling up the DagBag from /home/airflow/.local/lib/python3.7/site-packages/airflow/example_dags/tutorial_taskflow_api_virtualenv.py
[2023-05-04T08:18:31.536+0000] {processor.py:809} INFO - DAG(s) dict_keys(['tutorial_taskflow_api_virtualenv']) retrieved from /home/airflow/.local/lib/python3.7/site-packages/airflow/example_dags/tutorial_taskflow_api_virtualenv.py
[2023-05-04T08:18:31.571+0000] {logging_mixin.py:149} INFO - [2023-05-04T08:18:31.571+0000] {dag.py:2726} INFO - Sync 1 DAGs
[2023-05-04T08:18:31.606+0000] {logging_mixin.py:149} INFO - [2023-05-04T08:18:31.606+0000] {dag.py:3490} INFO - Setting next_dagrun for tutorial_taskflow_api_virtualenv to None, run_after=None
[2023-05-04T08:18:31.774+0000] {processor.py:178} INFO - Processing /home/airflow/.local/lib/python3.7/site-packages/airflow/example_dags/tutorial_taskflow_api_virtualenv.py took 0.253 seconds
[2023-05-04T08:19:01.970+0000] {processor.py:156} INFO - Started process (PID=6227) to work on /home/airflow/.local/lib/python3.7/site-packages/airflow/example_dags/tutorial_taskflow_api_virtualenv.py
[2023-05-04T08:19:01.971+0000] {processor.py:799} INFO - Processing file /home/airflow/.local/lib/python3.7/site-packages/airflow/example_dags/tutorial_taskflow_api_virtualenv.py for tasks to queue
[2023-05-04T08:19:01.972+0000] {logging_mixin.py:149} INFO - [2023-05-04T08:19:01.972+0000] {dagbag.py:541} INFO - Filling up the DagBag from /home/airflow/.local/lib/python3.7/site-packages/airflow/example_dags/tutorial_taskflow_api_virtualenv.py
[2023-05-04T08:19:01.980+0000] {processor.py:809} INFO - DAG(s) dict_keys(['tutorial_taskflow_api_virtualenv']) retrieved from /home/airflow/.local/lib/python3.7/site-packages/airflow/example_dags/tutorial_taskflow_api_virtualenv.py
[2023-05-04T08:19:02.014+0000] {logging_mixin.py:149} INFO - [2023-05-04T08:19:02.014+0000] {dag.py:2726} INFO - Sync 1 DAGs
[2023-05-04T08:19:02.050+0000] {logging_mixin.py:149} INFO - [2023-05-04T08:19:02.049+0000] {dag.py:3490} INFO - Setting next_dagrun for tutorial_taskflow_api_virtualenv to None, run_after=None
[2023-05-04T08:19:02.077+0000] {processor.py:178} INFO - Processing /home/airflow/.local/lib/python3.7/site-packages/airflow/example_dags/tutorial_taskflow_api_virtualenv.py took 0.111 seconds
[2023-05-04T08:19:32.474+0000] {processor.py:156} INFO - Started process (PID=6480) to work on /home/airflow/.local/lib/python3.7/site-packages/airflow/example_dags/tutorial_taskflow_api_virtualenv.py
[2023-05-04T08:19:32.476+0000] {processor.py:799} INFO - Processing file /home/airflow/.local/lib/python3.7/site-packages/airflow/example_dags/tutorial_taskflow_api_virtualenv.py for tasks to queue
[2023-05-04T08:19:32.477+0000] {logging_mixin.py:149} INFO - [2023-05-04T08:19:32.477+0000] {dagbag.py:541} INFO - Filling up the DagBag from /home/airflow/.local/lib/python3.7/site-packages/airflow/example_dags/tutorial_taskflow_api_virtualenv.py
[2023-05-04T08:19:32.487+0000] {processor.py:809} INFO - DAG(s) dict_keys(['tutorial_taskflow_api_virtualenv']) retrieved from /home/airflow/.local/lib/python3.7/site-packages/airflow/example_dags/tutorial_taskflow_api_virtualenv.py
[2023-05-04T08:19:32.516+0000] {logging_mixin.py:149} INFO - [2023-05-04T08:19:32.515+0000] {dag.py:2726} INFO - Sync 1 DAGs
[2023-05-04T08:19:32.544+0000] {logging_mixin.py:149} INFO - [2023-05-04T08:19:32.544+0000] {dag.py:3490} INFO - Setting next_dagrun for tutorial_taskflow_api_virtualenv to None, run_after=None
[2023-05-04T08:19:32.569+0000] {processor.py:178} INFO - Processing /home/airflow/.local/lib/python3.7/site-packages/airflow/example_dags/tutorial_taskflow_api_virtualenv.py took 0.099 seconds
[2023-05-04T08:20:02.797+0000] {processor.py:156} INFO - Started process (PID=6733) to work on /home/airflow/.local/lib/python3.7/site-packages/airflow/example_dags/tutorial_taskflow_api_virtualenv.py
[2023-05-04T08:20:02.798+0000] {processor.py:799} INFO - Processing file /home/airflow/.local/lib/python3.7/site-packages/airflow/example_dags/tutorial_taskflow_api_virtualenv.py for tasks to queue
[2023-05-04T08:20:02.799+0000] {logging_mixin.py:149} INFO - [2023-05-04T08:20:02.799+0000] {dagbag.py:541} INFO - Filling up the DagBag from /home/airflow/.local/lib/python3.7/site-packages/airflow/example_dags/tutorial_taskflow_api_virtualenv.py
[2023-05-04T08:20:02.807+0000] {processor.py:809} INFO - DAG(s) dict_keys(['tutorial_taskflow_api_virtualenv']) retrieved from /home/airflow/.local/lib/python3.7/site-packages/airflow/example_dags/tutorial_taskflow_api_virtualenv.py
[2023-05-04T08:20:02.958+0000] {logging_mixin.py:149} INFO - [2023-05-04T08:20:02.958+0000] {dag.py:2726} INFO - Sync 1 DAGs
[2023-05-04T08:20:02.988+0000] {logging_mixin.py:149} INFO - [2023-05-04T08:20:02.988+0000] {dag.py:3490} INFO - Setting next_dagrun for tutorial_taskflow_api_virtualenv to None, run_after=None
[2023-05-04T08:20:03.012+0000] {processor.py:178} INFO - Processing /home/airflow/.local/lib/python3.7/site-packages/airflow/example_dags/tutorial_taskflow_api_virtualenv.py took 0.219 seconds
[2023-05-04T08:20:33.294+0000] {processor.py:156} INFO - Started process (PID=6986) to work on /home/airflow/.local/lib/python3.7/site-packages/airflow/example_dags/tutorial_taskflow_api_virtualenv.py
[2023-05-04T08:20:33.296+0000] {processor.py:799} INFO - Processing file /home/airflow/.local/lib/python3.7/site-packages/airflow/example_dags/tutorial_taskflow_api_virtualenv.py for tasks to queue
[2023-05-04T08:20:33.297+0000] {logging_mixin.py:149} INFO - [2023-05-04T08:20:33.297+0000] {dagbag.py:541} INFO - Filling up the DagBag from /home/airflow/.local/lib/python3.7/site-packages/airflow/example_dags/tutorial_taskflow_api_virtualenv.py
[2023-05-04T08:20:33.305+0000] {processor.py:809} INFO - DAG(s) dict_keys(['tutorial_taskflow_api_virtualenv']) retrieved from /home/airflow/.local/lib/python3.7/site-packages/airflow/example_dags/tutorial_taskflow_api_virtualenv.py
[2023-05-04T08:20:33.334+0000] {logging_mixin.py:149} INFO - [2023-05-04T08:20:33.334+0000] {dag.py:2726} INFO - Sync 1 DAGs
[2023-05-04T08:20:33.508+0000] {logging_mixin.py:149} INFO - [2023-05-04T08:20:33.508+0000] {dag.py:3490} INFO - Setting next_dagrun for tutorial_taskflow_api_virtualenv to None, run_after=None
[2023-05-04T08:20:33.534+0000] {processor.py:178} INFO - Processing /home/airflow/.local/lib/python3.7/site-packages/airflow/example_dags/tutorial_taskflow_api_virtualenv.py took 0.243 seconds
[2023-05-04T08:21:04.000+0000] {processor.py:156} INFO - Started process (PID=7240) to work on /home/airflow/.local/lib/python3.7/site-packages/airflow/example_dags/tutorial_taskflow_api_virtualenv.py
[2023-05-04T08:21:04.012+0000] {processor.py:799} INFO - Processing file /home/airflow/.local/lib/python3.7/site-packages/airflow/example_dags/tutorial_taskflow_api_virtualenv.py for tasks to queue
[2023-05-04T08:21:04.015+0000] {logging_mixin.py:149} INFO - [2023-05-04T08:21:04.014+0000] {dagbag.py:541} INFO - Filling up the DagBag from /home/airflow/.local/lib/python3.7/site-packages/airflow/example_dags/tutorial_taskflow_api_virtualenv.py
[2023-05-04T08:21:04.057+0000] {processor.py:809} INFO - DAG(s) dict_keys(['tutorial_taskflow_api_virtualenv']) retrieved from /home/airflow/.local/lib/python3.7/site-packages/airflow/example_dags/tutorial_taskflow_api_virtualenv.py
[2023-05-04T08:21:04.226+0000] {logging_mixin.py:149} INFO - [2023-05-04T08:21:04.225+0000] {dag.py:2726} INFO - Sync 1 DAGs
[2023-05-04T08:21:04.466+0000] {logging_mixin.py:149} INFO - [2023-05-04T08:21:04.466+0000] {dag.py:3490} INFO - Setting next_dagrun for tutorial_taskflow_api_virtualenv to None, run_after=None
[2023-05-04T08:21:04.613+0000] {processor.py:178} INFO - Processing /home/airflow/.local/lib/python3.7/site-packages/airflow/example_dags/tutorial_taskflow_api_virtualenv.py took 0.622 seconds
[2023-05-04T08:21:34.698+0000] {processor.py:156} INFO - Started process (PID=7493) to work on /home/airflow/.local/lib/python3.7/site-packages/airflow/example_dags/tutorial_taskflow_api_virtualenv.py
[2023-05-04T08:21:34.700+0000] {processor.py:799} INFO - Processing file /home/airflow/.local/lib/python3.7/site-packages/airflow/example_dags/tutorial_taskflow_api_virtualenv.py for tasks to queue
[2023-05-04T08:21:34.701+0000] {logging_mixin.py:149} INFO - [2023-05-04T08:21:34.700+0000] {dagbag.py:541} INFO - Filling up the DagBag from /home/airflow/.local/lib/python3.7/site-packages/airflow/example_dags/tutorial_taskflow_api_virtualenv.py
[2023-05-04T08:21:34.708+0000] {processor.py:809} INFO - DAG(s) dict_keys(['tutorial_taskflow_api_virtualenv']) retrieved from /home/airflow/.local/lib/python3.7/site-packages/airflow/example_dags/tutorial_taskflow_api_virtualenv.py
[2023-05-04T08:21:34.738+0000] {logging_mixin.py:149} INFO - [2023-05-04T08:21:34.738+0000] {dag.py:2726} INFO - Sync 1 DAGs
[2023-05-04T08:21:34.767+0000] {logging_mixin.py:149} INFO - [2023-05-04T08:21:34.767+0000] {dag.py:3490} INFO - Setting next_dagrun for tutorial_taskflow_api_virtualenv to None, run_after=None
[2023-05-04T08:21:34.792+0000] {processor.py:178} INFO - Processing /home/airflow/.local/lib/python3.7/site-packages/airflow/example_dags/tutorial_taskflow_api_virtualenv.py took 0.098 seconds
[2023-05-04T08:22:04.835+0000] {processor.py:156} INFO - Started process (PID=7743) to work on /home/airflow/.local/lib/python3.7/site-packages/airflow/example_dags/tutorial_taskflow_api_virtualenv.py
[2023-05-04T08:22:04.837+0000] {processor.py:799} INFO - Processing file /home/airflow/.local/lib/python3.7/site-packages/airflow/example_dags/tutorial_taskflow_api_virtualenv.py for tasks to queue
[2023-05-04T08:22:04.838+0000] {logging_mixin.py:149} INFO - [2023-05-04T08:22:04.838+0000] {dagbag.py:541} INFO - Filling up the DagBag from /home/airflow/.local/lib/python3.7/site-packages/airflow/example_dags/tutorial_taskflow_api_virtualenv.py
[2023-05-04T08:22:04.846+0000] {processor.py:809} INFO - DAG(s) dict_keys(['tutorial_taskflow_api_virtualenv']) retrieved from /home/airflow/.local/lib/python3.7/site-packages/airflow/example_dags/tutorial_taskflow_api_virtualenv.py
[2023-05-04T08:22:04.875+0000] {logging_mixin.py:149} INFO - [2023-05-04T08:22:04.874+0000] {dag.py:2726} INFO - Sync 1 DAGs
[2023-05-04T08:22:04.904+0000] {logging_mixin.py:149} INFO - [2023-05-04T08:22:04.903+0000] {dag.py:3490} INFO - Setting next_dagrun for tutorial_taskflow_api_virtualenv to None, run_after=None
[2023-05-04T08:22:04.930+0000] {processor.py:178} INFO - Processing /home/airflow/.local/lib/python3.7/site-packages/airflow/example_dags/tutorial_taskflow_api_virtualenv.py took 0.099 seconds
[2023-05-04T08:22:35.007+0000] {processor.py:156} INFO - Started process (PID=7997) to work on /home/airflow/.local/lib/python3.7/site-packages/airflow/example_dags/tutorial_taskflow_api_virtualenv.py
[2023-05-04T08:22:35.008+0000] {processor.py:799} INFO - Processing file /home/airflow/.local/lib/python3.7/site-packages/airflow/example_dags/tutorial_taskflow_api_virtualenv.py for tasks to queue
[2023-05-04T08:22:35.010+0000] {logging_mixin.py:149} INFO - [2023-05-04T08:22:35.009+0000] {dagbag.py:541} INFO - Filling up the DagBag from /home/airflow/.local/lib/python3.7/site-packages/airflow/example_dags/tutorial_taskflow_api_virtualenv.py
[2023-05-04T08:22:35.020+0000] {processor.py:809} INFO - DAG(s) dict_keys(['tutorial_taskflow_api_virtualenv']) retrieved from /home/airflow/.local/lib/python3.7/site-packages/airflow/example_dags/tutorial_taskflow_api_virtualenv.py
[2023-05-04T08:22:35.054+0000] {logging_mixin.py:149} INFO - [2023-05-04T08:22:35.054+0000] {dag.py:2726} INFO - Sync 1 DAGs
[2023-05-04T08:22:35.086+0000] {logging_mixin.py:149} INFO - [2023-05-04T08:22:35.086+0000] {dag.py:3490} INFO - Setting next_dagrun for tutorial_taskflow_api_virtualenv to None, run_after=None
[2023-05-04T08:22:35.111+0000] {processor.py:178} INFO - Processing /home/airflow/.local/lib/python3.7/site-packages/airflow/example_dags/tutorial_taskflow_api_virtualenv.py took 0.109 seconds
[2023-05-04T08:23:05.166+0000] {processor.py:156} INFO - Started process (PID=8251) to work on /home/airflow/.local/lib/python3.7/site-packages/airflow/example_dags/tutorial_taskflow_api_virtualenv.py
[2023-05-04T08:23:05.167+0000] {processor.py:799} INFO - Processing file /home/airflow/.local/lib/python3.7/site-packages/airflow/example_dags/tutorial_taskflow_api_virtualenv.py for tasks to queue
[2023-05-04T08:23:05.168+0000] {logging_mixin.py:149} INFO - [2023-05-04T08:23:05.168+0000] {dagbag.py:541} INFO - Filling up the DagBag from /home/airflow/.local/lib/python3.7/site-packages/airflow/example_dags/tutorial_taskflow_api_virtualenv.py
[2023-05-04T08:23:05.175+0000] {processor.py:809} INFO - DAG(s) dict_keys(['tutorial_taskflow_api_virtualenv']) retrieved from /home/airflow/.local/lib/python3.7/site-packages/airflow/example_dags/tutorial_taskflow_api_virtualenv.py
[2023-05-04T08:23:05.203+0000] {logging_mixin.py:149} INFO - [2023-05-04T08:23:05.203+0000] {dag.py:2726} INFO - Sync 1 DAGs
[2023-05-04T08:23:05.239+0000] {logging_mixin.py:149} INFO - [2023-05-04T08:23:05.238+0000] {dag.py:3490} INFO - Setting next_dagrun for tutorial_taskflow_api_virtualenv to None, run_after=None
[2023-05-04T08:23:05.267+0000] {processor.py:178} INFO - Processing /home/airflow/.local/lib/python3.7/site-packages/airflow/example_dags/tutorial_taskflow_api_virtualenv.py took 0.105 seconds
[2023-05-04T08:23:36.257+0000] {processor.py:156} INFO - Started process (PID=8508) to work on /home/airflow/.local/lib/python3.7/site-packages/airflow/example_dags/tutorial_taskflow_api_virtualenv.py
[2023-05-04T08:23:36.259+0000] {processor.py:799} INFO - Processing file /home/airflow/.local/lib/python3.7/site-packages/airflow/example_dags/tutorial_taskflow_api_virtualenv.py for tasks to queue
[2023-05-04T08:23:36.260+0000] {logging_mixin.py:149} INFO - [2023-05-04T08:23:36.260+0000] {dagbag.py:541} INFO - Filling up the DagBag from /home/airflow/.local/lib/python3.7/site-packages/airflow/example_dags/tutorial_taskflow_api_virtualenv.py
[2023-05-04T08:23:36.273+0000] {processor.py:809} INFO - DAG(s) dict_keys(['tutorial_taskflow_api_virtualenv']) retrieved from /home/airflow/.local/lib/python3.7/site-packages/airflow/example_dags/tutorial_taskflow_api_virtualenv.py
[2023-05-04T08:23:36.343+0000] {logging_mixin.py:149} INFO - [2023-05-04T08:23:36.342+0000] {dag.py:2726} INFO - Sync 1 DAGs
[2023-05-04T08:23:36.486+0000] {logging_mixin.py:149} INFO - [2023-05-04T08:23:36.485+0000] {dag.py:3490} INFO - Setting next_dagrun for tutorial_taskflow_api_virtualenv to None, run_after=None
[2023-05-04T08:23:36.566+0000] {processor.py:178} INFO - Processing /home/airflow/.local/lib/python3.7/site-packages/airflow/example_dags/tutorial_taskflow_api_virtualenv.py took 0.316 seconds
[2023-05-04T08:24:06.823+0000] {processor.py:156} INFO - Started process (PID=8757) to work on /home/airflow/.local/lib/python3.7/site-packages/airflow/example_dags/tutorial_taskflow_api_virtualenv.py
[2023-05-04T08:24:06.825+0000] {processor.py:799} INFO - Processing file /home/airflow/.local/lib/python3.7/site-packages/airflow/example_dags/tutorial_taskflow_api_virtualenv.py for tasks to queue
[2023-05-04T08:24:06.826+0000] {logging_mixin.py:149} INFO - [2023-05-04T08:24:06.826+0000] {dagbag.py:541} INFO - Filling up the DagBag from /home/airflow/.local/lib/python3.7/site-packages/airflow/example_dags/tutorial_taskflow_api_virtualenv.py
[2023-05-04T08:24:06.838+0000] {processor.py:809} INFO - DAG(s) dict_keys(['tutorial_taskflow_api_virtualenv']) retrieved from /home/airflow/.local/lib/python3.7/site-packages/airflow/example_dags/tutorial_taskflow_api_virtualenv.py
[2023-05-04T08:24:06.887+0000] {logging_mixin.py:149} INFO - [2023-05-04T08:24:06.886+0000] {dag.py:2726} INFO - Sync 1 DAGs
[2023-05-04T08:24:06.949+0000] {logging_mixin.py:149} INFO - [2023-05-04T08:24:06.949+0000] {dag.py:3490} INFO - Setting next_dagrun for tutorial_taskflow_api_virtualenv to None, run_after=None
[2023-05-04T08:24:06.984+0000] {processor.py:178} INFO - Processing /home/airflow/.local/lib/python3.7/site-packages/airflow/example_dags/tutorial_taskflow_api_virtualenv.py took 0.167 seconds
[2023-05-04T08:24:37.450+0000] {processor.py:156} INFO - Started process (PID=9009) to work on /home/airflow/.local/lib/python3.7/site-packages/airflow/example_dags/tutorial_taskflow_api_virtualenv.py
[2023-05-04T08:24:37.451+0000] {processor.py:799} INFO - Processing file /home/airflow/.local/lib/python3.7/site-packages/airflow/example_dags/tutorial_taskflow_api_virtualenv.py for tasks to queue
[2023-05-04T08:24:37.453+0000] {logging_mixin.py:149} INFO - [2023-05-04T08:24:37.453+0000] {dagbag.py:541} INFO - Filling up the DagBag from /home/airflow/.local/lib/python3.7/site-packages/airflow/example_dags/tutorial_taskflow_api_virtualenv.py
[2023-05-04T08:24:37.465+0000] {processor.py:809} INFO - DAG(s) dict_keys(['tutorial_taskflow_api_virtualenv']) retrieved from /home/airflow/.local/lib/python3.7/site-packages/airflow/example_dags/tutorial_taskflow_api_virtualenv.py
[2023-05-04T08:24:37.509+0000] {logging_mixin.py:149} INFO - [2023-05-04T08:24:37.509+0000] {dag.py:2726} INFO - Sync 1 DAGs
[2023-05-04T08:24:37.564+0000] {logging_mixin.py:149} INFO - [2023-05-04T08:24:37.564+0000] {dag.py:3490} INFO - Setting next_dagrun for tutorial_taskflow_api_virtualenv to None, run_after=None
[2023-05-04T08:24:37.599+0000] {processor.py:178} INFO - Processing /home/airflow/.local/lib/python3.7/site-packages/airflow/example_dags/tutorial_taskflow_api_virtualenv.py took 0.154 seconds
[2023-05-04T08:25:07.667+0000] {processor.py:156} INFO - Started process (PID=9251) to work on /home/airflow/.local/lib/python3.7/site-packages/airflow/example_dags/tutorial_taskflow_api_virtualenv.py
[2023-05-04T08:25:07.668+0000] {processor.py:799} INFO - Processing file /home/airflow/.local/lib/python3.7/site-packages/airflow/example_dags/tutorial_taskflow_api_virtualenv.py for tasks to queue
[2023-05-04T08:25:07.669+0000] {logging_mixin.py:149} INFO - [2023-05-04T08:25:07.669+0000] {dagbag.py:541} INFO - Filling up the DagBag from /home/airflow/.local/lib/python3.7/site-packages/airflow/example_dags/tutorial_taskflow_api_virtualenv.py
[2023-05-04T08:25:07.680+0000] {processor.py:809} INFO - DAG(s) dict_keys(['tutorial_taskflow_api_virtualenv']) retrieved from /home/airflow/.local/lib/python3.7/site-packages/airflow/example_dags/tutorial_taskflow_api_virtualenv.py
[2023-05-04T08:25:07.722+0000] {logging_mixin.py:149} INFO - [2023-05-04T08:25:07.722+0000] {dag.py:2726} INFO - Sync 1 DAGs
[2023-05-04T08:25:07.769+0000] {logging_mixin.py:149} INFO - [2023-05-04T08:25:07.768+0000] {dag.py:3490} INFO - Setting next_dagrun for tutorial_taskflow_api_virtualenv to None, run_after=None
[2023-05-04T08:25:07.809+0000] {processor.py:178} INFO - Processing /home/airflow/.local/lib/python3.7/site-packages/airflow/example_dags/tutorial_taskflow_api_virtualenv.py took 0.148 seconds
[2023-05-04T08:25:38.087+0000] {processor.py:156} INFO - Started process (PID=9505) to work on /home/airflow/.local/lib/python3.7/site-packages/airflow/example_dags/tutorial_taskflow_api_virtualenv.py
[2023-05-04T08:25:38.092+0000] {processor.py:799} INFO - Processing file /home/airflow/.local/lib/python3.7/site-packages/airflow/example_dags/tutorial_taskflow_api_virtualenv.py for tasks to queue
[2023-05-04T08:25:38.093+0000] {logging_mixin.py:149} INFO - [2023-05-04T08:25:38.093+0000] {dagbag.py:541} INFO - Filling up the DagBag from /home/airflow/.local/lib/python3.7/site-packages/airflow/example_dags/tutorial_taskflow_api_virtualenv.py
[2023-05-04T08:25:38.108+0000] {processor.py:809} INFO - DAG(s) dict_keys(['tutorial_taskflow_api_virtualenv']) retrieved from /home/airflow/.local/lib/python3.7/site-packages/airflow/example_dags/tutorial_taskflow_api_virtualenv.py
[2023-05-04T08:25:38.178+0000] {logging_mixin.py:149} INFO - [2023-05-04T08:25:38.178+0000] {dag.py:2726} INFO - Sync 1 DAGs
[2023-05-04T08:25:38.245+0000] {logging_mixin.py:149} INFO - [2023-05-04T08:25:38.245+0000] {dag.py:3490} INFO - Setting next_dagrun for tutorial_taskflow_api_virtualenv to None, run_after=None
[2023-05-04T08:25:38.277+0000] {processor.py:178} INFO - Processing /home/airflow/.local/lib/python3.7/site-packages/airflow/example_dags/tutorial_taskflow_api_virtualenv.py took 0.196 seconds
