[2023-05-04T08:06:42.870+0000] {taskinstance.py:1125} INFO - Dependencies all met for dep_context=non-requeueable deps ti=<TaskInstance: dag_data_pipeline.download_file manual__2023-05-04T08:06:34.198063+00:00 [queued]>
[2023-05-04T08:06:42.896+0000] {taskinstance.py:1125} INFO - Dependencies all met for dep_context=requeueable deps ti=<TaskInstance: dag_data_pipeline.download_file manual__2023-05-04T08:06:34.198063+00:00 [queued]>
[2023-05-04T08:06:42.897+0000] {taskinstance.py:1331} INFO - Starting attempt 1 of 3
[2023-05-04T08:06:42.945+0000] {taskinstance.py:1350} INFO - Executing <Task(BashOperator): download_file> on 2023-05-04 08:06:34.198063+00:00
[2023-05-04T08:06:42.965+0000] {standard_task_runner.py:57} INFO - Started process 32520 to run task
[2023-05-04T08:06:42.983+0000] {standard_task_runner.py:84} INFO - Running: ['***', 'tasks', 'run', 'dag_data_pipeline', 'download_file', 'manual__2023-05-04T08:06:34.198063+00:00', '--job-id', '18', '--raw', '--subdir', 'DAGS_FOLDER/pipeline.py', '--cfg-path', '/tmp/tmpkcgkac75']
[2023-05-04T08:06:42.986+0000] {standard_task_runner.py:85} INFO - Job 18: Subtask download_file
[2023-05-04T08:06:43.116+0000] {task_command.py:410} INFO - Running <TaskInstance: dag_data_pipeline.download_file manual__2023-05-04T08:06:34.198063+00:00 [running]> on host 1ae395992ef5
[2023-05-04T08:06:43.307+0000] {taskinstance.py:1570} INFO - Exporting env vars: AIRFLOW_CTX_DAG_OWNER='Jesus Banda' AIRFLOW_CTX_DAG_ID='dag_data_pipeline' AIRFLOW_CTX_TASK_ID='download_file' AIRFLOW_CTX_EXECUTION_DATE='2023-05-04T08:06:34.198063+00:00' AIRFLOW_CTX_TRY_NUMBER='1' AIRFLOW_CTX_DAG_RUN_ID='manual__2023-05-04T08:06:34.198063+00:00'
[2023-05-04T08:06:43.310+0000] {subprocess.py:63} INFO - Tmp dir root location: 
 /tmp
[2023-05-04T08:06:43.311+0000] {subprocess.py:75} INFO - Running command: ['/bin/bash', '-c', 'curl -o /opt/***/dags/data/titanic.csv  https://raw.githubusercontent.com/JesusBandaG/apache_***_pipeline/main/titanic.csv']
[2023-05-04T08:06:43.330+0000] {subprocess.py:86} INFO - Output:
[2023-05-04T08:06:43.342+0000] {subprocess.py:93} INFO -   % Total    % Received % Xferd  Average Speed   Time    Time     Time  Current
[2023-05-04T08:06:43.343+0000] {subprocess.py:93} INFO -                                  Dload  Upload   Total   Spent    Left  Speed
[2023-05-04T08:06:43.718+0000] {subprocess.py:93} INFO -   0     0    0     0    0     0      0      0 --:--:-- --:--:-- --:--:--     0 68 60301   68 41559    0     0   121k      0 --:--:-- --:--:-- --:--:--  121k100 60301  100 60301    0     0   157k      0 --:--:-- --:--:-- --:--:--  156k
[2023-05-04T08:06:43.724+0000] {subprocess.py:97} INFO - Command exited with return code 0
[2023-05-04T08:06:43.783+0000] {taskinstance.py:1373} INFO - Marking task as SUCCESS. dag_id=dag_data_pipeline, task_id=download_file, execution_date=20230504T080634, start_date=20230504T080642, end_date=20230504T080643
[2023-05-04T08:06:43.833+0000] {local_task_job_runner.py:232} INFO - Task exited with return code 0
[2023-05-04T08:06:43.902+0000] {taskinstance.py:2674} INFO - 1 downstream tasks scheduled from follow-on schedule check
