[2023-05-04T08:07:24.360+0000] {taskinstance.py:1125} INFO - Dependencies all met for dep_context=non-requeueable deps ti=<TaskInstance: dag_data_pipeline.RawLayer.create_raw manual__2023-05-04T08:06:34.198063+00:00 [queued]>
[2023-05-04T08:07:24.380+0000] {taskinstance.py:1125} INFO - Dependencies all met for dep_context=requeueable deps ti=<TaskInstance: dag_data_pipeline.RawLayer.create_raw manual__2023-05-04T08:06:34.198063+00:00 [queued]>
[2023-05-04T08:07:24.380+0000] {taskinstance.py:1331} INFO - Starting attempt 1 of 3
[2023-05-04T08:07:24.407+0000] {taskinstance.py:1350} INFO - Executing <Task(PostgresOperator): RawLayer.create_raw> on 2023-05-04 08:06:34.198063+00:00
[2023-05-04T08:07:24.418+0000] {standard_task_runner.py:57} INFO - Started process 446 to run task
[2023-05-04T08:07:24.426+0000] {standard_task_runner.py:84} INFO - Running: ['***', 'tasks', 'run', 'dag_data_pipeline', 'RawLayer.create_raw', 'manual__2023-05-04T08:06:34.198063+00:00', '--job-id', '21', '--raw', '--subdir', 'DAGS_FOLDER/pipeline.py', '--cfg-path', '/tmp/tmp7npxxzof']
[2023-05-04T08:07:24.427+0000] {standard_task_runner.py:85} INFO - Job 21: Subtask RawLayer.create_raw
[2023-05-04T08:07:24.505+0000] {task_command.py:410} INFO - Running <TaskInstance: dag_data_pipeline.RawLayer.create_raw manual__2023-05-04T08:06:34.198063+00:00 [running]> on host 1ae395992ef5
[2023-05-04T08:07:24.853+0000] {taskinstance.py:1570} INFO - Exporting env vars: AIRFLOW_CTX_DAG_OWNER='Jesus Banda' AIRFLOW_CTX_DAG_ID='dag_data_pipeline' AIRFLOW_CTX_TASK_ID='RawLayer.create_raw' AIRFLOW_CTX_EXECUTION_DATE='2023-05-04T08:06:34.198063+00:00' AIRFLOW_CTX_TRY_NUMBER='1' AIRFLOW_CTX_DAG_RUN_ID='manual__2023-05-04T08:06:34.198063+00:00'
[2023-05-04T08:07:24.859+0000] {sql.py:262} INFO - Executing: 
                CREATE TABLE IF NOT EXISTS raw_titanic (
                    passenger_id VARCHAR(50),
                    full_name VARCHAR(50),
                    title VARCHAR(50),
                    survived INT,
                    pclass INT,
                    sex VARCHAR(10),
                    age FLOAT,
                    sibsp INT,
                    parch INT,
                    fare FLOAT,
                    embarked VARCHAR(10)
                )
            
[2023-05-04T08:07:24.878+0000] {base.py:73} INFO - Using connection ID 'postgres_docker' for task execution.
[2023-05-04T08:07:25.059+0000] {base.py:73} INFO - Using connection ID 'postgres_docker' for task execution.
[2023-05-04T08:07:25.082+0000] {sql.py:375} INFO - Running statement: 
                CREATE TABLE IF NOT EXISTS raw_titanic (
                    passenger_id VARCHAR(50),
                    full_name VARCHAR(50),
                    title VARCHAR(50),
                    survived INT,
                    pclass INT,
                    sex VARCHAR(10),
                    age FLOAT,
                    sibsp INT,
                    parch INT,
                    fare FLOAT,
                    embarked VARCHAR(10)
                )
            , parameters: None
[2023-05-04T08:07:25.122+0000] {taskinstance.py:1373} INFO - Marking task as SUCCESS. dag_id=dag_data_pipeline, task_id=RawLayer.create_raw, execution_date=20230504T080634, start_date=20230504T080724, end_date=20230504T080725
[2023-05-04T08:07:25.200+0000] {local_task_job_runner.py:232} INFO - Task exited with return code 0
[2023-05-04T08:07:25.289+0000] {taskinstance.py:2674} INFO - 1 downstream tasks scheduled from follow-on schedule check
